TRACE::2026-05-04.00:54:07::SCWPlatform::Trying to open the hw design at D:/pr0503_microblaze_axi_spi_i2c/newmicroblaze_spi/workspace/axi_spi_wrapper/hw/axi_spi_wrapper.xsa
TRACE::2026-05-04.00:54:07::SCWPlatform::DSA given D:/pr0503_microblaze_axi_spi_i2c/newmicroblaze_spi/workspace/axi_spi_wrapper/hw/axi_spi_wrapper.xsa
TRACE::2026-05-04.00:54:07::SCWPlatform::DSA absoulate path D:/pr0503_microblaze_axi_spi_i2c/newmicroblaze_spi/workspace/axi_spi_wrapper/hw/axi_spi_wrapper.xsa
TRACE::2026-05-04.00:54:09::SCWPlatform::DSA directory D:/pr0503_microblaze_axi_spi_i2c/newmicroblaze_spi/workspace/axi_spi_wrapper/hw
TRACE::2026-05-04.00:54:09::SCWPlatform:: Platform Path D:/pr0503_microblaze_axi_spi_i2c/newmicroblaze_spi/workspace/axi_spi_wrapper/hw/axi_spi_wrapper.xsa
TRACE::2026-05-04.00:54:09::SCWPlatform:: Unique name xilinx:basys3::0.0
TRACE::2026-05-04.00:54:09::SCWPlatform::Do not have an existing db opened. 
TRACE::2026-05-04.00:54:09::SCWPlatform::Opened new HwDB with name axi_spi_wrapper_0
TRACE::2026-05-04.00:54:09::SCWWriter::formatted JSON is {
	"platformName":	"axi_spi_wrapper",
	"sprVersion":	"2.0",
	"mode":	"gui",
	"dsaType":	"Fixed",
	"platformDesc":	"axi_spi_wrapper",
	"platHandOff":	"D:/pr0503_microblaze_axi_spi_i2c/newmicroblaze_spi/XSA/axi_spi_wrapper.xsa",
	"platIntHandOff":	"<platformDir>/hw/axi_spi_wrapper.xsa",
	"deviceType":	"FPGA",
	"platIsPrebuiltAutogen":	"false",
	"platIsNoBootBsp":	"false",
	"hasFsblMakeHasChanges":	"false",
	"hasPmufwMakeHasChanges":	"false",
	"platPreBuiltFlag":	false,
	"platformSamplesDir":	""
}
TRACE::2026-05-04.00:54:09::SCWWriter::formatted JSON is {
	"platformName":	"axi_spi_wrapper",
	"sprVersion":	"2.0",
	"mode":	"gui",
	"dsaType":	"Fixed",
	"platformDesc":	"axi_spi_wrapper",
	"platHandOff":	"D:/pr0503_microblaze_axi_spi_i2c/newmicroblaze_spi/XSA/axi_spi_wrapper.xsa",
	"platIntHandOff":	"<platformDir>/hw/axi_spi_wrapper.xsa",
	"deviceType":	"FPGA",
	"platIsPrebuiltAutogen":	"false",
	"platIsNoBootBsp":	"false",
	"hasFsblMakeHasChanges":	"false",
	"hasPmufwMakeHasChanges":	"false",
	"platPreBuiltFlag":	false,
	"platformSamplesDir":	"",
	"platActiveSys":	"axi_spi_wrapper",
	"systems":	[{
			"systemName":	"axi_spi_wrapper",
			"systemDesc":	"axi_spi_wrapper",
			"sysIsBootAutoGen":	"true",
			"systemDispName":	"axi_spi_wrapper"
		}]
}
TRACE::2026-05-04.00:54:09::SCWPlatform::Boot application domains not present, creating them
TRACE::2026-05-04.00:54:09::SCWPlatform::Pure FPGA device, no boot application will be created.
TRACE::2026-05-04.00:54:09::SCWWriter::formatted JSON is {
	"platformName":	"axi_spi_wrapper",
	"sprVersion":	"2.0",
	"mode":	"gui",
	"dsaType":	"Fixed",
	"platformDesc":	"axi_spi_wrapper",
	"platHandOff":	"D:/pr0503_microblaze_axi_spi_i2c/newmicroblaze_spi/XSA/axi_spi_wrapper.xsa",
	"platIntHandOff":	"<platformDir>/hw/axi_spi_wrapper.xsa",
	"deviceType":	"FPGA",
	"platIsPrebuiltAutogen":	"false",
	"platIsNoBootBsp":	"false",
	"hasFsblMakeHasChanges":	"false",
	"hasPmufwMakeHasChanges":	"false",
	"platPreBuiltFlag":	false,
	"platformSamplesDir":	"",
	"platActiveSys":	"axi_spi_wrapper",
	"systems":	[{
			"systemName":	"axi_spi_wrapper",
			"systemDesc":	"axi_spi_wrapper",
			"sysIsBootAutoGen":	"true",
			"systemDispName":	"axi_spi_wrapper"
		}]
}
TRACE::2026-05-04.00:54:09::SCWWriter::formatted JSON is {
	"platformName":	"axi_spi_wrapper",
	"sprVersion":	"2.0",
	"mode":	"gui",
	"dsaType":	"Fixed",
	"platformDesc":	"axi_spi_wrapper",
	"platHandOff":	"D:/pr0503_microblaze_axi_spi_i2c/newmicroblaze_spi/XSA/axi_spi_wrapper.xsa",
	"platIntHandOff":	"<platformDir>/hw/axi_spi_wrapper.xsa",
	"deviceType":	"FPGA",
	"platIsPrebuiltAutogen":	"false",
	"platIsNoBootBsp":	"false",
	"hasFsblMakeHasChanges":	"false",
	"hasPmufwMakeHasChanges":	"false",
	"platPreBuiltFlag":	false,
	"platformSamplesDir":	"",
	"platActiveSys":	"axi_spi_wrapper",
	"systems":	[{
			"systemName":	"axi_spi_wrapper",
			"systemDesc":	"axi_spi_wrapper",
			"sysIsBootAutoGen":	"true",
			"systemDispName":	"axi_spi_wrapper"
		}]
}
TRACE::2026-05-04.00:54:09::SCWPlatform::Trying to open the hw design at D:/pr0503_microblaze_axi_spi_i2c/newmicroblaze_spi/workspace/axi_spi_wrapper/hw/axi_spi_wrapper.xsa
TRACE::2026-05-04.00:54:09::SCWPlatform::DSA given D:/pr0503_microblaze_axi_spi_i2c/newmicroblaze_spi/workspace/axi_spi_wrapper/hw/axi_spi_wrapper.xsa
TRACE::2026-05-04.00:54:09::SCWPlatform::DSA absoulate path D:/pr0503_microblaze_axi_spi_i2c/newmicroblaze_spi/workspace/axi_spi_wrapper/hw/axi_spi_wrapper.xsa
TRACE::2026-05-04.00:54:09::SCWPlatform::DSA directory D:/pr0503_microblaze_axi_spi_i2c/newmicroblaze_spi/workspace/axi_spi_wrapper/hw
TRACE::2026-05-04.00:54:09::SCWPlatform:: Platform Path D:/pr0503_microblaze_axi_spi_i2c/newmicroblaze_spi/workspace/axi_spi_wrapper/hw/axi_spi_wrapper.xsa
TRACE::2026-05-04.00:54:09::SCWPlatform:: Unique name xilinx:basys3::0.0
TRACE::2026-05-04.00:54:09::SCWPlatform::Trying to set the existing hwdb with name axi_spi_wrapper_0
TRACE::2026-05-04.00:54:09::SCWPlatform::Opened existing hwdb axi_spi_wrapper_0
TRACE::2026-05-04.00:54:09::SCWPlatform::Found the Hw Db part of the input DSA
TRACE::2026-05-04.00:54:09::SCWDomain::checking for install qemu data   : 
TRACE::2026-05-04.00:54:09::SCWPlatform::Trying to open the hw design at D:/pr0503_microblaze_axi_spi_i2c/newmicroblaze_spi/workspace/axi_spi_wrapper/hw/axi_spi_wrapper.xsa
TRACE::2026-05-04.00:54:09::SCWPlatform::DSA given D:/pr0503_microblaze_axi_spi_i2c/newmicroblaze_spi/workspace/axi_spi_wrapper/hw/axi_spi_wrapper.xsa
TRACE::2026-05-04.00:54:09::SCWPlatform::DSA absoulate path D:/pr0503_microblaze_axi_spi_i2c/newmicroblaze_spi/workspace/axi_spi_wrapper/hw/axi_spi_wrapper.xsa
TRACE::2026-05-04.00:54:09::SCWPlatform::DSA directory D:/pr0503_microblaze_axi_spi_i2c/newmicroblaze_spi/workspace/axi_spi_wrapper/hw
TRACE::2026-05-04.00:54:09::SCWPlatform:: Platform Path D:/pr0503_microblaze_axi_spi_i2c/newmicroblaze_spi/workspace/axi_spi_wrapper/hw/axi_spi_wrapper.xsa
TRACE::2026-05-04.00:54:09::SCWPlatform:: Unique name xilinx:basys3::0.0
TRACE::2026-05-04.00:54:09::SCWPlatform::Trying to set the existing hwdb with name axi_spi_wrapper_0
TRACE::2026-05-04.00:54:09::SCWPlatform::Opened existing hwdb axi_spi_wrapper_0
TRACE::2026-05-04.00:54:09::SCWPlatform::Found the Hw Db part of the input DSA
TRACE::2026-05-04.00:54:09::SCWPlatform::Trying to open the hw design at D:/pr0503_microblaze_axi_spi_i2c/newmicroblaze_spi/workspace/axi_spi_wrapper/hw/axi_spi_wrapper.xsa
TRACE::2026-05-04.00:54:09::SCWPlatform::DSA given D:/pr0503_microblaze_axi_spi_i2c/newmicroblaze_spi/workspace/axi_spi_wrapper/hw/axi_spi_wrapper.xsa
TRACE::2026-05-04.00:54:09::SCWPlatform::DSA absoulate path D:/pr0503_microblaze_axi_spi_i2c/newmicroblaze_spi/workspace/axi_spi_wrapper/hw/axi_spi_wrapper.xsa
TRACE::2026-05-04.00:54:09::SCWPlatform::DSA directory D:/pr0503_microblaze_axi_spi_i2c/newmicroblaze_spi/workspace/axi_spi_wrapper/hw
TRACE::2026-05-04.00:54:09::SCWPlatform:: Platform Path D:/pr0503_microblaze_axi_spi_i2c/newmicroblaze_spi/workspace/axi_spi_wrapper/hw/axi_spi_wrapper.xsa
TRACE::2026-05-04.00:54:09::SCWPlatform:: Unique name xilinx:basys3::0.0
TRACE::2026-05-04.00:54:09::SCWPlatform::Trying to set the existing hwdb with name axi_spi_wrapper_0
TRACE::2026-05-04.00:54:09::SCWPlatform::Opened existing hwdb axi_spi_wrapper_0
TRACE::2026-05-04.00:54:09::SCWPlatform::Found the Hw Db part of the input DSA
TRACE::2026-05-04.00:54:09::SCWPlatform::Trying to open the hw design at D:/pr0503_microblaze_axi_spi_i2c/newmicroblaze_spi/workspace/axi_spi_wrapper/hw/axi_spi_wrapper.xsa
TRACE::2026-05-04.00:54:09::SCWPlatform::DSA given D:/pr0503_microblaze_axi_spi_i2c/newmicroblaze_spi/workspace/axi_spi_wrapper/hw/axi_spi_wrapper.xsa
TRACE::2026-05-04.00:54:09::SCWPlatform::DSA absoulate path D:/pr0503_microblaze_axi_spi_i2c/newmicroblaze_spi/workspace/axi_spi_wrapper/hw/axi_spi_wrapper.xsa
TRACE::2026-05-04.00:54:09::SCWPlatform::DSA directory D:/pr0503_microblaze_axi_spi_i2c/newmicroblaze_spi/workspace/axi_spi_wrapper/hw
TRACE::2026-05-04.00:54:09::SCWPlatform:: Platform Path D:/pr0503_microblaze_axi_spi_i2c/newmicroblaze_spi/workspace/axi_spi_wrapper/hw/axi_spi_wrapper.xsa
TRACE::2026-05-04.00:54:09::SCWPlatform:: Unique name xilinx:basys3::0.0
TRACE::2026-05-04.00:54:09::SCWPlatform::Trying to set the existing hwdb with name axi_spi_wrapper_0
TRACE::2026-05-04.00:54:09::SCWPlatform::Opened existing hwdb axi_spi_wrapper_0
TRACE::2026-05-04.00:54:09::SCWPlatform::Found the Hw Db part of the input DSA
TRACE::2026-05-04.00:54:09::SCWMssOS::Checking the sw design at  D:/pr0503_microblaze_axi_spi_i2c/newmicroblaze_spi/workspace/axi_spi_wrapper/microblaze_0/standalone_microblaze_0/bsp/system.mss
TRACE::2026-05-04.00:54:09::SCWMssOS::DEBUG:  swdes dump  
TRACE::2026-05-04.00:54:09::SCWMssOS::No sw design opened at  D:/pr0503_microblaze_axi_spi_i2c/newmicroblaze_spi/workspace/axi_spi_wrapper/microblaze_0/standalone_microblaze_0/bsp/system.mss
TRACE::2026-05-04.00:54:09::SCWMssOS::mss does not exists at D:/pr0503_microblaze_axi_spi_i2c/newmicroblaze_spi/workspace/axi_spi_wrapper/microblaze_0/standalone_microblaze_0/bsp/system.mss
TRACE::2026-05-04.00:54:09::SCWMssOS::Creating sw design at  D:/pr0503_microblaze_axi_spi_i2c/newmicroblaze_spi/workspace/axi_spi_wrapper/microblaze_0/standalone_microblaze_0/bsp/system.mss
TRACE::2026-05-04.00:54:09::SCWMssOS::Adding the swdes entry, created swdb D:/pr0503_microblaze_axi_spi_i2c/newmicroblaze_spi/workspace/axi_spi_wrapper/microblaze_0/standalone_microblaze_0/bsp/system.mss with des name D:/pr0503_microblaze_axi_spi_i2c/newmicroblaze_spi/workspace/axi_spi_wrapper/microblaze_0/standalone_microblaze_0/bsp/system.mss
TRACE::2026-05-04.00:54:09::SCWMssOS::updating the scw layer changes to swdes at   D:/pr0503_microblaze_axi_spi_i2c/newmicroblaze_spi/workspace/axi_spi_wrapper/microblaze_0/standalone_microblaze_0/bsp/system.mss
TRACE::2026-05-04.00:54:09::SCWMssOS::Writing mss at D:/pr0503_microblaze_axi_spi_i2c/newmicroblaze_spi/workspace/axi_spi_wrapper/microblaze_0/standalone_microblaze_0/bsp/system.mss
TRACE::2026-05-04.00:54:09::SCWMssOS::Completed writing the mss file at D:/pr0503_microblaze_axi_spi_i2c/newmicroblaze_spi/workspace/axi_spi_wrapper/microblaze_0/standalone_microblaze_0/bsp
TRACE::2026-05-04.00:54:09::SCWMssOS::Picking up changes from newly written mss file into SCW Layer. 
TRACE::2026-05-04.00:54:09::SCWMssOS::Updated the changes from newly written mss file into SCW Layer. 
TRACE::2026-05-04.00:54:09::SCWMssOS::Completed writing the mss file at D:/pr0503_microblaze_axi_spi_i2c/newmicroblaze_spi/workspace/axi_spi_wrapper/microblaze_0/standalone_microblaze_0/bsp
TRACE::2026-05-04.00:54:09::SCWMssOS::Forcing BSP Sources regeneration.
TRACE::2026-05-04.00:54:10::SCWMssOS::Saving the mss changes D:/pr0503_microblaze_axi_spi_i2c/newmicroblaze_spi/workspace/axi_spi_wrapper/microblaze_0/standalone_microblaze_0/bsp/system.mss
TRACE::2026-05-04.00:54:10::SCWMssOS::Found a swdesign opened with the mssfile.
TRACE::2026-05-04.00:54:10::SCWMssOS::Running validate of swdbs.
KEYINFO::2026-05-04.00:54:10::SCWMssOS::Could not open the swdb for D:/pr0503_microblaze_axi_spi_i2c/newmicroblaze_spi/workspace/axi_spi_wrapper/microblaze_0/standalone_microblaze_0/bsp/system.mss
KEYINFO::2026-05-04.00:54:10::SCWMssOS::Could not open the sw design at  D:/pr0503_microblaze_axi_spi_i2c/newmicroblaze_spi/workspace/axi_spi_wrapper/microblaze_0/standalone_microblaze_0/bsp/system.mss
ERROR: [Hsi 55-1558] Software Design D:/pr0503_microblaze_axi_spi_i2c/newmicroblaze_spi/workspace/axi_spi_wrapper/microblaze_0/standalone_microblaze_0/bsp/system.mss is not found

TRACE::2026-05-04.00:54:10::SCWMssOS::Cleared the swdb table entry
TRACE::2026-05-04.00:54:10::SCWMssOS::Adding the swdes entry, mss present, able to open swdb D:/pr0503_microblaze_axi_spi_i2c/newmicroblaze_spi/workspace/axi_spi_wrapper/microblaze_0/standalone_microblaze_0/bsp/system.mss with des name system
TRACE::2026-05-04.00:54:10::SCWMssOS::Writing the mss file completed D:/pr0503_microblaze_axi_spi_i2c/newmicroblaze_spi/workspace/axi_spi_wrapper/microblaze_0/standalone_microblaze_0/bsp/system.mss
TRACE::2026-05-04.00:54:10::SCWMssOS::Commit changes completed.
TRACE::2026-05-04.00:54:10::SCWPlatform::Trying to open the hw design at D:/pr0503_microblaze_axi_spi_i2c/newmicroblaze_spi/workspace/axi_spi_wrapper/hw/axi_spi_wrapper.xsa
TRACE::2026-05-04.00:54:10::SCWPlatform::DSA given D:/pr0503_microblaze_axi_spi_i2c/newmicroblaze_spi/workspace/axi_spi_wrapper/hw/axi_spi_wrapper.xsa
TRACE::2026-05-04.00:54:10::SCWPlatform::DSA absoulate path D:/pr0503_microblaze_axi_spi_i2c/newmicroblaze_spi/workspace/axi_spi_wrapper/hw/axi_spi_wrapper.xsa
TRACE::2026-05-04.00:54:10::SCWPlatform::DSA directory D:/pr0503_microblaze_axi_spi_i2c/newmicroblaze_spi/workspace/axi_spi_wrapper/hw
TRACE::2026-05-04.00:54:10::SCWPlatform:: Platform Path D:/pr0503_microblaze_axi_spi_i2c/newmicroblaze_spi/workspace/axi_spi_wrapper/hw/axi_spi_wrapper.xsa
TRACE::2026-05-04.00:54:10::SCWPlatform:: Unique name xilinx:basys3::0.0
TRACE::2026-05-04.00:54:10::SCWPlatform::Trying to set the existing hwdb with name axi_spi_wrapper_0
TRACE::2026-05-04.00:54:10::SCWPlatform::Opened existing hwdb axi_spi_wrapper_0
TRACE::2026-05-04.00:54:10::SCWPlatform::Found the Hw Db part of the input DSA
TRACE::2026-05-04.00:54:10::SCWMssOS::Checking the sw design at  D:/pr0503_microblaze_axi_spi_i2c/newmicroblaze_spi/workspace/axi_spi_wrapper/microblaze_0/standalone_microblaze_0/bsp/system.mss
TRACE::2026-05-04.00:54:10::SCWMssOS::DEBUG:  swdes dump  D:/pr0503_microblaze_axi_spi_i2c/newmicroblaze_spi/workspace/axi_spi_wrapper/microblaze_0/standalone_microblaze_0/bsp/system.mss|system||

TRACE::2026-05-04.00:54:10::SCWMssOS::Sw design exists and opened at  D:/pr0503_microblaze_axi_spi_i2c/newmicroblaze_spi/workspace/axi_spi_wrapper/microblaze_0/standalone_microblaze_0/bsp/system.mss
TRACE::2026-05-04.00:54:10::SCWPlatform::Trying to open the hw design at D:/pr0503_microblaze_axi_spi_i2c/newmicroblaze_spi/workspace/axi_spi_wrapper/hw/axi_spi_wrapper.xsa
TRACE::2026-05-04.00:54:10::SCWPlatform::DSA given D:/pr0503_microblaze_axi_spi_i2c/newmicroblaze_spi/workspace/axi_spi_wrapper/hw/axi_spi_wrapper.xsa
TRACE::2026-05-04.00:54:10::SCWPlatform::DSA absoulate path D:/pr0503_microblaze_axi_spi_i2c/newmicroblaze_spi/workspace/axi_spi_wrapper/hw/axi_spi_wrapper.xsa
TRACE::2026-05-04.00:54:10::SCWPlatform::DSA directory D:/pr0503_microblaze_axi_spi_i2c/newmicroblaze_spi/workspace/axi_spi_wrapper/hw
TRACE::2026-05-04.00:54:10::SCWPlatform:: Platform Path D:/pr0503_microblaze_axi_spi_i2c/newmicroblaze_spi/workspace/axi_spi_wrapper/hw/axi_spi_wrapper.xsa
TRACE::2026-05-04.00:54:10::SCWPlatform:: Unique name xilinx:basys3::0.0
TRACE::2026-05-04.00:54:10::SCWPlatform::Trying to set the existing hwdb with name axi_spi_wrapper_0
TRACE::2026-05-04.00:54:10::SCWPlatform::Opened existing hwdb axi_spi_wrapper_0
TRACE::2026-05-04.00:54:10::SCWPlatform::Found the Hw Db part of the input DSA
TRACE::2026-05-04.00:54:10::SCWMssOS::Checking the sw design at  D:/pr0503_microblaze_axi_spi_i2c/newmicroblaze_spi/workspace/axi_spi_wrapper/microblaze_0/standalone_microblaze_0/bsp/system.mss
TRACE::2026-05-04.00:54:10::SCWMssOS::DEBUG:  swdes dump  D:/pr0503_microblaze_axi_spi_i2c/newmicroblaze_spi/workspace/axi_spi_wrapper/microblaze_0/standalone_microblaze_0/bsp/system.mss|system||

TRACE::2026-05-04.00:54:10::SCWMssOS::Sw design exists and opened at  D:/pr0503_microblaze_axi_spi_i2c/newmicroblaze_spi/workspace/axi_spi_wrapper/microblaze_0/standalone_microblaze_0/bsp/system.mss
TRACE::2026-05-04.00:54:10::SCWPlatform::Trying to open the hw design at D:/pr0503_microblaze_axi_spi_i2c/newmicroblaze_spi/workspace/axi_spi_wrapper/hw/axi_spi_wrapper.xsa
TRACE::2026-05-04.00:54:10::SCWPlatform::DSA given D:/pr0503_microblaze_axi_spi_i2c/newmicroblaze_spi/workspace/axi_spi_wrapper/hw/axi_spi_wrapper.xsa
TRACE::2026-05-04.00:54:10::SCWPlatform::DSA absoulate path D:/pr0503_microblaze_axi_spi_i2c/newmicroblaze_spi/workspace/axi_spi_wrapper/hw/axi_spi_wrapper.xsa
TRACE::2026-05-04.00:54:10::SCWPlatform::DSA directory D:/pr0503_microblaze_axi_spi_i2c/newmicroblaze_spi/workspace/axi_spi_wrapper/hw
TRACE::2026-05-04.00:54:10::SCWPlatform:: Platform Path D:/pr0503_microblaze_axi_spi_i2c/newmicroblaze_spi/workspace/axi_spi_wrapper/hw/axi_spi_wrapper.xsa
TRACE::2026-05-04.00:54:10::SCWPlatform:: Unique name xilinx:basys3::0.0
TRACE::2026-05-04.00:54:10::SCWPlatform::Trying to set the existing hwdb with name axi_spi_wrapper_0
TRACE::2026-05-04.00:54:10::SCWPlatform::Opened existing hwdb axi_spi_wrapper_0
TRACE::2026-05-04.00:54:10::SCWPlatform::Found the Hw Db part of the input DSA
TRACE::2026-05-04.00:54:10::SCWMssOS::Checking the sw design at  D:/pr0503_microblaze_axi_spi_i2c/newmicroblaze_spi/workspace/axi_spi_wrapper/microblaze_0/standalone_microblaze_0/bsp/system.mss
TRACE::2026-05-04.00:54:10::SCWMssOS::DEBUG:  swdes dump  D:/pr0503_microblaze_axi_spi_i2c/newmicroblaze_spi/workspace/axi_spi_wrapper/microblaze_0/standalone_microblaze_0/bsp/system.mss|system||

TRACE::2026-05-04.00:54:10::SCWMssOS::Sw design exists and opened at  D:/pr0503_microblaze_axi_spi_i2c/newmicroblaze_spi/workspace/axi_spi_wrapper/microblaze_0/standalone_microblaze_0/bsp/system.mss
TRACE::2026-05-04.00:54:10::SCWWriter::formatted JSON is {
	"platformName":	"axi_spi_wrapper",
	"sprVersion":	"2.0",
	"mode":	"gui",
	"dsaType":	"Fixed",
	"platformDesc":	"axi_spi_wrapper",
	"platHandOff":	"D:/pr0503_microblaze_axi_spi_i2c/newmicroblaze_spi/XSA/axi_spi_wrapper.xsa",
	"platIntHandOff":	"<platformDir>/hw/axi_spi_wrapper.xsa",
	"deviceType":	"FPGA",
	"platIsPrebuiltAutogen":	"false",
	"platIsNoBootBsp":	"false",
	"hasFsblMakeHasChanges":	"false",
	"hasPmufwMakeHasChanges":	"false",
	"platPreBuiltFlag":	false,
	"platformSamplesDir":	"",
	"platActiveSys":	"axi_spi_wrapper",
	"systems":	[{
			"systemName":	"axi_spi_wrapper",
			"systemDesc":	"axi_spi_wrapper",
			"sysIsBootAutoGen":	"true",
			"systemDispName":	"axi_spi_wrapper",
			"sysActiveDom":	"standalone_microblaze_0",
			"sysDefaultDom":	"standalone_microblaze_0",
			"domains":	[{
					"domainName":	"standalone_microblaze_0",
					"domainDispName":	"standalone_microblaze_0",
					"domainDesc":	"standalone_microblaze_0",
					"processors":	"microblaze_0",
					"os":	"standalone",
					"sdxOs":	"standalone",
					"debugEnable":	"False",
					"domRuntimes":	["cpp"],
					"swRepo":	"",
					"mssOsVer":	"7.3",
					"mssFile":	"",
					"md5Digest":	"de1daf441af9ff6f52c8ee5130bbc9b1",
					"compatibleApp":	"empty_application",
					"domType":	"mssDomain",
					"arch":	"32-bit",
					"appSettings":	{
						"appCompilerFlags":	"",
						"appLinkerFlags":	""
					},
					"addedLibs":	[],
					"libOptions":	{
						"libsContainingOptions":	[]
					},
					"prebuiltLibs":	{
						"prebuiltIncPath":	[],
						"prebuiltLibPath":	[]
					},
					"isolation":	{
					}
				}]
		}]
}
LOG::2026-05-04.00:54:10::SCWPlatform::Started generating the artifacts platform axi_spi_wrapper
TRACE::2026-05-04.00:54:10::SCWPlatform::Sanity checking of platform is completed
LOG::2026-05-04.00:54:10::SCWPlatform::Started generating the artifacts for system configuration axi_spi_wrapper
LOG::2026-05-04.00:54:10::SCWSystem::Checking the domain standalone_microblaze_0
LOG::2026-05-04.00:54:10::SCWSystem::Not a boot domain 
LOG::2026-05-04.00:54:10::SCWSystem::Started Processing the domain standalone_microblaze_0
TRACE::2026-05-04.00:54:10::SCWDomain::Generating domain artifcats
TRACE::2026-05-04.00:54:10::SCWMssOS::Generating standalone artifcats
TRACE::2026-05-04.00:54:10::SCWMssOS:: Copying the user libraries. 
TRACE::2026-05-04.00:54:10::SCWPlatform::Trying to open the hw design at D:/pr0503_microblaze_axi_spi_i2c/newmicroblaze_spi/workspace/axi_spi_wrapper/hw/axi_spi_wrapper.xsa
TRACE::2026-05-04.00:54:10::SCWPlatform::DSA given D:/pr0503_microblaze_axi_spi_i2c/newmicroblaze_spi/workspace/axi_spi_wrapper/hw/axi_spi_wrapper.xsa
TRACE::2026-05-04.00:54:10::SCWPlatform::DSA absoulate path D:/pr0503_microblaze_axi_spi_i2c/newmicroblaze_spi/workspace/axi_spi_wrapper/hw/axi_spi_wrapper.xsa
TRACE::2026-05-04.00:54:10::SCWPlatform::DSA directory D:/pr0503_microblaze_axi_spi_i2c/newmicroblaze_spi/workspace/axi_spi_wrapper/hw
TRACE::2026-05-04.00:54:10::SCWPlatform:: Platform Path D:/pr0503_microblaze_axi_spi_i2c/newmicroblaze_spi/workspace/axi_spi_wrapper/hw/axi_spi_wrapper.xsa
TRACE::2026-05-04.00:54:10::SCWPlatform:: Unique name xilinx:basys3::0.0
TRACE::2026-05-04.00:54:10::SCWPlatform::Trying to set the existing hwdb with name axi_spi_wrapper_0
TRACE::2026-05-04.00:54:10::SCWPlatform::Opened existing hwdb axi_spi_wrapper_0
TRACE::2026-05-04.00:54:10::SCWPlatform::Found the Hw Db part of the input DSA
TRACE::2026-05-04.00:54:10::SCWMssOS::Checking the sw design at  D:/pr0503_microblaze_axi_spi_i2c/newmicroblaze_spi/workspace/axi_spi_wrapper/microblaze_0/standalone_microblaze_0/bsp/system.mss
TRACE::2026-05-04.00:54:10::SCWMssOS::DEBUG:  swdes dump  D:/pr0503_microblaze_axi_spi_i2c/newmicroblaze_spi/workspace/axi_spi_wrapper/microblaze_0/standalone_microblaze_0/bsp/system.mss|system||

TRACE::2026-05-04.00:54:10::SCWMssOS::Sw design exists and opened at  D:/pr0503_microblaze_axi_spi_i2c/newmicroblaze_spi/workspace/axi_spi_wrapper/microblaze_0/standalone_microblaze_0/bsp/system.mss
TRACE::2026-05-04.00:54:10::SCWMssOS::Completed writing the mss file at D:/pr0503_microblaze_axi_spi_i2c/newmicroblaze_spi/workspace/axi_spi_wrapper/microblaze_0/standalone_microblaze_0/bsp
TRACE::2026-05-04.00:54:10::SCWMssOS::Mss edits present, copying mssfile into export location D:/pr0503_microblaze_axi_spi_i2c/newmicroblaze_spi/workspace/axi_spi_wrapper/microblaze_0/standalone_microblaze_0/bsp/system.mss
TRACE::2026-05-04.00:54:10::SCWMssOS::bsp generated is upto date with the mss file. Skipping bsp generation.
TRACE::2026-05-04.00:54:10::SCWMssOS::BSP is already built. skipping the bsp build ... 
TRACE::2026-05-04.00:54:10::SCWDomain::Skipping the build for domain :  standalone_microblaze_0
TRACE::2026-05-04.00:54:10::SCWMssOS::skipping the bsp build ... 
TRACE::2026-05-04.00:54:10::SCWMssOS::Copying to export directory.
TRACE::2026-05-04.00:54:10::SCWMssOS:: Checking if to create the Supporting Applications
TRACE::2026-05-04.00:54:10::SCWMssOS:: No Linux domain exists, trying to generate FSBL 
LOG::2026-05-04.00:54:10::SCWSystem::Completed Processing the domain standalone_microblaze_0
LOG::2026-05-04.00:54:10::SCWSystem::Completed Processing the sysconfig axi_spi_wrapper
LOG::2026-05-04.00:54:10::SCWPlatform::Completed generating the artifacts for system configuration axi_spi_wrapper
TRACE::2026-05-04.00:54:10::SCWPlatform::Started preparing the platform 
TRACE::2026-05-04.00:54:10::SCWSystem::Writing the bif file for system config axi_spi_wrapper
TRACE::2026-05-04.00:54:10::SCWSystem::dir created 
TRACE::2026-05-04.00:54:10::SCWSystem::Writing the bif 
TRACE::2026-05-04.00:54:10::SCWPlatform::Started writing the spfm file 
TRACE::2026-05-04.00:54:10::SCWPlatform::Started writing the xpfm file 
TRACE::2026-05-04.00:54:10::SCWPlatform::Completed generating the platform
TRACE::2026-05-04.00:54:10::SCWMssOS::Saving the mss changes D:/pr0503_microblaze_axi_spi_i2c/newmicroblaze_spi/workspace/axi_spi_wrapper/microblaze_0/standalone_microblaze_0/bsp/system.mss
TRACE::2026-05-04.00:54:10::SCWMssOS::Found a swdesign opened with the mssfile.
TRACE::2026-05-04.00:54:10::SCWMssOS::Completed writemss as part of save.
TRACE::2026-05-04.00:54:10::SCWMssOS::Commit changes completed.
TRACE::2026-05-04.00:54:10::SCWPlatform::Trying to open the hw design at D:/pr0503_microblaze_axi_spi_i2c/newmicroblaze_spi/workspace/axi_spi_wrapper/hw/axi_spi_wrapper.xsa
TRACE::2026-05-04.00:54:10::SCWPlatform::DSA given D:/pr0503_microblaze_axi_spi_i2c/newmicroblaze_spi/workspace/axi_spi_wrapper/hw/axi_spi_wrapper.xsa
TRACE::2026-05-04.00:54:10::SCWPlatform::DSA absoulate path D:/pr0503_microblaze_axi_spi_i2c/newmicroblaze_spi/workspace/axi_spi_wrapper/hw/axi_spi_wrapper.xsa
TRACE::2026-05-04.00:54:10::SCWPlatform::DSA directory D:/pr0503_microblaze_axi_spi_i2c/newmicroblaze_spi/workspace/axi_spi_wrapper/hw
TRACE::2026-05-04.00:54:10::SCWPlatform:: Platform Path D:/pr0503_microblaze_axi_spi_i2c/newmicroblaze_spi/workspace/axi_spi_wrapper/hw/axi_spi_wrapper.xsa
TRACE::2026-05-04.00:54:10::SCWPlatform:: Unique name xilinx:basys3::0.0
TRACE::2026-05-04.00:54:10::SCWPlatform::Trying to set the existing hwdb with name axi_spi_wrapper_0
TRACE::2026-05-04.00:54:10::SCWPlatform::Opened existing hwdb axi_spi_wrapper_0
TRACE::2026-05-04.00:54:10::SCWPlatform::Found the Hw Db part of the input DSA
TRACE::2026-05-04.00:54:10::SCWMssOS::Checking the sw design at  D:/pr0503_microblaze_axi_spi_i2c/newmicroblaze_spi/workspace/axi_spi_wrapper/microblaze_0/standalone_microblaze_0/bsp/system.mss
TRACE::2026-05-04.00:54:10::SCWMssOS::DEBUG:  swdes dump  D:/pr0503_microblaze_axi_spi_i2c/newmicroblaze_spi/workspace/axi_spi_wrapper/microblaze_0/standalone_microblaze_0/bsp/system.mss|system||

TRACE::2026-05-04.00:54:10::SCWMssOS::Sw design exists and opened at  D:/pr0503_microblaze_axi_spi_i2c/newmicroblaze_spi/workspace/axi_spi_wrapper/microblaze_0/standalone_microblaze_0/bsp/system.mss
TRACE::2026-05-04.00:54:10::SCWPlatform::Trying to open the hw design at D:/pr0503_microblaze_axi_spi_i2c/newmicroblaze_spi/workspace/axi_spi_wrapper/hw/axi_spi_wrapper.xsa
TRACE::2026-05-04.00:54:10::SCWPlatform::DSA given D:/pr0503_microblaze_axi_spi_i2c/newmicroblaze_spi/workspace/axi_spi_wrapper/hw/axi_spi_wrapper.xsa
TRACE::2026-05-04.00:54:10::SCWPlatform::DSA absoulate path D:/pr0503_microblaze_axi_spi_i2c/newmicroblaze_spi/workspace/axi_spi_wrapper/hw/axi_spi_wrapper.xsa
TRACE::2026-05-04.00:54:10::SCWPlatform::DSA directory D:/pr0503_microblaze_axi_spi_i2c/newmicroblaze_spi/workspace/axi_spi_wrapper/hw
TRACE::2026-05-04.00:54:10::SCWPlatform:: Platform Path D:/pr0503_microblaze_axi_spi_i2c/newmicroblaze_spi/workspace/axi_spi_wrapper/hw/axi_spi_wrapper.xsa
TRACE::2026-05-04.00:54:10::SCWPlatform:: Unique name xilinx:basys3::0.0
TRACE::2026-05-04.00:54:10::SCWPlatform::Trying to set the existing hwdb with name axi_spi_wrapper_0
TRACE::2026-05-04.00:54:10::SCWPlatform::Opened existing hwdb axi_spi_wrapper_0
TRACE::2026-05-04.00:54:10::SCWPlatform::Found the Hw Db part of the input DSA
TRACE::2026-05-04.00:54:10::SCWMssOS::Checking the sw design at  D:/pr0503_microblaze_axi_spi_i2c/newmicroblaze_spi/workspace/axi_spi_wrapper/microblaze_0/standalone_microblaze_0/bsp/system.mss
TRACE::2026-05-04.00:54:10::SCWMssOS::DEBUG:  swdes dump  D:/pr0503_microblaze_axi_spi_i2c/newmicroblaze_spi/workspace/axi_spi_wrapper/microblaze_0/standalone_microblaze_0/bsp/system.mss|system||

TRACE::2026-05-04.00:54:10::SCWMssOS::Sw design exists and opened at  D:/pr0503_microblaze_axi_spi_i2c/newmicroblaze_spi/workspace/axi_spi_wrapper/microblaze_0/standalone_microblaze_0/bsp/system.mss
TRACE::2026-05-04.00:54:10::SCWPlatform::Trying to open the hw design at D:/pr0503_microblaze_axi_spi_i2c/newmicroblaze_spi/workspace/axi_spi_wrapper/hw/axi_spi_wrapper.xsa
TRACE::2026-05-04.00:54:10::SCWPlatform::DSA given D:/pr0503_microblaze_axi_spi_i2c/newmicroblaze_spi/workspace/axi_spi_wrapper/hw/axi_spi_wrapper.xsa
TRACE::2026-05-04.00:54:10::SCWPlatform::DSA absoulate path D:/pr0503_microblaze_axi_spi_i2c/newmicroblaze_spi/workspace/axi_spi_wrapper/hw/axi_spi_wrapper.xsa
TRACE::2026-05-04.00:54:10::SCWPlatform::DSA directory D:/pr0503_microblaze_axi_spi_i2c/newmicroblaze_spi/workspace/axi_spi_wrapper/hw
TRACE::2026-05-04.00:54:10::SCWPlatform:: Platform Path D:/pr0503_microblaze_axi_spi_i2c/newmicroblaze_spi/workspace/axi_spi_wrapper/hw/axi_spi_wrapper.xsa
TRACE::2026-05-04.00:54:10::SCWPlatform:: Unique name xilinx:basys3::0.0
TRACE::2026-05-04.00:54:10::SCWPlatform::Trying to set the existing hwdb with name axi_spi_wrapper_0
TRACE::2026-05-04.00:54:10::SCWPlatform::Opened existing hwdb axi_spi_wrapper_0
TRACE::2026-05-04.00:54:10::SCWPlatform::Found the Hw Db part of the input DSA
TRACE::2026-05-04.00:54:10::SCWMssOS::Checking the sw design at  D:/pr0503_microblaze_axi_spi_i2c/newmicroblaze_spi/workspace/axi_spi_wrapper/microblaze_0/standalone_microblaze_0/bsp/system.mss
TRACE::2026-05-04.00:54:10::SCWMssOS::DEBUG:  swdes dump  D:/pr0503_microblaze_axi_spi_i2c/newmicroblaze_spi/workspace/axi_spi_wrapper/microblaze_0/standalone_microblaze_0/bsp/system.mss|system||

TRACE::2026-05-04.00:54:10::SCWMssOS::Sw design exists and opened at  D:/pr0503_microblaze_axi_spi_i2c/newmicroblaze_spi/workspace/axi_spi_wrapper/microblaze_0/standalone_microblaze_0/bsp/system.mss
TRACE::2026-05-04.00:54:10::SCWWriter::formatted JSON is {
	"platformName":	"axi_spi_wrapper",
	"sprVersion":	"2.0",
	"mode":	"gui",
	"dsaType":	"Fixed",
	"platformDesc":	"axi_spi_wrapper",
	"platHandOff":	"D:/pr0503_microblaze_axi_spi_i2c/newmicroblaze_spi/XSA/axi_spi_wrapper.xsa",
	"platIntHandOff":	"<platformDir>/hw/axi_spi_wrapper.xsa",
	"deviceType":	"FPGA",
	"platIsPrebuiltAutogen":	"false",
	"platIsNoBootBsp":	"false",
	"hasFsblMakeHasChanges":	"false",
	"hasPmufwMakeHasChanges":	"false",
	"platPreBuiltFlag":	false,
	"platformSamplesDir":	"",
	"platActiveSys":	"axi_spi_wrapper",
	"systems":	[{
			"systemName":	"axi_spi_wrapper",
			"systemDesc":	"axi_spi_wrapper",
			"sysIsBootAutoGen":	"true",
			"systemDispName":	"axi_spi_wrapper",
			"sysActiveDom":	"standalone_microblaze_0",
			"sysDefaultDom":	"standalone_microblaze_0",
			"domains":	[{
					"domainName":	"standalone_microblaze_0",
					"domainDispName":	"standalone_microblaze_0",
					"domainDesc":	"standalone_microblaze_0",
					"processors":	"microblaze_0",
					"os":	"standalone",
					"sdxOs":	"standalone",
					"debugEnable":	"False",
					"domRuntimes":	["cpp"],
					"swRepo":	"",
					"mssOsVer":	"7.3",
					"mssFile":	"",
					"md5Digest":	"de1daf441af9ff6f52c8ee5130bbc9b1",
					"compatibleApp":	"empty_application",
					"domType":	"mssDomain",
					"arch":	"32-bit",
					"appSettings":	{
						"appCompilerFlags":	"",
						"appLinkerFlags":	""
					},
					"addedLibs":	[],
					"libOptions":	{
						"libsContainingOptions":	[]
					},
					"prebuiltLibs":	{
						"prebuiltIncPath":	[],
						"prebuiltLibPath":	[]
					},
					"isolation":	{
					}
				}]
		}]
}
KEYINFO::2026-05-04.00:54:10::SCWPlatform::updated the xpfm file.
TRACE::2026-05-04.00:54:10::SCWPlatform::Trying to open the hw design at D:/pr0503_microblaze_axi_spi_i2c/newmicroblaze_spi/workspace/axi_spi_wrapper/hw/axi_spi_wrapper.xsa
TRACE::2026-05-04.00:54:10::SCWPlatform::DSA given D:/pr0503_microblaze_axi_spi_i2c/newmicroblaze_spi/workspace/axi_spi_wrapper/hw/axi_spi_wrapper.xsa
TRACE::2026-05-04.00:54:10::SCWPlatform::DSA absoulate path D:/pr0503_microblaze_axi_spi_i2c/newmicroblaze_spi/workspace/axi_spi_wrapper/hw/axi_spi_wrapper.xsa
TRACE::2026-05-04.00:54:10::SCWPlatform::DSA directory D:/pr0503_microblaze_axi_spi_i2c/newmicroblaze_spi/workspace/axi_spi_wrapper/hw
TRACE::2026-05-04.00:54:10::SCWPlatform:: Platform Path D:/pr0503_microblaze_axi_spi_i2c/newmicroblaze_spi/workspace/axi_spi_wrapper/hw/axi_spi_wrapper.xsa
TRACE::2026-05-04.00:54:10::SCWPlatform:: Unique name xilinx:basys3::0.0
TRACE::2026-05-04.00:54:10::SCWPlatform::Trying to set the existing hwdb with name axi_spi_wrapper_0
TRACE::2026-05-04.00:54:10::SCWPlatform::Opened existing hwdb axi_spi_wrapper_0
TRACE::2026-05-04.00:54:10::SCWPlatform::Found the Hw Db part of the input DSA
TRACE::2026-05-04.00:54:10::SCWMssOS::Checking the sw design at  D:/pr0503_microblaze_axi_spi_i2c/newmicroblaze_spi/workspace/axi_spi_wrapper/microblaze_0/standalone_microblaze_0/bsp/system.mss
TRACE::2026-05-04.00:54:10::SCWMssOS::DEBUG:  swdes dump  D:/pr0503_microblaze_axi_spi_i2c/newmicroblaze_spi/workspace/axi_spi_wrapper/microblaze_0/standalone_microblaze_0/bsp/system.mss|system||

TRACE::2026-05-04.00:54:10::SCWMssOS::Sw design exists and opened at  D:/pr0503_microblaze_axi_spi_i2c/newmicroblaze_spi/workspace/axi_spi_wrapper/microblaze_0/standalone_microblaze_0/bsp/system.mss
TRACE::2026-05-04.00:54:10::SCWMssOS::Saving the mss changes D:/pr0503_microblaze_axi_spi_i2c/newmicroblaze_spi/workspace/axi_spi_wrapper/microblaze_0/standalone_microblaze_0/bsp/system.mss
TRACE::2026-05-04.00:54:10::SCWMssOS::Found a swdesign opened with the mssfile.
TRACE::2026-05-04.00:54:10::SCWMssOS::Completed writemss as part of save.
TRACE::2026-05-04.00:54:10::SCWMssOS::Commit changes completed.
TRACE::2026-05-04.00:54:10::SCWPlatform::Trying to open the hw design at D:/pr0503_microblaze_axi_spi_i2c/newmicroblaze_spi/workspace/axi_spi_wrapper/hw/axi_spi_wrapper.xsa
TRACE::2026-05-04.00:54:10::SCWPlatform::DSA given D:/pr0503_microblaze_axi_spi_i2c/newmicroblaze_spi/workspace/axi_spi_wrapper/hw/axi_spi_wrapper.xsa
TRACE::2026-05-04.00:54:10::SCWPlatform::DSA absoulate path D:/pr0503_microblaze_axi_spi_i2c/newmicroblaze_spi/workspace/axi_spi_wrapper/hw/axi_spi_wrapper.xsa
TRACE::2026-05-04.00:54:10::SCWPlatform::DSA directory D:/pr0503_microblaze_axi_spi_i2c/newmicroblaze_spi/workspace/axi_spi_wrapper/hw
TRACE::2026-05-04.00:54:10::SCWPlatform:: Platform Path D:/pr0503_microblaze_axi_spi_i2c/newmicroblaze_spi/workspace/axi_spi_wrapper/hw/axi_spi_wrapper.xsa
TRACE::2026-05-04.00:54:10::SCWPlatform:: Unique name xilinx:basys3::0.0
TRACE::2026-05-04.00:54:10::SCWPlatform::Trying to set the existing hwdb with name axi_spi_wrapper_0
TRACE::2026-05-04.00:54:10::SCWPlatform::Opened existing hwdb axi_spi_wrapper_0
TRACE::2026-05-04.00:54:10::SCWPlatform::Found the Hw Db part of the input DSA
TRACE::2026-05-04.00:54:10::SCWMssOS::Checking the sw design at  D:/pr0503_microblaze_axi_spi_i2c/newmicroblaze_spi/workspace/axi_spi_wrapper/microblaze_0/standalone_microblaze_0/bsp/system.mss
TRACE::2026-05-04.00:54:10::SCWMssOS::DEBUG:  swdes dump  D:/pr0503_microblaze_axi_spi_i2c/newmicroblaze_spi/workspace/axi_spi_wrapper/microblaze_0/standalone_microblaze_0/bsp/system.mss|system||

TRACE::2026-05-04.00:54:10::SCWMssOS::Sw design exists and opened at  D:/pr0503_microblaze_axi_spi_i2c/newmicroblaze_spi/workspace/axi_spi_wrapper/microblaze_0/standalone_microblaze_0/bsp/system.mss
TRACE::2026-05-04.00:54:10::SCWPlatform::Trying to open the hw design at D:/pr0503_microblaze_axi_spi_i2c/newmicroblaze_spi/workspace/axi_spi_wrapper/hw/axi_spi_wrapper.xsa
TRACE::2026-05-04.00:54:10::SCWPlatform::DSA given D:/pr0503_microblaze_axi_spi_i2c/newmicroblaze_spi/workspace/axi_spi_wrapper/hw/axi_spi_wrapper.xsa
TRACE::2026-05-04.00:54:10::SCWPlatform::DSA absoulate path D:/pr0503_microblaze_axi_spi_i2c/newmicroblaze_spi/workspace/axi_spi_wrapper/hw/axi_spi_wrapper.xsa
TRACE::2026-05-04.00:54:10::SCWPlatform::DSA directory D:/pr0503_microblaze_axi_spi_i2c/newmicroblaze_spi/workspace/axi_spi_wrapper/hw
TRACE::2026-05-04.00:54:10::SCWPlatform:: Platform Path D:/pr0503_microblaze_axi_spi_i2c/newmicroblaze_spi/workspace/axi_spi_wrapper/hw/axi_spi_wrapper.xsa
TRACE::2026-05-04.00:54:10::SCWPlatform:: Unique name xilinx:basys3::0.0
TRACE::2026-05-04.00:54:10::SCWPlatform::Trying to set the existing hwdb with name axi_spi_wrapper_0
TRACE::2026-05-04.00:54:10::SCWPlatform::Opened existing hwdb axi_spi_wrapper_0
TRACE::2026-05-04.00:54:10::SCWPlatform::Found the Hw Db part of the input DSA
TRACE::2026-05-04.00:54:10::SCWMssOS::Checking the sw design at  D:/pr0503_microblaze_axi_spi_i2c/newmicroblaze_spi/workspace/axi_spi_wrapper/microblaze_0/standalone_microblaze_0/bsp/system.mss
TRACE::2026-05-04.00:54:10::SCWMssOS::DEBUG:  swdes dump  D:/pr0503_microblaze_axi_spi_i2c/newmicroblaze_spi/workspace/axi_spi_wrapper/microblaze_0/standalone_microblaze_0/bsp/system.mss|system||

TRACE::2026-05-04.00:54:10::SCWMssOS::Sw design exists and opened at  D:/pr0503_microblaze_axi_spi_i2c/newmicroblaze_spi/workspace/axi_spi_wrapper/microblaze_0/standalone_microblaze_0/bsp/system.mss
TRACE::2026-05-04.00:54:10::SCWPlatform::Trying to open the hw design at D:/pr0503_microblaze_axi_spi_i2c/newmicroblaze_spi/workspace/axi_spi_wrapper/hw/axi_spi_wrapper.xsa
TRACE::2026-05-04.00:54:10::SCWPlatform::DSA given D:/pr0503_microblaze_axi_spi_i2c/newmicroblaze_spi/workspace/axi_spi_wrapper/hw/axi_spi_wrapper.xsa
TRACE::2026-05-04.00:54:10::SCWPlatform::DSA absoulate path D:/pr0503_microblaze_axi_spi_i2c/newmicroblaze_spi/workspace/axi_spi_wrapper/hw/axi_spi_wrapper.xsa
TRACE::2026-05-04.00:54:10::SCWPlatform::DSA directory D:/pr0503_microblaze_axi_spi_i2c/newmicroblaze_spi/workspace/axi_spi_wrapper/hw
TRACE::2026-05-04.00:54:10::SCWPlatform:: Platform Path D:/pr0503_microblaze_axi_spi_i2c/newmicroblaze_spi/workspace/axi_spi_wrapper/hw/axi_spi_wrapper.xsa
TRACE::2026-05-04.00:54:10::SCWPlatform:: Unique name xilinx:basys3::0.0
TRACE::2026-05-04.00:54:10::SCWPlatform::Trying to set the existing hwdb with name axi_spi_wrapper_0
TRACE::2026-05-04.00:54:10::SCWPlatform::Opened existing hwdb axi_spi_wrapper_0
TRACE::2026-05-04.00:54:10::SCWPlatform::Found the Hw Db part of the input DSA
TRACE::2026-05-04.00:54:10::SCWMssOS::Checking the sw design at  D:/pr0503_microblaze_axi_spi_i2c/newmicroblaze_spi/workspace/axi_spi_wrapper/microblaze_0/standalone_microblaze_0/bsp/system.mss
TRACE::2026-05-04.00:54:10::SCWMssOS::DEBUG:  swdes dump  D:/pr0503_microblaze_axi_spi_i2c/newmicroblaze_spi/workspace/axi_spi_wrapper/microblaze_0/standalone_microblaze_0/bsp/system.mss|system||

TRACE::2026-05-04.00:54:10::SCWMssOS::Sw design exists and opened at  D:/pr0503_microblaze_axi_spi_i2c/newmicroblaze_spi/workspace/axi_spi_wrapper/microblaze_0/standalone_microblaze_0/bsp/system.mss
TRACE::2026-05-04.00:54:10::SCWWriter::formatted JSON is {
	"platformName":	"axi_spi_wrapper",
	"sprVersion":	"2.0",
	"mode":	"gui",
	"dsaType":	"Fixed",
	"platformDesc":	"axi_spi_wrapper",
	"platHandOff":	"D:/pr0503_microblaze_axi_spi_i2c/newmicroblaze_spi/XSA/axi_spi_wrapper.xsa",
	"platIntHandOff":	"<platformDir>/hw/axi_spi_wrapper.xsa",
	"deviceType":	"FPGA",
	"platIsPrebuiltAutogen":	"false",
	"platIsNoBootBsp":	"false",
	"hasFsblMakeHasChanges":	"false",
	"hasPmufwMakeHasChanges":	"false",
	"platPreBuiltFlag":	false,
	"platformSamplesDir":	"",
	"platActiveSys":	"axi_spi_wrapper",
	"systems":	[{
			"systemName":	"axi_spi_wrapper",
			"systemDesc":	"axi_spi_wrapper",
			"sysIsBootAutoGen":	"true",
			"systemDispName":	"axi_spi_wrapper",
			"sysActiveDom":	"standalone_microblaze_0",
			"sysDefaultDom":	"standalone_microblaze_0",
			"domains":	[{
					"domainName":	"standalone_microblaze_0",
					"domainDispName":	"standalone_microblaze_0",
					"domainDesc":	"standalone_microblaze_0",
					"processors":	"microblaze_0",
					"os":	"standalone",
					"sdxOs":	"standalone",
					"debugEnable":	"False",
					"domRuntimes":	["cpp"],
					"swRepo":	"",
					"mssOsVer":	"7.3",
					"mssFile":	"",
					"md5Digest":	"de1daf441af9ff6f52c8ee5130bbc9b1",
					"compatibleApp":	"empty_application",
					"domType":	"mssDomain",
					"arch":	"32-bit",
					"appSettings":	{
						"appCompilerFlags":	"",
						"appLinkerFlags":	""
					},
					"addedLibs":	[],
					"libOptions":	{
						"libsContainingOptions":	[]
					},
					"prebuiltLibs":	{
						"prebuiltIncPath":	[],
						"prebuiltLibPath":	[]
					},
					"isolation":	{
					}
				}]
		}]
}
TRACE::2026-05-04.00:54:10::SCWPlatform::Trying to open the hw design at D:/pr0503_microblaze_axi_spi_i2c/newmicroblaze_spi/workspace/axi_spi_wrapper/hw/axi_spi_wrapper.xsa
TRACE::2026-05-04.00:54:10::SCWPlatform::DSA given D:/pr0503_microblaze_axi_spi_i2c/newmicroblaze_spi/workspace/axi_spi_wrapper/hw/axi_spi_wrapper.xsa
TRACE::2026-05-04.00:54:10::SCWPlatform::DSA absoulate path D:/pr0503_microblaze_axi_spi_i2c/newmicroblaze_spi/workspace/axi_spi_wrapper/hw/axi_spi_wrapper.xsa
TRACE::2026-05-04.00:54:10::SCWPlatform::DSA directory D:/pr0503_microblaze_axi_spi_i2c/newmicroblaze_spi/workspace/axi_spi_wrapper/hw
TRACE::2026-05-04.00:54:10::SCWPlatform:: Platform Path D:/pr0503_microblaze_axi_spi_i2c/newmicroblaze_spi/workspace/axi_spi_wrapper/hw/axi_spi_wrapper.xsa
TRACE::2026-05-04.00:54:10::SCWPlatform:: Unique name xilinx:basys3::0.0
TRACE::2026-05-04.00:54:10::SCWPlatform::Trying to set the existing hwdb with name axi_spi_wrapper_0
TRACE::2026-05-04.00:54:10::SCWPlatform::Opened existing hwdb axi_spi_wrapper_0
TRACE::2026-05-04.00:54:10::SCWPlatform::Found the Hw Db part of the input DSA
TRACE::2026-05-04.00:54:10::SCWMssOS::Checking the sw design at  D:/pr0503_microblaze_axi_spi_i2c/newmicroblaze_spi/workspace/axi_spi_wrapper/microblaze_0/standalone_microblaze_0/bsp/system.mss
TRACE::2026-05-04.00:54:10::SCWMssOS::DEBUG:  swdes dump  D:/pr0503_microblaze_axi_spi_i2c/newmicroblaze_spi/workspace/axi_spi_wrapper/microblaze_0/standalone_microblaze_0/bsp/system.mss|system||

TRACE::2026-05-04.00:54:10::SCWMssOS::Sw design exists and opened at  D:/pr0503_microblaze_axi_spi_i2c/newmicroblaze_spi/workspace/axi_spi_wrapper/microblaze_0/standalone_microblaze_0/bsp/system.mss
TRACE::2026-05-04.00:54:10::SCWPlatform::Trying to open the hw design at D:/pr0503_microblaze_axi_spi_i2c/newmicroblaze_spi/workspace/axi_spi_wrapper/hw/axi_spi_wrapper.xsa
TRACE::2026-05-04.00:54:10::SCWPlatform::DSA given D:/pr0503_microblaze_axi_spi_i2c/newmicroblaze_spi/workspace/axi_spi_wrapper/hw/axi_spi_wrapper.xsa
TRACE::2026-05-04.00:54:10::SCWPlatform::DSA absoulate path D:/pr0503_microblaze_axi_spi_i2c/newmicroblaze_spi/workspace/axi_spi_wrapper/hw/axi_spi_wrapper.xsa
TRACE::2026-05-04.00:54:10::SCWPlatform::DSA directory D:/pr0503_microblaze_axi_spi_i2c/newmicroblaze_spi/workspace/axi_spi_wrapper/hw
TRACE::2026-05-04.00:54:10::SCWPlatform:: Platform Path D:/pr0503_microblaze_axi_spi_i2c/newmicroblaze_spi/workspace/axi_spi_wrapper/hw/axi_spi_wrapper.xsa
TRACE::2026-05-04.00:54:10::SCWPlatform:: Unique name xilinx:basys3::0.0
TRACE::2026-05-04.00:54:10::SCWPlatform::Trying to set the existing hwdb with name axi_spi_wrapper_0
TRACE::2026-05-04.00:54:10::SCWPlatform::Opened existing hwdb axi_spi_wrapper_0
TRACE::2026-05-04.00:54:10::SCWPlatform::Found the Hw Db part of the input DSA
TRACE::2026-05-04.00:54:10::SCWMssOS::Checking the sw design at  D:/pr0503_microblaze_axi_spi_i2c/newmicroblaze_spi/workspace/axi_spi_wrapper/microblaze_0/standalone_microblaze_0/bsp/system.mss
TRACE::2026-05-04.00:54:10::SCWMssOS::DEBUG:  swdes dump  D:/pr0503_microblaze_axi_spi_i2c/newmicroblaze_spi/workspace/axi_spi_wrapper/microblaze_0/standalone_microblaze_0/bsp/system.mss|system||

TRACE::2026-05-04.00:54:10::SCWMssOS::Sw design exists and opened at  D:/pr0503_microblaze_axi_spi_i2c/newmicroblaze_spi/workspace/axi_spi_wrapper/microblaze_0/standalone_microblaze_0/bsp/system.mss
TRACE::2026-05-04.00:54:10::SCWMssOS::Saving the mss changes D:/pr0503_microblaze_axi_spi_i2c/newmicroblaze_spi/workspace/axi_spi_wrapper/microblaze_0/standalone_microblaze_0/bsp/system.mss
TRACE::2026-05-04.00:54:10::SCWMssOS::Found a swdesign opened with the mssfile.
TRACE::2026-05-04.00:54:10::SCWMssOS::Completed writemss as part of save.
TRACE::2026-05-04.00:54:10::SCWMssOS::Commit changes completed.
TRACE::2026-05-04.00:54:10::SCWPlatform::Trying to open the hw design at D:/pr0503_microblaze_axi_spi_i2c/newmicroblaze_spi/workspace/axi_spi_wrapper/hw/axi_spi_wrapper.xsa
TRACE::2026-05-04.00:54:10::SCWPlatform::DSA given D:/pr0503_microblaze_axi_spi_i2c/newmicroblaze_spi/workspace/axi_spi_wrapper/hw/axi_spi_wrapper.xsa
TRACE::2026-05-04.00:54:10::SCWPlatform::DSA absoulate path D:/pr0503_microblaze_axi_spi_i2c/newmicroblaze_spi/workspace/axi_spi_wrapper/hw/axi_spi_wrapper.xsa
TRACE::2026-05-04.00:54:10::SCWPlatform::DSA directory D:/pr0503_microblaze_axi_spi_i2c/newmicroblaze_spi/workspace/axi_spi_wrapper/hw
TRACE::2026-05-04.00:54:10::SCWPlatform:: Platform Path D:/pr0503_microblaze_axi_spi_i2c/newmicroblaze_spi/workspace/axi_spi_wrapper/hw/axi_spi_wrapper.xsa
TRACE::2026-05-04.00:54:10::SCWPlatform:: Unique name xilinx:basys3::0.0
TRACE::2026-05-04.00:54:10::SCWPlatform::Trying to set the existing hwdb with name axi_spi_wrapper_0
TRACE::2026-05-04.00:54:10::SCWPlatform::Opened existing hwdb axi_spi_wrapper_0
TRACE::2026-05-04.00:54:10::SCWPlatform::Found the Hw Db part of the input DSA
TRACE::2026-05-04.00:54:10::SCWMssOS::Checking the sw design at  D:/pr0503_microblaze_axi_spi_i2c/newmicroblaze_spi/workspace/axi_spi_wrapper/microblaze_0/standalone_microblaze_0/bsp/system.mss
TRACE::2026-05-04.00:54:10::SCWMssOS::DEBUG:  swdes dump  D:/pr0503_microblaze_axi_spi_i2c/newmicroblaze_spi/workspace/axi_spi_wrapper/microblaze_0/standalone_microblaze_0/bsp/system.mss|system||

TRACE::2026-05-04.00:54:10::SCWMssOS::Sw design exists and opened at  D:/pr0503_microblaze_axi_spi_i2c/newmicroblaze_spi/workspace/axi_spi_wrapper/microblaze_0/standalone_microblaze_0/bsp/system.mss
TRACE::2026-05-04.00:54:10::SCWPlatform::Trying to open the hw design at D:/pr0503_microblaze_axi_spi_i2c/newmicroblaze_spi/workspace/axi_spi_wrapper/hw/axi_spi_wrapper.xsa
TRACE::2026-05-04.00:54:10::SCWPlatform::DSA given D:/pr0503_microblaze_axi_spi_i2c/newmicroblaze_spi/workspace/axi_spi_wrapper/hw/axi_spi_wrapper.xsa
TRACE::2026-05-04.00:54:10::SCWPlatform::DSA absoulate path D:/pr0503_microblaze_axi_spi_i2c/newmicroblaze_spi/workspace/axi_spi_wrapper/hw/axi_spi_wrapper.xsa
TRACE::2026-05-04.00:54:10::SCWPlatform::DSA directory D:/pr0503_microblaze_axi_spi_i2c/newmicroblaze_spi/workspace/axi_spi_wrapper/hw
TRACE::2026-05-04.00:54:10::SCWPlatform:: Platform Path D:/pr0503_microblaze_axi_spi_i2c/newmicroblaze_spi/workspace/axi_spi_wrapper/hw/axi_spi_wrapper.xsa
TRACE::2026-05-04.00:54:10::SCWPlatform:: Unique name xilinx:basys3::0.0
TRACE::2026-05-04.00:54:10::SCWPlatform::Trying to set the existing hwdb with name axi_spi_wrapper_0
TRACE::2026-05-04.00:54:10::SCWPlatform::Opened existing hwdb axi_spi_wrapper_0
TRACE::2026-05-04.00:54:10::SCWPlatform::Found the Hw Db part of the input DSA
TRACE::2026-05-04.00:54:10::SCWMssOS::Checking the sw design at  D:/pr0503_microblaze_axi_spi_i2c/newmicroblaze_spi/workspace/axi_spi_wrapper/microblaze_0/standalone_microblaze_0/bsp/system.mss
TRACE::2026-05-04.00:54:10::SCWMssOS::DEBUG:  swdes dump  D:/pr0503_microblaze_axi_spi_i2c/newmicroblaze_spi/workspace/axi_spi_wrapper/microblaze_0/standalone_microblaze_0/bsp/system.mss|system||

TRACE::2026-05-04.00:54:10::SCWMssOS::Sw design exists and opened at  D:/pr0503_microblaze_axi_spi_i2c/newmicroblaze_spi/workspace/axi_spi_wrapper/microblaze_0/standalone_microblaze_0/bsp/system.mss
TRACE::2026-05-04.00:54:10::SCWPlatform::Trying to open the hw design at D:/pr0503_microblaze_axi_spi_i2c/newmicroblaze_spi/workspace/axi_spi_wrapper/hw/axi_spi_wrapper.xsa
TRACE::2026-05-04.00:54:10::SCWPlatform::DSA given D:/pr0503_microblaze_axi_spi_i2c/newmicroblaze_spi/workspace/axi_spi_wrapper/hw/axi_spi_wrapper.xsa
TRACE::2026-05-04.00:54:10::SCWPlatform::DSA absoulate path D:/pr0503_microblaze_axi_spi_i2c/newmicroblaze_spi/workspace/axi_spi_wrapper/hw/axi_spi_wrapper.xsa
TRACE::2026-05-04.00:54:10::SCWPlatform::DSA directory D:/pr0503_microblaze_axi_spi_i2c/newmicroblaze_spi/workspace/axi_spi_wrapper/hw
TRACE::2026-05-04.00:54:10::SCWPlatform:: Platform Path D:/pr0503_microblaze_axi_spi_i2c/newmicroblaze_spi/workspace/axi_spi_wrapper/hw/axi_spi_wrapper.xsa
TRACE::2026-05-04.00:54:10::SCWPlatform:: Unique name xilinx:basys3::0.0
TRACE::2026-05-04.00:54:10::SCWPlatform::Trying to set the existing hwdb with name axi_spi_wrapper_0
TRACE::2026-05-04.00:54:10::SCWPlatform::Opened existing hwdb axi_spi_wrapper_0
TRACE::2026-05-04.00:54:10::SCWPlatform::Found the Hw Db part of the input DSA
TRACE::2026-05-04.00:54:10::SCWMssOS::Checking the sw design at  D:/pr0503_microblaze_axi_spi_i2c/newmicroblaze_spi/workspace/axi_spi_wrapper/microblaze_0/standalone_microblaze_0/bsp/system.mss
TRACE::2026-05-04.00:54:10::SCWMssOS::DEBUG:  swdes dump  D:/pr0503_microblaze_axi_spi_i2c/newmicroblaze_spi/workspace/axi_spi_wrapper/microblaze_0/standalone_microblaze_0/bsp/system.mss|system||

TRACE::2026-05-04.00:54:10::SCWMssOS::Sw design exists and opened at  D:/pr0503_microblaze_axi_spi_i2c/newmicroblaze_spi/workspace/axi_spi_wrapper/microblaze_0/standalone_microblaze_0/bsp/system.mss
TRACE::2026-05-04.00:54:10::SCWWriter::formatted JSON is {
	"platformName":	"axi_spi_wrapper",
	"sprVersion":	"2.0",
	"mode":	"gui",
	"dsaType":	"Fixed",
	"platformDesc":	"axi_spi_wrapper",
	"platHandOff":	"D:/pr0503_microblaze_axi_spi_i2c/newmicroblaze_spi/XSA/axi_spi_wrapper.xsa",
	"platIntHandOff":	"<platformDir>/hw/axi_spi_wrapper.xsa",
	"deviceType":	"FPGA",
	"platIsPrebuiltAutogen":	"false",
	"platIsNoBootBsp":	"false",
	"hasFsblMakeHasChanges":	"false",
	"hasPmufwMakeHasChanges":	"false",
	"platPreBuiltFlag":	false,
	"platformSamplesDir":	"",
	"platActiveSys":	"axi_spi_wrapper",
	"systems":	[{
			"systemName":	"axi_spi_wrapper",
			"systemDesc":	"axi_spi_wrapper",
			"sysIsBootAutoGen":	"true",
			"systemDispName":	"axi_spi_wrapper",
			"sysActiveDom":	"standalone_microblaze_0",
			"sysDefaultDom":	"standalone_microblaze_0",
			"domains":	[{
					"domainName":	"standalone_microblaze_0",
					"domainDispName":	"standalone_microblaze_0",
					"domainDesc":	"standalone_microblaze_0",
					"processors":	"microblaze_0",
					"os":	"standalone",
					"sdxOs":	"standalone",
					"debugEnable":	"False",
					"domRuntimes":	["cpp"],
					"swRepo":	"",
					"mssOsVer":	"7.3",
					"mssFile":	"",
					"md5Digest":	"de1daf441af9ff6f52c8ee5130bbc9b1",
					"compatibleApp":	"empty_application",
					"domType":	"mssDomain",
					"arch":	"32-bit",
					"appSettings":	{
						"appCompilerFlags":	"",
						"appLinkerFlags":	""
					},
					"addedLibs":	[],
					"libOptions":	{
						"libsContainingOptions":	[]
					},
					"prebuiltLibs":	{
						"prebuiltIncPath":	[],
						"prebuiltLibPath":	[]
					},
					"isolation":	{
					}
				}]
		}]
}
LOG::2026-05-04.00:54:10::SCWPlatform::Started generating the artifacts platform axi_spi_wrapper
TRACE::2026-05-04.00:54:10::SCWPlatform::Sanity checking of platform is completed
LOG::2026-05-04.00:54:10::SCWPlatform::Started generating the artifacts for system configuration axi_spi_wrapper
LOG::2026-05-04.00:54:10::SCWSystem::Started Processing the domain standalone_microblaze_0
TRACE::2026-05-04.00:54:10::SCWDomain::Generating domain artifcats
TRACE::2026-05-04.00:54:10::SCWMssOS::Generating standalone artifcats
TRACE::2026-05-04.00:54:10::SCWMssOS:: Copying the user libraries. 
TRACE::2026-05-04.00:54:10::SCWPlatform::Trying to open the hw design at D:/pr0503_microblaze_axi_spi_i2c/newmicroblaze_spi/workspace/axi_spi_wrapper/hw/axi_spi_wrapper.xsa
TRACE::2026-05-04.00:54:10::SCWPlatform::DSA given D:/pr0503_microblaze_axi_spi_i2c/newmicroblaze_spi/workspace/axi_spi_wrapper/hw/axi_spi_wrapper.xsa
TRACE::2026-05-04.00:54:10::SCWPlatform::DSA absoulate path D:/pr0503_microblaze_axi_spi_i2c/newmicroblaze_spi/workspace/axi_spi_wrapper/hw/axi_spi_wrapper.xsa
TRACE::2026-05-04.00:54:10::SCWPlatform::DSA directory D:/pr0503_microblaze_axi_spi_i2c/newmicroblaze_spi/workspace/axi_spi_wrapper/hw
TRACE::2026-05-04.00:54:10::SCWPlatform:: Platform Path D:/pr0503_microblaze_axi_spi_i2c/newmicroblaze_spi/workspace/axi_spi_wrapper/hw/axi_spi_wrapper.xsa
TRACE::2026-05-04.00:54:10::SCWPlatform:: Unique name xilinx:basys3::0.0
TRACE::2026-05-04.00:54:10::SCWPlatform::Trying to set the existing hwdb with name axi_spi_wrapper_0
TRACE::2026-05-04.00:54:10::SCWPlatform::Opened existing hwdb axi_spi_wrapper_0
TRACE::2026-05-04.00:54:10::SCWPlatform::Found the Hw Db part of the input DSA
TRACE::2026-05-04.00:54:10::SCWMssOS::Checking the sw design at  D:/pr0503_microblaze_axi_spi_i2c/newmicroblaze_spi/workspace/axi_spi_wrapper/microblaze_0/standalone_microblaze_0/bsp/system.mss
TRACE::2026-05-04.00:54:10::SCWMssOS::DEBUG:  swdes dump  D:/pr0503_microblaze_axi_spi_i2c/newmicroblaze_spi/workspace/axi_spi_wrapper/microblaze_0/standalone_microblaze_0/bsp/system.mss|system||

TRACE::2026-05-04.00:54:10::SCWMssOS::Sw design exists and opened at  D:/pr0503_microblaze_axi_spi_i2c/newmicroblaze_spi/workspace/axi_spi_wrapper/microblaze_0/standalone_microblaze_0/bsp/system.mss
TRACE::2026-05-04.00:54:10::SCWMssOS::Completed writing the mss file at D:/pr0503_microblaze_axi_spi_i2c/newmicroblaze_spi/workspace/axi_spi_wrapper/microblaze_0/standalone_microblaze_0/bsp
TRACE::2026-05-04.00:54:10::SCWMssOS::Mss edits present, copying mssfile into export location D:/pr0503_microblaze_axi_spi_i2c/newmicroblaze_spi/workspace/axi_spi_wrapper/microblaze_0/standalone_microblaze_0/bsp/system.mss
TRACE::2026-05-04.00:54:10::SCWMssOS::bsp generated is upto date with the mss file. Skipping bsp generation.
TRACE::2026-05-04.00:54:10::SCWMssOS::BSP is already built. skipping the bsp build ... 
TRACE::2026-05-04.00:54:10::SCWDomain::Building the domain as part of full build :  standalone_microblaze_0
TRACE::2026-05-04.00:54:10::SCWMssOS::skipping the bsp build ... 
TRACE::2026-05-04.00:54:10::SCWMssOS::Copying to export directory.
TRACE::2026-05-04.00:54:10::SCWMssOS:: Checking if to create the Supporting Applications
TRACE::2026-05-04.00:54:10::SCWMssOS:: No Linux domain exists, trying to generate FSBL 
LOG::2026-05-04.00:54:10::SCWSystem::Completed Processing the domain standalone_microblaze_0
LOG::2026-05-04.00:54:10::SCWSystem::Completed Processing the sysconfig axi_spi_wrapper
LOG::2026-05-04.00:54:10::SCWPlatform::Completed generating the artifacts for system configuration axi_spi_wrapper
TRACE::2026-05-04.00:54:10::SCWPlatform::Started preparing the platform 
TRACE::2026-05-04.00:54:10::SCWSystem::Writing the bif file for system config axi_spi_wrapper
TRACE::2026-05-04.00:54:10::SCWSystem::dir created 
TRACE::2026-05-04.00:54:10::SCWSystem::Writing the bif 
TRACE::2026-05-04.00:54:10::SCWPlatform::Started writing the spfm file 
TRACE::2026-05-04.00:54:10::SCWPlatform::Started writing the xpfm file 
TRACE::2026-05-04.00:54:10::SCWPlatform::Completed generating the platform
TRACE::2026-05-04.00:54:10::SCWMssOS::Saving the mss changes D:/pr0503_microblaze_axi_spi_i2c/newmicroblaze_spi/workspace/axi_spi_wrapper/microblaze_0/standalone_microblaze_0/bsp/system.mss
TRACE::2026-05-04.00:54:10::SCWMssOS::Found a swdesign opened with the mssfile.
TRACE::2026-05-04.00:54:10::SCWMssOS::Completed writemss as part of save.
TRACE::2026-05-04.00:54:10::SCWMssOS::Commit changes completed.
TRACE::2026-05-04.00:54:10::SCWPlatform::Trying to open the hw design at D:/pr0503_microblaze_axi_spi_i2c/newmicroblaze_spi/workspace/axi_spi_wrapper/hw/axi_spi_wrapper.xsa
TRACE::2026-05-04.00:54:10::SCWPlatform::DSA given D:/pr0503_microblaze_axi_spi_i2c/newmicroblaze_spi/workspace/axi_spi_wrapper/hw/axi_spi_wrapper.xsa
TRACE::2026-05-04.00:54:10::SCWPlatform::DSA absoulate path D:/pr0503_microblaze_axi_spi_i2c/newmicroblaze_spi/workspace/axi_spi_wrapper/hw/axi_spi_wrapper.xsa
TRACE::2026-05-04.00:54:10::SCWPlatform::DSA directory D:/pr0503_microblaze_axi_spi_i2c/newmicroblaze_spi/workspace/axi_spi_wrapper/hw
TRACE::2026-05-04.00:54:10::SCWPlatform:: Platform Path D:/pr0503_microblaze_axi_spi_i2c/newmicroblaze_spi/workspace/axi_spi_wrapper/hw/axi_spi_wrapper.xsa
TRACE::2026-05-04.00:54:10::SCWPlatform:: Unique name xilinx:basys3::0.0
TRACE::2026-05-04.00:54:10::SCWPlatform::Trying to set the existing hwdb with name axi_spi_wrapper_0
TRACE::2026-05-04.00:54:10::SCWPlatform::Opened existing hwdb axi_spi_wrapper_0
TRACE::2026-05-04.00:54:10::SCWPlatform::Found the Hw Db part of the input DSA
TRACE::2026-05-04.00:54:10::SCWMssOS::Checking the sw design at  D:/pr0503_microblaze_axi_spi_i2c/newmicroblaze_spi/workspace/axi_spi_wrapper/microblaze_0/standalone_microblaze_0/bsp/system.mss
TRACE::2026-05-04.00:54:10::SCWMssOS::DEBUG:  swdes dump  D:/pr0503_microblaze_axi_spi_i2c/newmicroblaze_spi/workspace/axi_spi_wrapper/microblaze_0/standalone_microblaze_0/bsp/system.mss|system||

TRACE::2026-05-04.00:54:10::SCWMssOS::Sw design exists and opened at  D:/pr0503_microblaze_axi_spi_i2c/newmicroblaze_spi/workspace/axi_spi_wrapper/microblaze_0/standalone_microblaze_0/bsp/system.mss
TRACE::2026-05-04.00:54:10::SCWPlatform::Trying to open the hw design at D:/pr0503_microblaze_axi_spi_i2c/newmicroblaze_spi/workspace/axi_spi_wrapper/hw/axi_spi_wrapper.xsa
TRACE::2026-05-04.00:54:10::SCWPlatform::DSA given D:/pr0503_microblaze_axi_spi_i2c/newmicroblaze_spi/workspace/axi_spi_wrapper/hw/axi_spi_wrapper.xsa
TRACE::2026-05-04.00:54:10::SCWPlatform::DSA absoulate path D:/pr0503_microblaze_axi_spi_i2c/newmicroblaze_spi/workspace/axi_spi_wrapper/hw/axi_spi_wrapper.xsa
TRACE::2026-05-04.00:54:10::SCWPlatform::DSA directory D:/pr0503_microblaze_axi_spi_i2c/newmicroblaze_spi/workspace/axi_spi_wrapper/hw
TRACE::2026-05-04.00:54:10::SCWPlatform:: Platform Path D:/pr0503_microblaze_axi_spi_i2c/newmicroblaze_spi/workspace/axi_spi_wrapper/hw/axi_spi_wrapper.xsa
TRACE::2026-05-04.00:54:10::SCWPlatform:: Unique name xilinx:basys3::0.0
TRACE::2026-05-04.00:54:10::SCWPlatform::Trying to set the existing hwdb with name axi_spi_wrapper_0
TRACE::2026-05-04.00:54:10::SCWPlatform::Opened existing hwdb axi_spi_wrapper_0
TRACE::2026-05-04.00:54:10::SCWPlatform::Found the Hw Db part of the input DSA
TRACE::2026-05-04.00:54:10::SCWMssOS::Checking the sw design at  D:/pr0503_microblaze_axi_spi_i2c/newmicroblaze_spi/workspace/axi_spi_wrapper/microblaze_0/standalone_microblaze_0/bsp/system.mss
TRACE::2026-05-04.00:54:10::SCWMssOS::DEBUG:  swdes dump  D:/pr0503_microblaze_axi_spi_i2c/newmicroblaze_spi/workspace/axi_spi_wrapper/microblaze_0/standalone_microblaze_0/bsp/system.mss|system||

TRACE::2026-05-04.00:54:10::SCWMssOS::Sw design exists and opened at  D:/pr0503_microblaze_axi_spi_i2c/newmicroblaze_spi/workspace/axi_spi_wrapper/microblaze_0/standalone_microblaze_0/bsp/system.mss
TRACE::2026-05-04.00:54:10::SCWPlatform::Trying to open the hw design at D:/pr0503_microblaze_axi_spi_i2c/newmicroblaze_spi/workspace/axi_spi_wrapper/hw/axi_spi_wrapper.xsa
TRACE::2026-05-04.00:54:10::SCWPlatform::DSA given D:/pr0503_microblaze_axi_spi_i2c/newmicroblaze_spi/workspace/axi_spi_wrapper/hw/axi_spi_wrapper.xsa
TRACE::2026-05-04.00:54:10::SCWPlatform::DSA absoulate path D:/pr0503_microblaze_axi_spi_i2c/newmicroblaze_spi/workspace/axi_spi_wrapper/hw/axi_spi_wrapper.xsa
TRACE::2026-05-04.00:54:10::SCWPlatform::DSA directory D:/pr0503_microblaze_axi_spi_i2c/newmicroblaze_spi/workspace/axi_spi_wrapper/hw
TRACE::2026-05-04.00:54:10::SCWPlatform:: Platform Path D:/pr0503_microblaze_axi_spi_i2c/newmicroblaze_spi/workspace/axi_spi_wrapper/hw/axi_spi_wrapper.xsa
TRACE::2026-05-04.00:54:10::SCWPlatform:: Unique name xilinx:basys3::0.0
TRACE::2026-05-04.00:54:10::SCWPlatform::Trying to set the existing hwdb with name axi_spi_wrapper_0
TRACE::2026-05-04.00:54:10::SCWPlatform::Opened existing hwdb axi_spi_wrapper_0
TRACE::2026-05-04.00:54:10::SCWPlatform::Found the Hw Db part of the input DSA
TRACE::2026-05-04.00:54:10::SCWMssOS::Checking the sw design at  D:/pr0503_microblaze_axi_spi_i2c/newmicroblaze_spi/workspace/axi_spi_wrapper/microblaze_0/standalone_microblaze_0/bsp/system.mss
TRACE::2026-05-04.00:54:10::SCWMssOS::DEBUG:  swdes dump  D:/pr0503_microblaze_axi_spi_i2c/newmicroblaze_spi/workspace/axi_spi_wrapper/microblaze_0/standalone_microblaze_0/bsp/system.mss|system||

TRACE::2026-05-04.00:54:10::SCWMssOS::Sw design exists and opened at  D:/pr0503_microblaze_axi_spi_i2c/newmicroblaze_spi/workspace/axi_spi_wrapper/microblaze_0/standalone_microblaze_0/bsp/system.mss
TRACE::2026-05-04.00:54:10::SCWWriter::formatted JSON is {
	"platformName":	"axi_spi_wrapper",
	"sprVersion":	"2.0",
	"mode":	"gui",
	"dsaType":	"Fixed",
	"platformDesc":	"axi_spi_wrapper",
	"platHandOff":	"D:/pr0503_microblaze_axi_spi_i2c/newmicroblaze_spi/XSA/axi_spi_wrapper.xsa",
	"platIntHandOff":	"<platformDir>/hw/axi_spi_wrapper.xsa",
	"deviceType":	"FPGA",
	"platIsPrebuiltAutogen":	"false",
	"platIsNoBootBsp":	"false",
	"hasFsblMakeHasChanges":	"false",
	"hasPmufwMakeHasChanges":	"false",
	"platPreBuiltFlag":	false,
	"platformSamplesDir":	"",
	"platActiveSys":	"axi_spi_wrapper",
	"systems":	[{
			"systemName":	"axi_spi_wrapper",
			"systemDesc":	"axi_spi_wrapper",
			"sysIsBootAutoGen":	"true",
			"systemDispName":	"axi_spi_wrapper",
			"sysActiveDom":	"standalone_microblaze_0",
			"sysDefaultDom":	"standalone_microblaze_0",
			"domains":	[{
					"domainName":	"standalone_microblaze_0",
					"domainDispName":	"standalone_microblaze_0",
					"domainDesc":	"standalone_microblaze_0",
					"processors":	"microblaze_0",
					"os":	"standalone",
					"sdxOs":	"standalone",
					"debugEnable":	"False",
					"domRuntimes":	["cpp"],
					"swRepo":	"",
					"mssOsVer":	"7.3",
					"mssFile":	"",
					"md5Digest":	"de1daf441af9ff6f52c8ee5130bbc9b1",
					"compatibleApp":	"empty_application",
					"domType":	"mssDomain",
					"arch":	"32-bit",
					"appSettings":	{
						"appCompilerFlags":	"",
						"appLinkerFlags":	""
					},
					"addedLibs":	[],
					"libOptions":	{
						"libsContainingOptions":	[]
					},
					"prebuiltLibs":	{
						"prebuiltIncPath":	[],
						"prebuiltLibPath":	[]
					},
					"isolation":	{
					}
				}]
		}]
}
KEYINFO::2026-05-04.00:54:10::SCWPlatform::updated the xpfm file.
LOG::2026-05-04.14:13:40::SCWPlatform::Started generating the artifacts platform axi_spi_wrapper
TRACE::2026-05-04.14:13:40::SCWPlatform::Sanity checking of platform is completed
LOG::2026-05-04.14:13:40::SCWPlatform::Started generating the artifacts for system configuration axi_spi_wrapper
LOG::2026-05-04.14:13:40::SCWSystem::Checking the domain standalone_microblaze_0
LOG::2026-05-04.14:13:40::SCWSystem::Not a boot domain 
LOG::2026-05-04.14:13:40::SCWSystem::Started Processing the domain standalone_microblaze_0
TRACE::2026-05-04.14:13:40::SCWDomain::Generating domain artifcats
TRACE::2026-05-04.14:13:40::SCWMssOS::Generating standalone artifcats
TRACE::2026-05-04.14:13:40::SCWMssOS:: Copying the user libraries. 
TRACE::2026-05-04.14:13:40::SCWPlatform::Trying to open the hw design at D:/pr0503_microblaze_axi_spi_i2c/newmicroblaze_spi/workspace/axi_spi_wrapper/hw/axi_spi_wrapper.xsa
TRACE::2026-05-04.14:13:40::SCWPlatform::DSA given D:/pr0503_microblaze_axi_spi_i2c/newmicroblaze_spi/workspace/axi_spi_wrapper/hw/axi_spi_wrapper.xsa
TRACE::2026-05-04.14:13:40::SCWPlatform::DSA absoulate path D:/pr0503_microblaze_axi_spi_i2c/newmicroblaze_spi/workspace/axi_spi_wrapper/hw/axi_spi_wrapper.xsa
TRACE::2026-05-04.14:13:40::SCWPlatform::DSA directory D:/pr0503_microblaze_axi_spi_i2c/newmicroblaze_spi/workspace/axi_spi_wrapper/hw
TRACE::2026-05-04.14:13:40::SCWPlatform:: Platform Path D:/pr0503_microblaze_axi_spi_i2c/newmicroblaze_spi/workspace/axi_spi_wrapper/hw/axi_spi_wrapper.xsa
TRACE::2026-05-04.14:13:40::SCWPlatform:: Unique name xilinx:basys3::0.0
TRACE::2026-05-04.14:13:40::SCWPlatform::Trying to set the existing hwdb with name axi_spi_wrapper_0
TRACE::2026-05-04.14:13:40::SCWPlatform::Opened existing hwdb axi_spi_wrapper_0
TRACE::2026-05-04.14:13:40::SCWPlatform::Found the Hw Db part of the input DSA
TRACE::2026-05-04.14:13:40::SCWMssOS::Checking the sw design at  D:/pr0503_microblaze_axi_spi_i2c/newmicroblaze_spi/workspace/axi_spi_wrapper/microblaze_0/standalone_microblaze_0/bsp/system.mss
TRACE::2026-05-04.14:13:40::SCWMssOS::DEBUG:  swdes dump  D:/pr0503_microblaze_axi_spi_i2c/newmicroblaze_spi/workspace/axi_spi_wrapper/microblaze_0/standalone_microblaze_0/bsp/system.mss|system||

TRACE::2026-05-04.14:13:40::SCWMssOS::Sw design exists and opened at  D:/pr0503_microblaze_axi_spi_i2c/newmicroblaze_spi/workspace/axi_spi_wrapper/microblaze_0/standalone_microblaze_0/bsp/system.mss
TRACE::2026-05-04.14:13:40::SCWMssOS::Completed writing the mss file at D:/pr0503_microblaze_axi_spi_i2c/newmicroblaze_spi/workspace/axi_spi_wrapper/microblaze_0/standalone_microblaze_0/bsp
TRACE::2026-05-04.14:13:40::SCWMssOS::Mss edits present, copying mssfile into export location D:/pr0503_microblaze_axi_spi_i2c/newmicroblaze_spi/workspace/axi_spi_wrapper/microblaze_0/standalone_microblaze_0/bsp/system.mss
TRACE::2026-05-04.14:13:40::SCWMssOS::bsp generated is upto date with the mss file. Skipping bsp generation.
TRACE::2026-05-04.14:13:40::SCWMssOS::BSP is already built. skipping the bsp build ... 
TRACE::2026-05-04.14:13:40::SCWDomain::Building the domain as part of full build :  standalone_microblaze_0
TRACE::2026-05-04.14:13:40::SCWMssOS::doing bsp build ... 
TRACE::2026-05-04.14:13:40::SCWMssOS::System Command Ran  D: & cd  D:/pr0503_microblaze_axi_spi_i2c/newmicroblaze_spi/workspace/axi_spi_wrapper/microblaze_0/standalone_microblaze_0/bsp & make 
TRACE::2026-05-04.14:13:40::SCWMssOS::make --no-print-directory seq_libs

TRACE::2026-05-04.14:13:41::SCWMssOS::"Running Make include in microblaze_0/libsrc/axi_spi_v1_0/src"

TRACE::2026-05-04.14:13:41::SCWMssOS::make -C microblaze_0/libsrc/axi_spi_v1_0/src -s include  "SHELL=CMD" "COMPILER=mb-gcc" "ASSEMBLER=mb-as" "ARCHIVER=mb-ar" "COMP
TRACE::2026-05-04.14:13:41::SCWMssOS::ILER_FLAGS=  -O2 -c -mcpu=v11.0 -mlittle-endian -mxl-soft-mul" "EXTRA_COMPILER_FLAGS=-g -ffunction-sections -fdata-sections -Wa
TRACE::2026-05-04.14:13:41::SCWMssOS::ll -Wextra"

TRACE::2026-05-04.14:13:41::SCWMssOS::"Running Make include in microblaze_0/libsrc/bram_v4_5/src"

TRACE::2026-05-04.14:13:41::SCWMssOS::make -C microblaze_0/libsrc/bram_v4_5/src -s include  "SHELL=CMD" "COMPILER=mb-gcc" "ASSEMBLER=mb-as" "ARCHIVER=mb-ar" "COMPILE
TRACE::2026-05-04.14:13:41::SCWMssOS::R_FLAGS=  -O2 -c -mcpu=v11.0 -mlittle-endian -mxl-soft-mul" "EXTRA_COMPILER_FLAGS=-g -ffunction-sections -fdata-sections -Wall 
TRACE::2026-05-04.14:13:41::SCWMssOS::-Wextra"

TRACE::2026-05-04.14:13:41::SCWMssOS::"Running Make include in microblaze_0/libsrc/cpu_v2_12/src"

TRACE::2026-05-04.14:13:41::SCWMssOS::make -C microblaze_0/libsrc/cpu_v2_12/src -s include  "SHELL=CMD" "COMPILER=mb-gcc" "ASSEMBLER=mb-as" "ARCHIVER=mb-ar" "COMPILE
TRACE::2026-05-04.14:13:41::SCWMssOS::R_FLAGS=  -O2 -c -mcpu=v11.0 -mlittle-endian -mxl-soft-mul" "EXTRA_COMPILER_FLAGS=-g -ffunction-sections -fdata-sections -Wall 
TRACE::2026-05-04.14:13:41::SCWMssOS::-Wextra"

TRACE::2026-05-04.14:13:41::SCWMssOS::"Running Make include in microblaze_0/libsrc/GPIO8_v1_0/src"

TRACE::2026-05-04.14:13:41::SCWMssOS::make -C microblaze_0/libsrc/GPIO8_v1_0/src -s include  "SHELL=CMD" "COMPILER=mb-gcc" "ASSEMBLER=mb-as" "ARCHIVER=mb-ar" "COMPIL
TRACE::2026-05-04.14:13:41::SCWMssOS::ER_FLAGS=  -O2 -c -mcpu=v11.0 -mlittle-endian -mxl-soft-mul" "EXTRA_COMPILER_FLAGS=-g -ffunction-sections -fdata-sections -Wall
TRACE::2026-05-04.14:13:41::SCWMssOS:: -Wextra"

TRACE::2026-05-04.14:13:41::SCWMssOS::"Running Make include in microblaze_0/libsrc/intc_v3_12/src"

TRACE::2026-05-04.14:13:41::SCWMssOS::make -C microblaze_0/libsrc/intc_v3_12/src -s include  "SHELL=CMD" "COMPILER=mb-gcc" "ASSEMBLER=mb-as" "ARCHIVER=mb-ar" "COMPIL
TRACE::2026-05-04.14:13:41::SCWMssOS::ER_FLAGS=  -O2 -c -mcpu=v11.0 -mlittle-endian -mxl-soft-mul" "EXTRA_COMPILER_FLAGS=-g -ffunction-sections -fdata-sections -Wall
TRACE::2026-05-04.14:13:41::SCWMssOS:: -Wextra"

TRACE::2026-05-04.14:13:41::SCWMssOS::"Running Make include in microblaze_0/libsrc/standalone_v7_3/src"

TRACE::2026-05-04.14:13:41::SCWMssOS::make -C microblaze_0/libsrc/standalone_v7_3/src -s include  "SHELL=CMD" "COMPILER=mb-gcc" "ASSEMBLER=mb-as" "ARCHIVER=mb-ar" "C
TRACE::2026-05-04.14:13:41::SCWMssOS::OMPILER_FLAGS=  -O2 -c -mcpu=v11.0 -mlittle-endian -mxl-soft-mul" "EXTRA_COMPILER_FLAGS=-g -ffunction-sections -fdata-sections 
TRACE::2026-05-04.14:13:41::SCWMssOS::-Wall -Wextra"

TRACE::2026-05-04.14:13:42::SCWMssOS::"Running Make include in microblaze_0/libsrc/TMR_v1_0/src"

TRACE::2026-05-04.14:13:42::SCWMssOS::make -C microblaze_0/libsrc/TMR_v1_0/src -s include  "SHELL=CMD" "COMPILER=mb-gcc" "ASSEMBLER=mb-as" "ARCHIVER=mb-ar" "COMPILER
TRACE::2026-05-04.14:13:42::SCWMssOS::_FLAGS=  -O2 -c -mcpu=v11.0 -mlittle-endian -mxl-soft-mul" "EXTRA_COMPILER_FLAGS=-g -ffunction-sections -fdata-sections -Wall -
TRACE::2026-05-04.14:13:42::SCWMssOS::Wextra"

TRACE::2026-05-04.14:13:42::SCWMssOS::"Running Make libs in microblaze_0/libsrc/axi_spi_v1_0/src"

TRACE::2026-05-04.14:13:42::SCWMssOS::make -C microblaze_0/libsrc/axi_spi_v1_0/src -s libs  "SHELL=CMD" "COMPILER=mb-gcc" "ASSEMBLER=mb-as" "ARCHIVER=mb-ar" "COMPILE
TRACE::2026-05-04.14:13:42::SCWMssOS::R_FLAGS=  -O2 -c -mcpu=v11.0 -mlittle-endian -mxl-soft-mul" "EXTRA_COMPILER_FLAGS=-g -ffunction-sections -fdata-sections -Wall 
TRACE::2026-05-04.14:13:42::SCWMssOS::-Wextra"

TRACE::2026-05-04.14:13:42::SCWMssOS::"Compiling axi_spi..."

TRACE::2026-05-04.14:13:43::SCWMssOS::"Running Make libs in microblaze_0/libsrc/GPIO8_v1_0/src"

TRACE::2026-05-04.14:13:43::SCWMssOS::make -C microblaze_0/libsrc/GPIO8_v1_0/src -s libs  "SHELL=CMD" "COMPILER=mb-gcc" "ASSEMBLER=mb-as" "ARCHIVER=mb-ar" "COMPILER_
TRACE::2026-05-04.14:13:43::SCWMssOS::FLAGS=  -O2 -c -mcpu=v11.0 -mlittle-endian -mxl-soft-mul" "EXTRA_COMPILER_FLAGS=-g -ffunction-sections -fdata-sections -Wall -W
TRACE::2026-05-04.14:13:43::SCWMssOS::extra"

TRACE::2026-05-04.14:13:43::SCWMssOS::"Compiling GPIO8..."

TRACE::2026-05-04.14:13:44::SCWMssOS::"Running Make libs in microblaze_0/libsrc/TMR_v1_0/src"

TRACE::2026-05-04.14:13:44::SCWMssOS::make -C microblaze_0/libsrc/TMR_v1_0/src -s libs  "SHELL=CMD" "COMPILER=mb-gcc" "ASSEMBLER=mb-as" "ARCHIVER=mb-ar" "COMPILER_FL
TRACE::2026-05-04.14:13:44::SCWMssOS::AGS=  -O2 -c -mcpu=v11.0 -mlittle-endian -mxl-soft-mul" "EXTRA_COMPILER_FLAGS=-g -ffunction-sections -fdata-sections -Wall -Wex
TRACE::2026-05-04.14:13:44::SCWMssOS::tra"

TRACE::2026-05-04.14:13:44::SCWMssOS::"Compiling TMR..."

TRACE::2026-05-04.14:13:44::SCWMssOS::'Finished building libraries sequentially.'

TRACE::2026-05-04.14:13:44::SCWMssOS::make -j --no-print-directory par_libs

TRACE::2026-05-04.14:13:44::SCWMssOS::"Running Make include in microblaze_0/libsrc/axi_spi_v1_0/src"

TRACE::2026-05-04.14:13:44::SCWMssOS::make -C microblaze_0/libsrc/axi_spi_v1_0/src -s include  "SHELL=CMD" "COMPILER=mb-gcc" "ASSEMBLER=mb-as" "ARCHIVER=mb-ar" "COMP
TRACE::2026-05-04.14:13:44::SCWMssOS::ILER_FLAGS=  -O2 -c -mcpu=v11.0 -mlittle-endian -mxl-soft-mul" "EXTRA_COMPILER_FLAGS=-g -ffunction-sections -fdata-sections -Wa
TRACE::2026-05-04.14:13:44::SCWMssOS::ll -Wextra"

TRACE::2026-05-04.14:13:44::SCWMssOS::"Running Make include in microblaze_0/libsrc/bram_v4_5/src"

TRACE::2026-05-04.14:13:44::SCWMssOS::make -C microblaze_0/libsrc/bram_v4_5/src -s include  "SHELL=CMD" "COMPILER=mb-gcc" "ASSEMBLER=mb-as" "ARCHIVER=mb-ar" "COMPILE
TRACE::2026-05-04.14:13:44::SCWMssOS::R_FLAGS=  -O2 -c -mcpu=v11.0 -mlittle-endian -mxl-soft-mul" "EXTRA_COMPILER_FLAGS=-g -ffunction-sections -fdata-sections -Wall 
TRACE::2026-05-04.14:13:44::SCWMssOS::-Wextra"

TRACE::2026-05-04.14:13:44::SCWMssOS::"Running Make include in microblaze_0/libsrc/cpu_v2_12/src"

TRACE::2026-05-04.14:13:44::SCWMssOS::make -C microblaze_0/libsrc/cpu_v2_12/src -s include  "SHELL=CMD" "COMPILER=mb-gcc" "ASSEMBLER=mb-as" "ARCHIVER=mb-ar" "COMPILE
TRACE::2026-05-04.14:13:44::SCWMssOS::R_FLAGS=  -O2 -c -mcpu=v11.0 -mlittle-endian -mxl-soft-mul" "EXTRA_COMPILER_FLAGS=-g -ffunction-sections -fdata-sections -Wall 
TRACE::2026-05-04.14:13:44::SCWMssOS::-Wextra"

TRACE::2026-05-04.14:13:44::SCWMssOS::"Running Make include in microblaze_0/libsrc/GPIO8_v1_0/src"

TRACE::2026-05-04.14:13:44::SCWMssOS::make -C microblaze_0/libsrc/GPIO8_v1_0/src -s include  "SHELL=CMD" "COMPILER=mb-gcc" "ASSEMBLER=mb-as" "ARCHIVER=mb-ar" "COMPIL
TRACE::2026-05-04.14:13:44::SCWMssOS::ER_FLAGS=  -O2 -c -mcpu=v11.0 -mlittle-endian -mxl-soft-mul" "EXTRA_COMPILER_FLAGS=-g -ffunction-sections -fdata-sections -Wall
TRACE::2026-05-04.14:13:44::SCWMssOS:: -Wextra"

TRACE::2026-05-04.14:13:44::SCWMssOS::"Running Make include in microblaze_0/libsrc/intc_v3_12/src"

TRACE::2026-05-04.14:13:44::SCWMssOS::make -C microblaze_0/libsrc/intc_v3_12/src -s include  "SHELL=CMD" "COMPILER=mb-gcc" "ASSEMBLER=mb-as" "ARCHIVER=mb-ar" "COMPIL
TRACE::2026-05-04.14:13:44::SCWMssOS::ER_FLAGS=  -O2 -c -mcpu=v11.0 -mlittle-endian -mxl-soft-mul" "EXTRA_COMPILER_FLAGS=-g -ffunction-sections -fdata-sections -Wall
TRACE::2026-05-04.14:13:44::SCWMssOS:: -Wextra"

TRACE::2026-05-04.14:13:44::SCWMssOS::"Running Make include in microblaze_0/libsrc/standalone_v7_3/src"

TRACE::2026-05-04.14:13:44::SCWMssOS::make -C microblaze_0/libsrc/standalone_v7_3/src -s include  "SHELL=CMD" "COMPILER=mb-gcc" "ASSEMBLER=mb-as" "ARCHIVER=mb-ar" "C
TRACE::2026-05-04.14:13:44::SCWMssOS::OMPILER_FLAGS=  -O2 -c -mcpu=v11.0 -mlittle-endian -mxl-soft-mul" "EXTRA_COMPILER_FLAGS=-g -ffunction-sections -fdata-sections 
TRACE::2026-05-04.14:13:44::SCWMssOS::-Wall -Wextra"

TRACE::2026-05-04.14:13:44::SCWMssOS::"Running Make include in microblaze_0/libsrc/TMR_v1_0/src"

TRACE::2026-05-04.14:13:44::SCWMssOS::make -C microblaze_0/libsrc/TMR_v1_0/src -s include  "SHELL=CMD" "COMPILER=mb-gcc" "ASSEMBLER=mb-as" "ARCHIVER=mb-ar" "COMPILER
TRACE::2026-05-04.14:13:44::SCWMssOS::_FLAGS=  -O2 -c -mcpu=v11.0 -mlittle-endian -mxl-soft-mul" "EXTRA_COMPILER_FLAGS=-g -ffunction-sections -fdata-sections -Wall -
TRACE::2026-05-04.14:13:44::SCWMssOS::Wextra"

TRACE::2026-05-04.14:13:44::SCWMssOS::"Running Make libs in microblaze_0/libsrc/bram_v4_5/src"

TRACE::2026-05-04.14:13:44::SCWMssOS::make -C microblaze_0/libsrc/bram_v4_5/src -s libs  "SHELL=CMD" "COMPILER=mb-gcc" "ASSEMBLER=mb-as" "ARCHIVER=mb-ar" "COMPILER_F
TRACE::2026-05-04.14:13:44::SCWMssOS::LAGS=  -O2 -c -mcpu=v11.0 -mlittle-endian -mxl-soft-mul" "EXTRA_COMPILER_FLAGS=-g -ffunction-sections -fdata-sections -Wall -We
TRACE::2026-05-04.14:13:44::SCWMssOS::xtra"

TRACE::2026-05-04.14:13:44::SCWMssOS::"Running Make libs in microblaze_0/libsrc/cpu_v2_12/src"

TRACE::2026-05-04.14:13:44::SCWMssOS::make -C microblaze_0/libsrc/cpu_v2_12/src -s libs  "SHELL=CMD" "COMPILER=mb-gcc" "ASSEMBLER=mb-as" "ARCHIVER=mb-ar" "COMPILER_F
TRACE::2026-05-04.14:13:44::SCWMssOS::LAGS=  -O2 -c -mcpu=v11.0 -mlittle-endian -mxl-soft-mul" "EXTRA_COMPILER_FLAGS=-g -ffunction-sections -fdata-sections -Wall -We
TRACE::2026-05-04.14:13:44::SCWMssOS::xtra"

TRACE::2026-05-04.14:13:44::SCWMssOS::"Running Make libs in microblaze_0/libsrc/intc_v3_12/src"

TRACE::2026-05-04.14:13:44::SCWMssOS::make -C microblaze_0/libsrc/intc_v3_12/src -s libs  "SHELL=CMD" "COMPILER=mb-gcc" "ASSEMBLER=mb-as" "ARCHIVER=mb-ar" "COMPILER_
TRACE::2026-05-04.14:13:44::SCWMssOS::FLAGS=  -O2 -c -mcpu=v11.0 -mlittle-endian -mxl-soft-mul" "EXTRA_COMPILER_FLAGS=-g -ffunction-sections -fdata-sections -Wall -W
TRACE::2026-05-04.14:13:44::SCWMssOS::extra"

TRACE::2026-05-04.14:13:44::SCWMssOS::"Running Make libs in microblaze_0/libsrc/standalone_v7_3/src"

TRACE::2026-05-04.14:13:44::SCWMssOS::make -C microblaze_0/libsrc/standalone_v7_3/src -s libs  "SHELL=CMD" "COMPILER=mb-gcc" "ASSEMBLER=mb-as" "ARCHIVER=mb-ar" "COMP
TRACE::2026-05-04.14:13:44::SCWMssOS::ILER_FLAGS=  -O2 -c -mcpu=v11.0 -mlittle-endian -mxl-soft-mul" "EXTRA_COMPILER_FLAGS=-g -ffunction-sections -fdata-sections -Wa
TRACE::2026-05-04.14:13:44::SCWMssOS::ll -Wextra"

TRACE::2026-05-04.14:13:45::SCWMssOS::"DEBUG NON_LTO_OBJECTS is ../../../lib/microblaze_interrupt_handler.o"

TRACE::2026-05-04.14:13:45::SCWMssOS::'Finished building libraries parallelly.'

TRACE::2026-05-04.14:13:45::SCWMssOS::make --no-print-directory archive

TRACE::2026-05-04.14:13:45::SCWMssOS::mb-ar -r  microblaze_0/lib/libxil.a microblaze_0/lib/xplatform_info.o microblaze_0/lib/microblaze_disable_exceptions.o microbla
TRACE::2026-05-04.14:13:45::SCWMssOS::ze_0/lib/print.o microblaze_0/lib/_exit.o microblaze_0/lib/xil_testio.o microblaze_0/lib/microblaze_disable_dcache.o microblaze
TRACE::2026-05-04.14:13:45::SCWMssOS::_0/lib/microblaze_flush_dcache_range.o microblaze_0/lib/microblaze_flush_cache_ext.o microblaze_0/lib/xbram_sinit.o microblaze_
TRACE::2026-05-04.14:13:45::SCWMssOS::0/lib/xil_misc_psreset_api.o microblaze_0/lib/xil_cache.o microblaze_0/lib/xil_util.o microblaze_0/lib/inbyte.o microblaze_0/li
TRACE::2026-05-04.14:13:45::SCWMssOS::b/xbram_g.o microblaze_0/lib/microblaze_exception_handler.o microblaze_0/lib/microblaze_scrub.o microblaze_0/lib/microblaze_inv
TRACE::2026-05-04.14:13:45::SCWMssOS::alidate_dcache.o microblaze_0/lib/microblaze_disable_interrupts.o microblaze_0/lib/xbram_selftest.o microblaze_0/lib/microblaze
TRACE::2026-05-04.14:13:45::SCWMssOS::_interrupt_handler.o microblaze_0/lib/microblaze_disable_icache.o microblaze_0/lib/xil_mem.o microblaze_0/lib/microblaze_flush_
TRACE::2026-05-04.14:13:45::SCWMssOS::cache_ext_range.o microblaze_0/lib/xbram_intr.o microblaze_0/lib/xil_sleepcommon.o microblaze_0/lib/xil_printf.o microblaze_0/l
TRACE::2026-05-04.14:13:45::SCWMssOS::ib/xintc_g.o microblaze_0/lib/xintc_selftest.o microblaze_0/lib/xintc_l.o microblaze_0/lib/outbyte.o microblaze_0/lib/microblaz
TRACE::2026-05-04.14:13:45::SCWMssOS::e_invalidate_dcache_range.o microblaze_0/lib/microblaze_invalidate_cache_ext.o microblaze_0/lib/microblaze_sleep.o microblaze_0
TRACE::2026-05-04.14:13:45::SCWMssOS::/lib/hw_exception_handler.o microblaze_0/lib/xintc_intr.o microblaze_0/lib/microblaze_update_dcache.o microblaze_0/lib/xil_test
TRACE::2026-05-04.14:13:45::SCWMssOS::cache.o microblaze_0/lib/microblaze_selftest.o microblaze_0/lib/microblaze_interrupts_g.o microblaze_0/lib/microblaze_enable_ex
TRACE::2026-05-04.14:13:45::SCWMssOS::ceptions.o microblaze_0/lib/xio.o microblaze_0/lib/microblaze_enable_dcache.o microblaze_0/lib/xbram.o microblaze_0/lib/microbl
TRACE::2026-05-04.14:13:45::SCWMssOS::aze_invalidate_icache_range.o microblaze_0/lib/microblaze_init_dcache_range.o microblaze_0/lib/microblaze_invalidate_icache.o m
TRACE::2026-05-04.14:13:45::SCWMssOS::icroblaze_0/lib/errno.o microblaze_0/lib/xintc_options.o microblaze_0/lib/microblaze_invalidate_cache_ext_range.o microblaze_0/
TRACE::2026-05-04.14:13:45::SCWMssOS::lib/xil_exception.o microblaze_0/lib/pvr.o microblaze_0/lib/xil_testmem.o microblaze_0/lib/microblaze_update_icache.o microblaz
TRACE::2026-05-04.14:13:45::SCWMssOS::e_0/lib/microblaze_flush_dcache.o microblaze_0/lib/xil_clocking.o microblaze_0/lib/xil_assert.o microblaze_0/lib/microblaze_ena
TRACE::2026-05-04.14:13:45::SCWMssOS::ble_interrupts.o microblaze_0/lib/microblaze_enable_icache.o microblaze_0/lib/xintc.o microblaze_0/lib/fcntl.o microblaze_0/lib
TRACE::2026-05-04.14:13:45::SCWMssOS::/microblaze_init_icache_range.o

TRACE::2026-05-04.14:13:45::SCWMssOS::'Finished building libraries'

TRACE::2026-05-04.14:13:45::SCWMssOS::Copying to export directory.
TRACE::2026-05-04.14:13:45::SCWMssOS:: Checking if to create the Supporting Applications
TRACE::2026-05-04.14:13:45::SCWMssOS:: No Linux domain exists, trying to generate FSBL 
LOG::2026-05-04.14:13:45::SCWSystem::Completed Processing the domain standalone_microblaze_0
LOG::2026-05-04.14:13:45::SCWSystem::Completed Processing the sysconfig axi_spi_wrapper
LOG::2026-05-04.14:13:45::SCWPlatform::Completed generating the artifacts for system configuration axi_spi_wrapper
TRACE::2026-05-04.14:13:45::SCWPlatform::Started preparing the platform 
TRACE::2026-05-04.14:13:45::SCWSystem::Writing the bif file for system config axi_spi_wrapper
TRACE::2026-05-04.14:13:45::SCWSystem::dir created 
TRACE::2026-05-04.14:13:45::SCWSystem::Writing the bif 
TRACE::2026-05-04.14:13:45::SCWPlatform::Started writing the spfm file 
TRACE::2026-05-04.14:13:45::SCWPlatform::Started writing the xpfm file 
TRACE::2026-05-04.14:13:45::SCWPlatform::Completed generating the platform
TRACE::2026-05-04.14:13:45::SCWMssOS::Saving the mss changes D:/pr0503_microblaze_axi_spi_i2c/newmicroblaze_spi/workspace/axi_spi_wrapper/microblaze_0/standalone_microblaze_0/bsp/system.mss
TRACE::2026-05-04.14:13:45::SCWMssOS::Found a swdesign opened with the mssfile.
TRACE::2026-05-04.14:13:45::SCWMssOS::Completed writemss as part of save.
TRACE::2026-05-04.14:13:45::SCWMssOS::Commit changes completed.
TRACE::2026-05-04.14:13:45::SCWPlatform::Trying to open the hw design at D:/pr0503_microblaze_axi_spi_i2c/newmicroblaze_spi/workspace/axi_spi_wrapper/hw/axi_spi_wrapper.xsa
TRACE::2026-05-04.14:13:45::SCWPlatform::DSA given D:/pr0503_microblaze_axi_spi_i2c/newmicroblaze_spi/workspace/axi_spi_wrapper/hw/axi_spi_wrapper.xsa
TRACE::2026-05-04.14:13:45::SCWPlatform::DSA absoulate path D:/pr0503_microblaze_axi_spi_i2c/newmicroblaze_spi/workspace/axi_spi_wrapper/hw/axi_spi_wrapper.xsa
TRACE::2026-05-04.14:13:45::SCWPlatform::DSA directory D:/pr0503_microblaze_axi_spi_i2c/newmicroblaze_spi/workspace/axi_spi_wrapper/hw
TRACE::2026-05-04.14:13:45::SCWPlatform:: Platform Path D:/pr0503_microblaze_axi_spi_i2c/newmicroblaze_spi/workspace/axi_spi_wrapper/hw/axi_spi_wrapper.xsa
TRACE::2026-05-04.14:13:45::SCWPlatform:: Unique name xilinx:basys3::0.0
TRACE::2026-05-04.14:13:45::SCWPlatform::Trying to set the existing hwdb with name axi_spi_wrapper_0
TRACE::2026-05-04.14:13:45::SCWPlatform::Opened existing hwdb axi_spi_wrapper_0
TRACE::2026-05-04.14:13:45::SCWPlatform::Found the Hw Db part of the input DSA
TRACE::2026-05-04.14:13:45::SCWMssOS::Checking the sw design at  D:/pr0503_microblaze_axi_spi_i2c/newmicroblaze_spi/workspace/axi_spi_wrapper/microblaze_0/standalone_microblaze_0/bsp/system.mss
TRACE::2026-05-04.14:13:45::SCWMssOS::DEBUG:  swdes dump  D:/pr0503_microblaze_axi_spi_i2c/newmicroblaze_spi/workspace/axi_spi_wrapper/microblaze_0/standalone_microblaze_0/bsp/system.mss|system||

TRACE::2026-05-04.14:13:45::SCWMssOS::Sw design exists and opened at  D:/pr0503_microblaze_axi_spi_i2c/newmicroblaze_spi/workspace/axi_spi_wrapper/microblaze_0/standalone_microblaze_0/bsp/system.mss
TRACE::2026-05-04.14:13:45::SCWPlatform::Trying to open the hw design at D:/pr0503_microblaze_axi_spi_i2c/newmicroblaze_spi/workspace/axi_spi_wrapper/hw/axi_spi_wrapper.xsa
TRACE::2026-05-04.14:13:45::SCWPlatform::DSA given D:/pr0503_microblaze_axi_spi_i2c/newmicroblaze_spi/workspace/axi_spi_wrapper/hw/axi_spi_wrapper.xsa
TRACE::2026-05-04.14:13:45::SCWPlatform::DSA absoulate path D:/pr0503_microblaze_axi_spi_i2c/newmicroblaze_spi/workspace/axi_spi_wrapper/hw/axi_spi_wrapper.xsa
TRACE::2026-05-04.14:13:45::SCWPlatform::DSA directory D:/pr0503_microblaze_axi_spi_i2c/newmicroblaze_spi/workspace/axi_spi_wrapper/hw
TRACE::2026-05-04.14:13:45::SCWPlatform:: Platform Path D:/pr0503_microblaze_axi_spi_i2c/newmicroblaze_spi/workspace/axi_spi_wrapper/hw/axi_spi_wrapper.xsa
TRACE::2026-05-04.14:13:45::SCWPlatform:: Unique name xilinx:basys3::0.0
TRACE::2026-05-04.14:13:45::SCWPlatform::Trying to set the existing hwdb with name axi_spi_wrapper_0
TRACE::2026-05-04.14:13:45::SCWPlatform::Opened existing hwdb axi_spi_wrapper_0
TRACE::2026-05-04.14:13:45::SCWPlatform::Found the Hw Db part of the input DSA
TRACE::2026-05-04.14:13:45::SCWMssOS::Checking the sw design at  D:/pr0503_microblaze_axi_spi_i2c/newmicroblaze_spi/workspace/axi_spi_wrapper/microblaze_0/standalone_microblaze_0/bsp/system.mss
TRACE::2026-05-04.14:13:45::SCWMssOS::DEBUG:  swdes dump  D:/pr0503_microblaze_axi_spi_i2c/newmicroblaze_spi/workspace/axi_spi_wrapper/microblaze_0/standalone_microblaze_0/bsp/system.mss|system||

TRACE::2026-05-04.14:13:45::SCWMssOS::Sw design exists and opened at  D:/pr0503_microblaze_axi_spi_i2c/newmicroblaze_spi/workspace/axi_spi_wrapper/microblaze_0/standalone_microblaze_0/bsp/system.mss
TRACE::2026-05-04.14:13:45::SCWPlatform::Trying to open the hw design at D:/pr0503_microblaze_axi_spi_i2c/newmicroblaze_spi/workspace/axi_spi_wrapper/hw/axi_spi_wrapper.xsa
TRACE::2026-05-04.14:13:45::SCWPlatform::DSA given D:/pr0503_microblaze_axi_spi_i2c/newmicroblaze_spi/workspace/axi_spi_wrapper/hw/axi_spi_wrapper.xsa
TRACE::2026-05-04.14:13:45::SCWPlatform::DSA absoulate path D:/pr0503_microblaze_axi_spi_i2c/newmicroblaze_spi/workspace/axi_spi_wrapper/hw/axi_spi_wrapper.xsa
TRACE::2026-05-04.14:13:45::SCWPlatform::DSA directory D:/pr0503_microblaze_axi_spi_i2c/newmicroblaze_spi/workspace/axi_spi_wrapper/hw
TRACE::2026-05-04.14:13:45::SCWPlatform:: Platform Path D:/pr0503_microblaze_axi_spi_i2c/newmicroblaze_spi/workspace/axi_spi_wrapper/hw/axi_spi_wrapper.xsa
TRACE::2026-05-04.14:13:45::SCWPlatform:: Unique name xilinx:basys3::0.0
TRACE::2026-05-04.14:13:45::SCWPlatform::Trying to set the existing hwdb with name axi_spi_wrapper_0
TRACE::2026-05-04.14:13:45::SCWPlatform::Opened existing hwdb axi_spi_wrapper_0
TRACE::2026-05-04.14:13:45::SCWPlatform::Found the Hw Db part of the input DSA
TRACE::2026-05-04.14:13:45::SCWMssOS::Checking the sw design at  D:/pr0503_microblaze_axi_spi_i2c/newmicroblaze_spi/workspace/axi_spi_wrapper/microblaze_0/standalone_microblaze_0/bsp/system.mss
TRACE::2026-05-04.14:13:45::SCWMssOS::DEBUG:  swdes dump  D:/pr0503_microblaze_axi_spi_i2c/newmicroblaze_spi/workspace/axi_spi_wrapper/microblaze_0/standalone_microblaze_0/bsp/system.mss|system||

TRACE::2026-05-04.14:13:45::SCWMssOS::Sw design exists and opened at  D:/pr0503_microblaze_axi_spi_i2c/newmicroblaze_spi/workspace/axi_spi_wrapper/microblaze_0/standalone_microblaze_0/bsp/system.mss
TRACE::2026-05-04.14:13:45::SCWWriter::formatted JSON is {
	"platformName":	"axi_spi_wrapper",
	"sprVersion":	"2.0",
	"mode":	"gui",
	"dsaType":	"Fixed",
	"platformDesc":	"axi_spi_wrapper",
	"platHandOff":	"D:/pr0503_microblaze_axi_spi_i2c/newmicroblaze_spi/XSA/axi_spi_wrapper.xsa",
	"platIntHandOff":	"<platformDir>/hw/axi_spi_wrapper.xsa",
	"deviceType":	"FPGA",
	"platIsPrebuiltAutogen":	"false",
	"platIsNoBootBsp":	"false",
	"hasFsblMakeHasChanges":	"false",
	"hasPmufwMakeHasChanges":	"false",
	"platPreBuiltFlag":	false,
	"platformSamplesDir":	"",
	"platActiveSys":	"axi_spi_wrapper",
	"systems":	[{
			"systemName":	"axi_spi_wrapper",
			"systemDesc":	"axi_spi_wrapper",
			"sysIsBootAutoGen":	"true",
			"systemDispName":	"axi_spi_wrapper",
			"sysActiveDom":	"standalone_microblaze_0",
			"sysDefaultDom":	"standalone_microblaze_0",
			"domains":	[{
					"domainName":	"standalone_microblaze_0",
					"domainDispName":	"standalone_microblaze_0",
					"domainDesc":	"standalone_microblaze_0",
					"processors":	"microblaze_0",
					"os":	"standalone",
					"sdxOs":	"standalone",
					"debugEnable":	"False",
					"domRuntimes":	["cpp"],
					"swRepo":	"",
					"mssOsVer":	"7.3",
					"mssFile":	"",
					"md5Digest":	"de1daf441af9ff6f52c8ee5130bbc9b1",
					"compatibleApp":	"empty_application",
					"domType":	"mssDomain",
					"arch":	"32-bit",
					"appSettings":	{
						"appCompilerFlags":	"",
						"appLinkerFlags":	""
					},
					"addedLibs":	[],
					"libOptions":	{
						"libsContainingOptions":	[]
					},
					"prebuiltLibs":	{
						"prebuiltIncPath":	[],
						"prebuiltLibPath":	[]
					},
					"isolation":	{
					}
				}]
		}]
}
KEYINFO::2026-05-04.14:13:45::SCWPlatform::updated the xpfm file.
TRACE::2026-05-04.14:13:45::SCWPlatform::Trying to open the hw design at D:/pr0503_microblaze_axi_spi_i2c/newmicroblaze_spi/workspace/axi_spi_wrapper/hw/axi_spi_wrapper.xsa
TRACE::2026-05-04.14:13:45::SCWPlatform::DSA given D:/pr0503_microblaze_axi_spi_i2c/newmicroblaze_spi/workspace/axi_spi_wrapper/hw/axi_spi_wrapper.xsa
TRACE::2026-05-04.14:13:45::SCWPlatform::DSA absoulate path D:/pr0503_microblaze_axi_spi_i2c/newmicroblaze_spi/workspace/axi_spi_wrapper/hw/axi_spi_wrapper.xsa
TRACE::2026-05-04.14:13:45::SCWPlatform::DSA directory D:/pr0503_microblaze_axi_spi_i2c/newmicroblaze_spi/workspace/axi_spi_wrapper/hw
TRACE::2026-05-04.14:13:45::SCWPlatform:: Platform Path D:/pr0503_microblaze_axi_spi_i2c/newmicroblaze_spi/workspace/axi_spi_wrapper/hw/axi_spi_wrapper.xsa
TRACE::2026-05-04.14:13:45::SCWPlatform:: Unique name xilinx:basys3::0.0
TRACE::2026-05-04.14:13:45::SCWPlatform::Trying to set the existing hwdb with name axi_spi_wrapper_0
TRACE::2026-05-04.14:13:45::SCWPlatform::Opened existing hwdb axi_spi_wrapper_0
TRACE::2026-05-04.14:13:45::SCWPlatform::Found the Hw Db part of the input DSA
TRACE::2026-05-04.14:13:45::SCWMssOS::Checking the sw design at  D:/pr0503_microblaze_axi_spi_i2c/newmicroblaze_spi/workspace/axi_spi_wrapper/microblaze_0/standalone_microblaze_0/bsp/system.mss
TRACE::2026-05-04.14:13:45::SCWMssOS::DEBUG:  swdes dump  D:/pr0503_microblaze_axi_spi_i2c/newmicroblaze_spi/workspace/axi_spi_wrapper/microblaze_0/standalone_microblaze_0/bsp/system.mss|system||

TRACE::2026-05-04.14:13:45::SCWMssOS::Sw design exists and opened at  D:/pr0503_microblaze_axi_spi_i2c/newmicroblaze_spi/workspace/axi_spi_wrapper/microblaze_0/standalone_microblaze_0/bsp/system.mss
