Copyright 1986-2020 Xilinx, Inc. All Rights Reserved.
--------------------------------------------------------------------------------------------------------------------------------------------------------------------------------------------------
| Tool Version : Vivado v.2020.2 (win64) Build 3064766 Wed Nov 18 09:12:45 MST 2020
| Date         : Sun May  3 16:30:14 2026
| Host         : DESKTOP-7CFQ9ND running 64-bit major release  (build 9200)
| Command      : report_timing_summary -max_paths 10 -file top_slave_timing_summary_routed.rpt -pb top_slave_timing_summary_routed.pb -rpx top_slave_timing_summary_routed.rpx -warn_on_violation
| Design       : top_slave
| Device       : 7a35t-cpg236
| Speed File   : -1  PRODUCTION 1.23 2018-06-13
--------------------------------------------------------------------------------------------------------------------------------------------------------------------------------------------------

Timing Summary Report

------------------------------------------------------------------------------------------------
| Timer Settings
| --------------
------------------------------------------------------------------------------------------------

  Enable Multi Corner Analysis               :  Yes
  Enable Pessimism Removal                   :  Yes
  Pessimism Removal Resolution               :  Nearest Common Node
  Enable Input Delay Default Clock           :  No
  Enable Preset / Clear Arcs                 :  No
  Disable Flight Delays                      :  No
  Ignore I/O Paths                           :  No
  Timing Early Launch at Borrowing Latches   :  No
  Borrow Time for Max Delay Exceptions       :  Yes
  Merge Timing Exceptions                    :  Yes

  Corner  Analyze    Analyze    
  Name    Max Paths  Min Paths  
  ------  ---------  ---------  
  Slow    Yes        Yes        
  Fast    Yes        Yes        



check_timing report

Table of Contents
-----------------
1. checking no_clock (0)
2. checking constant_clock (0)
3. checking pulse_width_clock (0)
4. checking unconstrained_internal_endpoints (0)
5. checking no_input_delay (5)
6. checking no_output_delay (13)
7. checking multiple_clock (0)
8. checking generated_clocks (0)
9. checking loops (0)
10. checking partial_input_delay (0)
11. checking partial_output_delay (0)
12. checking latch_loops (0)

1. checking no_clock (0)
------------------------
 There are 0 register/latch pins with no clock.


2. checking constant_clock (0)
------------------------------
 There are 0 register/latch pins with constant_clock.


3. checking pulse_width_clock (0)
---------------------------------
 There are 0 register/latch pins which need pulse_width check


4. checking unconstrained_internal_endpoints (0)
------------------------------------------------
 There are 0 pins that are not constrained for maximum delay.

 There are 0 pins that are not constrained for maximum delay due to constant clock.


5. checking no_input_delay (5)
------------------------------
 There are 5 input ports with no input delay specified. (HIGH)

 There are 0 input ports with no input delay but user has a false path constraint.


6. checking no_output_delay (13)
--------------------------------
 There are 13 ports with no output delay specified. (HIGH)

 There are 0 ports with no output delay but user has a false path constraint

 There are 0 ports with no output delay but with a timing clock defined on it or propagating through it


7. checking multiple_clock (0)
------------------------------
 There are 0 register/latch pins with multiple clocks.


8. checking generated_clocks (0)
--------------------------------
 There are 0 generated clocks that are not connected to a clock source.


9. checking loops (0)
---------------------
 There are 0 combinational loops in the design.


10. checking partial_input_delay (0)
------------------------------------
 There are 0 input ports with partial input delay specified.


11. checking partial_output_delay (0)
-------------------------------------
 There are 0 ports with partial output delay specified.


12. checking latch_loops (0)
----------------------------
 There are 0 combinational latch loops in the design through latch input



------------------------------------------------------------------------------------------------
| Design Timing Summary
| ---------------------
------------------------------------------------------------------------------------------------

    WNS(ns)      TNS(ns)  TNS Failing Endpoints  TNS Total Endpoints      WHS(ns)      THS(ns)  THS Failing Endpoints  THS Total Endpoints     WPWS(ns)     TPWS(ns)  TPWS Failing Endpoints  TPWS Total Endpoints  
    -------      -------  ---------------------  -------------------      -------      -------  ---------------------  -------------------     --------     --------  ----------------------  --------------------  
      6.242        0.000                      0                  102        0.173        0.000                      0                  102        4.500        0.000                       0                    82  


All user specified timing constraints are met.


------------------------------------------------------------------------------------------------
| Clock Summary
| -------------
------------------------------------------------------------------------------------------------

Clock        Waveform(ns)       Period(ns)      Frequency(MHz)
-----        ------------       ----------      --------------
sys_clk_pin  {0.000 5.000}      10.000          100.000         


------------------------------------------------------------------------------------------------
| Intra Clock Table
| -----------------
------------------------------------------------------------------------------------------------

Clock             WNS(ns)      TNS(ns)  TNS Failing Endpoints  TNS Total Endpoints      WHS(ns)      THS(ns)  THS Failing Endpoints  THS Total Endpoints     WPWS(ns)     TPWS(ns)  TPWS Failing Endpoints  TPWS Total Endpoints  
-----             -------      -------  ---------------------  -------------------      -------      -------  ---------------------  -------------------     --------     --------  ----------------------  --------------------  
sys_clk_pin         6.242        0.000                      0                  102        0.173        0.000                      0                  102        4.500        0.000                       0                    82  


------------------------------------------------------------------------------------------------
| Inter Clock Table
| -----------------
------------------------------------------------------------------------------------------------

From Clock    To Clock          WNS(ns)      TNS(ns)  TNS Failing Endpoints  TNS Total Endpoints      WHS(ns)      THS(ns)  THS Failing Endpoints  THS Total Endpoints  
----------    --------          -------      -------  ---------------------  -------------------      -------      -------  ---------------------  -------------------  


------------------------------------------------------------------------------------------------
| Other Path Groups Table
| -----------------------
------------------------------------------------------------------------------------------------

Path Group    From Clock    To Clock          WNS(ns)      TNS(ns)  TNS Failing Endpoints  TNS Total Endpoints      WHS(ns)      THS(ns)  THS Failing Endpoints  THS Total Endpoints  
----------    ----------    --------          -------      -------  ---------------------  -------------------      -------      -------  ---------------------  -------------------  


------------------------------------------------------------------------------------------------
| Timing Details
| --------------
------------------------------------------------------------------------------------------------


---------------------------------------------------------------------------------------------------
From Clock:  sys_clk_pin
  To Clock:  sys_clk_pin

Setup :            0  Failing Endpoints,  Worst Slack        6.242ns,  Total Violation        0.000ns
Hold  :            0  Failing Endpoints,  Worst Slack        0.173ns,  Total Violation        0.000ns
PW    :            0  Failing Endpoints,  Worst Slack        4.500ns,  Total Violation        0.000ns
---------------------------------------------------------------------------------------------------


Max Delay Paths
--------------------------------------------------------------------------------------
Slack (MET) :             6.242ns  (required time - arrival time)
  Source:                 u_deb_run/counter_reg[8]/C
                            (rising edge-triggered cell FDCE clocked by sys_clk_pin  {rise@0.000ns fall@5.000ns period=10.000ns})
  Destination:            u_deb_run/counter_reg[17]/D
                            (rising edge-triggered cell FDCE clocked by sys_clk_pin  {rise@0.000ns fall@5.000ns period=10.000ns})
  Path Group:             sys_clk_pin
  Path Type:              Setup (Max at Slow Process Corner)
  Requirement:            10.000ns  (sys_clk_pin rise@10.000ns - sys_clk_pin rise@0.000ns)
  Data Path Delay:        3.762ns  (logic 0.828ns (22.007%)  route 2.934ns (77.993%))
  Logic Levels:           3  (LUT4=1 LUT5=2)
  Clock Path Skew:        -0.037ns (DCD - SCD + CPR)
    Destination Clock Delay (DCD):    4.860ns = ( 14.860 - 10.000 ) 
    Source Clock Delay      (SCD):    5.157ns
    Clock Pessimism Removal (CPR):    0.260ns
  Clock Uncertainty:      0.035ns  ((TSJ^2 + TIJ^2)^1/2 + DJ) / 2 + PE
    Total System Jitter     (TSJ):    0.071ns
    Total Input Jitter      (TIJ):    0.000ns
    Discrete Jitter          (DJ):    0.000ns
    Phase Error              (PE):    0.000ns

    Location             Delay type                Incr(ns)  Path(ns)    Netlist Resource(s)
  -------------------------------------------------------------------    -------------------
                         (clock sys_clk_pin rise edge)
                                                      0.000     0.000 r  
    W5                                                0.000     0.000 r  clk (IN)
                         net (fo=0)                   0.000     0.000    clk
    W5                   IBUF (Prop_ibuf_I_O)         1.458     1.458 r  clk_IBUF_inst/O
                         net (fo=1, routed)           1.967     3.425    clk_IBUF
    BUFGCTRL_X0Y0        BUFG (Prop_bufg_I_O)         0.096     3.521 r  clk_IBUF_BUFG_inst/O
                         net (fo=81, routed)          1.636     5.157    u_deb_run/CLK
    SLICE_X4Y2           FDCE                                         r  u_deb_run/counter_reg[8]/C
  -------------------------------------------------------------------    -------------------
    SLICE_X4Y2           FDCE (Prop_fdce_C_Q)         0.456     5.613 r  u_deb_run/counter_reg[8]/Q
                         net (fo=2, routed)           1.138     6.751    u_deb_run/counter[8]
    SLICE_X2Y3           LUT4 (Prop_lut4_I1_O)        0.124     6.875 r  u_deb_run/counter[19]_i_4/O
                         net (fo=1, routed)           0.423     7.298    u_deb_run/counter[19]_i_4_n_0
    SLICE_X2Y2           LUT5 (Prop_lut5_I4_O)        0.124     7.422 r  u_deb_run/counter[19]_i_2/O
                         net (fo=20, routed)          1.373     8.796    u_deb_run/counter[19]_i_2_n_0
    SLICE_X2Y5           LUT5 (Prop_lut5_I0_O)        0.124     8.920 r  u_deb_run/counter[17]_i_1/O
                         net (fo=1, routed)           0.000     8.920    u_deb_run/counter[17]_i_1_n_0
    SLICE_X2Y5           FDCE                                         r  u_deb_run/counter_reg[17]/D
  -------------------------------------------------------------------    -------------------

                         (clock sys_clk_pin rise edge)
                                                     10.000    10.000 r  
    W5                                                0.000    10.000 r  clk (IN)
                         net (fo=0)                   0.000    10.000    clk
    W5                   IBUF (Prop_ibuf_I_O)         1.388    11.388 r  clk_IBUF_inst/O
                         net (fo=1, routed)           1.862    13.250    clk_IBUF
    BUFGCTRL_X0Y0        BUFG (Prop_bufg_I_O)         0.091    13.341 r  clk_IBUF_BUFG_inst/O
                         net (fo=81, routed)          1.519    14.860    u_deb_run/CLK
    SLICE_X2Y5           FDCE                                         r  u_deb_run/counter_reg[17]/C
                         clock pessimism              0.260    15.120    
                         clock uncertainty           -0.035    15.085    
    SLICE_X2Y5           FDCE (Setup_fdce_C_D)        0.077    15.162    u_deb_run/counter_reg[17]
  -------------------------------------------------------------------
                         required time                         15.162    
                         arrival time                          -8.920    
  -------------------------------------------------------------------
                         slack                                  6.242    

Slack (MET) :             6.255ns  (required time - arrival time)
  Source:                 u_spi/bit_cnt_reg[1]/C
                            (rising edge-triggered cell FDCE clocked by sys_clk_pin  {rise@0.000ns fall@5.000ns period=10.000ns})
  Destination:            u_spi/bit_cnt_reg[0]/D
                            (rising edge-triggered cell FDCE clocked by sys_clk_pin  {rise@0.000ns fall@5.000ns period=10.000ns})
  Path Group:             sys_clk_pin
  Path Type:              Setup (Max at Slow Process Corner)
  Requirement:            10.000ns  (sys_clk_pin rise@10.000ns - sys_clk_pin rise@0.000ns)
  Data Path Delay:        3.640ns  (logic 1.060ns (29.118%)  route 2.580ns (70.882%))
  Logic Levels:           3  (LUT3=2 LUT6=1)
  Clock Path Skew:        -0.022ns (DCD - SCD + CPR)
    Destination Clock Delay (DCD):    4.848ns = ( 14.848 - 10.000 ) 
    Source Clock Delay      (SCD):    5.145ns
    Clock Pessimism Removal (CPR):    0.275ns
  Clock Uncertainty:      0.035ns  ((TSJ^2 + TIJ^2)^1/2 + DJ) / 2 + PE
    Total System Jitter     (TSJ):    0.071ns
    Total Input Jitter      (TIJ):    0.000ns
    Discrete Jitter          (DJ):    0.000ns
    Phase Error              (PE):    0.000ns

    Location             Delay type                Incr(ns)  Path(ns)    Netlist Resource(s)
  -------------------------------------------------------------------    -------------------
                         (clock sys_clk_pin rise edge)
                                                      0.000     0.000 r  
    W5                                                0.000     0.000 r  clk (IN)
                         net (fo=0)                   0.000     0.000    clk
    W5                   IBUF (Prop_ibuf_I_O)         1.458     1.458 r  clk_IBUF_inst/O
                         net (fo=1, routed)           1.967     3.425    clk_IBUF
    BUFGCTRL_X0Y0        BUFG (Prop_bufg_I_O)         0.096     3.521 r  clk_IBUF_BUFG_inst/O
                         net (fo=81, routed)          1.624     5.145    u_spi/CLK
    SLICE_X59Y29         FDCE                                         r  u_spi/bit_cnt_reg[1]/C
  -------------------------------------------------------------------    -------------------
    SLICE_X59Y29         FDCE (Prop_fdce_C_Q)         0.456     5.601 f  u_spi/bit_cnt_reg[1]/Q
                         net (fo=3, routed)           0.982     6.584    u_spi/bit_cnt_reg_n_0_[1]
    SLICE_X58Y29         LUT3 (Prop_lut3_I0_O)        0.153     6.737 f  u_spi/FSM_sequential_state[0]_i_2/O
                         net (fo=2, routed)           0.688     7.425    u_spi/FSM_sequential_state[0]_i_2_n_0
    SLICE_X58Y29         LUT6 (Prop_lut6_I1_O)        0.327     7.752 r  u_spi/bit_cnt[2]_i_2/O
                         net (fo=3, routed)           0.292     8.044    u_spi/bit_cnt[2]_i_2_n_0
    SLICE_X58Y29         LUT3 (Prop_lut3_I1_O)        0.124     8.168 r  u_spi/bit_cnt[0]_i_1/O
                         net (fo=1, routed)           0.618     8.786    u_spi/bit_cnt[0]_i_1_n_0
    SLICE_X58Y29         FDCE                                         r  u_spi/bit_cnt_reg[0]/D
  -------------------------------------------------------------------    -------------------

                         (clock sys_clk_pin rise edge)
                                                     10.000    10.000 r  
    W5                                                0.000    10.000 r  clk (IN)
                         net (fo=0)                   0.000    10.000    clk
    W5                   IBUF (Prop_ibuf_I_O)         1.388    11.388 r  clk_IBUF_inst/O
                         net (fo=1, routed)           1.862    13.250    clk_IBUF
    BUFGCTRL_X0Y0        BUFG (Prop_bufg_I_O)         0.091    13.341 r  clk_IBUF_BUFG_inst/O
                         net (fo=81, routed)          1.507    14.848    u_spi/CLK
    SLICE_X58Y29         FDCE                                         r  u_spi/bit_cnt_reg[0]/C
                         clock pessimism              0.275    15.123    
                         clock uncertainty           -0.035    15.088    
    SLICE_X58Y29         FDCE (Setup_fdce_C_D)       -0.047    15.041    u_spi/bit_cnt_reg[0]
  -------------------------------------------------------------------
                         required time                         15.041    
                         arrival time                          -8.786    
  -------------------------------------------------------------------
                         slack                                  6.255    

Slack (MET) :             6.294ns  (required time - arrival time)
  Source:                 u_deb_run/counter_reg[8]/C
                            (rising edge-triggered cell FDCE clocked by sys_clk_pin  {rise@0.000ns fall@5.000ns period=10.000ns})
  Destination:            u_deb_run/counter_reg[13]/D
                            (rising edge-triggered cell FDCE clocked by sys_clk_pin  {rise@0.000ns fall@5.000ns period=10.000ns})
  Path Group:             sys_clk_pin
  Path Type:              Setup (Max at Slow Process Corner)
  Requirement:            10.000ns  (sys_clk_pin rise@10.000ns - sys_clk_pin rise@0.000ns)
  Data Path Delay:        3.663ns  (logic 0.828ns (22.607%)  route 2.835ns (77.393%))
  Logic Levels:           3  (LUT4=1 LUT5=2)
  Clock Path Skew:        -0.037ns (DCD - SCD + CPR)
    Destination Clock Delay (DCD):    4.860ns = ( 14.860 - 10.000 ) 
    Source Clock Delay      (SCD):    5.157ns
    Clock Pessimism Removal (CPR):    0.260ns
  Clock Uncertainty:      0.035ns  ((TSJ^2 + TIJ^2)^1/2 + DJ) / 2 + PE
    Total System Jitter     (TSJ):    0.071ns
    Total Input Jitter      (TIJ):    0.000ns
    Discrete Jitter          (DJ):    0.000ns
    Phase Error              (PE):    0.000ns

    Location             Delay type                Incr(ns)  Path(ns)    Netlist Resource(s)
  -------------------------------------------------------------------    -------------------
                         (clock sys_clk_pin rise edge)
                                                      0.000     0.000 r  
    W5                                                0.000     0.000 r  clk (IN)
                         net (fo=0)                   0.000     0.000    clk
    W5                   IBUF (Prop_ibuf_I_O)         1.458     1.458 r  clk_IBUF_inst/O
                         net (fo=1, routed)           1.967     3.425    clk_IBUF
    BUFGCTRL_X0Y0        BUFG (Prop_bufg_I_O)         0.096     3.521 r  clk_IBUF_BUFG_inst/O
                         net (fo=81, routed)          1.636     5.157    u_deb_run/CLK
    SLICE_X4Y2           FDCE                                         r  u_deb_run/counter_reg[8]/C
  -------------------------------------------------------------------    -------------------
    SLICE_X4Y2           FDCE (Prop_fdce_C_Q)         0.456     5.613 r  u_deb_run/counter_reg[8]/Q
                         net (fo=2, routed)           1.138     6.751    u_deb_run/counter[8]
    SLICE_X2Y3           LUT4 (Prop_lut4_I1_O)        0.124     6.875 r  u_deb_run/counter[19]_i_4/O
                         net (fo=1, routed)           0.423     7.298    u_deb_run/counter[19]_i_4_n_0
    SLICE_X2Y2           LUT5 (Prop_lut5_I4_O)        0.124     7.422 r  u_deb_run/counter[19]_i_2/O
                         net (fo=20, routed)          1.274     8.696    u_deb_run/counter[19]_i_2_n_0
    SLICE_X1Y4           LUT5 (Prop_lut5_I0_O)        0.124     8.820 r  u_deb_run/counter[13]_i_1/O
                         net (fo=1, routed)           0.000     8.820    u_deb_run/counter[13]_i_1_n_0
    SLICE_X1Y4           FDCE                                         r  u_deb_run/counter_reg[13]/D
  -------------------------------------------------------------------    -------------------

                         (clock sys_clk_pin rise edge)
                                                     10.000    10.000 r  
    W5                                                0.000    10.000 r  clk (IN)
                         net (fo=0)                   0.000    10.000    clk
    W5                   IBUF (Prop_ibuf_I_O)         1.388    11.388 r  clk_IBUF_inst/O
                         net (fo=1, routed)           1.862    13.250    clk_IBUF
    BUFGCTRL_X0Y0        BUFG (Prop_bufg_I_O)         0.091    13.341 r  clk_IBUF_BUFG_inst/O
                         net (fo=81, routed)          1.519    14.860    u_deb_run/CLK
    SLICE_X1Y4           FDCE                                         r  u_deb_run/counter_reg[13]/C
                         clock pessimism              0.260    15.120    
                         clock uncertainty           -0.035    15.085    
    SLICE_X1Y4           FDCE (Setup_fdce_C_D)        0.029    15.114    u_deb_run/counter_reg[13]
  -------------------------------------------------------------------
                         required time                         15.114    
                         arrival time                          -8.820    
  -------------------------------------------------------------------
                         slack                                  6.294    

Slack (MET) :             6.356ns  (required time - arrival time)
  Source:                 u_deb_run/counter_reg[0]/C
                            (rising edge-triggered cell FDCE clocked by sys_clk_pin  {rise@0.000ns fall@5.000ns period=10.000ns})
  Destination:            u_deb_run/counter_reg[18]/D
                            (rising edge-triggered cell FDCE clocked by sys_clk_pin  {rise@0.000ns fall@5.000ns period=10.000ns})
  Path Group:             sys_clk_pin
  Path Type:              Setup (Max at Slow Process Corner)
  Requirement:            10.000ns  (sys_clk_pin rise@10.000ns - sys_clk_pin rise@0.000ns)
  Data Path Delay:        3.664ns  (logic 2.208ns (60.266%)  route 1.456ns (39.734%))
  Logic Levels:           6  (CARRY4=5 LUT5=1)
  Clock Path Skew:        -0.026ns (DCD - SCD + CPR)
    Destination Clock Delay (DCD):    4.860ns = ( 14.860 - 10.000 ) 
    Source Clock Delay      (SCD):    5.160ns
    Clock Pessimism Removal (CPR):    0.274ns
  Clock Uncertainty:      0.035ns  ((TSJ^2 + TIJ^2)^1/2 + DJ) / 2 + PE
    Total System Jitter     (TSJ):    0.071ns
    Total Input Jitter      (TIJ):    0.000ns
    Discrete Jitter          (DJ):    0.000ns
    Phase Error              (PE):    0.000ns

    Location             Delay type                Incr(ns)  Path(ns)    Netlist Resource(s)
  -------------------------------------------------------------------    -------------------
                         (clock sys_clk_pin rise edge)
                                                      0.000     0.000 r  
    W5                                                0.000     0.000 r  clk (IN)
                         net (fo=0)                   0.000     0.000    clk
    W5                   IBUF (Prop_ibuf_I_O)         1.458     1.458 r  clk_IBUF_inst/O
                         net (fo=1, routed)           1.967     3.425    clk_IBUF
    BUFGCTRL_X0Y0        BUFG (Prop_bufg_I_O)         0.096     3.521 r  clk_IBUF_BUFG_inst/O
                         net (fo=81, routed)          1.639     5.160    u_deb_run/CLK
    SLICE_X2Y2           FDCE                                         r  u_deb_run/counter_reg[0]/C
  -------------------------------------------------------------------    -------------------
    SLICE_X2Y2           FDCE (Prop_fdce_C_Q)         0.478     5.638 r  u_deb_run/counter_reg[0]/Q
                         net (fo=4, routed)           0.657     6.295    u_deb_run/counter[0]
    SLICE_X3Y1           CARRY4 (Prop_carry4_CYINIT_CO[3])
                                                      0.751     7.046 r  u_deb_run/counter0_carry/CO[3]
                         net (fo=1, routed)           0.000     7.046    u_deb_run/counter0_carry_n_0
    SLICE_X3Y2           CARRY4 (Prop_carry4_CI_CO[3])
                                                      0.114     7.160 r  u_deb_run/counter0_carry__0/CO[3]
                         net (fo=1, routed)           0.000     7.160    u_deb_run/counter0_carry__0_n_0
    SLICE_X3Y3           CARRY4 (Prop_carry4_CI_CO[3])
                                                      0.114     7.274 r  u_deb_run/counter0_carry__1/CO[3]
                         net (fo=1, routed)           0.000     7.274    u_deb_run/counter0_carry__1_n_0
    SLICE_X3Y4           CARRY4 (Prop_carry4_CI_CO[3])
                                                      0.114     7.388 r  u_deb_run/counter0_carry__2/CO[3]
                         net (fo=1, routed)           0.000     7.388    u_deb_run/counter0_carry__2_n_0
    SLICE_X3Y5           CARRY4 (Prop_carry4_CI_O[1])
                                                      0.334     7.722 r  u_deb_run/counter0_carry__3/O[1]
                         net (fo=1, routed)           0.799     8.521    u_deb_run/data0[18]
    SLICE_X2Y5           LUT5 (Prop_lut5_I4_O)        0.303     8.824 r  u_deb_run/counter[18]_i_1/O
                         net (fo=1, routed)           0.000     8.824    u_deb_run/counter[18]_i_1_n_0
    SLICE_X2Y5           FDCE                                         r  u_deb_run/counter_reg[18]/D
  -------------------------------------------------------------------    -------------------

                         (clock sys_clk_pin rise edge)
                                                     10.000    10.000 r  
    W5                                                0.000    10.000 r  clk (IN)
                         net (fo=0)                   0.000    10.000    clk
    W5                   IBUF (Prop_ibuf_I_O)         1.388    11.388 r  clk_IBUF_inst/O
                         net (fo=1, routed)           1.862    13.250    clk_IBUF
    BUFGCTRL_X0Y0        BUFG (Prop_bufg_I_O)         0.091    13.341 r  clk_IBUF_BUFG_inst/O
                         net (fo=81, routed)          1.519    14.860    u_deb_run/CLK
    SLICE_X2Y5           FDCE                                         r  u_deb_run/counter_reg[18]/C
                         clock pessimism              0.274    15.134    
                         clock uncertainty           -0.035    15.099    
    SLICE_X2Y5           FDCE (Setup_fdce_C_D)        0.081    15.180    u_deb_run/counter_reg[18]
  -------------------------------------------------------------------
                         required time                         15.180    
                         arrival time                          -8.824    
  -------------------------------------------------------------------
                         slack                                  6.356    

Slack (MET) :             6.363ns  (required time - arrival time)
  Source:                 u_deb_run/counter_reg[16]/C
                            (rising edge-triggered cell FDCE clocked by sys_clk_pin  {rise@0.000ns fall@5.000ns period=10.000ns})
  Destination:            u_deb_run/btn_stable_reg/D
                            (rising edge-triggered cell FDCE clocked by sys_clk_pin  {rise@0.000ns fall@5.000ns period=10.000ns})
  Path Group:             sys_clk_pin
  Path Type:              Setup (Max at Slow Process Corner)
  Requirement:            10.000ns  (sys_clk_pin rise@10.000ns - sys_clk_pin rise@0.000ns)
  Data Path Delay:        3.643ns  (logic 0.952ns (26.129%)  route 2.691ns (73.871%))
  Logic Levels:           4  (LUT3=1 LUT4=1 LUT5=1 LUT6=1)
  Clock Path Skew:        -0.035ns (DCD - SCD + CPR)
    Destination Clock Delay (DCD):    4.861ns = ( 14.861 - 10.000 ) 
    Source Clock Delay      (SCD):    5.156ns
    Clock Pessimism Removal (CPR):    0.260ns
  Clock Uncertainty:      0.035ns  ((TSJ^2 + TIJ^2)^1/2 + DJ) / 2 + PE
    Total System Jitter     (TSJ):    0.071ns
    Total Input Jitter      (TIJ):    0.000ns
    Discrete Jitter          (DJ):    0.000ns
    Phase Error              (PE):    0.000ns

    Location             Delay type                Incr(ns)  Path(ns)    Netlist Resource(s)
  -------------------------------------------------------------------    -------------------
                         (clock sys_clk_pin rise edge)
                                                      0.000     0.000 r  
    W5                                                0.000     0.000 r  clk (IN)
                         net (fo=0)                   0.000     0.000    clk
    W5                   IBUF (Prop_ibuf_I_O)         1.458     1.458 r  clk_IBUF_inst/O
                         net (fo=1, routed)           1.967     3.425    clk_IBUF
    BUFGCTRL_X0Y0        BUFG (Prop_bufg_I_O)         0.096     3.521 r  clk_IBUF_BUFG_inst/O
                         net (fo=81, routed)          1.635     5.156    u_deb_run/CLK
    SLICE_X4Y4           FDCE                                         r  u_deb_run/counter_reg[16]/C
  -------------------------------------------------------------------    -------------------
    SLICE_X4Y4           FDCE (Prop_fdce_C_Q)         0.456     5.612 f  u_deb_run/counter_reg[16]/Q
                         net (fo=2, routed)           0.992     6.604    u_deb_run/counter[16]
    SLICE_X2Y5           LUT4 (Prop_lut4_I1_O)        0.124     6.728 r  u_deb_run/counter[19]_i_5/O
                         net (fo=2, routed)           0.436     7.164    u_deb_run/counter[19]_i_5_n_0
    SLICE_X2Y4           LUT5 (Prop_lut5_I4_O)        0.124     7.288 r  u_deb_run/btn_stable_i_3/O
                         net (fo=1, routed)           0.811     8.100    u_deb_run/btn_stable_i_3_n_0
    SLICE_X2Y2           LUT6 (Prop_lut6_I4_O)        0.124     8.224 r  u_deb_run/btn_stable_i_2/O
                         net (fo=1, routed)           0.452     8.676    u_deb_run/btn_stable_i_2_n_0
    SLICE_X2Y2           LUT3 (Prop_lut3_I2_O)        0.124     8.800 r  u_deb_run/btn_stable_i_1/O
                         net (fo=1, routed)           0.000     8.800    u_deb_run/btn_stable_i_1_n_0
    SLICE_X2Y2           FDCE                                         r  u_deb_run/btn_stable_reg/D
  -------------------------------------------------------------------    -------------------

                         (clock sys_clk_pin rise edge)
                                                     10.000    10.000 r  
    W5                                                0.000    10.000 r  clk (IN)
                         net (fo=0)                   0.000    10.000    clk
    W5                   IBUF (Prop_ibuf_I_O)         1.388    11.388 r  clk_IBUF_inst/O
                         net (fo=1, routed)           1.862    13.250    clk_IBUF
    BUFGCTRL_X0Y0        BUFG (Prop_bufg_I_O)         0.091    13.341 r  clk_IBUF_BUFG_inst/O
                         net (fo=81, routed)          1.520    14.861    u_deb_run/CLK
    SLICE_X2Y2           FDCE                                         r  u_deb_run/btn_stable_reg/C
                         clock pessimism              0.260    15.121    
                         clock uncertainty           -0.035    15.086    
    SLICE_X2Y2           FDCE (Setup_fdce_C_D)        0.077    15.163    u_deb_run/btn_stable_reg
  -------------------------------------------------------------------
                         required time                         15.163    
                         arrival time                          -8.800    
  -------------------------------------------------------------------
                         slack                                  6.363    

Slack (MET) :             6.411ns  (required time - arrival time)
  Source:                 u_deb_run/counter_reg[0]/C
                            (rising edge-triggered cell FDCE clocked by sys_clk_pin  {rise@0.000ns fall@5.000ns period=10.000ns})
  Destination:            u_deb_run/counter_reg[14]/D
                            (rising edge-triggered cell FDCE clocked by sys_clk_pin  {rise@0.000ns fall@5.000ns period=10.000ns})
  Path Group:             sys_clk_pin
  Path Type:              Setup (Max at Slow Process Corner)
  Requirement:            10.000ns  (sys_clk_pin rise@10.000ns - sys_clk_pin rise@0.000ns)
  Data Path Delay:        3.605ns  (logic 2.094ns (58.093%)  route 1.511ns (41.907%))
  Logic Levels:           5  (CARRY4=4 LUT5=1)
  Clock Path Skew:        -0.026ns (DCD - SCD + CPR)
    Destination Clock Delay (DCD):    4.860ns = ( 14.860 - 10.000 ) 
    Source Clock Delay      (SCD):    5.160ns
    Clock Pessimism Removal (CPR):    0.274ns
  Clock Uncertainty:      0.035ns  ((TSJ^2 + TIJ^2)^1/2 + DJ) / 2 + PE
    Total System Jitter     (TSJ):    0.071ns
    Total Input Jitter      (TIJ):    0.000ns
    Discrete Jitter          (DJ):    0.000ns
    Phase Error              (PE):    0.000ns

    Location             Delay type                Incr(ns)  Path(ns)    Netlist Resource(s)
  -------------------------------------------------------------------    -------------------
                         (clock sys_clk_pin rise edge)
                                                      0.000     0.000 r  
    W5                                                0.000     0.000 r  clk (IN)
                         net (fo=0)                   0.000     0.000    clk
    W5                   IBUF (Prop_ibuf_I_O)         1.458     1.458 r  clk_IBUF_inst/O
                         net (fo=1, routed)           1.967     3.425    clk_IBUF
    BUFGCTRL_X0Y0        BUFG (Prop_bufg_I_O)         0.096     3.521 r  clk_IBUF_BUFG_inst/O
                         net (fo=81, routed)          1.639     5.160    u_deb_run/CLK
    SLICE_X2Y2           FDCE                                         r  u_deb_run/counter_reg[0]/C
  -------------------------------------------------------------------    -------------------
    SLICE_X2Y2           FDCE (Prop_fdce_C_Q)         0.478     5.638 r  u_deb_run/counter_reg[0]/Q
                         net (fo=4, routed)           0.657     6.295    u_deb_run/counter[0]
    SLICE_X3Y1           CARRY4 (Prop_carry4_CYINIT_CO[3])
                                                      0.751     7.046 r  u_deb_run/counter0_carry/CO[3]
                         net (fo=1, routed)           0.000     7.046    u_deb_run/counter0_carry_n_0
    SLICE_X3Y2           CARRY4 (Prop_carry4_CI_CO[3])
                                                      0.114     7.160 r  u_deb_run/counter0_carry__0/CO[3]
                         net (fo=1, routed)           0.000     7.160    u_deb_run/counter0_carry__0_n_0
    SLICE_X3Y3           CARRY4 (Prop_carry4_CI_CO[3])
                                                      0.114     7.274 r  u_deb_run/counter0_carry__1/CO[3]
                         net (fo=1, routed)           0.000     7.274    u_deb_run/counter0_carry__1_n_0
    SLICE_X3Y4           CARRY4 (Prop_carry4_CI_O[1])
                                                      0.334     7.608 r  u_deb_run/counter0_carry__2/O[1]
                         net (fo=1, routed)           0.854     8.462    u_deb_run/data0[14]
    SLICE_X2Y4           LUT5 (Prop_lut5_I4_O)        0.303     8.765 r  u_deb_run/counter[14]_i_1/O
                         net (fo=1, routed)           0.000     8.765    u_deb_run/counter[14]_i_1_n_0
    SLICE_X2Y4           FDCE                                         r  u_deb_run/counter_reg[14]/D
  -------------------------------------------------------------------    -------------------

                         (clock sys_clk_pin rise edge)
                                                     10.000    10.000 r  
    W5                                                0.000    10.000 r  clk (IN)
                         net (fo=0)                   0.000    10.000    clk
    W5                   IBUF (Prop_ibuf_I_O)         1.388    11.388 r  clk_IBUF_inst/O
                         net (fo=1, routed)           1.862    13.250    clk_IBUF
    BUFGCTRL_X0Y0        BUFG (Prop_bufg_I_O)         0.091    13.341 r  clk_IBUF_BUFG_inst/O
                         net (fo=81, routed)          1.519    14.860    u_deb_run/CLK
    SLICE_X2Y4           FDCE                                         r  u_deb_run/counter_reg[14]/C
                         clock pessimism              0.274    15.134    
                         clock uncertainty           -0.035    15.099    
    SLICE_X2Y4           FDCE (Setup_fdce_C_D)        0.077    15.176    u_deb_run/counter_reg[14]
  -------------------------------------------------------------------
                         required time                         15.176    
                         arrival time                          -8.765    
  -------------------------------------------------------------------
                         slack                                  6.411    

Slack (MET) :             6.419ns  (required time - arrival time)
  Source:                 u_deb_run/counter_reg[8]/C
                            (rising edge-triggered cell FDCE clocked by sys_clk_pin  {rise@0.000ns fall@5.000ns period=10.000ns})
  Destination:            u_deb_run/counter_reg[8]/D
                            (rising edge-triggered cell FDCE clocked by sys_clk_pin  {rise@0.000ns fall@5.000ns period=10.000ns})
  Path Group:             sys_clk_pin
  Path Type:              Setup (Max at Slow Process Corner)
  Requirement:            10.000ns  (sys_clk_pin rise@10.000ns - sys_clk_pin rise@0.000ns)
  Data Path Delay:        3.576ns  (logic 0.828ns (23.153%)  route 2.748ns (76.847%))
  Logic Levels:           3  (LUT4=1 LUT5=2)
  Clock Path Skew:        0.000ns (DCD - SCD + CPR)
    Destination Clock Delay (DCD):    4.859ns = ( 14.859 - 10.000 ) 
    Source Clock Delay      (SCD):    5.157ns
    Clock Pessimism Removal (CPR):    0.298ns
  Clock Uncertainty:      0.035ns  ((TSJ^2 + TIJ^2)^1/2 + DJ) / 2 + PE
    Total System Jitter     (TSJ):    0.071ns
    Total Input Jitter      (TIJ):    0.000ns
    Discrete Jitter          (DJ):    0.000ns
    Phase Error              (PE):    0.000ns

    Location             Delay type                Incr(ns)  Path(ns)    Netlist Resource(s)
  -------------------------------------------------------------------    -------------------
                         (clock sys_clk_pin rise edge)
                                                      0.000     0.000 r  
    W5                                                0.000     0.000 r  clk (IN)
                         net (fo=0)                   0.000     0.000    clk
    W5                   IBUF (Prop_ibuf_I_O)         1.458     1.458 r  clk_IBUF_inst/O
                         net (fo=1, routed)           1.967     3.425    clk_IBUF
    BUFGCTRL_X0Y0        BUFG (Prop_bufg_I_O)         0.096     3.521 r  clk_IBUF_BUFG_inst/O
                         net (fo=81, routed)          1.636     5.157    u_deb_run/CLK
    SLICE_X4Y2           FDCE                                         r  u_deb_run/counter_reg[8]/C
  -------------------------------------------------------------------    -------------------
    SLICE_X4Y2           FDCE (Prop_fdce_C_Q)         0.456     5.613 r  u_deb_run/counter_reg[8]/Q
                         net (fo=2, routed)           1.138     6.751    u_deb_run/counter[8]
    SLICE_X2Y3           LUT4 (Prop_lut4_I1_O)        0.124     6.875 r  u_deb_run/counter[19]_i_4/O
                         net (fo=1, routed)           0.423     7.298    u_deb_run/counter[19]_i_4_n_0
    SLICE_X2Y2           LUT5 (Prop_lut5_I4_O)        0.124     7.422 r  u_deb_run/counter[19]_i_2/O
                         net (fo=20, routed)          1.187     8.609    u_deb_run/counter[19]_i_2_n_0
    SLICE_X4Y2           LUT5 (Prop_lut5_I0_O)        0.124     8.733 r  u_deb_run/counter[8]_i_1/O
                         net (fo=1, routed)           0.000     8.733    u_deb_run/counter[8]_i_1_n_0
    SLICE_X4Y2           FDCE                                         r  u_deb_run/counter_reg[8]/D
  -------------------------------------------------------------------    -------------------

                         (clock sys_clk_pin rise edge)
                                                     10.000    10.000 r  
    W5                                                0.000    10.000 r  clk (IN)
                         net (fo=0)                   0.000    10.000    clk
    W5                   IBUF (Prop_ibuf_I_O)         1.388    11.388 r  clk_IBUF_inst/O
                         net (fo=1, routed)           1.862    13.250    clk_IBUF
    BUFGCTRL_X0Y0        BUFG (Prop_bufg_I_O)         0.091    13.341 r  clk_IBUF_BUFG_inst/O
                         net (fo=81, routed)          1.518    14.859    u_deb_run/CLK
    SLICE_X4Y2           FDCE                                         r  u_deb_run/counter_reg[8]/C
                         clock pessimism              0.298    15.157    
                         clock uncertainty           -0.035    15.122    
    SLICE_X4Y2           FDCE (Setup_fdce_C_D)        0.031    15.153    u_deb_run/counter_reg[8]
  -------------------------------------------------------------------
                         required time                         15.153    
                         arrival time                          -8.733    
  -------------------------------------------------------------------
                         slack                                  6.419    

Slack (MET) :             6.420ns  (required time - arrival time)
  Source:                 u_deb_run/counter_reg[8]/C
                            (rising edge-triggered cell FDCE clocked by sys_clk_pin  {rise@0.000ns fall@5.000ns period=10.000ns})
  Destination:            u_deb_run/counter_reg[6]/D
                            (rising edge-triggered cell FDCE clocked by sys_clk_pin  {rise@0.000ns fall@5.000ns period=10.000ns})
  Path Group:             sys_clk_pin
  Path Type:              Setup (Max at Slow Process Corner)
  Requirement:            10.000ns  (sys_clk_pin rise@10.000ns - sys_clk_pin rise@0.000ns)
  Data Path Delay:        3.573ns  (logic 0.828ns (23.171%)  route 2.745ns (76.829%))
  Logic Levels:           3  (LUT4=1 LUT5=2)
  Clock Path Skew:        0.000ns (DCD - SCD + CPR)
    Destination Clock Delay (DCD):    4.859ns = ( 14.859 - 10.000 ) 
    Source Clock Delay      (SCD):    5.157ns
    Clock Pessimism Removal (CPR):    0.298ns
  Clock Uncertainty:      0.035ns  ((TSJ^2 + TIJ^2)^1/2 + DJ) / 2 + PE
    Total System Jitter     (TSJ):    0.071ns
    Total Input Jitter      (TIJ):    0.000ns
    Discrete Jitter          (DJ):    0.000ns
    Phase Error              (PE):    0.000ns

    Location             Delay type                Incr(ns)  Path(ns)    Netlist Resource(s)
  -------------------------------------------------------------------    -------------------
                         (clock sys_clk_pin rise edge)
                                                      0.000     0.000 r  
    W5                                                0.000     0.000 r  clk (IN)
                         net (fo=0)                   0.000     0.000    clk
    W5                   IBUF (Prop_ibuf_I_O)         1.458     1.458 r  clk_IBUF_inst/O
                         net (fo=1, routed)           1.967     3.425    clk_IBUF
    BUFGCTRL_X0Y0        BUFG (Prop_bufg_I_O)         0.096     3.521 r  clk_IBUF_BUFG_inst/O
                         net (fo=81, routed)          1.636     5.157    u_deb_run/CLK
    SLICE_X4Y2           FDCE                                         r  u_deb_run/counter_reg[8]/C
  -------------------------------------------------------------------    -------------------
    SLICE_X4Y2           FDCE (Prop_fdce_C_Q)         0.456     5.613 r  u_deb_run/counter_reg[8]/Q
                         net (fo=2, routed)           1.138     6.751    u_deb_run/counter[8]
    SLICE_X2Y3           LUT4 (Prop_lut4_I1_O)        0.124     6.875 r  u_deb_run/counter[19]_i_4/O
                         net (fo=1, routed)           0.423     7.298    u_deb_run/counter[19]_i_4_n_0
    SLICE_X2Y2           LUT5 (Prop_lut5_I4_O)        0.124     7.422 r  u_deb_run/counter[19]_i_2/O
                         net (fo=20, routed)          1.184     8.607    u_deb_run/counter[19]_i_2_n_0
    SLICE_X4Y2           LUT5 (Prop_lut5_I0_O)        0.124     8.731 r  u_deb_run/counter[6]_i_1/O
                         net (fo=1, routed)           0.000     8.731    u_deb_run/counter[6]_i_1_n_0
    SLICE_X4Y2           FDCE                                         r  u_deb_run/counter_reg[6]/D
  -------------------------------------------------------------------    -------------------

                         (clock sys_clk_pin rise edge)
                                                     10.000    10.000 r  
    W5                                                0.000    10.000 r  clk (IN)
                         net (fo=0)                   0.000    10.000    clk
    W5                   IBUF (Prop_ibuf_I_O)         1.388    11.388 r  clk_IBUF_inst/O
                         net (fo=1, routed)           1.862    13.250    clk_IBUF
    BUFGCTRL_X0Y0        BUFG (Prop_bufg_I_O)         0.091    13.341 r  clk_IBUF_BUFG_inst/O
                         net (fo=81, routed)          1.518    14.859    u_deb_run/CLK
    SLICE_X4Y2           FDCE                                         r  u_deb_run/counter_reg[6]/C
                         clock pessimism              0.298    15.157    
                         clock uncertainty           -0.035    15.122    
    SLICE_X4Y2           FDCE (Setup_fdce_C_D)        0.029    15.151    u_deb_run/counter_reg[6]
  -------------------------------------------------------------------
                         required time                         15.151    
                         arrival time                          -8.731    
  -------------------------------------------------------------------
                         slack                                  6.420    

Slack (MET) :             6.448ns  (required time - arrival time)
  Source:                 u_deb_run/counter_reg[0]/C
                            (rising edge-triggered cell FDCE clocked by sys_clk_pin  {rise@0.000ns fall@5.000ns period=10.000ns})
  Destination:            u_deb_run/counter_reg[19]/D
                            (rising edge-triggered cell FDCE clocked by sys_clk_pin  {rise@0.000ns fall@5.000ns period=10.000ns})
  Path Group:             sys_clk_pin
  Path Type:              Setup (Max at Slow Process Corner)
  Requirement:            10.000ns  (sys_clk_pin rise@10.000ns - sys_clk_pin rise@0.000ns)
  Data Path Delay:        3.570ns  (logic 2.112ns (59.167%)  route 1.458ns (40.833%))
  Logic Levels:           6  (CARRY4=5 LUT5=1)
  Clock Path Skew:        -0.026ns (DCD - SCD + CPR)
    Destination Clock Delay (DCD):    4.860ns = ( 14.860 - 10.000 ) 
    Source Clock Delay      (SCD):    5.160ns
    Clock Pessimism Removal (CPR):    0.274ns
  Clock Uncertainty:      0.035ns  ((TSJ^2 + TIJ^2)^1/2 + DJ) / 2 + PE
    Total System Jitter     (TSJ):    0.071ns
    Total Input Jitter      (TIJ):    0.000ns
    Discrete Jitter          (DJ):    0.000ns
    Phase Error              (PE):    0.000ns

    Location             Delay type                Incr(ns)  Path(ns)    Netlist Resource(s)
  -------------------------------------------------------------------    -------------------
                         (clock sys_clk_pin rise edge)
                                                      0.000     0.000 r  
    W5                                                0.000     0.000 r  clk (IN)
                         net (fo=0)                   0.000     0.000    clk
    W5                   IBUF (Prop_ibuf_I_O)         1.458     1.458 r  clk_IBUF_inst/O
                         net (fo=1, routed)           1.967     3.425    clk_IBUF
    BUFGCTRL_X0Y0        BUFG (Prop_bufg_I_O)         0.096     3.521 r  clk_IBUF_BUFG_inst/O
                         net (fo=81, routed)          1.639     5.160    u_deb_run/CLK
    SLICE_X2Y2           FDCE                                         r  u_deb_run/counter_reg[0]/C
  -------------------------------------------------------------------    -------------------
    SLICE_X2Y2           FDCE (Prop_fdce_C_Q)         0.478     5.638 r  u_deb_run/counter_reg[0]/Q
                         net (fo=4, routed)           0.657     6.295    u_deb_run/counter[0]
    SLICE_X3Y1           CARRY4 (Prop_carry4_CYINIT_CO[3])
                                                      0.751     7.046 r  u_deb_run/counter0_carry/CO[3]
                         net (fo=1, routed)           0.000     7.046    u_deb_run/counter0_carry_n_0
    SLICE_X3Y2           CARRY4 (Prop_carry4_CI_CO[3])
                                                      0.114     7.160 r  u_deb_run/counter0_carry__0/CO[3]
                         net (fo=1, routed)           0.000     7.160    u_deb_run/counter0_carry__0_n_0
    SLICE_X3Y3           CARRY4 (Prop_carry4_CI_CO[3])
                                                      0.114     7.274 r  u_deb_run/counter0_carry__1/CO[3]
                         net (fo=1, routed)           0.000     7.274    u_deb_run/counter0_carry__1_n_0
    SLICE_X3Y4           CARRY4 (Prop_carry4_CI_CO[3])
                                                      0.114     7.388 r  u_deb_run/counter0_carry__2/CO[3]
                         net (fo=1, routed)           0.000     7.388    u_deb_run/counter0_carry__2_n_0
    SLICE_X3Y5           CARRY4 (Prop_carry4_CI_O[2])
                                                      0.239     7.627 r  u_deb_run/counter0_carry__3/O[2]
                         net (fo=1, routed)           0.801     8.428    u_deb_run/data0[19]
    SLICE_X2Y5           LUT5 (Prop_lut5_I4_O)        0.302     8.730 r  u_deb_run/counter[19]_i_1/O
                         net (fo=1, routed)           0.000     8.730    u_deb_run/counter[19]_i_1_n_0
    SLICE_X2Y5           FDCE                                         r  u_deb_run/counter_reg[19]/D
  -------------------------------------------------------------------    -------------------

                         (clock sys_clk_pin rise edge)
                                                     10.000    10.000 r  
    W5                                                0.000    10.000 r  clk (IN)
                         net (fo=0)                   0.000    10.000    clk
    W5                   IBUF (Prop_ibuf_I_O)         1.388    11.388 r  clk_IBUF_inst/O
                         net (fo=1, routed)           1.862    13.250    clk_IBUF
    BUFGCTRL_X0Y0        BUFG (Prop_bufg_I_O)         0.091    13.341 r  clk_IBUF_BUFG_inst/O
                         net (fo=81, routed)          1.519    14.860    u_deb_run/CLK
    SLICE_X2Y5           FDCE                                         r  u_deb_run/counter_reg[19]/C
                         clock pessimism              0.274    15.134    
                         clock uncertainty           -0.035    15.099    
    SLICE_X2Y5           FDCE (Setup_fdce_C_D)        0.079    15.178    u_deb_run/counter_reg[19]
  -------------------------------------------------------------------
                         required time                         15.178    
                         arrival time                          -8.730    
  -------------------------------------------------------------------
                         slack                                  6.448    

Slack (MET) :             6.462ns  (required time - arrival time)
  Source:                 u_deb_run/counter_reg[8]/C
                            (rising edge-triggered cell FDCE clocked by sys_clk_pin  {rise@0.000ns fall@5.000ns period=10.000ns})
  Destination:            u_deb_run/counter_reg[15]/D
                            (rising edge-triggered cell FDCE clocked by sys_clk_pin  {rise@0.000ns fall@5.000ns period=10.000ns})
  Path Group:             sys_clk_pin
  Path Type:              Setup (Max at Slow Process Corner)
  Requirement:            10.000ns  (sys_clk_pin rise@10.000ns - sys_clk_pin rise@0.000ns)
  Data Path Delay:        3.547ns  (logic 0.828ns (23.347%)  route 2.719ns (76.653%))
  Logic Levels:           3  (LUT4=1 LUT5=2)
  Clock Path Skew:        -0.037ns (DCD - SCD + CPR)
    Destination Clock Delay (DCD):    4.860ns = ( 14.860 - 10.000 ) 
    Source Clock Delay      (SCD):    5.157ns
    Clock Pessimism Removal (CPR):    0.260ns
  Clock Uncertainty:      0.035ns  ((TSJ^2 + TIJ^2)^1/2 + DJ) / 2 + PE
    Total System Jitter     (TSJ):    0.071ns
    Total Input Jitter      (TIJ):    0.000ns
    Discrete Jitter          (DJ):    0.000ns
    Phase Error              (PE):    0.000ns

    Location             Delay type                Incr(ns)  Path(ns)    Netlist Resource(s)
  -------------------------------------------------------------------    -------------------
                         (clock sys_clk_pin rise edge)
                                                      0.000     0.000 r  
    W5                                                0.000     0.000 r  clk (IN)
                         net (fo=0)                   0.000     0.000    clk
    W5                   IBUF (Prop_ibuf_I_O)         1.458     1.458 r  clk_IBUF_inst/O
                         net (fo=1, routed)           1.967     3.425    clk_IBUF
    BUFGCTRL_X0Y0        BUFG (Prop_bufg_I_O)         0.096     3.521 r  clk_IBUF_BUFG_inst/O
                         net (fo=81, routed)          1.636     5.157    u_deb_run/CLK
    SLICE_X4Y2           FDCE                                         r  u_deb_run/counter_reg[8]/C
  -------------------------------------------------------------------    -------------------
    SLICE_X4Y2           FDCE (Prop_fdce_C_Q)         0.456     5.613 r  u_deb_run/counter_reg[8]/Q
                         net (fo=2, routed)           1.138     6.751    u_deb_run/counter[8]
    SLICE_X2Y3           LUT4 (Prop_lut4_I1_O)        0.124     6.875 r  u_deb_run/counter[19]_i_4/O
                         net (fo=1, routed)           0.423     7.298    u_deb_run/counter[19]_i_4_n_0
    SLICE_X2Y2           LUT5 (Prop_lut5_I4_O)        0.124     7.422 r  u_deb_run/counter[19]_i_2/O
                         net (fo=20, routed)          1.158     8.580    u_deb_run/counter[19]_i_2_n_0
    SLICE_X2Y4           LUT5 (Prop_lut5_I0_O)        0.124     8.704 r  u_deb_run/counter[15]_i_1/O
                         net (fo=1, routed)           0.000     8.704    u_deb_run/counter[15]_i_1_n_0
    SLICE_X2Y4           FDCE                                         r  u_deb_run/counter_reg[15]/D
  -------------------------------------------------------------------    -------------------

                         (clock sys_clk_pin rise edge)
                                                     10.000    10.000 r  
    W5                                                0.000    10.000 r  clk (IN)
                         net (fo=0)                   0.000    10.000    clk
    W5                   IBUF (Prop_ibuf_I_O)         1.388    11.388 r  clk_IBUF_inst/O
                         net (fo=1, routed)           1.862    13.250    clk_IBUF
    BUFGCTRL_X0Y0        BUFG (Prop_bufg_I_O)         0.091    13.341 r  clk_IBUF_BUFG_inst/O
                         net (fo=81, routed)          1.519    14.860    u_deb_run/CLK
    SLICE_X2Y4           FDCE                                         r  u_deb_run/counter_reg[15]/C
                         clock pessimism              0.260    15.120    
                         clock uncertainty           -0.035    15.085    
    SLICE_X2Y4           FDCE (Setup_fdce_C_D)        0.081    15.166    u_deb_run/counter_reg[15]
  -------------------------------------------------------------------
                         required time                         15.166    
                         arrival time                          -8.704    
  -------------------------------------------------------------------
                         slack                                  6.462    





Min Delay Paths
--------------------------------------------------------------------------------------
Slack (MET) :             0.173ns  (arrival time - required time)
  Source:                 u_spi/cs_n_sync_reg[1]/C
                            (rising edge-triggered cell FDPE clocked by sys_clk_pin  {rise@0.000ns fall@5.000ns period=10.000ns})
  Destination:            u_spi/FSM_sequential_state_reg[1]/D
                            (rising edge-triggered cell FDCE clocked by sys_clk_pin  {rise@0.000ns fall@5.000ns period=10.000ns})
  Path Group:             sys_clk_pin
  Path Type:              Hold (Min at Fast Process Corner)
  Requirement:            0.000ns  (sys_clk_pin rise@0.000ns - sys_clk_pin rise@0.000ns)
  Data Path Delay:        0.278ns  (logic 0.186ns (66.933%)  route 0.092ns (33.067%))
  Logic Levels:           1  (LUT3=1)
  Clock Path Skew:        0.013ns (DCD - SCD - CPR)
    Destination Clock Delay (DCD):    1.980ns
    Source Clock Delay      (SCD):    1.468ns
    Clock Pessimism Removal (CPR):    0.499ns

    Location             Delay type                Incr(ns)  Path(ns)    Netlist Resource(s)
  -------------------------------------------------------------------    -------------------
                         (clock sys_clk_pin rise edge)
                                                      0.000     0.000 r  
    W5                                                0.000     0.000 r  clk (IN)
                         net (fo=0)                   0.000     0.000    clk
    W5                   IBUF (Prop_ibuf_I_O)         0.226     0.226 r  clk_IBUF_inst/O
                         net (fo=1, routed)           0.631     0.858    clk_IBUF
    BUFGCTRL_X0Y0        BUFG (Prop_bufg_I_O)         0.026     0.884 r  clk_IBUF_BUFG_inst/O
                         net (fo=81, routed)          0.585     1.468    u_spi/CLK
    SLICE_X59Y29         FDPE                                         r  u_spi/cs_n_sync_reg[1]/C
  -------------------------------------------------------------------    -------------------
    SLICE_X59Y29         FDPE (Prop_fdpe_C_Q)         0.141     1.609 f  u_spi/cs_n_sync_reg[1]/Q
                         net (fo=5, routed)           0.092     1.701    u_spi/cs_n_sync[1]
    SLICE_X58Y29         LUT3 (Prop_lut3_I2_O)        0.045     1.746 r  u_spi/FSM_sequential_state[1]_i_1/O
                         net (fo=1, routed)           0.000     1.746    u_spi/FSM_sequential_state[1]_i_1_n_0
    SLICE_X58Y29         FDCE                                         r  u_spi/FSM_sequential_state_reg[1]/D
  -------------------------------------------------------------------    -------------------

                         (clock sys_clk_pin rise edge)
                                                      0.000     0.000 r  
    W5                                                0.000     0.000 r  clk (IN)
                         net (fo=0)                   0.000     0.000    clk
    W5                   IBUF (Prop_ibuf_I_O)         0.414     0.414 r  clk_IBUF_inst/O
                         net (fo=1, routed)           0.685     1.099    clk_IBUF
    BUFGCTRL_X0Y0        BUFG (Prop_bufg_I_O)         0.029     1.128 r  clk_IBUF_BUFG_inst/O
                         net (fo=81, routed)          0.853     1.980    u_spi/CLK
    SLICE_X58Y29         FDCE                                         r  u_spi/FSM_sequential_state_reg[1]/C
                         clock pessimism             -0.499     1.481    
    SLICE_X58Y29         FDCE (Hold_fdce_C_D)         0.092     1.573    u_spi/FSM_sequential_state_reg[1]
  -------------------------------------------------------------------
                         required time                         -1.573    
                         arrival time                           1.746    
  -------------------------------------------------------------------
                         slack                                  0.173    

Slack (MET) :             0.175ns  (arrival time - required time)
  Source:                 u_spi/cs_n_sync_reg[1]/C
                            (rising edge-triggered cell FDPE clocked by sys_clk_pin  {rise@0.000ns fall@5.000ns period=10.000ns})
  Destination:            u_spi/FSM_sequential_state_reg[0]/D
                            (rising edge-triggered cell FDCE clocked by sys_clk_pin  {rise@0.000ns fall@5.000ns period=10.000ns})
  Path Group:             sys_clk_pin
  Path Type:              Hold (Min at Fast Process Corner)
  Requirement:            0.000ns  (sys_clk_pin rise@0.000ns - sys_clk_pin rise@0.000ns)
  Data Path Delay:        0.279ns  (logic 0.186ns (66.693%)  route 0.093ns (33.307%))
  Logic Levels:           1  (LUT6=1)
  Clock Path Skew:        0.013ns (DCD - SCD - CPR)
    Destination Clock Delay (DCD):    1.980ns
    Source Clock Delay      (SCD):    1.468ns
    Clock Pessimism Removal (CPR):    0.499ns

    Location             Delay type                Incr(ns)  Path(ns)    Netlist Resource(s)
  -------------------------------------------------------------------    -------------------
                         (clock sys_clk_pin rise edge)
                                                      0.000     0.000 r  
    W5                                                0.000     0.000 r  clk (IN)
                         net (fo=0)                   0.000     0.000    clk
    W5                   IBUF (Prop_ibuf_I_O)         0.226     0.226 r  clk_IBUF_inst/O
                         net (fo=1, routed)           0.631     0.858    clk_IBUF
    BUFGCTRL_X0Y0        BUFG (Prop_bufg_I_O)         0.026     0.884 r  clk_IBUF_BUFG_inst/O
                         net (fo=81, routed)          0.585     1.468    u_spi/CLK
    SLICE_X59Y29         FDPE                                         r  u_spi/cs_n_sync_reg[1]/C
  -------------------------------------------------------------------    -------------------
    SLICE_X59Y29         FDPE (Prop_fdpe_C_Q)         0.141     1.609 f  u_spi/cs_n_sync_reg[1]/Q
                         net (fo=5, routed)           0.093     1.702    u_spi/cs_n_sync[1]
    SLICE_X58Y29         LUT6 (Prop_lut6_I5_O)        0.045     1.747 r  u_spi/FSM_sequential_state[0]_i_1/O
                         net (fo=1, routed)           0.000     1.747    u_spi/FSM_sequential_state[0]_i_1_n_0
    SLICE_X58Y29         FDCE                                         r  u_spi/FSM_sequential_state_reg[0]/D
  -------------------------------------------------------------------    -------------------

                         (clock sys_clk_pin rise edge)
                                                      0.000     0.000 r  
    W5                                                0.000     0.000 r  clk (IN)
                         net (fo=0)                   0.000     0.000    clk
    W5                   IBUF (Prop_ibuf_I_O)         0.414     0.414 r  clk_IBUF_inst/O
                         net (fo=1, routed)           0.685     1.099    clk_IBUF
    BUFGCTRL_X0Y0        BUFG (Prop_bufg_I_O)         0.029     1.128 r  clk_IBUF_BUFG_inst/O
                         net (fo=81, routed)          0.853     1.980    u_spi/CLK
    SLICE_X58Y29         FDCE                                         r  u_spi/FSM_sequential_state_reg[0]/C
                         clock pessimism             -0.499     1.481    
    SLICE_X58Y29         FDCE (Hold_fdce_C_D)         0.091     1.572    u_spi/FSM_sequential_state_reg[0]
  -------------------------------------------------------------------
                         required time                         -1.572    
                         arrival time                           1.747    
  -------------------------------------------------------------------
                         slack                                  0.175    

Slack (MET) :             0.191ns  (arrival time - required time)
  Source:                 u_spi/rx_shift_reg_reg[3]/C
                            (rising edge-triggered cell FDCE clocked by sys_clk_pin  {rise@0.000ns fall@5.000ns period=10.000ns})
  Destination:            u_spi/rx_shift_reg_reg[4]/D
                            (rising edge-triggered cell FDCE clocked by sys_clk_pin  {rise@0.000ns fall@5.000ns period=10.000ns})
  Path Group:             sys_clk_pin
  Path Type:              Hold (Min at Fast Process Corner)
  Requirement:            0.000ns  (sys_clk_pin rise@0.000ns - sys_clk_pin rise@0.000ns)
  Data Path Delay:        0.263ns  (logic 0.141ns (53.636%)  route 0.122ns (46.364%))
  Logic Levels:           0  
  Clock Path Skew:        0.013ns (DCD - SCD - CPR)
    Destination Clock Delay (DCD):    1.979ns
    Source Clock Delay      (SCD):    1.467ns
    Clock Pessimism Removal (CPR):    0.499ns

    Location             Delay type                Incr(ns)  Path(ns)    Netlist Resource(s)
  -------------------------------------------------------------------    -------------------
                         (clock sys_clk_pin rise edge)
                                                      0.000     0.000 r  
    W5                                                0.000     0.000 r  clk (IN)
                         net (fo=0)                   0.000     0.000    clk
    W5                   IBUF (Prop_ibuf_I_O)         0.226     0.226 r  clk_IBUF_inst/O
                         net (fo=1, routed)           0.631     0.858    clk_IBUF
    BUFGCTRL_X0Y0        BUFG (Prop_bufg_I_O)         0.026     0.884 r  clk_IBUF_BUFG_inst/O
                         net (fo=81, routed)          0.584     1.467    u_spi/CLK
    SLICE_X61Y28         FDCE                                         r  u_spi/rx_shift_reg_reg[3]/C
  -------------------------------------------------------------------    -------------------
    SLICE_X61Y28         FDCE (Prop_fdce_C_Q)         0.141     1.608 r  u_spi/rx_shift_reg_reg[3]/Q
                         net (fo=2, routed)           0.122     1.730    u_spi/rx_shift_reg[3]
    SLICE_X60Y28         FDCE                                         r  u_spi/rx_shift_reg_reg[4]/D
  -------------------------------------------------------------------    -------------------

                         (clock sys_clk_pin rise edge)
                                                      0.000     0.000 r  
    W5                                                0.000     0.000 r  clk (IN)
                         net (fo=0)                   0.000     0.000    clk
    W5                   IBUF (Prop_ibuf_I_O)         0.414     0.414 r  clk_IBUF_inst/O
                         net (fo=1, routed)           0.685     1.099    clk_IBUF
    BUFGCTRL_X0Y0        BUFG (Prop_bufg_I_O)         0.029     1.128 r  clk_IBUF_BUFG_inst/O
                         net (fo=81, routed)          0.852     1.979    u_spi/CLK
    SLICE_X60Y28         FDCE                                         r  u_spi/rx_shift_reg_reg[4]/C
                         clock pessimism             -0.499     1.480    
    SLICE_X60Y28         FDCE (Hold_fdce_C_D)         0.059     1.539    u_spi/rx_shift_reg_reg[4]
  -------------------------------------------------------------------
                         required time                         -1.539    
                         arrival time                           1.730    
  -------------------------------------------------------------------
                         slack                                  0.191    

Slack (MET) :             0.191ns  (arrival time - required time)
  Source:                 u_spi/rx_shift_reg_reg[4]/C
                            (rising edge-triggered cell FDCE clocked by sys_clk_pin  {rise@0.000ns fall@5.000ns period=10.000ns})
  Destination:            u_spi/rx_data_reg[4]/D
                            (rising edge-triggered cell FDCE clocked by sys_clk_pin  {rise@0.000ns fall@5.000ns period=10.000ns})
  Path Group:             sys_clk_pin
  Path Type:              Hold (Min at Fast Process Corner)
  Requirement:            0.000ns  (sys_clk_pin rise@0.000ns - sys_clk_pin rise@0.000ns)
  Data Path Delay:        0.293ns  (logic 0.164ns (55.984%)  route 0.129ns (44.016%))
  Logic Levels:           0  
  Clock Path Skew:        0.036ns (DCD - SCD - CPR)
    Destination Clock Delay (DCD):    1.981ns
    Source Clock Delay      (SCD):    1.467ns
    Clock Pessimism Removal (CPR):    0.478ns

    Location             Delay type                Incr(ns)  Path(ns)    Netlist Resource(s)
  -------------------------------------------------------------------    -------------------
                         (clock sys_clk_pin rise edge)
                                                      0.000     0.000 r  
    W5                                                0.000     0.000 r  clk (IN)
                         net (fo=0)                   0.000     0.000    clk
    W5                   IBUF (Prop_ibuf_I_O)         0.226     0.226 r  clk_IBUF_inst/O
                         net (fo=1, routed)           0.631     0.858    clk_IBUF
    BUFGCTRL_X0Y0        BUFG (Prop_bufg_I_O)         0.026     0.884 r  clk_IBUF_BUFG_inst/O
                         net (fo=81, routed)          0.584     1.467    u_spi/CLK
    SLICE_X60Y28         FDCE                                         r  u_spi/rx_shift_reg_reg[4]/C
  -------------------------------------------------------------------    -------------------
    SLICE_X60Y28         FDCE (Prop_fdce_C_Q)         0.164     1.631 r  u_spi/rx_shift_reg_reg[4]/Q
                         net (fo=2, routed)           0.129     1.760    u_spi/rx_shift_reg[4]
    SLICE_X63Y28         FDCE                                         r  u_spi/rx_data_reg[4]/D
  -------------------------------------------------------------------    -------------------

                         (clock sys_clk_pin rise edge)
                                                      0.000     0.000 r  
    W5                                                0.000     0.000 r  clk (IN)
                         net (fo=0)                   0.000     0.000    clk
    W5                   IBUF (Prop_ibuf_I_O)         0.414     0.414 r  clk_IBUF_inst/O
                         net (fo=1, routed)           0.685     1.099    clk_IBUF
    BUFGCTRL_X0Y0        BUFG (Prop_bufg_I_O)         0.029     1.128 r  clk_IBUF_BUFG_inst/O
                         net (fo=81, routed)          0.854     1.981    u_spi/CLK
    SLICE_X63Y28         FDCE                                         r  u_spi/rx_data_reg[4]/C
                         clock pessimism             -0.478     1.503    
    SLICE_X63Y28         FDCE (Hold_fdce_C_D)         0.066     1.569    u_spi/rx_data_reg[4]
  -------------------------------------------------------------------
                         required time                         -1.569    
                         arrival time                           1.760    
  -------------------------------------------------------------------
                         slack                                  0.191    

Slack (MET) :             0.196ns  (arrival time - required time)
  Source:                 u_deb_run/btn_prev_reg/C
                            (rising edge-triggered cell FDCE clocked by sys_clk_pin  {rise@0.000ns fall@5.000ns period=10.000ns})
  Destination:            u_deb_run/btn_edge_reg/D
                            (rising edge-triggered cell FDCE clocked by sys_clk_pin  {rise@0.000ns fall@5.000ns period=10.000ns})
  Path Group:             sys_clk_pin
  Path Type:              Hold (Min at Fast Process Corner)
  Requirement:            0.000ns  (sys_clk_pin rise@0.000ns - sys_clk_pin rise@0.000ns)
  Data Path Delay:        0.288ns  (logic 0.227ns (78.877%)  route 0.061ns (21.123%))
  Logic Levels:           1  (LUT2=1)
  Clock Path Skew:        0.000ns (DCD - SCD - CPR)
    Destination Clock Delay (DCD):    1.993ns
    Source Clock Delay      (SCD):    1.478ns
    Clock Pessimism Removal (CPR):    0.515ns

    Location             Delay type                Incr(ns)  Path(ns)    Netlist Resource(s)
  -------------------------------------------------------------------    -------------------
                         (clock sys_clk_pin rise edge)
                                                      0.000     0.000 r  
    W5                                                0.000     0.000 r  clk (IN)
                         net (fo=0)                   0.000     0.000    clk
    W5                   IBUF (Prop_ibuf_I_O)         0.226     0.226 r  clk_IBUF_inst/O
                         net (fo=1, routed)           0.631     0.858    clk_IBUF
    BUFGCTRL_X0Y0        BUFG (Prop_bufg_I_O)         0.026     0.884 r  clk_IBUF_BUFG_inst/O
                         net (fo=81, routed)          0.595     1.478    u_deb_run/CLK
    SLICE_X0Y3           FDCE                                         r  u_deb_run/btn_prev_reg/C
  -------------------------------------------------------------------    -------------------
    SLICE_X0Y3           FDCE (Prop_fdce_C_Q)         0.128     1.606 f  u_deb_run/btn_prev_reg/Q
                         net (fo=1, routed)           0.061     1.667    u_deb_run/btn_prev
    SLICE_X0Y3           LUT2 (Prop_lut2_I1_O)        0.099     1.766 r  u_deb_run/btn_edge_i_1/O
                         net (fo=1, routed)           0.000     1.766    u_deb_run/btn_edge0
    SLICE_X0Y3           FDCE                                         r  u_deb_run/btn_edge_reg/D
  -------------------------------------------------------------------    -------------------

                         (clock sys_clk_pin rise edge)
                                                      0.000     0.000 r  
    W5                                                0.000     0.000 r  clk (IN)
                         net (fo=0)                   0.000     0.000    clk
    W5                   IBUF (Prop_ibuf_I_O)         0.414     0.414 r  clk_IBUF_inst/O
                         net (fo=1, routed)           0.685     1.099    clk_IBUF
    BUFGCTRL_X0Y0        BUFG (Prop_bufg_I_O)         0.029     1.128 r  clk_IBUF_BUFG_inst/O
                         net (fo=81, routed)          0.866     1.993    u_deb_run/CLK
    SLICE_X0Y3           FDCE                                         r  u_deb_run/btn_edge_reg/C
                         clock pessimism             -0.515     1.478    
    SLICE_X0Y3           FDCE (Hold_fdce_C_D)         0.092     1.570    u_deb_run/btn_edge_reg
  -------------------------------------------------------------------
                         required time                         -1.570    
                         arrival time                           1.766    
  -------------------------------------------------------------------
                         slack                                  0.196    

Slack (MET) :             0.204ns  (arrival time - required time)
  Source:                 u_spi/rx_data_reg[1]/C
                            (rising edge-triggered cell FDCE clocked by sys_clk_pin  {rise@0.000ns fall@5.000ns period=10.000ns})
  Destination:            master_data_reg[1]/D
                            (rising edge-triggered cell FDCE clocked by sys_clk_pin  {rise@0.000ns fall@5.000ns period=10.000ns})
  Path Group:             sys_clk_pin
  Path Type:              Hold (Min at Fast Process Corner)
  Requirement:            0.000ns  (sys_clk_pin rise@0.000ns - sys_clk_pin rise@0.000ns)
  Data Path Delay:        0.309ns  (logic 0.141ns (45.604%)  route 0.168ns (54.396%))
  Logic Levels:           0  
  Clock Path Skew:        0.035ns (DCD - SCD - CPR)
    Destination Clock Delay (DCD):    1.980ns
    Source Clock Delay      (SCD):    1.467ns
    Clock Pessimism Removal (CPR):    0.478ns

    Location             Delay type                Incr(ns)  Path(ns)    Netlist Resource(s)
  -------------------------------------------------------------------    -------------------
                         (clock sys_clk_pin rise edge)
                                                      0.000     0.000 r  
    W5                                                0.000     0.000 r  clk (IN)
                         net (fo=0)                   0.000     0.000    clk
    W5                   IBUF (Prop_ibuf_I_O)         0.226     0.226 r  clk_IBUF_inst/O
                         net (fo=1, routed)           0.631     0.858    clk_IBUF
    BUFGCTRL_X0Y0        BUFG (Prop_bufg_I_O)         0.026     0.884 r  clk_IBUF_BUFG_inst/O
                         net (fo=81, routed)          0.584     1.467    u_spi/CLK
    SLICE_X61Y27         FDCE                                         r  u_spi/rx_data_reg[1]/C
  -------------------------------------------------------------------    -------------------
    SLICE_X61Y27         FDCE (Prop_fdce_C_Q)         0.141     1.608 r  u_spi/rx_data_reg[1]/Q
                         net (fo=1, routed)           0.168     1.776    rx_data[1]
    SLICE_X63Y27         FDCE                                         r  master_data_reg[1]/D
  -------------------------------------------------------------------    -------------------

                         (clock sys_clk_pin rise edge)
                                                      0.000     0.000 r  
    W5                                                0.000     0.000 r  clk (IN)
                         net (fo=0)                   0.000     0.000    clk
    W5                   IBUF (Prop_ibuf_I_O)         0.414     0.414 r  clk_IBUF_inst/O
                         net (fo=1, routed)           0.685     1.099    clk_IBUF
    BUFGCTRL_X0Y0        BUFG (Prop_bufg_I_O)         0.029     1.128 r  clk_IBUF_BUFG_inst/O
                         net (fo=81, routed)          0.853     1.980    clk_IBUF_BUFG
    SLICE_X63Y27         FDCE                                         r  master_data_reg[1]/C
                         clock pessimism             -0.478     1.502    
    SLICE_X63Y27         FDCE (Hold_fdce_C_D)         0.070     1.572    master_data_reg[1]
  -------------------------------------------------------------------
                         required time                         -1.572    
                         arrival time                           1.776    
  -------------------------------------------------------------------
                         slack                                  0.204    

Slack (MET) :             0.214ns  (arrival time - required time)
  Source:                 u_spi/rx_shift_reg_reg[0]/C
                            (rising edge-triggered cell FDCE clocked by sys_clk_pin  {rise@0.000ns fall@5.000ns period=10.000ns})
  Destination:            u_spi/rx_data_reg[0]/D
                            (rising edge-triggered cell FDCE clocked by sys_clk_pin  {rise@0.000ns fall@5.000ns period=10.000ns})
  Path Group:             sys_clk_pin
  Path Type:              Hold (Min at Fast Process Corner)
  Requirement:            0.000ns  (sys_clk_pin rise@0.000ns - sys_clk_pin rise@0.000ns)
  Data Path Delay:        0.320ns  (logic 0.141ns (44.014%)  route 0.179ns (55.986%))
  Logic Levels:           0  
  Clock Path Skew:        0.036ns (DCD - SCD - CPR)
    Destination Clock Delay (DCD):    1.981ns
    Source Clock Delay      (SCD):    1.467ns
    Clock Pessimism Removal (CPR):    0.478ns

    Location             Delay type                Incr(ns)  Path(ns)    Netlist Resource(s)
  -------------------------------------------------------------------    -------------------
                         (clock sys_clk_pin rise edge)
                                                      0.000     0.000 r  
    W5                                                0.000     0.000 r  clk (IN)
                         net (fo=0)                   0.000     0.000    clk
    W5                   IBUF (Prop_ibuf_I_O)         0.226     0.226 r  clk_IBUF_inst/O
                         net (fo=1, routed)           0.631     0.858    clk_IBUF
    BUFGCTRL_X0Y0        BUFG (Prop_bufg_I_O)         0.026     0.884 r  clk_IBUF_BUFG_inst/O
                         net (fo=81, routed)          0.584     1.467    u_spi/CLK
    SLICE_X61Y28         FDCE                                         r  u_spi/rx_shift_reg_reg[0]/C
  -------------------------------------------------------------------    -------------------
    SLICE_X61Y28         FDCE (Prop_fdce_C_Q)         0.141     1.608 r  u_spi/rx_shift_reg_reg[0]/Q
                         net (fo=2, routed)           0.179     1.787    u_spi/rx_shift_reg[0]
    SLICE_X63Y28         FDCE                                         r  u_spi/rx_data_reg[0]/D
  -------------------------------------------------------------------    -------------------

                         (clock sys_clk_pin rise edge)
                                                      0.000     0.000 r  
    W5                                                0.000     0.000 r  clk (IN)
                         net (fo=0)                   0.000     0.000    clk
    W5                   IBUF (Prop_ibuf_I_O)         0.414     0.414 r  clk_IBUF_inst/O
                         net (fo=1, routed)           0.685     1.099    clk_IBUF
    BUFGCTRL_X0Y0        BUFG (Prop_bufg_I_O)         0.029     1.128 r  clk_IBUF_BUFG_inst/O
                         net (fo=81, routed)          0.854     1.981    u_spi/CLK
    SLICE_X63Y28         FDCE                                         r  u_spi/rx_data_reg[0]/C
                         clock pessimism             -0.478     1.503    
    SLICE_X63Y28         FDCE (Hold_fdce_C_D)         0.070     1.573    u_spi/rx_data_reg[0]
  -------------------------------------------------------------------
                         required time                         -1.573    
                         arrival time                           1.787    
  -------------------------------------------------------------------
                         slack                                  0.214    

Slack (MET) :             0.218ns  (arrival time - required time)
  Source:                 u_spi/rx_data_reg[7]/C
                            (rising edge-triggered cell FDCE clocked by sys_clk_pin  {rise@0.000ns fall@5.000ns period=10.000ns})
  Destination:            master_data_reg[7]/D
                            (rising edge-triggered cell FDCE clocked by sys_clk_pin  {rise@0.000ns fall@5.000ns period=10.000ns})
  Path Group:             sys_clk_pin
  Path Type:              Hold (Min at Fast Process Corner)
  Requirement:            0.000ns  (sys_clk_pin rise@0.000ns - sys_clk_pin rise@0.000ns)
  Data Path Delay:        0.295ns  (logic 0.141ns (47.774%)  route 0.154ns (52.226%))
  Logic Levels:           0  
  Clock Path Skew:        0.014ns (DCD - SCD - CPR)
    Destination Clock Delay (DCD):    1.981ns
    Source Clock Delay      (SCD):    1.468ns
    Clock Pessimism Removal (CPR):    0.499ns

    Location             Delay type                Incr(ns)  Path(ns)    Netlist Resource(s)
  -------------------------------------------------------------------    -------------------
                         (clock sys_clk_pin rise edge)
                                                      0.000     0.000 r  
    W5                                                0.000     0.000 r  clk (IN)
                         net (fo=0)                   0.000     0.000    clk
    W5                   IBUF (Prop_ibuf_I_O)         0.226     0.226 r  clk_IBUF_inst/O
                         net (fo=1, routed)           0.631     0.858    clk_IBUF
    BUFGCTRL_X0Y0        BUFG (Prop_bufg_I_O)         0.026     0.884 r  clk_IBUF_BUFG_inst/O
                         net (fo=81, routed)          0.585     1.468    u_spi/CLK
    SLICE_X63Y28         FDCE                                         r  u_spi/rx_data_reg[7]/C
  -------------------------------------------------------------------    -------------------
    SLICE_X63Y28         FDCE (Prop_fdce_C_Q)         0.141     1.609 r  u_spi/rx_data_reg[7]/Q
                         net (fo=1, routed)           0.154     1.763    rx_data[7]
    SLICE_X64Y28         FDCE                                         r  master_data_reg[7]/D
  -------------------------------------------------------------------    -------------------

                         (clock sys_clk_pin rise edge)
                                                      0.000     0.000 r  
    W5                                                0.000     0.000 r  clk (IN)
                         net (fo=0)                   0.000     0.000    clk
    W5                   IBUF (Prop_ibuf_I_O)         0.414     0.414 r  clk_IBUF_inst/O
                         net (fo=1, routed)           0.685     1.099    clk_IBUF
    BUFGCTRL_X0Y0        BUFG (Prop_bufg_I_O)         0.029     1.128 r  clk_IBUF_BUFG_inst/O
                         net (fo=81, routed)          0.854     1.981    clk_IBUF_BUFG
    SLICE_X64Y28         FDCE                                         r  master_data_reg[7]/C
                         clock pessimism             -0.499     1.482    
    SLICE_X64Y28         FDCE (Hold_fdce_C_D)         0.063     1.545    master_data_reg[7]
  -------------------------------------------------------------------
                         required time                         -1.545    
                         arrival time                           1.763    
  -------------------------------------------------------------------
                         slack                                  0.218    

Slack (MET) :             0.225ns  (arrival time - required time)
  Source:                 u_spi/rx_shift_reg_reg[7]/C
                            (rising edge-triggered cell FDCE clocked by sys_clk_pin  {rise@0.000ns fall@5.000ns period=10.000ns})
  Destination:            u_spi/rx_data_reg[7]/D
                            (rising edge-triggered cell FDCE clocked by sys_clk_pin  {rise@0.000ns fall@5.000ns period=10.000ns})
  Path Group:             sys_clk_pin
  Path Type:              Hold (Min at Fast Process Corner)
  Requirement:            0.000ns  (sys_clk_pin rise@0.000ns - sys_clk_pin rise@0.000ns)
  Data Path Delay:        0.333ns  (logic 0.164ns (49.222%)  route 0.169ns (50.778%))
  Logic Levels:           0  
  Clock Path Skew:        0.036ns (DCD - SCD - CPR)
    Destination Clock Delay (DCD):    1.981ns
    Source Clock Delay      (SCD):    1.467ns
    Clock Pessimism Removal (CPR):    0.478ns

    Location             Delay type                Incr(ns)  Path(ns)    Netlist Resource(s)
  -------------------------------------------------------------------    -------------------
                         (clock sys_clk_pin rise edge)
                                                      0.000     0.000 r  
    W5                                                0.000     0.000 r  clk (IN)
                         net (fo=0)                   0.000     0.000    clk
    W5                   IBUF (Prop_ibuf_I_O)         0.226     0.226 r  clk_IBUF_inst/O
                         net (fo=1, routed)           0.631     0.858    clk_IBUF
    BUFGCTRL_X0Y0        BUFG (Prop_bufg_I_O)         0.026     0.884 r  clk_IBUF_BUFG_inst/O
                         net (fo=81, routed)          0.584     1.467    u_spi/CLK
    SLICE_X60Y28         FDCE                                         r  u_spi/rx_shift_reg_reg[7]/C
  -------------------------------------------------------------------    -------------------
    SLICE_X60Y28         FDCE (Prop_fdce_C_Q)         0.164     1.631 r  u_spi/rx_shift_reg_reg[7]/Q
                         net (fo=1, routed)           0.169     1.800    u_spi/rx_shift_reg[7]
    SLICE_X63Y28         FDCE                                         r  u_spi/rx_data_reg[7]/D
  -------------------------------------------------------------------    -------------------

                         (clock sys_clk_pin rise edge)
                                                      0.000     0.000 r  
    W5                                                0.000     0.000 r  clk (IN)
                         net (fo=0)                   0.000     0.000    clk
    W5                   IBUF (Prop_ibuf_I_O)         0.414     0.414 r  clk_IBUF_inst/O
                         net (fo=1, routed)           0.685     1.099    clk_IBUF
    BUFGCTRL_X0Y0        BUFG (Prop_bufg_I_O)         0.029     1.128 r  clk_IBUF_BUFG_inst/O
                         net (fo=81, routed)          0.854     1.981    u_spi/CLK
    SLICE_X63Y28         FDCE                                         r  u_spi/rx_data_reg[7]/C
                         clock pessimism             -0.478     1.503    
    SLICE_X63Y28         FDCE (Hold_fdce_C_D)         0.072     1.575    u_spi/rx_data_reg[7]
  -------------------------------------------------------------------
                         required time                         -1.575    
                         arrival time                           1.800    
  -------------------------------------------------------------------
                         slack                                  0.225    

Slack (MET) :             0.228ns  (arrival time - required time)
  Source:                 u_spi/rx_data_reg[4]/C
                            (rising edge-triggered cell FDCE clocked by sys_clk_pin  {rise@0.000ns fall@5.000ns period=10.000ns})
  Destination:            master_data_reg[4]/D
                            (rising edge-triggered cell FDCE clocked by sys_clk_pin  {rise@0.000ns fall@5.000ns period=10.000ns})
  Path Group:             sys_clk_pin
  Path Type:              Hold (Min at Fast Process Corner)
  Requirement:            0.000ns  (sys_clk_pin rise@0.000ns - sys_clk_pin rise@0.000ns)
  Data Path Delay:        0.294ns  (logic 0.141ns (47.936%)  route 0.153ns (52.064%))
  Logic Levels:           0  
  Clock Path Skew:        0.014ns (DCD - SCD - CPR)
    Destination Clock Delay (DCD):    1.981ns
    Source Clock Delay      (SCD):    1.468ns
    Clock Pessimism Removal (CPR):    0.499ns

    Location             Delay type                Incr(ns)  Path(ns)    Netlist Resource(s)
  -------------------------------------------------------------------    -------------------
                         (clock sys_clk_pin rise edge)
                                                      0.000     0.000 r  
    W5                                                0.000     0.000 r  clk (IN)
                         net (fo=0)                   0.000     0.000    clk
    W5                   IBUF (Prop_ibuf_I_O)         0.226     0.226 r  clk_IBUF_inst/O
                         net (fo=1, routed)           0.631     0.858    clk_IBUF
    BUFGCTRL_X0Y0        BUFG (Prop_bufg_I_O)         0.026     0.884 r  clk_IBUF_BUFG_inst/O
                         net (fo=81, routed)          0.585     1.468    u_spi/CLK
    SLICE_X63Y28         FDCE                                         r  u_spi/rx_data_reg[4]/C
  -------------------------------------------------------------------    -------------------
    SLICE_X63Y28         FDCE (Prop_fdce_C_Q)         0.141     1.609 r  u_spi/rx_data_reg[4]/Q
                         net (fo=1, routed)           0.153     1.762    rx_data[4]
    SLICE_X64Y28         FDCE                                         r  master_data_reg[4]/D
  -------------------------------------------------------------------    -------------------

                         (clock sys_clk_pin rise edge)
                                                      0.000     0.000 r  
    W5                                                0.000     0.000 r  clk (IN)
                         net (fo=0)                   0.000     0.000    clk
    W5                   IBUF (Prop_ibuf_I_O)         0.414     0.414 r  clk_IBUF_inst/O
                         net (fo=1, routed)           0.685     1.099    clk_IBUF
    BUFGCTRL_X0Y0        BUFG (Prop_bufg_I_O)         0.029     1.128 r  clk_IBUF_BUFG_inst/O
                         net (fo=81, routed)          0.854     1.981    clk_IBUF_BUFG
    SLICE_X64Y28         FDCE                                         r  master_data_reg[4]/C
                         clock pessimism             -0.499     1.482    
    SLICE_X64Y28         FDCE (Hold_fdce_C_D)         0.052     1.534    master_data_reg[4]
  -------------------------------------------------------------------
                         required time                         -1.534    
                         arrival time                           1.762    
  -------------------------------------------------------------------
                         slack                                  0.228    





Pulse Width Checks
--------------------------------------------------------------------------------------
Clock Name:         sys_clk_pin
Waveform(ns):       { 0.000 5.000 }
Period(ns):         10.000
Sources:            { clk }

Check Type        Corner  Lib Pin  Reference Pin  Required(ns)  Actual(ns)  Slack(ns)  Location       Pin
Min Period        n/a     BUFG/I   n/a            2.155         10.000      7.845      BUFGCTRL_X0Y0  clk_IBUF_BUFG_inst/I
Min Period        n/a     FDCE/C   n/a            1.000         10.000      9.000      SLICE_X0Y3     cnt_en_reg/C
Min Period        n/a     FDCE/C   n/a            1.000         10.000      9.000      SLICE_X64Y28   master_data_reg[0]/C
Min Period        n/a     FDCE/C   n/a            1.000         10.000      9.000      SLICE_X63Y27   master_data_reg[1]/C
Min Period        n/a     FDCE/C   n/a            1.000         10.000      9.000      SLICE_X63Y27   master_data_reg[2]/C
Min Period        n/a     FDCE/C   n/a            1.000         10.000      9.000      SLICE_X63Y27   master_data_reg[3]/C
Min Period        n/a     FDCE/C   n/a            1.000         10.000      9.000      SLICE_X64Y28   master_data_reg[4]/C
Min Period        n/a     FDCE/C   n/a            1.000         10.000      9.000      SLICE_X63Y27   master_data_reg[5]/C
Min Period        n/a     FDCE/C   n/a            1.000         10.000      9.000      SLICE_X64Y28   master_data_reg[6]/C
Min Period        n/a     FDCE/C   n/a            1.000         10.000      9.000      SLICE_X64Y28   master_data_reg[7]/C
Low Pulse Width   Slow    FDCE/C   n/a            0.500         5.000       4.500      SLICE_X58Y29   u_spi/FSM_sequential_state_reg[0]/C
Low Pulse Width   Slow    FDCE/C   n/a            0.500         5.000       4.500      SLICE_X58Y29   u_spi/FSM_sequential_state_reg[1]/C
Low Pulse Width   Slow    FDCE/C   n/a            0.500         5.000       4.500      SLICE_X58Y29   u_spi/bit_cnt_reg[0]/C
Low Pulse Width   Slow    FDCE/C   n/a            0.500         5.000       4.500      SLICE_X59Y29   u_spi/bit_cnt_reg[1]/C
Low Pulse Width   Slow    FDCE/C   n/a            0.500         5.000       4.500      SLICE_X59Y29   u_spi/bit_cnt_reg[2]/C
Low Pulse Width   Slow    FDPE/C   n/a            0.500         5.000       4.500      SLICE_X59Y29   u_spi/cs_n_sync_reg[0]/C
Low Pulse Width   Slow    FDPE/C   n/a            0.500         5.000       4.500      SLICE_X59Y29   u_spi/cs_n_sync_reg[1]/C
Low Pulse Width   Slow    FDCE/C   n/a            0.500         5.000       4.500      SLICE_X59Y29   u_spi/mosi_sync_reg[0]/C
Low Pulse Width   Slow    FDCE/C   n/a            0.500         5.000       4.500      SLICE_X59Y29   u_spi/mosi_sync_reg[1]/C
Low Pulse Width   Slow    FDCE/C   n/a            0.500         5.000       4.500      SLICE_X58Y29   u_spi/sclk_sync_reg[0]/C
High Pulse Width  Slow    FDCE/C   n/a            0.500         5.000       4.500      SLICE_X0Y3     cnt_en_reg/C
High Pulse Width  Slow    FDCE/C   n/a            0.500         5.000       4.500      SLICE_X63Y27   master_data_reg[1]/C
High Pulse Width  Slow    FDCE/C   n/a            0.500         5.000       4.500      SLICE_X63Y27   master_data_reg[2]/C
High Pulse Width  Slow    FDCE/C   n/a            0.500         5.000       4.500      SLICE_X63Y27   master_data_reg[3]/C
High Pulse Width  Slow    FDCE/C   n/a            0.500         5.000       4.500      SLICE_X63Y27   master_data_reg[5]/C
High Pulse Width  Slow    FDCE/C   n/a            0.500         5.000       4.500      SLICE_X0Y3     u_deb_run/btn_edge_reg/C
High Pulse Width  Slow    FDCE/C   n/a            0.500         5.000       4.500      SLICE_X0Y3     u_deb_run/btn_prev_reg/C
High Pulse Width  Slow    FDCE/C   n/a            0.500         5.000       4.500      SLICE_X2Y2     u_deb_run/btn_stable_reg/C
High Pulse Width  Slow    FDCE/C   n/a            0.500         5.000       4.500      SLICE_X3Y5     u_deb_run/btn_sync0_reg/C
High Pulse Width  Slow    FDCE/C   n/a            0.500         5.000       4.500      SLICE_X2Y2     u_deb_run/counter_reg[0]/C



