#-----------------------------------------------------------
# Vivado v2020.2 (64-bit)
# SW Build 3064766 on Wed Nov 18 09:12:45 MST 2020
# IP Build 3064653 on Wed Nov 18 14:17:31 MST 2020
# Start of session at: Mon May  4 21:12:55 2026
# Process ID: 15644
# Current directory: D:/pr0503_microblaze_axi_spi_i2c/microblaze_i2c
# Command line: vivado.exe -gui_launcher_event rodinguilauncherevent24880 D:\pr0503_microblaze_axi_spi_i2c\microblaze_i2c\microblaze_i2c.xpr
# Log file: D:/pr0503_microblaze_axi_spi_i2c/microblaze_i2c/vivado.log
# Journal file: D:/pr0503_microblaze_axi_spi_i2c/microblaze_i2c\vivado.jou
#-----------------------------------------------------------
start_gui
open_project D:/pr0503_microblaze_axi_spi_i2c/microblaze_i2c/microblaze_i2c.xpr
Scanning sources...
Finished scanning sources
INFO: [IP_Flow 19-234] Refreshing IP repositories
INFO: [IP_Flow 19-1700] Loaded user IP repository 'd:/pr0503_microblaze_axi_spi_i2c/ip_repo'.
INFO: [IP_Flow 19-2313] Loaded Vivado IP repository 'C:/Xilinx/Vivado/2020.2/data/ip'.
open_project: Time (s): cpu = 00:00:03 ; elapsed = 00:00:05 . Memory (MB): peak = 1106.840 ; gain = 0.000
update_compile_order -fileset sources_1
INFO: [Vivado 12-8231] Launching Vitis
INFO: [Vivado 12-417] Running vitis
INFO: [Vivado 12-8232] Vitis launch initiated. Please check console for any further messages.
open_bd_design {D:/pr0503_microblaze_axi_spi_i2c/microblaze_i2c/microblaze_i2c.srcs/sources_1/bd/axi_i2c/axi_i2c.bd}
Reading block design file <D:/pr0503_microblaze_axi_spi_i2c/microblaze_i2c/microblaze_i2c.srcs/sources_1/bd/axi_i2c/axi_i2c.bd>...
Adding component instance block -- xilinx.com:ip:microblaze:11.0 - microblaze_0
Adding component instance block -- xilinx.com:ip:lmb_v10:3.0 - dlmb_v10
Adding component instance block -- xilinx.com:ip:lmb_v10:3.0 - ilmb_v10
Adding component instance block -- xilinx.com:ip:lmb_bram_if_cntlr:4.0 - dlmb_bram_if_cntlr
Adding component instance block -- xilinx.com:ip:lmb_bram_if_cntlr:4.0 - ilmb_bram_if_cntlr
Adding component instance block -- xilinx.com:ip:blk_mem_gen:8.4 - lmb_bram
Adding component instance block -- xilinx.com:ip:axi_interconnect:2.1 - microblaze_0_axi_periph
Adding component instance block -- xilinx.com:ip:axi_crossbar:2.1 - xbar
Adding component instance block -- xilinx.com:ip:axi_intc:4.1 - microblaze_0_axi_intc
Adding component instance block -- xilinx.com:ip:xlconcat:2.1 - microblaze_0_xlconcat
Adding component instance block -- xilinx.com:ip:mdm:3.2 - mdm_1
Adding component instance block -- xilinx.com:ip:clk_wiz:6.0 - clk_wiz_1
Adding component instance block -- xilinx.com:ip:proc_sys_reset:5.0 - rst_clk_wiz_1_100M
Adding component instance block -- xilinx.com:user:GPIO8:1.0 - GPIO8_0
Adding component instance block -- xilinx.com:user:GPIO8:1.0 - GPIO8_1
Adding component instance block -- xilinx.com:user:GPIO8:1.0 - GPIO8_2
Adding component instance block -- xilinx.com:user:TMR:1.0 - TMR_0
Adding component instance block -- xilinx.com:user:axi_i2c:1.0 - axi_i2c_0
Adding component instance block -- xilinx.com:ip:axi_uartlite:2.0 - axi_uartlite_0
Successfully read diagram <axi_i2c> from block design file <D:/pr0503_microblaze_axi_spi_i2c/microblaze_i2c/microblaze_i2c.srcs/sources_1/bd/axi_i2c/axi_i2c.bd>
open_bd_design: Time (s): cpu = 00:00:04 ; elapsed = 00:00:08 . Memory (MB): peak = 1202.457 ; gain = 95.617
open_bd_design {D:/pr0503_microblaze_axi_spi_i2c/microblaze_i2c/microblaze_i2c.srcs/sources_1/bd/axi_i2c/axi_i2c.bd}
exit
INFO: [Common 17-206] Exiting Vivado at Tue May  5 17:46:30 2026...
