Copyright 1986-2020 Xilinx, Inc. All Rights Reserved.
-----------------------------------------------------------------------------------------------------------------------------------------------------------------------------------------------------------
| Tool Version : Vivado v.2020.2 (win64) Build 3064766 Wed Nov 18 09:12:45 MST 2020
| Date         : Sat Apr 18 15:27:40 2026
| Host         : DESKTOP-7CFQ9ND running 64-bit major release  (build 9200)
| Command      : report_timing_summary -max_paths 10 -file i2c_demo_top_timing_summary_routed.rpt -pb i2c_demo_top_timing_summary_routed.pb -rpx i2c_demo_top_timing_summary_routed.rpx -warn_on_violation
| Design       : i2c_demo_top
| Device       : 7a35t-cpg236
| Speed File   : -1  PRODUCTION 1.23 2018-06-13
-----------------------------------------------------------------------------------------------------------------------------------------------------------------------------------------------------------

Timing Summary Report

------------------------------------------------------------------------------------------------
| Timer Settings
| --------------
------------------------------------------------------------------------------------------------

  Enable Multi Corner Analysis               :  Yes
  Enable Pessimism Removal                   :  Yes
  Pessimism Removal Resolution               :  Nearest Common Node
  Enable Input Delay Default Clock           :  No
  Enable Preset / Clear Arcs                 :  No
  Disable Flight Delays                      :  No
  Ignore I/O Paths                           :  No
  Timing Early Launch at Borrowing Latches   :  No
  Borrow Time for Max Delay Exceptions       :  Yes
  Merge Timing Exceptions                    :  Yes

  Corner  Analyze    Analyze    
  Name    Max Paths  Min Paths  
  ------  ---------  ---------  
  Slow    Yes        Yes        
  Fast    Yes        Yes        



check_timing report

Table of Contents
-----------------
1. checking no_clock (0)
2. checking constant_clock (0)
3. checking pulse_width_clock (0)
4. checking unconstrained_internal_endpoints (0)
5. checking no_input_delay (12)
6. checking no_output_delay (10)
7. checking multiple_clock (0)
8. checking generated_clocks (0)
9. checking loops (0)
10. checking partial_input_delay (0)
11. checking partial_output_delay (0)
12. checking latch_loops (0)

1. checking no_clock (0)
------------------------
 There are 0 register/latch pins with no clock.


2. checking constant_clock (0)
------------------------------
 There are 0 register/latch pins with constant_clock.


3. checking pulse_width_clock (0)
---------------------------------
 There are 0 register/latch pins which need pulse_width check


4. checking unconstrained_internal_endpoints (0)
------------------------------------------------
 There are 0 pins that are not constrained for maximum delay.

 There are 0 pins that are not constrained for maximum delay due to constant clock.


5. checking no_input_delay (12)
-------------------------------
 There are 12 input ports with no input delay specified. (HIGH)

 There are 0 input ports with no input delay but user has a false path constraint.


6. checking no_output_delay (10)
--------------------------------
 There are 10 ports with no output delay specified. (HIGH)

 There are 0 ports with no output delay but user has a false path constraint

 There are 0 ports with no output delay but with a timing clock defined on it or propagating through it


7. checking multiple_clock (0)
------------------------------
 There are 0 register/latch pins with multiple clocks.


8. checking generated_clocks (0)
--------------------------------
 There are 0 generated clocks that are not connected to a clock source.


9. checking loops (0)
---------------------
 There are 0 combinational loops in the design.


10. checking partial_input_delay (0)
------------------------------------
 There are 0 input ports with partial input delay specified.


11. checking partial_output_delay (0)
-------------------------------------
 There are 0 ports with partial output delay specified.


12. checking latch_loops (0)
----------------------------
 There are 0 combinational latch loops in the design through latch input



------------------------------------------------------------------------------------------------
| Design Timing Summary
| ---------------------
------------------------------------------------------------------------------------------------

    WNS(ns)      TNS(ns)  TNS Failing Endpoints  TNS Total Endpoints      WHS(ns)      THS(ns)  THS Failing Endpoints  THS Total Endpoints     WPWS(ns)     TPWS(ns)  TPWS Failing Endpoints  TPWS Total Endpoints  
    -------      -------  ---------------------  -------------------      -------      -------  ---------------------  -------------------     --------     --------  ----------------------  --------------------  
      6.093        0.000                      0                  134        0.166        0.000                      0                  134        4.500        0.000                       0                    95  


All user specified timing constraints are met.


------------------------------------------------------------------------------------------------
| Clock Summary
| -------------
------------------------------------------------------------------------------------------------

Clock        Waveform(ns)       Period(ns)      Frequency(MHz)
-----        ------------       ----------      --------------
sys_clk_pin  {0.000 5.000}      10.000          100.000         


------------------------------------------------------------------------------------------------
| Intra Clock Table
| -----------------
------------------------------------------------------------------------------------------------

Clock             WNS(ns)      TNS(ns)  TNS Failing Endpoints  TNS Total Endpoints      WHS(ns)      THS(ns)  THS Failing Endpoints  THS Total Endpoints     WPWS(ns)     TPWS(ns)  TPWS Failing Endpoints  TPWS Total Endpoints  
-----             -------      -------  ---------------------  -------------------      -------      -------  ---------------------  -------------------     --------     --------  ----------------------  --------------------  
sys_clk_pin         6.093        0.000                      0                  134        0.166        0.000                      0                  134        4.500        0.000                       0                    95  


------------------------------------------------------------------------------------------------
| Inter Clock Table
| -----------------
------------------------------------------------------------------------------------------------

From Clock    To Clock          WNS(ns)      TNS(ns)  TNS Failing Endpoints  TNS Total Endpoints      WHS(ns)      THS(ns)  THS Failing Endpoints  THS Total Endpoints  
----------    --------          -------      -------  ---------------------  -------------------      -------      -------  ---------------------  -------------------  


------------------------------------------------------------------------------------------------
| Other Path Groups Table
| -----------------------
------------------------------------------------------------------------------------------------

Path Group    From Clock    To Clock          WNS(ns)      TNS(ns)  TNS Failing Endpoints  TNS Total Endpoints      WHS(ns)      THS(ns)  THS Failing Endpoints  THS Total Endpoints  
----------    ----------    --------          -------      -------  ---------------------  -------------------      -------      -------  ---------------------  -------------------  


------------------------------------------------------------------------------------------------
| Timing Details
| --------------
------------------------------------------------------------------------------------------------


---------------------------------------------------------------------------------------------------
From Clock:  sys_clk_pin
  To Clock:  sys_clk_pin

Setup :            0  Failing Endpoints,  Worst Slack        6.093ns,  Total Violation        0.000ns
Hold  :            0  Failing Endpoints,  Worst Slack        0.166ns,  Total Violation        0.000ns
PW    :            0  Failing Endpoints,  Worst Slack        4.500ns,  Total Violation        0.000ns
---------------------------------------------------------------------------------------------------


Max Delay Paths
--------------------------------------------------------------------------------------
Slack (MET) :             6.093ns  (required time - arrival time)
  Source:                 U_BTN/cnt_reg[9]/C
                            (rising edge-triggered cell FDCE clocked by sys_clk_pin  {rise@0.000ns fall@5.000ns period=10.000ns})
  Destination:            U_BTN/cnt_reg[18]/D
                            (rising edge-triggered cell FDCE clocked by sys_clk_pin  {rise@0.000ns fall@5.000ns period=10.000ns})
  Path Group:             sys_clk_pin
  Path Type:              Setup (Max at Slow Process Corner)
  Requirement:            10.000ns  (sys_clk_pin rise@10.000ns - sys_clk_pin rise@0.000ns)
  Data Path Delay:        3.927ns  (logic 1.027ns (26.151%)  route 2.900ns (73.849%))
  Logic Levels:           3  (LUT4=2 LUT5=1)
  Clock Path Skew:        -0.023ns (DCD - SCD + CPR)
    Destination Clock Delay (DCD):    5.020ns = ( 15.020 - 10.000 ) 
    Source Clock Delay      (SCD):    5.324ns
    Clock Pessimism Removal (CPR):    0.281ns
  Clock Uncertainty:      0.035ns  ((TSJ^2 + TIJ^2)^1/2 + DJ) / 2 + PE
    Total System Jitter     (TSJ):    0.071ns
    Total Input Jitter      (TIJ):    0.000ns
    Discrete Jitter          (DJ):    0.000ns
    Phase Error              (PE):    0.000ns

    Location             Delay type                Incr(ns)  Path(ns)    Netlist Resource(s)
  -------------------------------------------------------------------    -------------------
                         (clock sys_clk_pin rise edge)
                                                      0.000     0.000 r  
    W5                                                0.000     0.000 r  clk (IN)
                         net (fo=0)                   0.000     0.000    clk
    W5                   IBUF (Prop_ibuf_I_O)         1.458     1.458 r  clk_IBUF_inst/O
                         net (fo=1, routed)           1.967     3.425    clk_IBUF
    BUFGCTRL_X0Y0        BUFG (Prop_bufg_I_O)         0.096     3.521 r  clk_IBUF_BUFG_inst/O
                         net (fo=94, routed)          1.803     5.324    U_BTN/CLK
    SLICE_X6Y136         FDCE                                         r  U_BTN/cnt_reg[9]/C
  -------------------------------------------------------------------    -------------------
    SLICE_X6Y136         FDCE (Prop_fdce_C_Q)         0.478     5.802 f  U_BTN/cnt_reg[9]/Q
                         net (fo=2, routed)           1.106     6.909    U_BTN/cnt[9]
    SLICE_X6Y136         LUT4 (Prop_lut4_I1_O)        0.301     7.210 r  U_BTN/cnt[19]_i_5/O
                         net (fo=1, routed)           0.640     7.850    U_BTN/cnt[19]_i_5_n_0
    SLICE_X5Y136         LUT5 (Prop_lut5_I2_O)        0.124     7.974 r  U_BTN/cnt[19]_i_2/O
                         net (fo=20, routed)          1.154     9.127    U_BTN/cnt[19]_i_2_n_0
    SLICE_X6Y138         LUT4 (Prop_lut4_I0_O)        0.124     9.251 r  U_BTN/cnt[18]_i_1/O
                         net (fo=1, routed)           0.000     9.251    U_BTN/cnt[18]_i_1_n_0
    SLICE_X6Y138         FDCE                                         r  U_BTN/cnt_reg[18]/D
  -------------------------------------------------------------------    -------------------

                         (clock sys_clk_pin rise edge)
                                                     10.000    10.000 r  
    W5                                                0.000    10.000 r  clk (IN)
                         net (fo=0)                   0.000    10.000    clk
    W5                   IBUF (Prop_ibuf_I_O)         1.388    11.388 r  clk_IBUF_inst/O
                         net (fo=1, routed)           1.862    13.250    clk_IBUF
    BUFGCTRL_X0Y0        BUFG (Prop_bufg_I_O)         0.091    13.341 r  clk_IBUF_BUFG_inst/O
                         net (fo=94, routed)          1.679    15.020    U_BTN/CLK
    SLICE_X6Y138         FDCE                                         r  U_BTN/cnt_reg[18]/C
                         clock pessimism              0.281    15.301    
                         clock uncertainty           -0.035    15.266    
    SLICE_X6Y138         FDCE (Setup_fdce_C_D)        0.079    15.345    U_BTN/cnt_reg[18]
  -------------------------------------------------------------------
                         required time                         15.345    
                         arrival time                          -9.251    
  -------------------------------------------------------------------
                         slack                                  6.093    

Slack (MET) :             6.103ns  (required time - arrival time)
  Source:                 U_BTN/cnt_reg[9]/C
                            (rising edge-triggered cell FDCE clocked by sys_clk_pin  {rise@0.000ns fall@5.000ns period=10.000ns})
  Destination:            U_BTN/cnt_reg[19]/D
                            (rising edge-triggered cell FDCE clocked by sys_clk_pin  {rise@0.000ns fall@5.000ns period=10.000ns})
  Path Group:             sys_clk_pin
  Path Type:              Setup (Max at Slow Process Corner)
  Requirement:            10.000ns  (sys_clk_pin rise@10.000ns - sys_clk_pin rise@0.000ns)
  Data Path Delay:        3.956ns  (logic 1.056ns (26.693%)  route 2.900ns (73.307%))
  Logic Levels:           3  (LUT4=2 LUT5=1)
  Clock Path Skew:        -0.023ns (DCD - SCD + CPR)
    Destination Clock Delay (DCD):    5.020ns = ( 15.020 - 10.000 ) 
    Source Clock Delay      (SCD):    5.324ns
    Clock Pessimism Removal (CPR):    0.281ns
  Clock Uncertainty:      0.035ns  ((TSJ^2 + TIJ^2)^1/2 + DJ) / 2 + PE
    Total System Jitter     (TSJ):    0.071ns
    Total Input Jitter      (TIJ):    0.000ns
    Discrete Jitter          (DJ):    0.000ns
    Phase Error              (PE):    0.000ns

    Location             Delay type                Incr(ns)  Path(ns)    Netlist Resource(s)
  -------------------------------------------------------------------    -------------------
                         (clock sys_clk_pin rise edge)
                                                      0.000     0.000 r  
    W5                                                0.000     0.000 r  clk (IN)
                         net (fo=0)                   0.000     0.000    clk
    W5                   IBUF (Prop_ibuf_I_O)         1.458     1.458 r  clk_IBUF_inst/O
                         net (fo=1, routed)           1.967     3.425    clk_IBUF
    BUFGCTRL_X0Y0        BUFG (Prop_bufg_I_O)         0.096     3.521 r  clk_IBUF_BUFG_inst/O
                         net (fo=94, routed)          1.803     5.324    U_BTN/CLK
    SLICE_X6Y136         FDCE                                         r  U_BTN/cnt_reg[9]/C
  -------------------------------------------------------------------    -------------------
    SLICE_X6Y136         FDCE (Prop_fdce_C_Q)         0.478     5.802 f  U_BTN/cnt_reg[9]/Q
                         net (fo=2, routed)           1.106     6.909    U_BTN/cnt[9]
    SLICE_X6Y136         LUT4 (Prop_lut4_I1_O)        0.301     7.210 r  U_BTN/cnt[19]_i_5/O
                         net (fo=1, routed)           0.640     7.850    U_BTN/cnt[19]_i_5_n_0
    SLICE_X5Y136         LUT5 (Prop_lut5_I2_O)        0.124     7.974 r  U_BTN/cnt[19]_i_2/O
                         net (fo=20, routed)          1.154     9.127    U_BTN/cnt[19]_i_2_n_0
    SLICE_X6Y138         LUT4 (Prop_lut4_I0_O)        0.153     9.280 r  U_BTN/cnt[19]_i_1/O
                         net (fo=1, routed)           0.000     9.280    U_BTN/cnt[19]_i_1_n_0
    SLICE_X6Y138         FDCE                                         r  U_BTN/cnt_reg[19]/D
  -------------------------------------------------------------------    -------------------

                         (clock sys_clk_pin rise edge)
                                                     10.000    10.000 r  
    W5                                                0.000    10.000 r  clk (IN)
                         net (fo=0)                   0.000    10.000    clk
    W5                   IBUF (Prop_ibuf_I_O)         1.388    11.388 r  clk_IBUF_inst/O
                         net (fo=1, routed)           1.862    13.250    clk_IBUF
    BUFGCTRL_X0Y0        BUFG (Prop_bufg_I_O)         0.091    13.341 r  clk_IBUF_BUFG_inst/O
                         net (fo=94, routed)          1.679    15.020    U_BTN/CLK
    SLICE_X6Y138         FDCE                                         r  U_BTN/cnt_reg[19]/C
                         clock pessimism              0.281    15.301    
                         clock uncertainty           -0.035    15.266    
    SLICE_X6Y138         FDCE (Setup_fdce_C_D)        0.118    15.384    U_BTN/cnt_reg[19]
  -------------------------------------------------------------------
                         required time                         15.384    
                         arrival time                          -9.280    
  -------------------------------------------------------------------
                         slack                                  6.103    

Slack (MET) :             6.294ns  (required time - arrival time)
  Source:                 U_BTN/cnt_reg[1]/C
                            (rising edge-triggered cell FDCE clocked by sys_clk_pin  {rise@0.000ns fall@5.000ns period=10.000ns})
  Destination:            U_BTN/cnt_reg[14]/D
                            (rising edge-triggered cell FDCE clocked by sys_clk_pin  {rise@0.000ns fall@5.000ns period=10.000ns})
  Path Group:             sys_clk_pin
  Path Type:              Setup (Max at Slow Process Corner)
  Requirement:            10.000ns  (sys_clk_pin rise@10.000ns - sys_clk_pin rise@0.000ns)
  Data Path Delay:        3.725ns  (logic 2.170ns (58.258%)  route 1.555ns (41.742%))
  Logic Levels:           5  (CARRY4=4 LUT4=1)
  Clock Path Skew:        -0.023ns (DCD - SCD + CPR)
    Destination Clock Delay (DCD):    5.020ns = ( 15.020 - 10.000 ) 
    Source Clock Delay      (SCD):    5.324ns
    Clock Pessimism Removal (CPR):    0.281ns
  Clock Uncertainty:      0.035ns  ((TSJ^2 + TIJ^2)^1/2 + DJ) / 2 + PE
    Total System Jitter     (TSJ):    0.071ns
    Total Input Jitter      (TIJ):    0.000ns
    Discrete Jitter          (DJ):    0.000ns
    Phase Error              (PE):    0.000ns

    Location             Delay type                Incr(ns)  Path(ns)    Netlist Resource(s)
  -------------------------------------------------------------------    -------------------
                         (clock sys_clk_pin rise edge)
                                                      0.000     0.000 r  
    W5                                                0.000     0.000 r  clk (IN)
                         net (fo=0)                   0.000     0.000    clk
    W5                   IBUF (Prop_ibuf_I_O)         1.458     1.458 r  clk_IBUF_inst/O
                         net (fo=1, routed)           1.967     3.425    clk_IBUF
    BUFGCTRL_X0Y0        BUFG (Prop_bufg_I_O)         0.096     3.521 r  clk_IBUF_BUFG_inst/O
                         net (fo=94, routed)          1.803     5.324    U_BTN/CLK
    SLICE_X6Y135         FDCE                                         r  U_BTN/cnt_reg[1]/C
  -------------------------------------------------------------------    -------------------
    SLICE_X6Y135         FDCE (Prop_fdce_C_Q)         0.478     5.802 r  U_BTN/cnt_reg[1]/Q
                         net (fo=2, routed)           0.701     6.503    U_BTN/cnt[1]
    SLICE_X7Y135         CARRY4 (Prop_carry4_S[0]_CO[3])
                                                      0.827     7.330 r  U_BTN/cnt0_carry/CO[3]
                         net (fo=1, routed)           0.000     7.330    U_BTN/cnt0_carry_n_0
    SLICE_X7Y136         CARRY4 (Prop_carry4_CI_CO[3])
                                                      0.114     7.444 r  U_BTN/cnt0_carry__0/CO[3]
                         net (fo=1, routed)           0.000     7.444    U_BTN/cnt0_carry__0_n_0
    SLICE_X7Y137         CARRY4 (Prop_carry4_CI_CO[3])
                                                      0.114     7.558 r  U_BTN/cnt0_carry__1/CO[3]
                         net (fo=1, routed)           0.000     7.558    U_BTN/cnt0_carry__1_n_0
    SLICE_X7Y138         CARRY4 (Prop_carry4_CI_O[1])
                                                      0.334     7.892 r  U_BTN/cnt0_carry__2/O[1]
                         net (fo=1, routed)           0.854     8.746    U_BTN/data0[14]
    SLICE_X6Y138         LUT4 (Prop_lut4_I3_O)        0.303     9.049 r  U_BTN/cnt[14]_i_1/O
                         net (fo=1, routed)           0.000     9.049    U_BTN/cnt[14]_i_1_n_0
    SLICE_X6Y138         FDCE                                         r  U_BTN/cnt_reg[14]/D
  -------------------------------------------------------------------    -------------------

                         (clock sys_clk_pin rise edge)
                                                     10.000    10.000 r  
    W5                                                0.000    10.000 r  clk (IN)
                         net (fo=0)                   0.000    10.000    clk
    W5                   IBUF (Prop_ibuf_I_O)         1.388    11.388 r  clk_IBUF_inst/O
                         net (fo=1, routed)           1.862    13.250    clk_IBUF
    BUFGCTRL_X0Y0        BUFG (Prop_bufg_I_O)         0.091    13.341 r  clk_IBUF_BUFG_inst/O
                         net (fo=94, routed)          1.679    15.020    U_BTN/CLK
    SLICE_X6Y138         FDCE                                         r  U_BTN/cnt_reg[14]/C
                         clock pessimism              0.281    15.301    
                         clock uncertainty           -0.035    15.266    
    SLICE_X6Y138         FDCE (Setup_fdce_C_D)        0.077    15.343    U_BTN/cnt_reg[14]
  -------------------------------------------------------------------
                         required time                         15.343    
                         arrival time                          -9.049    
  -------------------------------------------------------------------
                         slack                                  6.294    

Slack (MET) :             6.305ns  (required time - arrival time)
  Source:                 U_BTN/cnt_reg[9]/C
                            (rising edge-triggered cell FDCE clocked by sys_clk_pin  {rise@0.000ns fall@5.000ns period=10.000ns})
  Destination:            U_BTN/cnt_reg[15]/D
                            (rising edge-triggered cell FDCE clocked by sys_clk_pin  {rise@0.000ns fall@5.000ns period=10.000ns})
  Path Group:             sys_clk_pin
  Path Type:              Setup (Max at Slow Process Corner)
  Requirement:            10.000ns  (sys_clk_pin rise@10.000ns - sys_clk_pin rise@0.000ns)
  Data Path Delay:        3.717ns  (logic 1.027ns (27.628%)  route 2.690ns (72.372%))
  Logic Levels:           3  (LUT4=2 LUT5=1)
  Clock Path Skew:        -0.023ns (DCD - SCD + CPR)
    Destination Clock Delay (DCD):    5.020ns = ( 15.020 - 10.000 ) 
    Source Clock Delay      (SCD):    5.324ns
    Clock Pessimism Removal (CPR):    0.281ns
  Clock Uncertainty:      0.035ns  ((TSJ^2 + TIJ^2)^1/2 + DJ) / 2 + PE
    Total System Jitter     (TSJ):    0.071ns
    Total Input Jitter      (TIJ):    0.000ns
    Discrete Jitter          (DJ):    0.000ns
    Phase Error              (PE):    0.000ns

    Location             Delay type                Incr(ns)  Path(ns)    Netlist Resource(s)
  -------------------------------------------------------------------    -------------------
                         (clock sys_clk_pin rise edge)
                                                      0.000     0.000 r  
    W5                                                0.000     0.000 r  clk (IN)
                         net (fo=0)                   0.000     0.000    clk
    W5                   IBUF (Prop_ibuf_I_O)         1.458     1.458 r  clk_IBUF_inst/O
                         net (fo=1, routed)           1.967     3.425    clk_IBUF
    BUFGCTRL_X0Y0        BUFG (Prop_bufg_I_O)         0.096     3.521 r  clk_IBUF_BUFG_inst/O
                         net (fo=94, routed)          1.803     5.324    U_BTN/CLK
    SLICE_X6Y136         FDCE                                         r  U_BTN/cnt_reg[9]/C
  -------------------------------------------------------------------    -------------------
    SLICE_X6Y136         FDCE (Prop_fdce_C_Q)         0.478     5.802 f  U_BTN/cnt_reg[9]/Q
                         net (fo=2, routed)           1.106     6.909    U_BTN/cnt[9]
    SLICE_X6Y136         LUT4 (Prop_lut4_I1_O)        0.301     7.210 r  U_BTN/cnt[19]_i_5/O
                         net (fo=1, routed)           0.640     7.850    U_BTN/cnt[19]_i_5_n_0
    SLICE_X5Y136         LUT5 (Prop_lut5_I2_O)        0.124     7.974 r  U_BTN/cnt[19]_i_2/O
                         net (fo=20, routed)          0.944     8.917    U_BTN/cnt[19]_i_2_n_0
    SLICE_X6Y138         LUT4 (Prop_lut4_I0_O)        0.124     9.041 r  U_BTN/cnt[15]_i_1/O
                         net (fo=1, routed)           0.000     9.041    U_BTN/cnt[15]_i_1_n_0
    SLICE_X6Y138         FDCE                                         r  U_BTN/cnt_reg[15]/D
  -------------------------------------------------------------------    -------------------

                         (clock sys_clk_pin rise edge)
                                                     10.000    10.000 r  
    W5                                                0.000    10.000 r  clk (IN)
                         net (fo=0)                   0.000    10.000    clk
    W5                   IBUF (Prop_ibuf_I_O)         1.388    11.388 r  clk_IBUF_inst/O
                         net (fo=1, routed)           1.862    13.250    clk_IBUF
    BUFGCTRL_X0Y0        BUFG (Prop_bufg_I_O)         0.091    13.341 r  clk_IBUF_BUFG_inst/O
                         net (fo=94, routed)          1.679    15.020    U_BTN/CLK
    SLICE_X6Y138         FDCE                                         r  U_BTN/cnt_reg[15]/C
                         clock pessimism              0.281    15.301    
                         clock uncertainty           -0.035    15.266    
    SLICE_X6Y138         FDCE (Setup_fdce_C_D)        0.081    15.347    U_BTN/cnt_reg[15]
  -------------------------------------------------------------------
                         required time                         15.347    
                         arrival time                          -9.041    
  -------------------------------------------------------------------
                         slack                                  6.305    

Slack (MET) :             6.313ns  (required time - arrival time)
  Source:                 U_BTN/cnt_reg[9]/C
                            (rising edge-triggered cell FDCE clocked by sys_clk_pin  {rise@0.000ns fall@5.000ns period=10.000ns})
  Destination:            U_BTN/cnt_reg[17]/D
                            (rising edge-triggered cell FDCE clocked by sys_clk_pin  {rise@0.000ns fall@5.000ns period=10.000ns})
  Path Group:             sys_clk_pin
  Path Type:              Setup (Max at Slow Process Corner)
  Requirement:            10.000ns  (sys_clk_pin rise@10.000ns - sys_clk_pin rise@0.000ns)
  Data Path Delay:        3.746ns  (logic 1.053ns (28.109%)  route 2.693ns (71.891%))
  Logic Levels:           3  (LUT4=2 LUT5=1)
  Clock Path Skew:        -0.023ns (DCD - SCD + CPR)
    Destination Clock Delay (DCD):    5.020ns = ( 15.020 - 10.000 ) 
    Source Clock Delay      (SCD):    5.324ns
    Clock Pessimism Removal (CPR):    0.281ns
  Clock Uncertainty:      0.035ns  ((TSJ^2 + TIJ^2)^1/2 + DJ) / 2 + PE
    Total System Jitter     (TSJ):    0.071ns
    Total Input Jitter      (TIJ):    0.000ns
    Discrete Jitter          (DJ):    0.000ns
    Phase Error              (PE):    0.000ns

    Location             Delay type                Incr(ns)  Path(ns)    Netlist Resource(s)
  -------------------------------------------------------------------    -------------------
                         (clock sys_clk_pin rise edge)
                                                      0.000     0.000 r  
    W5                                                0.000     0.000 r  clk (IN)
                         net (fo=0)                   0.000     0.000    clk
    W5                   IBUF (Prop_ibuf_I_O)         1.458     1.458 r  clk_IBUF_inst/O
                         net (fo=1, routed)           1.967     3.425    clk_IBUF
    BUFGCTRL_X0Y0        BUFG (Prop_bufg_I_O)         0.096     3.521 r  clk_IBUF_BUFG_inst/O
                         net (fo=94, routed)          1.803     5.324    U_BTN/CLK
    SLICE_X6Y136         FDCE                                         r  U_BTN/cnt_reg[9]/C
  -------------------------------------------------------------------    -------------------
    SLICE_X6Y136         FDCE (Prop_fdce_C_Q)         0.478     5.802 f  U_BTN/cnt_reg[9]/Q
                         net (fo=2, routed)           1.106     6.909    U_BTN/cnt[9]
    SLICE_X6Y136         LUT4 (Prop_lut4_I1_O)        0.301     7.210 r  U_BTN/cnt[19]_i_5/O
                         net (fo=1, routed)           0.640     7.850    U_BTN/cnt[19]_i_5_n_0
    SLICE_X5Y136         LUT5 (Prop_lut5_I2_O)        0.124     7.974 r  U_BTN/cnt[19]_i_2/O
                         net (fo=20, routed)          0.947     8.920    U_BTN/cnt[19]_i_2_n_0
    SLICE_X6Y138         LUT4 (Prop_lut4_I0_O)        0.150     9.070 r  U_BTN/cnt[17]_i_1/O
                         net (fo=1, routed)           0.000     9.070    U_BTN/cnt[17]_i_1_n_0
    SLICE_X6Y138         FDCE                                         r  U_BTN/cnt_reg[17]/D
  -------------------------------------------------------------------    -------------------

                         (clock sys_clk_pin rise edge)
                                                     10.000    10.000 r  
    W5                                                0.000    10.000 r  clk (IN)
                         net (fo=0)                   0.000    10.000    clk
    W5                   IBUF (Prop_ibuf_I_O)         1.388    11.388 r  clk_IBUF_inst/O
                         net (fo=1, routed)           1.862    13.250    clk_IBUF
    BUFGCTRL_X0Y0        BUFG (Prop_bufg_I_O)         0.091    13.341 r  clk_IBUF_BUFG_inst/O
                         net (fo=94, routed)          1.679    15.020    U_BTN/CLK
    SLICE_X6Y138         FDCE                                         r  U_BTN/cnt_reg[17]/C
                         clock pessimism              0.281    15.301    
                         clock uncertainty           -0.035    15.266    
    SLICE_X6Y138         FDCE (Setup_fdce_C_D)        0.118    15.384    U_BTN/cnt_reg[17]
  -------------------------------------------------------------------
                         required time                         15.384    
                         arrival time                          -9.070    
  -------------------------------------------------------------------
                         slack                                  6.313    

Slack (MET) :             6.316ns  (required time - arrival time)
  Source:                 U_BTN/cnt_reg[9]/C
                            (rising edge-triggered cell FDCE clocked by sys_clk_pin  {rise@0.000ns fall@5.000ns period=10.000ns})
  Destination:            U_BTN/cnt_reg[16]/D
                            (rising edge-triggered cell FDCE clocked by sys_clk_pin  {rise@0.000ns fall@5.000ns period=10.000ns})
  Path Group:             sys_clk_pin
  Path Type:              Setup (Max at Slow Process Corner)
  Requirement:            10.000ns  (sys_clk_pin rise@10.000ns - sys_clk_pin rise@0.000ns)
  Data Path Delay:        3.743ns  (logic 1.053ns (28.131%)  route 2.690ns (71.869%))
  Logic Levels:           3  (LUT4=2 LUT5=1)
  Clock Path Skew:        -0.023ns (DCD - SCD + CPR)
    Destination Clock Delay (DCD):    5.020ns = ( 15.020 - 10.000 ) 
    Source Clock Delay      (SCD):    5.324ns
    Clock Pessimism Removal (CPR):    0.281ns
  Clock Uncertainty:      0.035ns  ((TSJ^2 + TIJ^2)^1/2 + DJ) / 2 + PE
    Total System Jitter     (TSJ):    0.071ns
    Total Input Jitter      (TIJ):    0.000ns
    Discrete Jitter          (DJ):    0.000ns
    Phase Error              (PE):    0.000ns

    Location             Delay type                Incr(ns)  Path(ns)    Netlist Resource(s)
  -------------------------------------------------------------------    -------------------
                         (clock sys_clk_pin rise edge)
                                                      0.000     0.000 r  
    W5                                                0.000     0.000 r  clk (IN)
                         net (fo=0)                   0.000     0.000    clk
    W5                   IBUF (Prop_ibuf_I_O)         1.458     1.458 r  clk_IBUF_inst/O
                         net (fo=1, routed)           1.967     3.425    clk_IBUF
    BUFGCTRL_X0Y0        BUFG (Prop_bufg_I_O)         0.096     3.521 r  clk_IBUF_BUFG_inst/O
                         net (fo=94, routed)          1.803     5.324    U_BTN/CLK
    SLICE_X6Y136         FDCE                                         r  U_BTN/cnt_reg[9]/C
  -------------------------------------------------------------------    -------------------
    SLICE_X6Y136         FDCE (Prop_fdce_C_Q)         0.478     5.802 f  U_BTN/cnt_reg[9]/Q
                         net (fo=2, routed)           1.106     6.909    U_BTN/cnt[9]
    SLICE_X6Y136         LUT4 (Prop_lut4_I1_O)        0.301     7.210 r  U_BTN/cnt[19]_i_5/O
                         net (fo=1, routed)           0.640     7.850    U_BTN/cnt[19]_i_5_n_0
    SLICE_X5Y136         LUT5 (Prop_lut5_I2_O)        0.124     7.974 r  U_BTN/cnt[19]_i_2/O
                         net (fo=20, routed)          0.944     8.917    U_BTN/cnt[19]_i_2_n_0
    SLICE_X6Y138         LUT4 (Prop_lut4_I0_O)        0.150     9.067 r  U_BTN/cnt[16]_i_1/O
                         net (fo=1, routed)           0.000     9.067    U_BTN/cnt[16]_i_1_n_0
    SLICE_X6Y138         FDCE                                         r  U_BTN/cnt_reg[16]/D
  -------------------------------------------------------------------    -------------------

                         (clock sys_clk_pin rise edge)
                                                     10.000    10.000 r  
    W5                                                0.000    10.000 r  clk (IN)
                         net (fo=0)                   0.000    10.000    clk
    W5                   IBUF (Prop_ibuf_I_O)         1.388    11.388 r  clk_IBUF_inst/O
                         net (fo=1, routed)           1.862    13.250    clk_IBUF
    BUFGCTRL_X0Y0        BUFG (Prop_bufg_I_O)         0.091    13.341 r  clk_IBUF_BUFG_inst/O
                         net (fo=94, routed)          1.679    15.020    U_BTN/CLK
    SLICE_X6Y138         FDCE                                         r  U_BTN/cnt_reg[16]/C
                         clock pessimism              0.281    15.301    
                         clock uncertainty           -0.035    15.266    
    SLICE_X6Y138         FDCE (Setup_fdce_C_D)        0.118    15.384    U_BTN/cnt_reg[16]
  -------------------------------------------------------------------
                         required time                         15.384    
                         arrival time                          -9.067    
  -------------------------------------------------------------------
                         slack                                  6.316    

Slack (MET) :             6.351ns  (required time - arrival time)
  Source:                 U_BTN/cnt_reg[1]/C
                            (rising edge-triggered cell FDCE clocked by sys_clk_pin  {rise@0.000ns fall@5.000ns period=10.000ns})
  Destination:            U_BTN/cnt_reg[13]/D
                            (rising edge-triggered cell FDCE clocked by sys_clk_pin  {rise@0.000ns fall@5.000ns period=10.000ns})
  Path Group:             sys_clk_pin
  Path Type:              Setup (Max at Slow Process Corner)
  Requirement:            10.000ns  (sys_clk_pin rise@10.000ns - sys_clk_pin rise@0.000ns)
  Data Path Delay:        3.708ns  (logic 2.080ns (56.100%)  route 1.628ns (43.900%))
  Logic Levels:           5  (CARRY4=4 LUT4=1)
  Clock Path Skew:        -0.024ns (DCD - SCD + CPR)
    Destination Clock Delay (DCD):    5.019ns = ( 15.019 - 10.000 ) 
    Source Clock Delay      (SCD):    5.324ns
    Clock Pessimism Removal (CPR):    0.281ns
  Clock Uncertainty:      0.035ns  ((TSJ^2 + TIJ^2)^1/2 + DJ) / 2 + PE
    Total System Jitter     (TSJ):    0.071ns
    Total Input Jitter      (TIJ):    0.000ns
    Discrete Jitter          (DJ):    0.000ns
    Phase Error              (PE):    0.000ns

    Location             Delay type                Incr(ns)  Path(ns)    Netlist Resource(s)
  -------------------------------------------------------------------    -------------------
                         (clock sys_clk_pin rise edge)
                                                      0.000     0.000 r  
    W5                                                0.000     0.000 r  clk (IN)
                         net (fo=0)                   0.000     0.000    clk
    W5                   IBUF (Prop_ibuf_I_O)         1.458     1.458 r  clk_IBUF_inst/O
                         net (fo=1, routed)           1.967     3.425    clk_IBUF
    BUFGCTRL_X0Y0        BUFG (Prop_bufg_I_O)         0.096     3.521 r  clk_IBUF_BUFG_inst/O
                         net (fo=94, routed)          1.803     5.324    U_BTN/CLK
    SLICE_X6Y135         FDCE                                         r  U_BTN/cnt_reg[1]/C
  -------------------------------------------------------------------    -------------------
    SLICE_X6Y135         FDCE (Prop_fdce_C_Q)         0.478     5.802 r  U_BTN/cnt_reg[1]/Q
                         net (fo=2, routed)           0.701     6.503    U_BTN/cnt[1]
    SLICE_X7Y135         CARRY4 (Prop_carry4_S[0]_CO[3])
                                                      0.827     7.330 r  U_BTN/cnt0_carry/CO[3]
                         net (fo=1, routed)           0.000     7.330    U_BTN/cnt0_carry_n_0
    SLICE_X7Y136         CARRY4 (Prop_carry4_CI_CO[3])
                                                      0.114     7.444 r  U_BTN/cnt0_carry__0/CO[3]
                         net (fo=1, routed)           0.000     7.444    U_BTN/cnt0_carry__0_n_0
    SLICE_X7Y137         CARRY4 (Prop_carry4_CI_CO[3])
                                                      0.114     7.558 r  U_BTN/cnt0_carry__1/CO[3]
                         net (fo=1, routed)           0.000     7.558    U_BTN/cnt0_carry__1_n_0
    SLICE_X7Y138         CARRY4 (Prop_carry4_CI_O[0])
                                                      0.222     7.780 r  U_BTN/cnt0_carry__2/O[0]
                         net (fo=1, routed)           0.927     8.707    U_BTN/data0[13]
    SLICE_X6Y137         LUT4 (Prop_lut4_I3_O)        0.325     9.032 r  U_BTN/cnt[13]_i_1/O
                         net (fo=1, routed)           0.000     9.032    U_BTN/cnt[13]_i_1_n_0
    SLICE_X6Y137         FDCE                                         r  U_BTN/cnt_reg[13]/D
  -------------------------------------------------------------------    -------------------

                         (clock sys_clk_pin rise edge)
                                                     10.000    10.000 r  
    W5                                                0.000    10.000 r  clk (IN)
                         net (fo=0)                   0.000    10.000    clk
    W5                   IBUF (Prop_ibuf_I_O)         1.388    11.388 r  clk_IBUF_inst/O
                         net (fo=1, routed)           1.862    13.250    clk_IBUF
    BUFGCTRL_X0Y0        BUFG (Prop_bufg_I_O)         0.091    13.341 r  clk_IBUF_BUFG_inst/O
                         net (fo=94, routed)          1.678    15.019    U_BTN/CLK
    SLICE_X6Y137         FDCE                                         r  U_BTN/cnt_reg[13]/C
                         clock pessimism              0.281    15.300    
                         clock uncertainty           -0.035    15.265    
    SLICE_X6Y137         FDCE (Setup_fdce_C_D)        0.118    15.383    U_BTN/cnt_reg[13]
  -------------------------------------------------------------------
                         required time                         15.383    
                         arrival time                          -9.032    
  -------------------------------------------------------------------
                         slack                                  6.351    

Slack (MET) :             6.407ns  (required time - arrival time)
  Source:                 U_BTN/cnt_reg[1]/C
                            (rising edge-triggered cell FDCE clocked by sys_clk_pin  {rise@0.000ns fall@5.000ns period=10.000ns})
  Destination:            U_BTN/cnt_reg[10]/D
                            (rising edge-triggered cell FDCE clocked by sys_clk_pin  {rise@0.000ns fall@5.000ns period=10.000ns})
  Path Group:             sys_clk_pin
  Path Type:              Setup (Max at Slow Process Corner)
  Requirement:            10.000ns  (sys_clk_pin rise@10.000ns - sys_clk_pin rise@0.000ns)
  Data Path Delay:        3.611ns  (logic 2.056ns (56.940%)  route 1.555ns (43.060%))
  Logic Levels:           4  (CARRY4=3 LUT4=1)
  Clock Path Skew:        -0.024ns (DCD - SCD + CPR)
    Destination Clock Delay (DCD):    5.019ns = ( 15.019 - 10.000 ) 
    Source Clock Delay      (SCD):    5.324ns
    Clock Pessimism Removal (CPR):    0.281ns
  Clock Uncertainty:      0.035ns  ((TSJ^2 + TIJ^2)^1/2 + DJ) / 2 + PE
    Total System Jitter     (TSJ):    0.071ns
    Total Input Jitter      (TIJ):    0.000ns
    Discrete Jitter          (DJ):    0.000ns
    Phase Error              (PE):    0.000ns

    Location             Delay type                Incr(ns)  Path(ns)    Netlist Resource(s)
  -------------------------------------------------------------------    -------------------
                         (clock sys_clk_pin rise edge)
                                                      0.000     0.000 r  
    W5                                                0.000     0.000 r  clk (IN)
                         net (fo=0)                   0.000     0.000    clk
    W5                   IBUF (Prop_ibuf_I_O)         1.458     1.458 r  clk_IBUF_inst/O
                         net (fo=1, routed)           1.967     3.425    clk_IBUF
    BUFGCTRL_X0Y0        BUFG (Prop_bufg_I_O)         0.096     3.521 r  clk_IBUF_BUFG_inst/O
                         net (fo=94, routed)          1.803     5.324    U_BTN/CLK
    SLICE_X6Y135         FDCE                                         r  U_BTN/cnt_reg[1]/C
  -------------------------------------------------------------------    -------------------
    SLICE_X6Y135         FDCE (Prop_fdce_C_Q)         0.478     5.802 r  U_BTN/cnt_reg[1]/Q
                         net (fo=2, routed)           0.701     6.503    U_BTN/cnt[1]
    SLICE_X7Y135         CARRY4 (Prop_carry4_S[0]_CO[3])
                                                      0.827     7.330 r  U_BTN/cnt0_carry/CO[3]
                         net (fo=1, routed)           0.000     7.330    U_BTN/cnt0_carry_n_0
    SLICE_X7Y136         CARRY4 (Prop_carry4_CI_CO[3])
                                                      0.114     7.444 r  U_BTN/cnt0_carry__0/CO[3]
                         net (fo=1, routed)           0.000     7.444    U_BTN/cnt0_carry__0_n_0
    SLICE_X7Y137         CARRY4 (Prop_carry4_CI_O[1])
                                                      0.334     7.778 r  U_BTN/cnt0_carry__1/O[1]
                         net (fo=1, routed)           0.854     8.632    U_BTN/data0[10]
    SLICE_X6Y137         LUT4 (Prop_lut4_I3_O)        0.303     8.935 r  U_BTN/cnt[10]_i_1/O
                         net (fo=1, routed)           0.000     8.935    U_BTN/cnt[10]_i_1_n_0
    SLICE_X6Y137         FDCE                                         r  U_BTN/cnt_reg[10]/D
  -------------------------------------------------------------------    -------------------

                         (clock sys_clk_pin rise edge)
                                                     10.000    10.000 r  
    W5                                                0.000    10.000 r  clk (IN)
                         net (fo=0)                   0.000    10.000    clk
    W5                   IBUF (Prop_ibuf_I_O)         1.388    11.388 r  clk_IBUF_inst/O
                         net (fo=1, routed)           1.862    13.250    clk_IBUF
    BUFGCTRL_X0Y0        BUFG (Prop_bufg_I_O)         0.091    13.341 r  clk_IBUF_BUFG_inst/O
                         net (fo=94, routed)          1.678    15.019    U_BTN/CLK
    SLICE_X6Y137         FDCE                                         r  U_BTN/cnt_reg[10]/C
                         clock pessimism              0.281    15.300    
                         clock uncertainty           -0.035    15.265    
    SLICE_X6Y137         FDCE (Setup_fdce_C_D)        0.077    15.342    U_BTN/cnt_reg[10]
  -------------------------------------------------------------------
                         required time                         15.342    
                         arrival time                          -8.935    
  -------------------------------------------------------------------
                         slack                                  6.407    

Slack (MET) :             6.448ns  (required time - arrival time)
  Source:                 U_BTN/cnt_reg[9]/C
                            (rising edge-triggered cell FDCE clocked by sys_clk_pin  {rise@0.000ns fall@5.000ns period=10.000ns})
  Destination:            U_BTN/cnt_reg[7]/D
                            (rising edge-triggered cell FDCE clocked by sys_clk_pin  {rise@0.000ns fall@5.000ns period=10.000ns})
  Path Group:             sys_clk_pin
  Path Type:              Setup (Max at Slow Process Corner)
  Requirement:            10.000ns  (sys_clk_pin rise@10.000ns - sys_clk_pin rise@0.000ns)
  Data Path Delay:        3.596ns  (logic 1.027ns (28.561%)  route 2.569ns (71.439%))
  Logic Levels:           3  (LUT4=2 LUT5=1)
  Clock Path Skew:        0.000ns (DCD - SCD + CPR)
    Destination Clock Delay (DCD):    5.018ns = ( 15.018 - 10.000 ) 
    Source Clock Delay      (SCD):    5.324ns
    Clock Pessimism Removal (CPR):    0.306ns
  Clock Uncertainty:      0.035ns  ((TSJ^2 + TIJ^2)^1/2 + DJ) / 2 + PE
    Total System Jitter     (TSJ):    0.071ns
    Total Input Jitter      (TIJ):    0.000ns
    Discrete Jitter          (DJ):    0.000ns
    Phase Error              (PE):    0.000ns

    Location             Delay type                Incr(ns)  Path(ns)    Netlist Resource(s)
  -------------------------------------------------------------------    -------------------
                         (clock sys_clk_pin rise edge)
                                                      0.000     0.000 r  
    W5                                                0.000     0.000 r  clk (IN)
                         net (fo=0)                   0.000     0.000    clk
    W5                   IBUF (Prop_ibuf_I_O)         1.458     1.458 r  clk_IBUF_inst/O
                         net (fo=1, routed)           1.967     3.425    clk_IBUF
    BUFGCTRL_X0Y0        BUFG (Prop_bufg_I_O)         0.096     3.521 r  clk_IBUF_BUFG_inst/O
                         net (fo=94, routed)          1.803     5.324    U_BTN/CLK
    SLICE_X6Y136         FDCE                                         r  U_BTN/cnt_reg[9]/C
  -------------------------------------------------------------------    -------------------
    SLICE_X6Y136         FDCE (Prop_fdce_C_Q)         0.478     5.802 f  U_BTN/cnt_reg[9]/Q
                         net (fo=2, routed)           1.106     6.909    U_BTN/cnt[9]
    SLICE_X6Y136         LUT4 (Prop_lut4_I1_O)        0.301     7.210 r  U_BTN/cnt[19]_i_5/O
                         net (fo=1, routed)           0.640     7.850    U_BTN/cnt[19]_i_5_n_0
    SLICE_X5Y136         LUT5 (Prop_lut5_I2_O)        0.124     7.974 r  U_BTN/cnt[19]_i_2/O
                         net (fo=20, routed)          0.822     8.796    U_BTN/cnt[19]_i_2_n_0
    SLICE_X6Y136         LUT4 (Prop_lut4_I0_O)        0.124     8.920 r  U_BTN/cnt[7]_i_1/O
                         net (fo=1, routed)           0.000     8.920    U_BTN/cnt[7]_i_1_n_0
    SLICE_X6Y136         FDCE                                         r  U_BTN/cnt_reg[7]/D
  -------------------------------------------------------------------    -------------------

                         (clock sys_clk_pin rise edge)
                                                     10.000    10.000 r  
    W5                                                0.000    10.000 r  clk (IN)
                         net (fo=0)                   0.000    10.000    clk
    W5                   IBUF (Prop_ibuf_I_O)         1.388    11.388 r  clk_IBUF_inst/O
                         net (fo=1, routed)           1.862    13.250    clk_IBUF
    BUFGCTRL_X0Y0        BUFG (Prop_bufg_I_O)         0.091    13.341 r  clk_IBUF_BUFG_inst/O
                         net (fo=94, routed)          1.677    15.018    U_BTN/CLK
    SLICE_X6Y136         FDCE                                         r  U_BTN/cnt_reg[7]/C
                         clock pessimism              0.306    15.324    
                         clock uncertainty           -0.035    15.289    
    SLICE_X6Y136         FDCE (Setup_fdce_C_D)        0.079    15.368    U_BTN/cnt_reg[7]
  -------------------------------------------------------------------
                         required time                         15.368    
                         arrival time                          -8.920    
  -------------------------------------------------------------------
                         slack                                  6.448    

Slack (MET) :             6.455ns  (required time - arrival time)
  Source:                 U_BTN/cnt_reg[9]/C
                            (rising edge-triggered cell FDCE clocked by sys_clk_pin  {rise@0.000ns fall@5.000ns period=10.000ns})
  Destination:            U_BTN/cnt_reg[11]/D
                            (rising edge-triggered cell FDCE clocked by sys_clk_pin  {rise@0.000ns fall@5.000ns period=10.000ns})
  Path Group:             sys_clk_pin
  Path Type:              Setup (Max at Slow Process Corner)
  Requirement:            10.000ns  (sys_clk_pin rise@10.000ns - sys_clk_pin rise@0.000ns)
  Data Path Delay:        3.567ns  (logic 1.027ns (28.791%)  route 2.540ns (71.209%))
  Logic Levels:           3  (LUT4=2 LUT5=1)
  Clock Path Skew:        -0.024ns (DCD - SCD + CPR)
    Destination Clock Delay (DCD):    5.019ns = ( 15.019 - 10.000 ) 
    Source Clock Delay      (SCD):    5.324ns
    Clock Pessimism Removal (CPR):    0.281ns
  Clock Uncertainty:      0.035ns  ((TSJ^2 + TIJ^2)^1/2 + DJ) / 2 + PE
    Total System Jitter     (TSJ):    0.071ns
    Total Input Jitter      (TIJ):    0.000ns
    Discrete Jitter          (DJ):    0.000ns
    Phase Error              (PE):    0.000ns

    Location             Delay type                Incr(ns)  Path(ns)    Netlist Resource(s)
  -------------------------------------------------------------------    -------------------
                         (clock sys_clk_pin rise edge)
                                                      0.000     0.000 r  
    W5                                                0.000     0.000 r  clk (IN)
                         net (fo=0)                   0.000     0.000    clk
    W5                   IBUF (Prop_ibuf_I_O)         1.458     1.458 r  clk_IBUF_inst/O
                         net (fo=1, routed)           1.967     3.425    clk_IBUF
    BUFGCTRL_X0Y0        BUFG (Prop_bufg_I_O)         0.096     3.521 r  clk_IBUF_BUFG_inst/O
                         net (fo=94, routed)          1.803     5.324    U_BTN/CLK
    SLICE_X6Y136         FDCE                                         r  U_BTN/cnt_reg[9]/C
  -------------------------------------------------------------------    -------------------
    SLICE_X6Y136         FDCE (Prop_fdce_C_Q)         0.478     5.802 f  U_BTN/cnt_reg[9]/Q
                         net (fo=2, routed)           1.106     6.909    U_BTN/cnt[9]
    SLICE_X6Y136         LUT4 (Prop_lut4_I1_O)        0.301     7.210 r  U_BTN/cnt[19]_i_5/O
                         net (fo=1, routed)           0.640     7.850    U_BTN/cnt[19]_i_5_n_0
    SLICE_X5Y136         LUT5 (Prop_lut5_I2_O)        0.124     7.974 r  U_BTN/cnt[19]_i_2/O
                         net (fo=20, routed)          0.794     8.767    U_BTN/cnt[19]_i_2_n_0
    SLICE_X6Y137         LUT4 (Prop_lut4_I0_O)        0.124     8.891 r  U_BTN/cnt[11]_i_1/O
                         net (fo=1, routed)           0.000     8.891    U_BTN/cnt[11]_i_1_n_0
    SLICE_X6Y137         FDCE                                         r  U_BTN/cnt_reg[11]/D
  -------------------------------------------------------------------    -------------------

                         (clock sys_clk_pin rise edge)
                                                     10.000    10.000 r  
    W5                                                0.000    10.000 r  clk (IN)
                         net (fo=0)                   0.000    10.000    clk
    W5                   IBUF (Prop_ibuf_I_O)         1.388    11.388 r  clk_IBUF_inst/O
                         net (fo=1, routed)           1.862    13.250    clk_IBUF
    BUFGCTRL_X0Y0        BUFG (Prop_bufg_I_O)         0.091    13.341 r  clk_IBUF_BUFG_inst/O
                         net (fo=94, routed)          1.678    15.019    U_BTN/CLK
    SLICE_X6Y137         FDCE                                         r  U_BTN/cnt_reg[11]/C
                         clock pessimism              0.281    15.300    
                         clock uncertainty           -0.035    15.265    
    SLICE_X6Y137         FDCE (Setup_fdce_C_D)        0.081    15.346    U_BTN/cnt_reg[11]
  -------------------------------------------------------------------
                         required time                         15.346    
                         arrival time                          -8.891    
  -------------------------------------------------------------------
                         slack                                  6.455    





Min Delay Paths
--------------------------------------------------------------------------------------
Slack (MET) :             0.166ns  (arrival time - required time)
  Source:                 mode_reg/C
                            (rising edge-triggered cell FDCE clocked by sys_clk_pin  {rise@0.000ns fall@5.000ns period=10.000ns})
  Destination:            FSM_sequential_state_reg[1]/D
                            (rising edge-triggered cell FDCE clocked by sys_clk_pin  {rise@0.000ns fall@5.000ns period=10.000ns})
  Path Group:             sys_clk_pin
  Path Type:              Hold (Min at Fast Process Corner)
  Requirement:            0.000ns  (sys_clk_pin rise@0.000ns - sys_clk_pin rise@0.000ns)
  Data Path Delay:        0.300ns  (logic 0.186ns (61.929%)  route 0.114ns (38.071%))
  Logic Levels:           1  (LUT6=1)
  Clock Path Skew:        0.013ns (DCD - SCD - CPR)
    Destination Clock Delay (DCD):    2.072ns
    Source Clock Delay      (SCD):    1.555ns
    Clock Pessimism Removal (CPR):    0.504ns

    Location             Delay type                Incr(ns)  Path(ns)    Netlist Resource(s)
  -------------------------------------------------------------------    -------------------
                         (clock sys_clk_pin rise edge)
                                                      0.000     0.000 r  
    W5                                                0.000     0.000 r  clk (IN)
                         net (fo=0)                   0.000     0.000    clk
    W5                   IBUF (Prop_ibuf_I_O)         0.226     0.226 r  clk_IBUF_inst/O
                         net (fo=1, routed)           0.631     0.858    clk_IBUF
    BUFGCTRL_X0Y0        BUFG (Prop_bufg_I_O)         0.026     0.884 r  clk_IBUF_BUFG_inst/O
                         net (fo=94, routed)          0.671     1.555    clk_IBUF_BUFG
    SLICE_X3Y134         FDCE                                         r  mode_reg/C
  -------------------------------------------------------------------    -------------------
    SLICE_X3Y134         FDCE (Prop_fdce_C_Q)         0.141     1.696 r  mode_reg/Q
                         net (fo=3, routed)           0.114     1.810    U_I2C_MASTER_TOP/U_I2C_MASTER/mode
    SLICE_X2Y134         LUT6 (Prop_lut6_I0_O)        0.045     1.855 r  U_I2C_MASTER_TOP/U_I2C_MASTER/FSM_sequential_state[1]_i_1__0/O
                         net (fo=1, routed)           0.000     1.855    U_I2C_MASTER_TOP_n_4
    SLICE_X2Y134         FDCE                                         r  FSM_sequential_state_reg[1]/D
  -------------------------------------------------------------------    -------------------

                         (clock sys_clk_pin rise edge)
                                                      0.000     0.000 r  
    W5                                                0.000     0.000 r  clk (IN)
                         net (fo=0)                   0.000     0.000    clk
    W5                   IBUF (Prop_ibuf_I_O)         0.414     0.414 r  clk_IBUF_inst/O
                         net (fo=1, routed)           0.685     1.099    clk_IBUF
    BUFGCTRL_X0Y0        BUFG (Prop_bufg_I_O)         0.029     1.128 r  clk_IBUF_BUFG_inst/O
                         net (fo=94, routed)          0.944     2.072    clk_IBUF_BUFG
    SLICE_X2Y134         FDCE                                         r  FSM_sequential_state_reg[1]/C
                         clock pessimism             -0.504     1.568    
    SLICE_X2Y134         FDCE (Hold_fdce_C_D)         0.121     1.689    FSM_sequential_state_reg[1]
  -------------------------------------------------------------------
                         required time                         -1.689    
                         arrival time                           1.855    
  -------------------------------------------------------------------
                         slack                                  0.166    

Slack (MET) :             0.182ns  (arrival time - required time)
  Source:                 U_I2C_MASTER_TOP/U_I2C_MASTER/rx_shift_reg_reg[1]/C
                            (rising edge-triggered cell FDCE clocked by sys_clk_pin  {rise@0.000ns fall@5.000ns period=10.000ns})
  Destination:            U_I2C_MASTER_TOP/U_I2C_MASTER/rx_data_reg[1]/D
                            (rising edge-triggered cell FDRE clocked by sys_clk_pin  {rise@0.000ns fall@5.000ns period=10.000ns})
  Path Group:             sys_clk_pin
  Path Type:              Hold (Min at Fast Process Corner)
  Requirement:            0.000ns  (sys_clk_pin rise@0.000ns - sys_clk_pin rise@0.000ns)
  Data Path Delay:        0.262ns  (logic 0.141ns (53.794%)  route 0.121ns (46.206%))
  Logic Levels:           0  
  Clock Path Skew:        0.014ns (DCD - SCD - CPR)
    Destination Clock Delay (DCD):    2.073ns
    Source Clock Delay      (SCD):    1.556ns
    Clock Pessimism Removal (CPR):    0.503ns

    Location             Delay type                Incr(ns)  Path(ns)    Netlist Resource(s)
  -------------------------------------------------------------------    -------------------
                         (clock sys_clk_pin rise edge)
                                                      0.000     0.000 r  
    W5                                                0.000     0.000 r  clk (IN)
                         net (fo=0)                   0.000     0.000    clk
    W5                   IBUF (Prop_ibuf_I_O)         0.226     0.226 r  clk_IBUF_inst/O
                         net (fo=1, routed)           0.631     0.858    clk_IBUF
    BUFGCTRL_X0Y0        BUFG (Prop_bufg_I_O)         0.026     0.884 r  clk_IBUF_BUFG_inst/O
                         net (fo=94, routed)          0.672     1.556    U_I2C_MASTER_TOP/U_I2C_MASTER/CLK
    SLICE_X1Y137         FDCE                                         r  U_I2C_MASTER_TOP/U_I2C_MASTER/rx_shift_reg_reg[1]/C
  -------------------------------------------------------------------    -------------------
    SLICE_X1Y137         FDCE (Prop_fdce_C_Q)         0.141     1.697 r  U_I2C_MASTER_TOP/U_I2C_MASTER/rx_shift_reg_reg[1]/Q
                         net (fo=2, routed)           0.121     1.818    U_I2C_MASTER_TOP/U_I2C_MASTER/rx_shift_reg_reg_n_0_[1]
    SLICE_X0Y136         FDRE                                         r  U_I2C_MASTER_TOP/U_I2C_MASTER/rx_data_reg[1]/D
  -------------------------------------------------------------------    -------------------

                         (clock sys_clk_pin rise edge)
                                                      0.000     0.000 r  
    W5                                                0.000     0.000 r  clk (IN)
                         net (fo=0)                   0.000     0.000    clk
    W5                   IBUF (Prop_ibuf_I_O)         0.414     0.414 r  clk_IBUF_inst/O
                         net (fo=1, routed)           0.685     1.099    clk_IBUF
    BUFGCTRL_X0Y0        BUFG (Prop_bufg_I_O)         0.029     1.128 r  clk_IBUF_BUFG_inst/O
                         net (fo=94, routed)          0.945     2.073    U_I2C_MASTER_TOP/U_I2C_MASTER/CLK
    SLICE_X0Y136         FDRE                                         r  U_I2C_MASTER_TOP/U_I2C_MASTER/rx_data_reg[1]/C
                         clock pessimism             -0.503     1.570    
    SLICE_X0Y136         FDRE (Hold_fdre_C_D)         0.066     1.636    U_I2C_MASTER_TOP/U_I2C_MASTER/rx_data_reg[1]
  -------------------------------------------------------------------
                         required time                         -1.636    
                         arrival time                           1.818    
  -------------------------------------------------------------------
                         slack                                  0.182    

Slack (MET) :             0.189ns  (arrival time - required time)
  Source:                 U_I2C_MASTER_TOP/U_I2C_MASTER/div_cnt_reg[0]/C
                            (rising edge-triggered cell FDCE clocked by sys_clk_pin  {rise@0.000ns fall@5.000ns period=10.000ns})
  Destination:            U_I2C_MASTER_TOP/U_I2C_MASTER/div_cnt_reg[5]/D
                            (rising edge-triggered cell FDCE clocked by sys_clk_pin  {rise@0.000ns fall@5.000ns period=10.000ns})
  Path Group:             sys_clk_pin
  Path Type:              Hold (Min at Fast Process Corner)
  Requirement:            0.000ns  (sys_clk_pin rise@0.000ns - sys_clk_pin rise@0.000ns)
  Data Path Delay:        0.293ns  (logic 0.209ns (71.280%)  route 0.084ns (28.720%))
  Logic Levels:           1  (LUT6=1)
  Clock Path Skew:        0.013ns (DCD - SCD - CPR)
    Destination Clock Delay (DCD):    2.077ns
    Source Clock Delay      (SCD):    1.558ns
    Clock Pessimism Removal (CPR):    0.506ns

    Location             Delay type                Incr(ns)  Path(ns)    Netlist Resource(s)
  -------------------------------------------------------------------    -------------------
                         (clock sys_clk_pin rise edge)
                                                      0.000     0.000 r  
    W5                                                0.000     0.000 r  clk (IN)
                         net (fo=0)                   0.000     0.000    clk
    W5                   IBUF (Prop_ibuf_I_O)         0.226     0.226 r  clk_IBUF_inst/O
                         net (fo=1, routed)           0.631     0.858    clk_IBUF
    BUFGCTRL_X0Y0        BUFG (Prop_bufg_I_O)         0.026     0.884 r  clk_IBUF_BUFG_inst/O
                         net (fo=94, routed)          0.674     1.558    U_I2C_MASTER_TOP/U_I2C_MASTER/CLK
    SLICE_X2Y140         FDCE                                         r  U_I2C_MASTER_TOP/U_I2C_MASTER/div_cnt_reg[0]/C
  -------------------------------------------------------------------    -------------------
    SLICE_X2Y140         FDCE (Prop_fdce_C_Q)         0.164     1.722 r  U_I2C_MASTER_TOP/U_I2C_MASTER/div_cnt_reg[0]/Q
                         net (fo=8, routed)           0.084     1.806    U_I2C_MASTER_TOP/U_I2C_MASTER/div_cnt[0]
    SLICE_X3Y140         LUT6 (Prop_lut6_I4_O)        0.045     1.851 r  U_I2C_MASTER_TOP/U_I2C_MASTER/div_cnt[5]_i_1/O
                         net (fo=1, routed)           0.000     1.851    U_I2C_MASTER_TOP/U_I2C_MASTER/div_cnt_2[5]
    SLICE_X3Y140         FDCE                                         r  U_I2C_MASTER_TOP/U_I2C_MASTER/div_cnt_reg[5]/D
  -------------------------------------------------------------------    -------------------

                         (clock sys_clk_pin rise edge)
                                                      0.000     0.000 r  
    W5                                                0.000     0.000 r  clk (IN)
                         net (fo=0)                   0.000     0.000    clk
    W5                   IBUF (Prop_ibuf_I_O)         0.414     0.414 r  clk_IBUF_inst/O
                         net (fo=1, routed)           0.685     1.099    clk_IBUF
    BUFGCTRL_X0Y0        BUFG (Prop_bufg_I_O)         0.029     1.128 r  clk_IBUF_BUFG_inst/O
                         net (fo=94, routed)          0.949     2.077    U_I2C_MASTER_TOP/U_I2C_MASTER/CLK
    SLICE_X3Y140         FDCE                                         r  U_I2C_MASTER_TOP/U_I2C_MASTER/div_cnt_reg[5]/C
                         clock pessimism             -0.506     1.571    
    SLICE_X3Y140         FDCE (Hold_fdce_C_D)         0.091     1.662    U_I2C_MASTER_TOP/U_I2C_MASTER/div_cnt_reg[5]
  -------------------------------------------------------------------
                         required time                         -1.662    
                         arrival time                           1.851    
  -------------------------------------------------------------------
                         slack                                  0.189    

Slack (MET) :             0.193ns  (arrival time - required time)
  Source:                 U_I2C_MASTER_TOP/U_I2C_MASTER/tx_shift_reg_reg[3]/C
                            (rising edge-triggered cell FDCE clocked by sys_clk_pin  {rise@0.000ns fall@5.000ns period=10.000ns})
  Destination:            U_I2C_MASTER_TOP/U_I2C_MASTER/tx_shift_reg_reg[4]/D
                            (rising edge-triggered cell FDCE clocked by sys_clk_pin  {rise@0.000ns fall@5.000ns period=10.000ns})
  Path Group:             sys_clk_pin
  Path Type:              Hold (Min at Fast Process Corner)
  Requirement:            0.000ns  (sys_clk_pin rise@0.000ns - sys_clk_pin rise@0.000ns)
  Data Path Delay:        0.326ns  (logic 0.186ns (57.037%)  route 0.140ns (42.963%))
  Logic Levels:           1  (LUT4=1)
  Clock Path Skew:        0.013ns (DCD - SCD - CPR)
    Destination Clock Delay (DCD):    2.073ns
    Source Clock Delay      (SCD):    1.555ns
    Clock Pessimism Removal (CPR):    0.505ns

    Location             Delay type                Incr(ns)  Path(ns)    Netlist Resource(s)
  -------------------------------------------------------------------    -------------------
                         (clock sys_clk_pin rise edge)
                                                      0.000     0.000 r  
    W5                                                0.000     0.000 r  clk (IN)
                         net (fo=0)                   0.000     0.000    clk
    W5                   IBUF (Prop_ibuf_I_O)         0.226     0.226 r  clk_IBUF_inst/O
                         net (fo=1, routed)           0.631     0.858    clk_IBUF
    BUFGCTRL_X0Y0        BUFG (Prop_bufg_I_O)         0.026     0.884 r  clk_IBUF_BUFG_inst/O
                         net (fo=94, routed)          0.671     1.555    U_I2C_MASTER_TOP/U_I2C_MASTER/CLK
    SLICE_X3Y136         FDCE                                         r  U_I2C_MASTER_TOP/U_I2C_MASTER/tx_shift_reg_reg[3]/C
  -------------------------------------------------------------------    -------------------
    SLICE_X3Y136         FDCE (Prop_fdce_C_Q)         0.141     1.696 r  U_I2C_MASTER_TOP/U_I2C_MASTER/tx_shift_reg_reg[3]/Q
                         net (fo=1, routed)           0.140     1.836    U_I2C_MASTER_TOP/U_I2C_MASTER/tx_shift_reg_reg_n_0_[3]
    SLICE_X2Y136         LUT4 (Prop_lut4_I1_O)        0.045     1.881 r  U_I2C_MASTER_TOP/U_I2C_MASTER/tx_shift_reg[4]_i_1/O
                         net (fo=1, routed)           0.000     1.881    U_I2C_MASTER_TOP/U_I2C_MASTER/tx_shift_reg[4]
    SLICE_X2Y136         FDCE                                         r  U_I2C_MASTER_TOP/U_I2C_MASTER/tx_shift_reg_reg[4]/D
  -------------------------------------------------------------------    -------------------

                         (clock sys_clk_pin rise edge)
                                                      0.000     0.000 r  
    W5                                                0.000     0.000 r  clk (IN)
                         net (fo=0)                   0.000     0.000    clk
    W5                   IBUF (Prop_ibuf_I_O)         0.414     0.414 r  clk_IBUF_inst/O
                         net (fo=1, routed)           0.685     1.099    clk_IBUF
    BUFGCTRL_X0Y0        BUFG (Prop_bufg_I_O)         0.029     1.128 r  clk_IBUF_BUFG_inst/O
                         net (fo=94, routed)          0.945     2.073    U_I2C_MASTER_TOP/U_I2C_MASTER/CLK
    SLICE_X2Y136         FDCE                                         r  U_I2C_MASTER_TOP/U_I2C_MASTER/tx_shift_reg_reg[4]/C
                         clock pessimism             -0.505     1.568    
    SLICE_X2Y136         FDCE (Hold_fdce_C_D)         0.120     1.688    U_I2C_MASTER_TOP/U_I2C_MASTER/tx_shift_reg_reg[4]
  -------------------------------------------------------------------
                         required time                         -1.688    
                         arrival time                           1.881    
  -------------------------------------------------------------------
                         slack                                  0.193    

Slack (MET) :             0.212ns  (arrival time - required time)
  Source:                 U_I2C_MASTER_TOP/U_I2C_MASTER/qtr_tick_reg/C
                            (rising edge-triggered cell FDCE clocked by sys_clk_pin  {rise@0.000ns fall@5.000ns period=10.000ns})
  Destination:            U_I2C_MASTER_TOP/U_I2C_MASTER/step_reg[0]/D
                            (rising edge-triggered cell FDCE clocked by sys_clk_pin  {rise@0.000ns fall@5.000ns period=10.000ns})
  Path Group:             sys_clk_pin
  Path Type:              Hold (Min at Fast Process Corner)
  Requirement:            0.000ns  (sys_clk_pin rise@0.000ns - sys_clk_pin rise@0.000ns)
  Data Path Delay:        0.333ns  (logic 0.246ns (73.853%)  route 0.087ns (26.147%))
  Logic Levels:           1  (LUT6=1)
  Clock Path Skew:        0.000ns (DCD - SCD - CPR)
    Destination Clock Delay (DCD):    2.076ns
    Source Clock Delay      (SCD):    1.557ns
    Clock Pessimism Removal (CPR):    0.519ns

    Location             Delay type                Incr(ns)  Path(ns)    Netlist Resource(s)
  -------------------------------------------------------------------    -------------------
                         (clock sys_clk_pin rise edge)
                                                      0.000     0.000 r  
    W5                                                0.000     0.000 r  clk (IN)
                         net (fo=0)                   0.000     0.000    clk
    W5                   IBUF (Prop_ibuf_I_O)         0.226     0.226 r  clk_IBUF_inst/O
                         net (fo=1, routed)           0.631     0.858    clk_IBUF
    BUFGCTRL_X0Y0        BUFG (Prop_bufg_I_O)         0.026     0.884 r  clk_IBUF_BUFG_inst/O
                         net (fo=94, routed)          0.673     1.557    U_I2C_MASTER_TOP/U_I2C_MASTER/CLK
    SLICE_X2Y139         FDCE                                         r  U_I2C_MASTER_TOP/U_I2C_MASTER/qtr_tick_reg/C
  -------------------------------------------------------------------    -------------------
    SLICE_X2Y139         FDCE (Prop_fdce_C_Q)         0.148     1.705 r  U_I2C_MASTER_TOP/U_I2C_MASTER/qtr_tick_reg/Q
                         net (fo=9, routed)           0.087     1.792    U_I2C_MASTER_TOP/U_I2C_MASTER/qtr_tick_reg_n_0
    SLICE_X2Y139         LUT6 (Prop_lut6_I1_O)        0.098     1.890 r  U_I2C_MASTER_TOP/U_I2C_MASTER/step[0]_i_1/O
                         net (fo=1, routed)           0.000     1.890    U_I2C_MASTER_TOP/U_I2C_MASTER/step[0]_i_1_n_0
    SLICE_X2Y139         FDCE                                         r  U_I2C_MASTER_TOP/U_I2C_MASTER/step_reg[0]/D
  -------------------------------------------------------------------    -------------------

                         (clock sys_clk_pin rise edge)
                                                      0.000     0.000 r  
    W5                                                0.000     0.000 r  clk (IN)
                         net (fo=0)                   0.000     0.000    clk
    W5                   IBUF (Prop_ibuf_I_O)         0.414     0.414 r  clk_IBUF_inst/O
                         net (fo=1, routed)           0.685     1.099    clk_IBUF
    BUFGCTRL_X0Y0        BUFG (Prop_bufg_I_O)         0.029     1.128 r  clk_IBUF_BUFG_inst/O
                         net (fo=94, routed)          0.948     2.076    U_I2C_MASTER_TOP/U_I2C_MASTER/CLK
    SLICE_X2Y139         FDCE                                         r  U_I2C_MASTER_TOP/U_I2C_MASTER/step_reg[0]/C
                         clock pessimism             -0.519     1.557    
    SLICE_X2Y139         FDCE (Hold_fdce_C_D)         0.121     1.678    U_I2C_MASTER_TOP/U_I2C_MASTER/step_reg[0]
  -------------------------------------------------------------------
                         required time                         -1.678    
                         arrival time                           1.890    
  -------------------------------------------------------------------
                         slack                                  0.212    

Slack (MET) :             0.213ns  (arrival time - required time)
  Source:                 U_I2C_MASTER_TOP/U_I2C_MASTER/rx_shift_reg_reg[7]/C
                            (rising edge-triggered cell FDCE clocked by sys_clk_pin  {rise@0.000ns fall@5.000ns period=10.000ns})
  Destination:            U_I2C_MASTER_TOP/U_I2C_MASTER/rx_data_reg[7]/D
                            (rising edge-triggered cell FDRE clocked by sys_clk_pin  {rise@0.000ns fall@5.000ns period=10.000ns})
  Path Group:             sys_clk_pin
  Path Type:              Hold (Min at Fast Process Corner)
  Requirement:            0.000ns  (sys_clk_pin rise@0.000ns - sys_clk_pin rise@0.000ns)
  Data Path Delay:        0.245ns  (logic 0.128ns (52.327%)  route 0.117ns (47.673%))
  Logic Levels:           0  
  Clock Path Skew:        0.014ns (DCD - SCD - CPR)
    Destination Clock Delay (DCD):    2.073ns
    Source Clock Delay      (SCD):    1.556ns
    Clock Pessimism Removal (CPR):    0.503ns

    Location             Delay type                Incr(ns)  Path(ns)    Netlist Resource(s)
  -------------------------------------------------------------------    -------------------
                         (clock sys_clk_pin rise edge)
                                                      0.000     0.000 r  
    W5                                                0.000     0.000 r  clk (IN)
                         net (fo=0)                   0.000     0.000    clk
    W5                   IBUF (Prop_ibuf_I_O)         0.226     0.226 r  clk_IBUF_inst/O
                         net (fo=1, routed)           0.631     0.858    clk_IBUF
    BUFGCTRL_X0Y0        BUFG (Prop_bufg_I_O)         0.026     0.884 r  clk_IBUF_BUFG_inst/O
                         net (fo=94, routed)          0.672     1.556    U_I2C_MASTER_TOP/U_I2C_MASTER/CLK
    SLICE_X1Y137         FDCE                                         r  U_I2C_MASTER_TOP/U_I2C_MASTER/rx_shift_reg_reg[7]/C
  -------------------------------------------------------------------    -------------------
    SLICE_X1Y137         FDCE (Prop_fdce_C_Q)         0.128     1.684 r  U_I2C_MASTER_TOP/U_I2C_MASTER/rx_shift_reg_reg[7]/Q
                         net (fo=1, routed)           0.117     1.800    U_I2C_MASTER_TOP/U_I2C_MASTER/rx_shift_reg_reg_n_0_[7]
    SLICE_X1Y136         FDRE                                         r  U_I2C_MASTER_TOP/U_I2C_MASTER/rx_data_reg[7]/D
  -------------------------------------------------------------------    -------------------

                         (clock sys_clk_pin rise edge)
                                                      0.000     0.000 r  
    W5                                                0.000     0.000 r  clk (IN)
                         net (fo=0)                   0.000     0.000    clk
    W5                   IBUF (Prop_ibuf_I_O)         0.414     0.414 r  clk_IBUF_inst/O
                         net (fo=1, routed)           0.685     1.099    clk_IBUF
    BUFGCTRL_X0Y0        BUFG (Prop_bufg_I_O)         0.029     1.128 r  clk_IBUF_BUFG_inst/O
                         net (fo=94, routed)          0.945     2.073    U_I2C_MASTER_TOP/U_I2C_MASTER/CLK
    SLICE_X1Y136         FDRE                                         r  U_I2C_MASTER_TOP/U_I2C_MASTER/rx_data_reg[7]/C
                         clock pessimism             -0.503     1.570    
    SLICE_X1Y136         FDRE (Hold_fdre_C_D)         0.018     1.588    U_I2C_MASTER_TOP/U_I2C_MASTER/rx_data_reg[7]
  -------------------------------------------------------------------
                         required time                         -1.588    
                         arrival time                           1.800    
  -------------------------------------------------------------------
                         slack                                  0.213    

Slack (MET) :             0.220ns  (arrival time - required time)
  Source:                 cmd_read_reg/C
                            (rising edge-triggered cell FDCE clocked by sys_clk_pin  {rise@0.000ns fall@5.000ns period=10.000ns})
  Destination:            U_I2C_MASTER_TOP/U_I2C_MASTER/is_read_reg/D
                            (rising edge-triggered cell FDCE clocked by sys_clk_pin  {rise@0.000ns fall@5.000ns period=10.000ns})
  Path Group:             sys_clk_pin
  Path Type:              Hold (Min at Fast Process Corner)
  Requirement:            0.000ns  (sys_clk_pin rise@0.000ns - sys_clk_pin rise@0.000ns)
  Data Path Delay:        0.311ns  (logic 0.227ns (72.901%)  route 0.084ns (27.099%))
  Logic Levels:           1  (LUT6=1)
  Clock Path Skew:        0.000ns (DCD - SCD - CPR)
    Destination Clock Delay (DCD):    2.076ns
    Source Clock Delay      (SCD):    1.557ns
    Clock Pessimism Removal (CPR):    0.519ns

    Location             Delay type                Incr(ns)  Path(ns)    Netlist Resource(s)
  -------------------------------------------------------------------    -------------------
                         (clock sys_clk_pin rise edge)
                                                      0.000     0.000 r  
    W5                                                0.000     0.000 r  clk (IN)
                         net (fo=0)                   0.000     0.000    clk
    W5                   IBUF (Prop_ibuf_I_O)         0.226     0.226 r  clk_IBUF_inst/O
                         net (fo=1, routed)           0.631     0.858    clk_IBUF
    BUFGCTRL_X0Y0        BUFG (Prop_bufg_I_O)         0.026     0.884 r  clk_IBUF_BUFG_inst/O
                         net (fo=94, routed)          0.673     1.557    clk_IBUF_BUFG
    SLICE_X3Y138         FDCE                                         r  cmd_read_reg/C
  -------------------------------------------------------------------    -------------------
    SLICE_X3Y138         FDCE (Prop_fdce_C_Q)         0.128     1.685 r  cmd_read_reg/Q
                         net (fo=6, routed)           0.084     1.769    U_I2C_MASTER_TOP/U_I2C_MASTER/is_read_reg_0
    SLICE_X3Y138         LUT6 (Prop_lut6_I3_O)        0.099     1.868 r  U_I2C_MASTER_TOP/U_I2C_MASTER/is_read_i_1/O
                         net (fo=1, routed)           0.000     1.868    U_I2C_MASTER_TOP/U_I2C_MASTER/is_read_i_1_n_0
    SLICE_X3Y138         FDCE                                         r  U_I2C_MASTER_TOP/U_I2C_MASTER/is_read_reg/D
  -------------------------------------------------------------------    -------------------

                         (clock sys_clk_pin rise edge)
                                                      0.000     0.000 r  
    W5                                                0.000     0.000 r  clk (IN)
                         net (fo=0)                   0.000     0.000    clk
    W5                   IBUF (Prop_ibuf_I_O)         0.414     0.414 r  clk_IBUF_inst/O
                         net (fo=1, routed)           0.685     1.099    clk_IBUF
    BUFGCTRL_X0Y0        BUFG (Prop_bufg_I_O)         0.029     1.128 r  clk_IBUF_BUFG_inst/O
                         net (fo=94, routed)          0.948     2.076    U_I2C_MASTER_TOP/U_I2C_MASTER/CLK
    SLICE_X3Y138         FDCE                                         r  U_I2C_MASTER_TOP/U_I2C_MASTER/is_read_reg/C
                         clock pessimism             -0.519     1.557    
    SLICE_X3Y138         FDCE (Hold_fdce_C_D)         0.091     1.648    U_I2C_MASTER_TOP/U_I2C_MASTER/is_read_reg
  -------------------------------------------------------------------
                         required time                         -1.648    
                         arrival time                           1.868    
  -------------------------------------------------------------------
                         slack                                  0.220    

Slack (MET) :             0.225ns  (arrival time - required time)
  Source:                 U_I2C_MASTER_TOP/U_I2C_MASTER/rx_shift_reg_reg[4]/C
                            (rising edge-triggered cell FDCE clocked by sys_clk_pin  {rise@0.000ns fall@5.000ns period=10.000ns})
  Destination:            U_I2C_MASTER_TOP/U_I2C_MASTER/rx_data_reg[4]/D
                            (rising edge-triggered cell FDRE clocked by sys_clk_pin  {rise@0.000ns fall@5.000ns period=10.000ns})
  Path Group:             sys_clk_pin
  Path Type:              Hold (Min at Fast Process Corner)
  Requirement:            0.000ns  (sys_clk_pin rise@0.000ns - sys_clk_pin rise@0.000ns)
  Data Path Delay:        0.256ns  (logic 0.128ns (50.078%)  route 0.128ns (49.922%))
  Logic Levels:           0  
  Clock Path Skew:        0.014ns (DCD - SCD - CPR)
    Destination Clock Delay (DCD):    2.073ns
    Source Clock Delay      (SCD):    1.556ns
    Clock Pessimism Removal (CPR):    0.503ns

    Location             Delay type                Incr(ns)  Path(ns)    Netlist Resource(s)
  -------------------------------------------------------------------    -------------------
                         (clock sys_clk_pin rise edge)
                                                      0.000     0.000 r  
    W5                                                0.000     0.000 r  clk (IN)
                         net (fo=0)                   0.000     0.000    clk
    W5                   IBUF (Prop_ibuf_I_O)         0.226     0.226 r  clk_IBUF_inst/O
                         net (fo=1, routed)           0.631     0.858    clk_IBUF
    BUFGCTRL_X0Y0        BUFG (Prop_bufg_I_O)         0.026     0.884 r  clk_IBUF_BUFG_inst/O
                         net (fo=94, routed)          0.672     1.556    U_I2C_MASTER_TOP/U_I2C_MASTER/CLK
    SLICE_X1Y137         FDCE                                         r  U_I2C_MASTER_TOP/U_I2C_MASTER/rx_shift_reg_reg[4]/C
  -------------------------------------------------------------------    -------------------
    SLICE_X1Y137         FDCE (Prop_fdce_C_Q)         0.128     1.684 r  U_I2C_MASTER_TOP/U_I2C_MASTER/rx_shift_reg_reg[4]/Q
                         net (fo=2, routed)           0.128     1.811    U_I2C_MASTER_TOP/U_I2C_MASTER/rx_shift_reg_reg_n_0_[4]
    SLICE_X1Y136         FDRE                                         r  U_I2C_MASTER_TOP/U_I2C_MASTER/rx_data_reg[4]/D
  -------------------------------------------------------------------    -------------------

                         (clock sys_clk_pin rise edge)
                                                      0.000     0.000 r  
    W5                                                0.000     0.000 r  clk (IN)
                         net (fo=0)                   0.000     0.000    clk
    W5                   IBUF (Prop_ibuf_I_O)         0.414     0.414 r  clk_IBUF_inst/O
                         net (fo=1, routed)           0.685     1.099    clk_IBUF
    BUFGCTRL_X0Y0        BUFG (Prop_bufg_I_O)         0.029     1.128 r  clk_IBUF_BUFG_inst/O
                         net (fo=94, routed)          0.945     2.073    U_I2C_MASTER_TOP/U_I2C_MASTER/CLK
    SLICE_X1Y136         FDRE                                         r  U_I2C_MASTER_TOP/U_I2C_MASTER/rx_data_reg[4]/C
                         clock pessimism             -0.503     1.570    
    SLICE_X1Y136         FDRE (Hold_fdre_C_D)         0.017     1.587    U_I2C_MASTER_TOP/U_I2C_MASTER/rx_data_reg[4]
  -------------------------------------------------------------------
                         required time                         -1.587    
                         arrival time                           1.811    
  -------------------------------------------------------------------
                         slack                                  0.225    

Slack (MET) :             0.228ns  (arrival time - required time)
  Source:                 cmd_stop_reg/C
                            (rising edge-triggered cell FDCE clocked by sys_clk_pin  {rise@0.000ns fall@5.000ns period=10.000ns})
  Destination:            U_I2C_MASTER_TOP/U_I2C_MASTER/FSM_sequential_state_reg[2]/D
                            (rising edge-triggered cell FDCE clocked by sys_clk_pin  {rise@0.000ns fall@5.000ns period=10.000ns})
  Path Group:             sys_clk_pin
  Path Type:              Hold (Min at Fast Process Corner)
  Requirement:            0.000ns  (sys_clk_pin rise@0.000ns - sys_clk_pin rise@0.000ns)
  Data Path Delay:        0.364ns  (logic 0.209ns (57.359%)  route 0.155ns (42.641%))
  Logic Levels:           1  (LUT6=1)
  Clock Path Skew:        0.016ns (DCD - SCD - CPR)
    Destination Clock Delay (DCD):    2.076ns
    Source Clock Delay      (SCD):    1.557ns
    Clock Pessimism Removal (CPR):    0.503ns

    Location             Delay type                Incr(ns)  Path(ns)    Netlist Resource(s)
  -------------------------------------------------------------------    -------------------
                         (clock sys_clk_pin rise edge)
                                                      0.000     0.000 r  
    W5                                                0.000     0.000 r  clk (IN)
                         net (fo=0)                   0.000     0.000    clk
    W5                   IBUF (Prop_ibuf_I_O)         0.226     0.226 r  clk_IBUF_inst/O
                         net (fo=1, routed)           0.631     0.858    clk_IBUF
    BUFGCTRL_X0Y0        BUFG (Prop_bufg_I_O)         0.026     0.884 r  clk_IBUF_BUFG_inst/O
                         net (fo=94, routed)          0.673     1.557    clk_IBUF_BUFG
    SLICE_X2Y138         FDCE                                         r  cmd_stop_reg/C
  -------------------------------------------------------------------    -------------------
    SLICE_X2Y138         FDCE (Prop_fdce_C_Q)         0.164     1.721 r  cmd_stop_reg/Q
                         net (fo=2, routed)           0.155     1.876    U_I2C_MASTER_TOP/U_I2C_MASTER/FSM_sequential_state_reg[2]_0
    SLICE_X2Y139         LUT6 (Prop_lut6_I2_O)        0.045     1.921 r  U_I2C_MASTER_TOP/U_I2C_MASTER/FSM_sequential_state[2]_i_1/O
                         net (fo=1, routed)           0.000     1.921    U_I2C_MASTER_TOP/U_I2C_MASTER/FSM_sequential_state[2]_i_1_n_0
    SLICE_X2Y139         FDCE                                         r  U_I2C_MASTER_TOP/U_I2C_MASTER/FSM_sequential_state_reg[2]/D
  -------------------------------------------------------------------    -------------------

                         (clock sys_clk_pin rise edge)
                                                      0.000     0.000 r  
    W5                                                0.000     0.000 r  clk (IN)
                         net (fo=0)                   0.000     0.000    clk
    W5                   IBUF (Prop_ibuf_I_O)         0.414     0.414 r  clk_IBUF_inst/O
                         net (fo=1, routed)           0.685     1.099    clk_IBUF
    BUFGCTRL_X0Y0        BUFG (Prop_bufg_I_O)         0.029     1.128 r  clk_IBUF_BUFG_inst/O
                         net (fo=94, routed)          0.948     2.076    U_I2C_MASTER_TOP/U_I2C_MASTER/CLK
    SLICE_X2Y139         FDCE                                         r  U_I2C_MASTER_TOP/U_I2C_MASTER/FSM_sequential_state_reg[2]/C
                         clock pessimism             -0.503     1.573    
    SLICE_X2Y139         FDCE (Hold_fdce_C_D)         0.120     1.693    U_I2C_MASTER_TOP/U_I2C_MASTER/FSM_sequential_state_reg[2]
  -------------------------------------------------------------------
                         required time                         -1.693    
                         arrival time                           1.921    
  -------------------------------------------------------------------
                         slack                                  0.228    

Slack (MET) :             0.232ns  (arrival time - required time)
  Source:                 U_I2C_MASTER_TOP/U_I2C_MASTER/tx_shift_reg_reg[0]/C
                            (rising edge-triggered cell FDCE clocked by sys_clk_pin  {rise@0.000ns fall@5.000ns period=10.000ns})
  Destination:            U_I2C_MASTER_TOP/U_I2C_MASTER/tx_shift_reg_reg[1]/D
                            (rising edge-triggered cell FDCE clocked by sys_clk_pin  {rise@0.000ns fall@5.000ns period=10.000ns})
  Path Group:             sys_clk_pin
  Path Type:              Hold (Min at Fast Process Corner)
  Requirement:            0.000ns  (sys_clk_pin rise@0.000ns - sys_clk_pin rise@0.000ns)
  Data Path Delay:        0.339ns  (logic 0.183ns (53.966%)  route 0.156ns (46.034%))
  Logic Levels:           1  (LUT4=1)
  Clock Path Skew:        0.000ns (DCD - SCD - CPR)
    Destination Clock Delay (DCD):    2.073ns
    Source Clock Delay      (SCD):    1.555ns
    Clock Pessimism Removal (CPR):    0.518ns

    Location             Delay type                Incr(ns)  Path(ns)    Netlist Resource(s)
  -------------------------------------------------------------------    -------------------
                         (clock sys_clk_pin rise edge)
                                                      0.000     0.000 r  
    W5                                                0.000     0.000 r  clk (IN)
                         net (fo=0)                   0.000     0.000    clk
    W5                   IBUF (Prop_ibuf_I_O)         0.226     0.226 r  clk_IBUF_inst/O
                         net (fo=1, routed)           0.631     0.858    clk_IBUF
    BUFGCTRL_X0Y0        BUFG (Prop_bufg_I_O)         0.026     0.884 r  clk_IBUF_BUFG_inst/O
                         net (fo=94, routed)          0.671     1.555    U_I2C_MASTER_TOP/U_I2C_MASTER/CLK
    SLICE_X3Y136         FDCE                                         r  U_I2C_MASTER_TOP/U_I2C_MASTER/tx_shift_reg_reg[0]/C
  -------------------------------------------------------------------    -------------------
    SLICE_X3Y136         FDCE (Prop_fdce_C_Q)         0.141     1.696 r  U_I2C_MASTER_TOP/U_I2C_MASTER/tx_shift_reg_reg[0]/Q
                         net (fo=1, routed)           0.156     1.852    U_I2C_MASTER_TOP/U_I2C_MASTER/tx_shift_reg_reg_n_0_[0]
    SLICE_X3Y136         LUT4 (Prop_lut4_I1_O)        0.042     1.894 r  U_I2C_MASTER_TOP/U_I2C_MASTER/tx_shift_reg[1]_i_1/O
                         net (fo=1, routed)           0.000     1.894    U_I2C_MASTER_TOP/U_I2C_MASTER/tx_shift_reg[1]
    SLICE_X3Y136         FDCE                                         r  U_I2C_MASTER_TOP/U_I2C_MASTER/tx_shift_reg_reg[1]/D
  -------------------------------------------------------------------    -------------------

                         (clock sys_clk_pin rise edge)
                                                      0.000     0.000 r  
    W5                                                0.000     0.000 r  clk (IN)
                         net (fo=0)                   0.000     0.000    clk
    W5                   IBUF (Prop_ibuf_I_O)         0.414     0.414 r  clk_IBUF_inst/O
                         net (fo=1, routed)           0.685     1.099    clk_IBUF
    BUFGCTRL_X0Y0        BUFG (Prop_bufg_I_O)         0.029     1.128 r  clk_IBUF_BUFG_inst/O
                         net (fo=94, routed)          0.945     2.073    U_I2C_MASTER_TOP/U_I2C_MASTER/CLK
    SLICE_X3Y136         FDCE                                         r  U_I2C_MASTER_TOP/U_I2C_MASTER/tx_shift_reg_reg[1]/C
                         clock pessimism             -0.518     1.555    
    SLICE_X3Y136         FDCE (Hold_fdce_C_D)         0.107     1.662    U_I2C_MASTER_TOP/U_I2C_MASTER/tx_shift_reg_reg[1]
  -------------------------------------------------------------------
                         required time                         -1.662    
                         arrival time                           1.894    
  -------------------------------------------------------------------
                         slack                                  0.232    





Pulse Width Checks
--------------------------------------------------------------------------------------
Clock Name:         sys_clk_pin
Waveform(ns):       { 0.000 5.000 }
Period(ns):         10.000
Sources:            { clk }

Check Type        Corner  Lib Pin  Reference Pin  Required(ns)  Actual(ns)  Slack(ns)  Location       Pin
Min Period        n/a     BUFG/I   n/a            2.155         10.000      7.845      BUFGCTRL_X0Y0  clk_IBUF_BUFG_inst/I
Min Period        n/a     FDCE/C   n/a            1.000         10.000      9.000      SLICE_X2Y134   FSM_sequential_state_reg[0]/C
Min Period        n/a     FDCE/C   n/a            1.000         10.000      9.000      SLICE_X2Y134   FSM_sequential_state_reg[1]/C
Min Period        n/a     FDCE/C   n/a            1.000         10.000      9.000      SLICE_X2Y134   FSM_sequential_state_reg[2]/C
Min Period        n/a     FDCE/C   n/a            1.000         10.000      9.000      SLICE_X4Y134   U_BTN/btn_prev_reg/C
Min Period        n/a     FDCE/C   n/a            1.000         10.000      9.000      SLICE_X6Y135   U_BTN/btn_stable_reg/C
Min Period        n/a     FDCE/C   n/a            1.000         10.000      9.000      SLICE_X7Y138   U_BTN/btn_sync_reg[0]/C
Min Period        n/a     FDCE/C   n/a            1.000         10.000      9.000      SLICE_X7Y138   U_BTN/btn_sync_reg[1]/C
Min Period        n/a     FDCE/C   n/a            1.000         10.000      9.000      SLICE_X5Y137   U_BTN/cnt_reg[0]/C
Min Period        n/a     FDCE/C   n/a            1.000         10.000      9.000      SLICE_X6Y137   U_BTN/cnt_reg[10]/C
Low Pulse Width   Fast    FDCE/C   n/a            0.500         5.000       4.500      SLICE_X2Y134   FSM_sequential_state_reg[0]/C
Low Pulse Width   Fast    FDCE/C   n/a            0.500         5.000       4.500      SLICE_X2Y134   FSM_sequential_state_reg[1]/C
Low Pulse Width   Fast    FDCE/C   n/a            0.500         5.000       4.500      SLICE_X2Y134   FSM_sequential_state_reg[2]/C
Low Pulse Width   Fast    FDCE/C   n/a            0.500         5.000       4.500      SLICE_X7Y138   U_BTN/btn_sync_reg[0]/C
Low Pulse Width   Fast    FDCE/C   n/a            0.500         5.000       4.500      SLICE_X7Y138   U_BTN/btn_sync_reg[1]/C
Low Pulse Width   Fast    FDCE/C   n/a            0.500         5.000       4.500      SLICE_X5Y137   U_BTN/cnt_reg[0]/C
Low Pulse Width   Fast    FDCE/C   n/a            0.500         5.000       4.500      SLICE_X6Y137   U_BTN/cnt_reg[10]/C
Low Pulse Width   Fast    FDCE/C   n/a            0.500         5.000       4.500      SLICE_X6Y137   U_BTN/cnt_reg[11]/C
Low Pulse Width   Fast    FDCE/C   n/a            0.500         5.000       4.500      SLICE_X6Y137   U_BTN/cnt_reg[12]/C
Low Pulse Width   Fast    FDCE/C   n/a            0.500         5.000       4.500      SLICE_X6Y137   U_BTN/cnt_reg[13]/C
High Pulse Width  Fast    FDCE/C   n/a            0.500         5.000       4.500      SLICE_X1Y138   U_I2C_MASTER_TOP/U_I2C_MASTER/FSM_sequential_state_reg[0]/C
High Pulse Width  Fast    FDCE/C   n/a            0.500         5.000       4.500      SLICE_X1Y139   U_I2C_MASTER_TOP/U_I2C_MASTER/FSM_sequential_state_reg[1]/C
High Pulse Width  Fast    FDCE/C   n/a            0.500         5.000       4.500      SLICE_X2Y139   U_I2C_MASTER_TOP/U_I2C_MASTER/FSM_sequential_state_reg[2]/C
High Pulse Width  Fast    FDCE/C   n/a            0.500         5.000       4.500      SLICE_X3Y139   U_I2C_MASTER_TOP/U_I2C_MASTER/bit_cnt_reg[0]/C
High Pulse Width  Fast    FDCE/C   n/a            0.500         5.000       4.500      SLICE_X3Y139   U_I2C_MASTER_TOP/U_I2C_MASTER/bit_cnt_reg[1]/C
High Pulse Width  Fast    FDCE/C   n/a            0.500         5.000       4.500      SLICE_X3Y139   U_I2C_MASTER_TOP/U_I2C_MASTER/bit_cnt_reg[2]/C
High Pulse Width  Fast    FDCE/C   n/a            0.500         5.000       4.500      SLICE_X1Y138   U_I2C_MASTER_TOP/U_I2C_MASTER/done_reg/C
High Pulse Width  Fast    FDCE/C   n/a            0.500         5.000       4.500      SLICE_X3Y138   U_I2C_MASTER_TOP/U_I2C_MASTER/is_read_reg/C
High Pulse Width  Fast    FDCE/C   n/a            0.500         5.000       4.500      SLICE_X2Y139   U_I2C_MASTER_TOP/U_I2C_MASTER/qtr_tick_reg/C
High Pulse Width  Fast    FDPE/C   n/a            0.500         5.000       4.500      SLICE_X0Y138   U_I2C_MASTER_TOP/U_I2C_MASTER/sda_r_reg/C



