#-----------------------------------------------------------
# Vivado v2020.2 (64-bit)
# SW Build 3064766 on Wed Nov 18 09:12:45 MST 2020
# IP Build 3064653 on Wed Nov 18 14:17:31 MST 2020
# Start of session at: Thu Apr 16 18:15:07 2026
# Process ID: 1564
# Current directory: D:/pr0414_spi_i2c/new_I2C_project/i2c_slave_B
# Command line: vivado.exe -gui_launcher_event rodinguilauncherevent17168 D:\pr0414_spi_i2c\new_I2C_project\i2c_slave_B\i2c_slave_B.xpr
# Log file: D:/pr0414_spi_i2c/new_I2C_project/i2c_slave_B/vivado.log
# Journal file: D:/pr0414_spi_i2c/new_I2C_project/i2c_slave_B\vivado.jou
#-----------------------------------------------------------
start_gui
open_project D:/pr0414_spi_i2c/new_I2C_project/i2c_slave_B/i2c_slave_B.xpr
INFO: [Project 1-313] Project file moved from 'D:/pr0414_spi_i2c/I2C/i2c_slave_B' since last save.
WARNING: [filemgmt 56-2] Default IP Output Path : Could not find the directory 'D:/pr0414_spi_i2c/new_I2C_project/i2c_slave_B/i2c_slave_B.gen/sources_1', nor could it be found using path 'D:/pr0414_spi_i2c/I2C/i2c_slave_B/i2c_slave_B.gen/sources_1'.
Scanning sources...
Finished scanning sources
INFO: [IP_Flow 19-234] Refreshing IP repositories
INFO: [IP_Flow 19-1704] No user IP repositories specified
INFO: [IP_Flow 19-2313] Loaded Vivado IP repository 'C:/Xilinx/Vivado/2020.2/data/ip'.
update_compile_order -fileset sources_1
close [ open D:/pr0414_spi_i2c/new_I2C_project/i2c_slave_B/i2c_slave_B.srcs/sources_1/new/i2c_slave_top.sv w ]
add_files D:/pr0414_spi_i2c/new_I2C_project/i2c_slave_B/i2c_slave_B.srcs/sources_1/new/i2c_slave_top.sv
update_compile_order -fileset sources_1
update_compile_order -fileset sources_1
synth_design -rtl -rtl_skip_mlo -name rtl_1
Command: synth_design -rtl -rtl_skip_mlo -name rtl_1
Starting synth_design
Using part: xc7a35tcpg236-1
Top: i2c_slave_top
INFO: [Device 21-403] Loading part xc7a35tcpg236-1
---------------------------------------------------------------------------------
Starting RTL Elaboration : Time (s): cpu = 00:00:01 ; elapsed = 00:00:03 . Memory (MB): peak = 1447.098 ; gain = 256.395
---------------------------------------------------------------------------------
INFO: [Synth 8-6157] synthesizing module 'i2c_slave_top' [D:/pr0414_spi_i2c/new_I2C_project/i2c_slave_B/i2c_slave_B.srcs/sources_1/new/i2c_slave_top.sv:3]
INFO: [Synth 8-6157] synthesizing module 'i2c_slave' [D:/pr0414_spi_i2c/new_I2C_project/i2c_slave_B/i2c_slave_B.srcs/sources_1/new/i2c_slave.sv:3]
INFO: [Synth 8-6155] done synthesizing module 'i2c_slave' (1#1) [D:/pr0414_spi_i2c/new_I2C_project/i2c_slave_B/i2c_slave_B.srcs/sources_1/new/i2c_slave.sv:3]
INFO: [Synth 8-6155] done synthesizing module 'i2c_slave_top' (2#1) [D:/pr0414_spi_i2c/new_I2C_project/i2c_slave_B/i2c_slave_B.srcs/sources_1/new/i2c_slave_top.sv:3]
---------------------------------------------------------------------------------
Finished RTL Elaboration : Time (s): cpu = 00:00:02 ; elapsed = 00:00:03 . Memory (MB): peak = 1521.113 ; gain = 330.410
---------------------------------------------------------------------------------
---------------------------------------------------------------------------------
Start Handling Custom Attributes
---------------------------------------------------------------------------------
---------------------------------------------------------------------------------
Finished Handling Custom Attributes : Time (s): cpu = 00:00:02 ; elapsed = 00:00:04 . Memory (MB): peak = 1521.113 ; gain = 330.410
---------------------------------------------------------------------------------
---------------------------------------------------------------------------------
Finished RTL Optimization Phase 1 : Time (s): cpu = 00:00:02 ; elapsed = 00:00:04 . Memory (MB): peak = 1521.113 ; gain = 330.410
---------------------------------------------------------------------------------
Netlist sorting complete. Time (s): cpu = 00:00:00 ; elapsed = 00:00:00.002 . Memory (MB): peak = 1521.113 ; gain = 0.000
INFO: [Project 1-570] Preparing netlist for logic optimization

Processing XDC Constraints
Initializing timing engine
Parsing XDC File [D:/pr0414_spi_i2c/new_I2C_project/i2c_slave_B/i2c_slave_B.srcs/constrs_1/imports/imports/Basys-3-Master.xdc]
WARNING: [Vivado 12-584] No ports matched 'sw[0]'. [D:/pr0414_spi_i2c/new_I2C_project/i2c_slave_B/i2c_slave_B.srcs/constrs_1/imports/imports/Basys-3-Master.xdc:12]
CRITICAL WARNING: [Common 17-55] 'set_property' expects at least one object. [D:/pr0414_spi_i2c/new_I2C_project/i2c_slave_B/i2c_slave_B.srcs/constrs_1/imports/imports/Basys-3-Master.xdc:12]
Resolution: If [get_<value>] was used to populate the object, check to make sure this command returns at least one valid object.
WARNING: [Vivado 12-584] No ports matched 'sw[1]'. [D:/pr0414_spi_i2c/new_I2C_project/i2c_slave_B/i2c_slave_B.srcs/constrs_1/imports/imports/Basys-3-Master.xdc:13]
CRITICAL WARNING: [Common 17-55] 'set_property' expects at least one object. [D:/pr0414_spi_i2c/new_I2C_project/i2c_slave_B/i2c_slave_B.srcs/constrs_1/imports/imports/Basys-3-Master.xdc:13]
Resolution: If [get_<value>] was used to populate the object, check to make sure this command returns at least one valid object.
WARNING: [Vivado 12-584] No ports matched 'sw[2]'. [D:/pr0414_spi_i2c/new_I2C_project/i2c_slave_B/i2c_slave_B.srcs/constrs_1/imports/imports/Basys-3-Master.xdc:14]
CRITICAL WARNING: [Common 17-55] 'set_property' expects at least one object. [D:/pr0414_spi_i2c/new_I2C_project/i2c_slave_B/i2c_slave_B.srcs/constrs_1/imports/imports/Basys-3-Master.xdc:14]
Resolution: If [get_<value>] was used to populate the object, check to make sure this command returns at least one valid object.
WARNING: [Vivado 12-584] No ports matched 'sw[3]'. [D:/pr0414_spi_i2c/new_I2C_project/i2c_slave_B/i2c_slave_B.srcs/constrs_1/imports/imports/Basys-3-Master.xdc:15]
CRITICAL WARNING: [Common 17-55] 'set_property' expects at least one object. [D:/pr0414_spi_i2c/new_I2C_project/i2c_slave_B/i2c_slave_B.srcs/constrs_1/imports/imports/Basys-3-Master.xdc:15]
Resolution: If [get_<value>] was used to populate the object, check to make sure this command returns at least one valid object.
WARNING: [Vivado 12-584] No ports matched 'sw[4]'. [D:/pr0414_spi_i2c/new_I2C_project/i2c_slave_B/i2c_slave_B.srcs/constrs_1/imports/imports/Basys-3-Master.xdc:16]
CRITICAL WARNING: [Common 17-55] 'set_property' expects at least one object. [D:/pr0414_spi_i2c/new_I2C_project/i2c_slave_B/i2c_slave_B.srcs/constrs_1/imports/imports/Basys-3-Master.xdc:16]
Resolution: If [get_<value>] was used to populate the object, check to make sure this command returns at least one valid object.
WARNING: [Vivado 12-584] No ports matched 'sw[5]'. [D:/pr0414_spi_i2c/new_I2C_project/i2c_slave_B/i2c_slave_B.srcs/constrs_1/imports/imports/Basys-3-Master.xdc:17]
CRITICAL WARNING: [Common 17-55] 'set_property' expects at least one object. [D:/pr0414_spi_i2c/new_I2C_project/i2c_slave_B/i2c_slave_B.srcs/constrs_1/imports/imports/Basys-3-Master.xdc:17]
Resolution: If [get_<value>] was used to populate the object, check to make sure this command returns at least one valid object.
WARNING: [Vivado 12-584] No ports matched 'sw[6]'. [D:/pr0414_spi_i2c/new_I2C_project/i2c_slave_B/i2c_slave_B.srcs/constrs_1/imports/imports/Basys-3-Master.xdc:18]
CRITICAL WARNING: [Common 17-55] 'set_property' expects at least one object. [D:/pr0414_spi_i2c/new_I2C_project/i2c_slave_B/i2c_slave_B.srcs/constrs_1/imports/imports/Basys-3-Master.xdc:18]
Resolution: If [get_<value>] was used to populate the object, check to make sure this command returns at least one valid object.
WARNING: [Vivado 12-584] No ports matched 'sw[7]'. [D:/pr0414_spi_i2c/new_I2C_project/i2c_slave_B/i2c_slave_B.srcs/constrs_1/imports/imports/Basys-3-Master.xdc:19]
CRITICAL WARNING: [Common 17-55] 'set_property' expects at least one object. [D:/pr0414_spi_i2c/new_I2C_project/i2c_slave_B/i2c_slave_B.srcs/constrs_1/imports/imports/Basys-3-Master.xdc:19]
Resolution: If [get_<value>] was used to populate the object, check to make sure this command returns at least one valid object.
WARNING: [Vivado 12-584] No ports matched 'led[8]'. [D:/pr0414_spi_i2c/new_I2C_project/i2c_slave_B/i2c_slave_B.srcs/constrs_1/imports/imports/Basys-3-Master.xdc:39]
CRITICAL WARNING: [Common 17-55] 'set_property' expects at least one object. [D:/pr0414_spi_i2c/new_I2C_project/i2c_slave_B/i2c_slave_B.srcs/constrs_1/imports/imports/Basys-3-Master.xdc:39]
Resolution: If [get_<value>] was used to populate the object, check to make sure this command returns at least one valid object.
WARNING: [Vivado 12-584] No ports matched 'led[9]'. [D:/pr0414_spi_i2c/new_I2C_project/i2c_slave_B/i2c_slave_B.srcs/constrs_1/imports/imports/Basys-3-Master.xdc:40]
CRITICAL WARNING: [Common 17-55] 'set_property' expects at least one object. [D:/pr0414_spi_i2c/new_I2C_project/i2c_slave_B/i2c_slave_B.srcs/constrs_1/imports/imports/Basys-3-Master.xdc:40]
Resolution: If [get_<value>] was used to populate the object, check to make sure this command returns at least one valid object.
WARNING: [Vivado 12-584] No ports matched 'led[10]'. [D:/pr0414_spi_i2c/new_I2C_project/i2c_slave_B/i2c_slave_B.srcs/constrs_1/imports/imports/Basys-3-Master.xdc:41]
CRITICAL WARNING: [Common 17-55] 'set_property' expects at least one object. [D:/pr0414_spi_i2c/new_I2C_project/i2c_slave_B/i2c_slave_B.srcs/constrs_1/imports/imports/Basys-3-Master.xdc:41]
Resolution: If [get_<value>] was used to populate the object, check to make sure this command returns at least one valid object.
WARNING: [Vivado 12-584] No ports matched 'led[11]'. [D:/pr0414_spi_i2c/new_I2C_project/i2c_slave_B/i2c_slave_B.srcs/constrs_1/imports/imports/Basys-3-Master.xdc:42]
CRITICAL WARNING: [Common 17-55] 'set_property' expects at least one object. [D:/pr0414_spi_i2c/new_I2C_project/i2c_slave_B/i2c_slave_B.srcs/constrs_1/imports/imports/Basys-3-Master.xdc:42]
Resolution: If [get_<value>] was used to populate the object, check to make sure this command returns at least one valid object.
WARNING: [Vivado 12-584] No ports matched 'led[12]'. [D:/pr0414_spi_i2c/new_I2C_project/i2c_slave_B/i2c_slave_B.srcs/constrs_1/imports/imports/Basys-3-Master.xdc:43]
CRITICAL WARNING: [Common 17-55] 'set_property' expects at least one object. [D:/pr0414_spi_i2c/new_I2C_project/i2c_slave_B/i2c_slave_B.srcs/constrs_1/imports/imports/Basys-3-Master.xdc:43]
Resolution: If [get_<value>] was used to populate the object, check to make sure this command returns at least one valid object.
WARNING: [Vivado 12-584] No ports matched 'led[13]'. [D:/pr0414_spi_i2c/new_I2C_project/i2c_slave_B/i2c_slave_B.srcs/constrs_1/imports/imports/Basys-3-Master.xdc:44]
CRITICAL WARNING: [Common 17-55] 'set_property' expects at least one object. [D:/pr0414_spi_i2c/new_I2C_project/i2c_slave_B/i2c_slave_B.srcs/constrs_1/imports/imports/Basys-3-Master.xdc:44]
Resolution: If [get_<value>] was used to populate the object, check to make sure this command returns at least one valid object.
WARNING: [Vivado 12-584] No ports matched 'led[14]'. [D:/pr0414_spi_i2c/new_I2C_project/i2c_slave_B/i2c_slave_B.srcs/constrs_1/imports/imports/Basys-3-Master.xdc:45]
CRITICAL WARNING: [Common 17-55] 'set_property' expects at least one object. [D:/pr0414_spi_i2c/new_I2C_project/i2c_slave_B/i2c_slave_B.srcs/constrs_1/imports/imports/Basys-3-Master.xdc:45]
Resolution: If [get_<value>] was used to populate the object, check to make sure this command returns at least one valid object.
WARNING: [Vivado 12-584] No ports matched 'led[15]'. [D:/pr0414_spi_i2c/new_I2C_project/i2c_slave_B/i2c_slave_B.srcs/constrs_1/imports/imports/Basys-3-Master.xdc:46]
CRITICAL WARNING: [Common 17-55] 'set_property' expects at least one object. [D:/pr0414_spi_i2c/new_I2C_project/i2c_slave_B/i2c_slave_B.srcs/constrs_1/imports/imports/Basys-3-Master.xdc:46]
Resolution: If [get_<value>] was used to populate the object, check to make sure this command returns at least one valid object.
Finished Parsing XDC File [D:/pr0414_spi_i2c/new_I2C_project/i2c_slave_B/i2c_slave_B.srcs/constrs_1/imports/imports/Basys-3-Master.xdc]
Completed Processing XDC Constraints

Netlist sorting complete. Time (s): cpu = 00:00:00 ; elapsed = 00:00:00 . Memory (MB): peak = 1617.879 ; gain = 0.000
INFO: [Project 1-111] Unisim Transformation Summary:
No Unisim elements were transformed.

RTL Elaboration Complete:  : Time (s): cpu = 00:00:05 ; elapsed = 00:00:07 . Memory (MB): peak = 1768.828 ; gain = 578.125
7 Infos, 16 Warnings, 16 Critical Warnings and 0 Errors encountered.
synth_design completed successfully
synth_design: Time (s): cpu = 00:00:06 ; elapsed = 00:00:11 . Memory (MB): peak = 1768.828 ; gain = 661.387
close [ open D:/pr0414_spi_i2c/new_I2C_project/i2c_slave_B/i2c_slave_B.srcs/sources_1/new/i2c_slave_demo_top.sv w ]
add_files D:/pr0414_spi_i2c/new_I2C_project/i2c_slave_B/i2c_slave_B.srcs/sources_1/new/i2c_slave_demo_top.sv
update_compile_order -fileset sources_1
update_compile_order -fileset sources_1
refresh_design
---------------------------------------------------------------------------------
Starting RTL Elaboration : Time (s): cpu = 00:00:02 ; elapsed = 00:00:03 . Memory (MB): peak = 1830.148 ; gain = 53.113
---------------------------------------------------------------------------------
INFO: [Synth 8-6157] synthesizing module 'i2c_slave_demo_top' [D:/pr0414_spi_i2c/new_I2C_project/i2c_slave_B/i2c_slave_B.srcs/sources_1/new/i2c_slave_demo_top.sv:3]
INFO: [Synth 8-6157] synthesizing module 'i2c_slave_top' [D:/pr0414_spi_i2c/new_I2C_project/i2c_slave_B/i2c_slave_B.srcs/sources_1/new/i2c_slave_top.sv:3]
INFO: [Synth 8-6157] synthesizing module 'i2c_slave' [D:/pr0414_spi_i2c/new_I2C_project/i2c_slave_B/i2c_slave_B.srcs/sources_1/new/i2c_slave.sv:3]
INFO: [Synth 8-6155] done synthesizing module 'i2c_slave' (1#1) [D:/pr0414_spi_i2c/new_I2C_project/i2c_slave_B/i2c_slave_B.srcs/sources_1/new/i2c_slave.sv:3]
INFO: [Synth 8-6155] done synthesizing module 'i2c_slave_top' (2#1) [D:/pr0414_spi_i2c/new_I2C_project/i2c_slave_B/i2c_slave_B.srcs/sources_1/new/i2c_slave_top.sv:3]
INFO: [Synth 8-6155] done synthesizing module 'i2c_slave_demo_top' (3#1) [D:/pr0414_spi_i2c/new_I2C_project/i2c_slave_B/i2c_slave_B.srcs/sources_1/new/i2c_slave_demo_top.sv:3]
---------------------------------------------------------------------------------
Finished RTL Elaboration : Time (s): cpu = 00:00:02 ; elapsed = 00:00:03 . Memory (MB): peak = 1849.270 ; gain = 72.234
---------------------------------------------------------------------------------
---------------------------------------------------------------------------------
Start Handling Custom Attributes
---------------------------------------------------------------------------------
---------------------------------------------------------------------------------
Finished Handling Custom Attributes : Time (s): cpu = 00:00:02 ; elapsed = 00:00:03 . Memory (MB): peak = 1873.160 ; gain = 96.125
---------------------------------------------------------------------------------
---------------------------------------------------------------------------------
Finished RTL Optimization Phase 1 : Time (s): cpu = 00:00:02 ; elapsed = 00:00:03 . Memory (MB): peak = 1873.160 ; gain = 96.125
---------------------------------------------------------------------------------
Netlist sorting complete. Time (s): cpu = 00:00:00 ; elapsed = 00:00:00.002 . Memory (MB): peak = 1883.820 ; gain = 0.000
INFO: [Project 1-570] Preparing netlist for logic optimization

Processing XDC Constraints
Initializing timing engine
Parsing XDC File [D:/pr0414_spi_i2c/new_I2C_project/i2c_slave_B/i2c_slave_B.srcs/constrs_1/imports/imports/Basys-3-Master.xdc]
Finished Parsing XDC File [D:/pr0414_spi_i2c/new_I2C_project/i2c_slave_B/i2c_slave_B.srcs/constrs_1/imports/imports/Basys-3-Master.xdc]
Completed Processing XDC Constraints

refresh_design: Time (s): cpu = 00:00:04 ; elapsed = 00:00:06 . Memory (MB): peak = 1883.820 ; gain = 106.785
file mkdir D:/pr0414_spi_i2c/new_I2C_project/i2c_slave_B/i2c_slave_B.srcs/sim_1/new
set_property SOURCE_SET sources_1 [get_filesets sim_1]
close [ open D:/pr0414_spi_i2c/new_I2C_project/i2c_slave_B/i2c_slave_B.srcs/sim_1/new/tb_i2c_slave.sv w ]
add_files -fileset sim_1 D:/pr0414_spi_i2c/new_I2C_project/i2c_slave_B/i2c_slave_B.srcs/sim_1/new/tb_i2c_slave.sv
update_compile_order -fileset sim_1
set_property top tb_i2c_slave [get_filesets sim_1]
set_property top_lib xil_defaultlib [get_filesets sim_1]
update_compile_order -fileset sim_1
launch_simulation
Command: launch_simulation 
INFO: [Vivado 12-5682] Launching behavioral simulation in 'D:/pr0414_spi_i2c/new_I2C_project/i2c_slave_B/i2c_slave_B.sim/sim_1/behav/xsim'
INFO: [SIM-utils-51] Simulation object is 'sim_1'
INFO: [SIM-utils-54] Inspecting design source files for 'tb_i2c_slave' in fileset 'sim_1'...
INFO: [USF-XSim-97] Finding global include files...
INFO: [USF-XSim-98] Fetching design files from 'sim_1'...
INFO: [USF-XSim-2] XSim::Compile design
INFO: [USF-XSim-61] Executing 'COMPILE and ANALYZE' step in 'D:/pr0414_spi_i2c/new_I2C_project/i2c_slave_B/i2c_slave_B.sim/sim_1/behav/xsim'
"xvlog --incr --relax -L uvm -prj tb_i2c_slave_vlog.prj"
INFO: [VRFC 10-2263] Analyzing SystemVerilog file "D:/pr0414_spi_i2c/new_I2C_project/i2c_slave_B/i2c_slave_B.srcs/sources_1/new/i2c_slave.sv" into library xil_defaultlib
INFO: [VRFC 10-311] analyzing module i2c_slave
INFO: [VRFC 10-2263] Analyzing SystemVerilog file "D:/pr0414_spi_i2c/new_I2C_project/i2c_slave_B/i2c_slave_B.srcs/sources_1/new/i2c_slave_top.sv" into library xil_defaultlib
INFO: [VRFC 10-311] analyzing module i2c_slave_top
INFO: [VRFC 10-2263] Analyzing SystemVerilog file "D:/pr0414_spi_i2c/new_I2C_project/i2c_slave_B/i2c_slave_B.srcs/sim_1/new/tb_i2c_slave.sv" into library xil_defaultlib
INFO: [VRFC 10-311] analyzing module tb_i2c_slave
INFO: [VRFC 10-2263] Analyzing Verilog file "D:/pr0414_spi_i2c/new_I2C_project/i2c_slave_B/i2c_slave_B.sim/sim_1/behav/xsim/glbl.v" into library xil_defaultlib
INFO: [VRFC 10-311] analyzing module glbl
INFO: [USF-XSim-69] 'compile' step finished in '1' seconds
INFO: [USF-XSim-3] XSim::Elaborate design
INFO: [USF-XSim-61] Executing 'ELABORATE' step in 'D:/pr0414_spi_i2c/new_I2C_project/i2c_slave_B/i2c_slave_B.sim/sim_1/behav/xsim'
"xelab -wto a6c501725c8d4a088f03b70b44100fef --incr --debug typical --relax --mt 2 -L xil_defaultlib -L uvm -L unisims_ver -L unimacro_ver -L secureip --snapshot tb_i2c_slave_behav xil_defaultlib.tb_i2c_slave xil_defaultlib.glbl -log elaborate.log"
Vivado Simulator 2020.2
Copyright 1986-1999, 2001-2020 Xilinx, Inc. All Rights Reserved.
Running: C:/Xilinx/Vivado/2020.2/bin/unwrapped/win64.o/xelab.exe -wto a6c501725c8d4a088f03b70b44100fef --incr --debug typical --relax --mt 2 -L xil_defaultlib -L uvm -L unisims_ver -L unimacro_ver -L secureip --snapshot tb_i2c_slave_behav xil_defaultlib.tb_i2c_slave xil_defaultlib.glbl -log elaborate.log 
Using 2 slave threads.
Starting static elaboration
Pass Through NonSizing Optimizer
Completed static elaboration
Starting simulation data flow analysis
Completed simulation data flow analysis
Time Resolution for simulation is 1ps
Compiling module xil_defaultlib.i2c_slave
Compiling module xil_defaultlib.i2c_slave_top
Compiling module xil_defaultlib.tb_i2c_slave
Compiling module xil_defaultlib.glbl
Built simulation snapshot tb_i2c_slave_behav

****** Webtalk v2020.2 (64-bit)
  **** SW Build 3064766 on Wed Nov 18 09:12:45 MST 2020
  **** IP Build 3064653 on Wed Nov 18 14:17:31 MST 2020
    ** Copyright 1986-2020 Xilinx, Inc. All Rights Reserved.

source D:/pr0414_spi_i2c/new_I2C_project/i2c_slave_B/i2c_slave_B.sim/sim_1/behav/xsim/xsim.dir/tb_i2c_slave_behav/webtalk/xsim_webtalk.tcl -notrace
INFO: [Common 17-206] Exiting Webtalk at Thu Apr 16 18:25:15 2026...
INFO: [USF-XSim-69] 'elaborate' step finished in '4' seconds
INFO: [USF-XSim-4] XSim::Simulate design
INFO: [USF-XSim-61] Executing 'SIMULATE' step in 'D:/pr0414_spi_i2c/new_I2C_project/i2c_slave_B/i2c_slave_B.sim/sim_1/behav/xsim'
INFO: [USF-XSim-98] *** Running xsim
   with args "tb_i2c_slave_behav -key {Behavioral:sim_1:Functional:tb_i2c_slave} -tclbatch {tb_i2c_slave.tcl} -log {simulate.log}"
INFO: [USF-XSim-8] Loading simulator feature
Vivado Simulator 2020.2
Time resolution is 1 ps
source tb_i2c_slave.tcl
# set curr_wave [current_wave_config]
# if { [string length $curr_wave] == 0 } {
#   if { [llength [get_objects]] > 0} {
#     add_wave /
#     set_property needs_save false [current_wave_config]
#   } else {
#      send_msg_id Add_Wave-1 WARNING "No top level signals found. Simulator will start without a wave window. If you want to open a wave window go to 'File->New Waveform Configuration' or type 'create_wave_config' in the TCL console."
#   }
# }
# run 1000ns
INFO: [USF-XSim-96] XSim completed. Design snapshot 'tb_i2c_slave_behav' loaded.
INFO: [USF-XSim-97] XSim simulation ran for 1000ns
launch_simulation: Time (s): cpu = 00:00:01 ; elapsed = 00:00:07 . Memory (MB): peak = 1883.820 ; gain = 0.000
run all
$stop called at time : 83835 ns : File "D:/pr0414_spi_i2c/new_I2C_project/i2c_slave_B/i2c_slave_B.srcs/sim_1/new/tb_i2c_slave.sv" Line 80
launch_runs impl_1 -to_step write_bitstream -jobs 8
[Thu Apr 16 18:27:20 2026] Launched synth_1...
Run output will be captured here: D:/pr0414_spi_i2c/new_I2C_project/i2c_slave_B/i2c_slave_B.runs/synth_1/runme.log
[Thu Apr 16 18:27:20 2026] Launched impl_1...
Run output will be captured here: D:/pr0414_spi_i2c/new_I2C_project/i2c_slave_B/i2c_slave_B.runs/impl_1/runme.log
open_hw_manager
connect_hw_server -allow_non_jtag
INFO: [Labtools 27-2285] Connecting to hw_server url TCP:localhost:3121
INFO: [Labtools 27-2222] Launching hw_server...
INFO: [Labtools 27-2221] Launch Output:

****** Xilinx hw_server v2020.2
  **** Build date : Nov 18 2020 at 10:01:48
    ** Copyright 1986-2020 Xilinx, Inc. All Rights Reserved.


INFO: [Labtools 27-3415] Connecting to cs_server url TCP:localhost:3042
INFO: [Labtools 27-3417] Launching cs_server...
INFO: [Labtools 27-2221] Launch Output:


******** Xilinx cs_server v2020.2
  ****** Build date   : Nov 04 2020-06:02:56
    **** Build number : 2020.2.1604437376
      ** Copyright 2017-2020 Xilinx, Inc. All Rights Reserved.



connect_hw_server: Time (s): cpu = 00:00:00 ; elapsed = 00:00:07 . Memory (MB): peak = 1909.906 ; gain = 0.000
open_hw_target
INFO: [Labtoolstcl 44-466] Opening hw_target localhost:3121/xilinx_tcf/Digilent/210183B31B5EA
set_property PROGRAM.FILE {D:/pr0414_spi_i2c/new_I2C_project/i2c_slave_B/i2c_slave_B.runs/impl_1/i2c_slave_demo_top.bit} [get_hw_devices xc7a35t_0]
current_hw_device [get_hw_devices xc7a35t_0]
refresh_hw_device -update_hw_probes false [lindex [get_hw_devices xc7a35t_0] 0]
INFO: [Labtools 27-1434] Device xc7a35t (JTAG device index = 0) is programmed with a design that has no supported debug core(s) in it.
set_property PROBES.FILE {} [get_hw_devices xc7a35t_0]
set_property FULL_PROBES.FILE {} [get_hw_devices xc7a35t_0]
set_property PROGRAM.FILE {D:/pr0414_spi_i2c/new_I2C_project/i2c_slave_B/i2c_slave_B.runs/impl_1/i2c_slave_demo_top.bit} [get_hw_devices xc7a35t_0]
program_hw_devices [get_hw_devices xc7a35t_0]
INFO: [Labtools 27-3164] End of startup status: HIGH
refresh_hw_device [lindex [get_hw_devices xc7a35t_0] 0]
INFO: [Labtools 27-1434] Device xc7a35t (JTAG device index = 0) is programmed with a design that has no supported debug core(s) in it.
