#-----------------------------------------------------------
# Vivado v2020.2 (64-bit)
# SW Build 3064766 on Wed Nov 18 09:12:45 MST 2020
# IP Build 3064653 on Wed Nov 18 14:17:31 MST 2020
# Start of session at: Fri Apr 17 09:42:43 2026
# Process ID: 6676
# Current directory: D:/pr0414_spi_i2c/new_I2C_project/i2c_slave_B/i2c_slave_B
# Command line: vivado.exe -gui_launcher_event rodinguilauncherevent10764 D:\pr0414_spi_i2c\new_I2C_project\i2c_slave_B\i2c_slave_B\i2c_slave_B.xpr
# Log file: D:/pr0414_spi_i2c/new_I2C_project/i2c_slave_B/i2c_slave_B/vivado.log
# Journal file: D:/pr0414_spi_i2c/new_I2C_project/i2c_slave_B/i2c_slave_B\vivado.jou
#-----------------------------------------------------------
start_gui
open_project D:/pr0414_spi_i2c/new_I2C_project/i2c_slave_B/i2c_slave_B/i2c_slave_B.xpr
INFO: [Project 1-313] Project file moved from 'C:/ondeviceAI/spi_i2c_project/i2c_slave_B/i2c_slave_B' since last save.
WARNING: [filemgmt 56-2] Default IP Output Path : Could not find the directory 'D:/pr0414_spi_i2c/new_I2C_project/i2c_slave_B/i2c_slave_B/i2c_slave_B.gen/sources_1', nor could it be found using path 'C:/ondeviceAI/spi_i2c_project/i2c_slave_B/i2c_slave_B/i2c_slave_B.gen/sources_1'.
Scanning sources...
Finished scanning sources
INFO: [IP_Flow 19-234] Refreshing IP repositories
INFO: [IP_Flow 19-1704] No user IP repositories specified
INFO: [IP_Flow 19-2313] Loaded Vivado IP repository 'C:/Xilinx/Vivado/2020.2/data/ip'.
update_compile_order -fileset sources_1
synth_design -rtl -rtl_skip_mlo -name rtl_1
Command: synth_design -rtl -rtl_skip_mlo -name rtl_1
Starting synth_design
Using part: xc7a35tcpg236-1
Top: i2c_slave_demo_top
INFO: [Device 21-403] Loading part xc7a35tcpg236-1
---------------------------------------------------------------------------------
Starting RTL Elaboration : Time (s): cpu = 00:00:02 ; elapsed = 00:00:03 . Memory (MB): peak = 1448.379 ; gain = 248.031
---------------------------------------------------------------------------------
INFO: [Synth 8-6157] synthesizing module 'i2c_slave_demo_top' [D:/pr0414_spi_i2c/new_I2C_project/i2c_slave_B/i2c_slave_B/i2c_slave_B.srcs/sources_1/new/i2c_slave_demo_top.sv:3]
INFO: [Synth 8-6157] synthesizing module 'i2c_slave_top' [D:/pr0414_spi_i2c/new_I2C_project/i2c_slave_B/i2c_slave_B/i2c_slave_B.srcs/sources_1/new/i2c_slave_top.sv:3]
INFO: [Synth 8-6157] synthesizing module 'i2c_slave' [D:/pr0414_spi_i2c/new_I2C_project/i2c_slave_B/i2c_slave_B/i2c_slave_B.srcs/sources_1/new/i2c_slave.sv:3]
INFO: [Synth 8-6155] done synthesizing module 'i2c_slave' (1#1) [D:/pr0414_spi_i2c/new_I2C_project/i2c_slave_B/i2c_slave_B/i2c_slave_B.srcs/sources_1/new/i2c_slave.sv:3]
INFO: [Synth 8-6155] done synthesizing module 'i2c_slave_top' (2#1) [D:/pr0414_spi_i2c/new_I2C_project/i2c_slave_B/i2c_slave_B/i2c_slave_B.srcs/sources_1/new/i2c_slave_top.sv:3]
INFO: [Synth 8-6155] done synthesizing module 'i2c_slave_demo_top' (3#1) [D:/pr0414_spi_i2c/new_I2C_project/i2c_slave_B/i2c_slave_B/i2c_slave_B.srcs/sources_1/new/i2c_slave_demo_top.sv:3]
---------------------------------------------------------------------------------
Finished RTL Elaboration : Time (s): cpu = 00:00:03 ; elapsed = 00:00:04 . Memory (MB): peak = 1505.105 ; gain = 304.758
---------------------------------------------------------------------------------
---------------------------------------------------------------------------------
Start Handling Custom Attributes
---------------------------------------------------------------------------------
---------------------------------------------------------------------------------
Finished Handling Custom Attributes : Time (s): cpu = 00:00:03 ; elapsed = 00:00:05 . Memory (MB): peak = 1505.105 ; gain = 304.758
---------------------------------------------------------------------------------
---------------------------------------------------------------------------------
Finished RTL Optimization Phase 1 : Time (s): cpu = 00:00:03 ; elapsed = 00:00:05 . Memory (MB): peak = 1505.105 ; gain = 304.758
---------------------------------------------------------------------------------
Netlist sorting complete. Time (s): cpu = 00:00:00 ; elapsed = 00:00:00.002 . Memory (MB): peak = 1505.105 ; gain = 0.000
INFO: [Project 1-570] Preparing netlist for logic optimization

Processing XDC Constraints
Initializing timing engine
Parsing XDC File [D:/pr0414_spi_i2c/new_I2C_project/i2c_slave_B/i2c_slave_B/i2c_slave_B.srcs/constrs_1/imports/imports/Basys-3-Master.xdc]
Finished Parsing XDC File [D:/pr0414_spi_i2c/new_I2C_project/i2c_slave_B/i2c_slave_B/i2c_slave_B.srcs/constrs_1/imports/imports/Basys-3-Master.xdc]
Completed Processing XDC Constraints

Netlist sorting complete. Time (s): cpu = 00:00:00 ; elapsed = 00:00:00 . Memory (MB): peak = 1610.922 ; gain = 0.000
INFO: [Project 1-111] Unisim Transformation Summary:
No Unisim elements were transformed.

RTL Elaboration Complete:  : Time (s): cpu = 00:00:06 ; elapsed = 00:00:08 . Memory (MB): peak = 1757.125 ; gain = 556.777
9 Infos, 0 Warnings, 0 Critical Warnings and 0 Errors encountered.
synth_design completed successfully
synth_design: Time (s): cpu = 00:00:09 ; elapsed = 00:00:13 . Memory (MB): peak = 1757.125 ; gain = 651.918
exit
INFO: [Common 17-206] Exiting Vivado at Fri Apr 17 11:25:48 2026...
