#-----------------------------------------------------------
# Vivado v2020.2 (64-bit)
# SW Build 3064766 on Wed Nov 18 09:12:45 MST 2020
# IP Build 3064653 on Wed Nov 18 14:17:31 MST 2020
# Start of session at: Thu Apr 16 16:48:21 2026
# Process ID: 6104
# Current directory: D:/pr0414_spi_i2c/I2C/i2c_slave_B
# Command line: vivado.exe -gui_launcher_event rodinguilauncherevent13004 D:\pr0414_spi_i2c\I2C\i2c_slave_B\i2c_slave_B.xpr
# Log file: D:/pr0414_spi_i2c/I2C/i2c_slave_B/vivado.log
# Journal file: D:/pr0414_spi_i2c/I2C/i2c_slave_B\vivado.jou
#-----------------------------------------------------------
start_gui
open_project D:/pr0414_spi_i2c/I2C/i2c_slave_B/i2c_slave_B.xpr
INFO: [Project 1-313] Project file moved from 'D:/pr0414_spi/i2c_slave_B' since last save.
WARNING: [filemgmt 56-2] Default IP Output Path : Could not find the directory 'D:/pr0414_spi_i2c/I2C/i2c_slave_B/i2c_slave_B.gen/sources_1', nor could it be found using path 'D:/pr0414_spi/i2c_slave_B/i2c_slave_B.gen/sources_1'.
Scanning sources...
Finished scanning sources
INFO: [IP_Flow 19-234] Refreshing IP repositories
INFO: [IP_Flow 19-1704] No user IP repositories specified
INFO: [IP_Flow 19-2313] Loaded Vivado IP repository 'C:/Xilinx/Vivado/2020.2/data/ip'.
file mkdir D:/pr0414_spi_i2c/I2C/i2c_slave_B/i2c_slave_B.srcs/constrs_1
file mkdir D:/pr0414_spi_i2c/I2C/i2c_slave_B/i2c_slave_B.srcs/sources_1/new
close [ open D:/pr0414_spi_i2c/I2C/i2c_slave_B/i2c_slave_B.srcs/sources_1/new/i2c_slave.sv w ]
add_files D:/pr0414_spi_i2c/I2C/i2c_slave_B/i2c_slave_B.srcs/sources_1/new/i2c_slave.sv
update_compile_order -fileset sources_1
import_files -norecurse D:/pr0414_spi_i2c/SPI/spi_master_A/spi_master_A.srcs/sources_1/new/button_debounce.sv
update_compile_order -fileset sources_1
add_files -fileset constrs_1 -norecurse D:/pr0414_spi_i2c/20260415_I2C/20260415_I2C.srcs/constrs_1/imports/Basys-3-Master.xdc
import_files -fileset constrs_1 D:/pr0414_spi_i2c/20260415_I2C/20260415_I2C.srcs/constrs_1/imports/Basys-3-Master.xdc
export_ip_user_files -of_objects  [get_files D:/pr0414_spi_i2c/I2C/i2c_slave_B/i2c_slave_B.srcs/sources_1/imports/new/button_debounce.sv] -no_script -reset -force -quiet
remove_files  D:/pr0414_spi_i2c/I2C/i2c_slave_B/i2c_slave_B.srcs/sources_1/imports/new/button_debounce.sv
exit
INFO: [Common 17-206] Exiting Vivado at Thu Apr 16 18:02:11 2026...
