#-----------------------------------------------------------
# Vivado v2020.2 (64-bit)
# SW Build 3064766 on Wed Nov 18 09:12:45 MST 2020
# IP Build 3064653 on Wed Nov 18 14:17:31 MST 2020
# Start of session at: Wed May  6 09:34:21 2026
# Process ID: 37596
# Current directory: D:/pr0503_microblaze_axi_spi_i2c/newmicroblaze_spi
# Command line: vivado.exe -gui_launcher_event rodinguilauncherevent33364 D:\pr0503_microblaze_axi_spi_i2c\newmicroblaze_spi\newmicroblaze_spi.xpr
# Log file: D:/pr0503_microblaze_axi_spi_i2c/newmicroblaze_spi/vivado.log
# Journal file: D:/pr0503_microblaze_axi_spi_i2c/newmicroblaze_spi\vivado.jou
#-----------------------------------------------------------
start_gui
open_project D:/pr0503_microblaze_axi_spi_i2c/newmicroblaze_spi/newmicroblaze_spi.xpr
Scanning sources...
Finished scanning sources
INFO: [IP_Flow 19-234] Refreshing IP repositories
INFO: [IP_Flow 19-1700] Loaded user IP repository 'd:/pr0503_microblaze_axi_spi_i2c/ip_repo'.
INFO: [IP_Flow 19-2313] Loaded Vivado IP repository 'C:/Xilinx/Vivado/2020.2/data/ip'.
open_project: Time (s): cpu = 00:00:02 ; elapsed = 00:00:07 . Memory (MB): peak = 1103.770 ; gain = 0.000
update_compile_order -fileset sources_1
exit
INFO: [Common 17-206] Exiting Vivado at Wed May  6 09:36:33 2026...
