
*** Running vivado
    with args -log i2c_demo_top.vds -m64 -product Vivado -mode batch -messageDb vivado.pb -notrace -source i2c_demo_top.tcl



****** Vivado v2020.2 (64-bit)
  **** SW Build 3064766 on Wed Nov 18 09:12:45 MST 2020
  **** IP Build 3064653 on Wed Nov 18 14:17:31 MST 2020
    ** Copyright 1986-2020 Xilinx, Inc. All Rights Reserved.

source i2c_demo_top.tcl -notrace
Command: synth_design -top i2c_demo_top -part xc7a35tcpg236-1
Starting synth_design
Attempting to get a license for feature 'Synthesis' and/or device 'xc7a35t'
INFO: [Common 17-349] Got license for feature 'Synthesis' and/or device 'xc7a35t'
INFO: [Device 21-403] Loading part xc7a35tcpg236-1
INFO: [Synth 8-7079] Multithreading enabled for synth_design using a maximum of 2 processes.
INFO: [Synth 8-7078] Launching helper process for spawning children vivado processes
INFO: [Synth 8-7075] Helper process launched with PID 18328
---------------------------------------------------------------------------------
Starting RTL Elaboration : Time (s): cpu = 00:00:02 ; elapsed = 00:00:03 . Memory (MB): peak = 1105.574 ; gain = 0.000
---------------------------------------------------------------------------------
INFO: [Synth 8-6157] synthesizing module 'i2c_demo_top' [D:/pr0414_spi_i2c/new_I2C_project/i2c_master_A/20260415_I2C/20260415_I2C.srcs/sources_1/new/i2c_demo_top.sv:3]
	Parameter SLA_W bound to: 8'b00100100 
	Parameter SLA_R bound to: 8'b00100101 
INFO: [Synth 8-6157] synthesizing module 'button_debounce' [D:/pr0414_spi_i2c/new_I2C_project/i2c_master_A/20260415_I2C/20260415_I2C.srcs/sources_1/imports/new/button_debounce.sv:3]
	Parameter DEBOUNCE_CNT bound to: 20'b11110100001001000000 
INFO: [Synth 8-6155] done synthesizing module 'button_debounce' (1#1) [D:/pr0414_spi_i2c/new_I2C_project/i2c_master_A/20260415_I2C/20260415_I2C.srcs/sources_1/imports/new/button_debounce.sv:3]
INFO: [Synth 8-6157] synthesizing module 'i2c_master_top' [D:/pr0414_spi_i2c/new_I2C_project/i2c_master_A/20260415_I2C/20260415_I2C.srcs/sources_1/new/i2c_master.sv:2]
INFO: [Synth 8-6157] synthesizing module 'i2c_master' [D:/pr0414_spi_i2c/new_I2C_project/i2c_master_A/20260415_I2C/20260415_I2C.srcs/sources_1/new/i2c_master.sv:35]

*** Running vivado
    with args -log i2c_demo_top.vds -m64 -product Vivado -mode batch -messageDb vivado.pb -notrace -source i2c_demo_top.tcl



****** Vivado v2020.2 (64-bit)
  **** SW Build 3064766 on Wed Nov 18 09:12:45 MST 2020
  **** IP Build 3064653 on Wed Nov 18 14:17:31 MST 2020
    ** Copyright 1986-2020 Xilinx, Inc. All Rights Reserved.

source i2c_demo_top.tcl -notrace
Command: synth_design -top i2c_demo_top -part xc7a35tcpg236-1
Starting synth_design
Attempting to get a license for feature 'Synthesis' and/or device 'xc7a35t'
INFO: [Common 17-349] Got license for feature 'Synthesis' and/or device 'xc7a35t'
INFO: [Device 21-403] Loading part xc7a35tcpg236-1
INFO: [Synth 8-7079] Multithreading enabled for synth_design using a maximum of 2 processes.
INFO: [Synth 8-7078] Launching helper process for spawning children vivado processes
INFO: [Synth 8-7075] Helper process launched with PID 14464
---------------------------------------------------------------------------------
Starting RTL Elaboration : Time (s): cpu = 00:00:02 ; elapsed = 00:00:03 . Memory (MB): peak = 1103.188 ; gain = 0.000
---------------------------------------------------------------------------------
INFO: [Synth 8-6157] synthesizing module 'i2c_demo_top' [D:/pr0414_spi_i2c/new_I2C_project/i2c_master_A/20260415_I2C/20260415_I2C.srcs/sources_1/new/i2c_demo_top.sv:3]
	Parameter SLA_W bound to: 8'b00100100 
	Parameter SLA_R bound to: 8'b00100101 
INFO: [Synth 8-6157] synthesizing module 'button_debounce' [D:/pr0414_spi_i2c/new_I2C_project/i2c_master_A/20260415_I2C/20260415_I2C.srcs/sources_1/imports/new/button_debounce.sv:3]
	Parameter DEBOUNCE_CNT bound to: 20'b11110100001001000000 
INFO: [Synth 8-6155] done synthesizing module 'button_debounce' (1#1) [D:/pr0414_spi_i2c/new_I2C_project/i2c_master_A/20260415_I2C/20260415_I2C.srcs/sources_1/imports/new/button_debounce.sv:3]
INFO: [Synth 8-6157] synthesizing module 'i2c_master_top' [D:/pr0414_spi_i2c/new_I2C_project/i2c_master_A/20260415_I2C/20260415_I2C.srcs/sources_1/new/i2c_master.sv:2]
INFO: [Synth 8-6157] synthesizing module 'i2c_master' [D:/pr0414_spi_i2c/new_I2C_project/i2c_master_A/20260415_I2C/20260415_I2C.srcs/sources_1/new/i2c_master.sv:35]
INFO: [Synth 8-6155] done synthesizing module 'i2c_master' (2#1) [D:/pr0414_spi_i2c/new_I2C_project/i2c_master_A/20260415_I2C/20260415_I2C.srcs/sources_1/new/i2c_master.sv:35]
INFO: [Synth 8-6155] done synthesizing module 'i2c_master_top' (3#1) [D:/pr0414_spi_i2c/new_I2C_project/i2c_master_A/20260415_I2C/20260415_I2C.srcs/sources_1/new/i2c_master.sv:2]
INFO: [Synth 8-6155] done synthesizing module 'i2c_demo_top' (4#1) [D:/pr0414_spi_i2c/new_I2C_project/i2c_master_A/20260415_I2C/20260415_I2C.srcs/sources_1/new/i2c_demo_top.sv:3]
---------------------------------------------------------------------------------
Finished RTL Elaboration : Time (s): cpu = 00:00:03 ; elapsed = 00:00:04 . Memory (MB): peak = 1103.188 ; gain = 0.000
---------------------------------------------------------------------------------
---------------------------------------------------------------------------------
Start Handling Custom Attributes
---------------------------------------------------------------------------------
---------------------------------------------------------------------------------
Finished Handling Custom Attributes : Time (s): cpu = 00:00:03 ; elapsed = 00:00:04 . Memory (MB): peak = 1103.188 ; gain = 0.000
---------------------------------------------------------------------------------
---------------------------------------------------------------------------------
Finished RTL Optimization Phase 1 : Time (s): cpu = 00:00:03 ; elapsed = 00:00:04 . Memory (MB): peak = 1103.188 ; gain = 0.000
---------------------------------------------------------------------------------
Netlist sorting complete. Time (s): cpu = 00:00:00 ; elapsed = 00:00:00.002 . Memory (MB): peak = 1103.188 ; gain = 0.000
INFO: [Project 1-570] Preparing netlist for logic optimization

Processing XDC Constraints
Initializing timing engine
Parsing XDC File [D:/pr0414_spi_i2c/new_I2C_project/i2c_master_A/20260415_I2C/20260415_I2C.srcs/constrs_1/imports/Basys-3-Master.xdc]
Finished Parsing XDC File [D:/pr0414_spi_i2c/new_I2C_project/i2c_master_A/20260415_I2C/20260415_I2C.srcs/constrs_1/imports/Basys-3-Master.xdc]
INFO: [Project 1-236] Implementation specific constraints were found while reading constraint file [D:/pr0414_spi_i2c/new_I2C_project/i2c_master_A/20260415_I2C/20260415_I2C.srcs/constrs_1/imports/Basys-3-Master.xdc]. These constraints will be ignored for synthesis but will be used in implementation. Impacted constraints are listed in the file [.Xil/i2c_demo_top_propImpl.xdc].
Resolution: To avoid this warning, move constraints listed in [.Xil/i2c_demo_top_propImpl.xdc] to another XDC file and exclude this new file from synthesis with the used_in_synthesis property (File Properties dialog in GUI) and re-run elaboration/synthesis.
Completed Processing XDC Constraints

Netlist sorting complete. Time (s): cpu = 00:00:00 ; elapsed = 00:00:00.001 . Memory (MB): peak = 1169.262 ; gain = 0.000
INFO: [Project 1-111] Unisim Transformation Summary:
No Unisim elements were transformed.

Constraint Validation Runtime : Time (s): cpu = 00:00:00 ; elapsed = 00:00:00.004 . Memory (MB): peak = 1169.262 ; gain = 0.000
---------------------------------------------------------------------------------
Finished Constraint Validation : Time (s): cpu = 00:00:05 ; elapsed = 00:00:08 . Memory (MB): peak = 1169.262 ; gain = 66.074
---------------------------------------------------------------------------------
---------------------------------------------------------------------------------
Start Loading Part and Timing Information
---------------------------------------------------------------------------------
Loading part: xc7a35tcpg236-1
---------------------------------------------------------------------------------
Finished Loading Part and Timing Information : Time (s): cpu = 00:00:05 ; elapsed = 00:00:08 . Memory (MB): peak = 1169.262 ; gain = 66.074
---------------------------------------------------------------------------------
---------------------------------------------------------------------------------
Start Applying 'set_property' XDC Constraints
---------------------------------------------------------------------------------
---------------------------------------------------------------------------------
Finished applying 'set_property' XDC Constraints : Time (s): cpu = 00:00:05 ; elapsed = 00:00:08 . Memory (MB): peak = 1169.262 ; gain = 66.074
---------------------------------------------------------------------------------
INFO: [Synth 8-802] inferred FSM for state register 'state_reg' in module 'i2c_master'
INFO: [Synth 8-802] inferred FSM for state register 'state_reg' in module 'i2c_demo_top'
---------------------------------------------------------------------------------------------------
                   State |                     New Encoding |                Previous Encoding 
---------------------------------------------------------------------------------------------------
                    IDLE |                              000 |                              000
                   START |                              001 |                              001
                WAIT_CMD |                              010 |                              010
                    DATA |                              011 |                              011
                DATA_ACK |                              100 |                              100
                    STOP |                              101 |                              101
---------------------------------------------------------------------------------------------------
INFO: [Synth 8-3354] encoded FSM with state register 'state_reg' using encoding 'sequential' in module 'i2c_master'
---------------------------------------------------------------------------------------------------
                   State |                     New Encoding |                Previous Encoding 
---------------------------------------------------------------------------------------------------
                    IDLE |                              000 |                             0000
                  START1 |                              001 |                             0001
                  ADDR_R |                              010 |                             0101
                    READ |                              011 |                             0110
                  ADDR_W |                              100 |                             0010
                   WRITE |                              101 |                             0011
                   STOP1 |                              110 |                             0100
                   STOP2 |                              111 |                             0111
---------------------------------------------------------------------------------------------------
INFO: [Synth 8-3354] encoded FSM with state register 'state_reg' using encoding 'sequential' in module 'i2c_demo_top'
---------------------------------------------------------------------------------
Finished RTL Optimization Phase 2 : Time (s): cpu = 00:00:05 ; elapsed = 00:00:09 . Memory (MB): peak = 1169.262 ; gain = 66.074
---------------------------------------------------------------------------------
---------------------------------------------------------------------------------
Start RTL Component Statistics 
---------------------------------------------------------------------------------
Detailed RTL Component Info : 
+---Adders : 
	   2 Input   20 Bit       Adders := 1     
	   2 Input    8 Bit       Adders := 1     
	   2 Input    3 Bit       Adders := 1     
+---Registers : 
	               20 Bit    Registers := 1     
	                8 Bit    Registers := 6     
	                3 Bit    Registers := 1     
	                2 Bit    Registers := 2     
	                1 Bit    Registers := 14    
+---Muxes : 
	   2 Input   20 Bit        Muxes := 2     
	   2 Input    8 Bit        Muxes := 1     
	   6 Input    8 Bit        Muxes := 2     
	   8 Input    8 Bit        Muxes := 1     
	   6 Input    3 Bit        Muxes := 2     
	   2 Input    3 Bit        Muxes := 7     
	   8 Input    3 Bit        Muxes := 1     
	   4 Input    2 Bit        Muxes := 1     
	   6 Input    2 Bit        Muxes := 1     
	   4 Input    1 Bit        Muxes := 11    
	   2 Input    1 Bit        Muxes := 9     
	   5 Input    1 Bit        Muxes := 2     
	   6 Input    1 Bit        Muxes := 14    
	   8 Input    1 Bit        Muxes := 7     
---------------------------------------------------------------------------------
Finished RTL Component Statistics 
---------------------------------------------------------------------------------
---------------------------------------------------------------------------------
Start Part Resource Summary
---------------------------------------------------------------------------------
Part Resources:
DSPs: 90 (col length:60)
BRAMs: 100 (col length: RAMB18 60 RAMB36 30)
---------------------------------------------------------------------------------
Finished Part Resource Summary
---------------------------------------------------------------------------------
---------------------------------------------------------------------------------
Start Cross Boundary and Area Optimization
---------------------------------------------------------------------------------
---------------------------------------------------------------------------------
Finished Cross Boundary and Area Optimization : Time (s): cpu = 00:00:06 ; elapsed = 00:00:10 . Memory (MB): peak = 1169.262 ; gain = 66.074
---------------------------------------------------------------------------------
---------------------------------------------------------------------------------
Start Applying XDC Timing Constraints
---------------------------------------------------------------------------------
---------------------------------------------------------------------------------
Finished Applying XDC Timing Constraints : Time (s): cpu = 00:00:08 ; elapsed = 00:00:14 . Memory (MB): peak = 1169.262 ; gain = 66.074
---------------------------------------------------------------------------------
---------------------------------------------------------------------------------
Start Timing Optimization
---------------------------------------------------------------------------------
---------------------------------------------------------------------------------
Finished Timing Optimization : Time (s): cpu = 00:00:08 ; elapsed = 00:00:14 . Memory (MB): peak = 1172.523 ; gain = 69.336
---------------------------------------------------------------------------------
---------------------------------------------------------------------------------
Start Technology Mapping
---------------------------------------------------------------------------------
---------------------------------------------------------------------------------
Finished Technology Mapping : Time (s): cpu = 00:00:09 ; elapsed = 00:00:14 . Memory (MB): peak = 1173.305 ; gain = 70.117
---------------------------------------------------------------------------------
---------------------------------------------------------------------------------
Start IO Insertion
---------------------------------------------------------------------------------
---------------------------------------------------------------------------------
Start Flattening Before IO Insertion
---------------------------------------------------------------------------------
---------------------------------------------------------------------------------
Finished Flattening Before IO Insertion
---------------------------------------------------------------------------------
---------------------------------------------------------------------------------
Start Final Netlist Cleanup
---------------------------------------------------------------------------------
---------------------------------------------------------------------------------
Finished Final Netlist Cleanup
---------------------------------------------------------------------------------
---------------------------------------------------------------------------------
Finished IO Insertion : Time (s): cpu = 00:00:10 ; elapsed = 00:00:16 . Memory (MB): peak = 1180.082 ; gain = 76.895
---------------------------------------------------------------------------------
---------------------------------------------------------------------------------
Start Renaming Generated Instances
---------------------------------------------------------------------------------
---------------------------------------------------------------------------------
Finished Renaming Generated Instances : Time (s): cpu = 00:00:10 ; elapsed = 00:00:16 . Memory (MB): peak = 1180.082 ; gain = 76.895
---------------------------------------------------------------------------------
---------------------------------------------------------------------------------
Start Rebuilding User Hierarchy
---------------------------------------------------------------------------------
---------------------------------------------------------------------------------
Finished Rebuilding User Hierarchy : Time (s): cpu = 00:00:10 ; elapsed = 00:00:16 . Memory (MB): peak = 1180.082 ; gain = 76.895
---------------------------------------------------------------------------------
---------------------------------------------------------------------------------
Start Renaming Generated Ports
---------------------------------------------------------------------------------
---------------------------------------------------------------------------------
Finished Renaming Generated Ports : Time (s): cpu = 00:00:10 ; elapsed = 00:00:16 . Memory (MB): peak = 1180.082 ; gain = 76.895
---------------------------------------------------------------------------------
---------------------------------------------------------------------------------
Start Handling Custom Attributes
---------------------------------------------------------------------------------
---------------------------------------------------------------------------------
Finished Handling Custom Attributes : Time (s): cpu = 00:00:10 ; elapsed = 00:00:16 . Memory (MB): peak = 1180.082 ; gain = 76.895
---------------------------------------------------------------------------------
---------------------------------------------------------------------------------
Start Renaming Generated Nets
---------------------------------------------------------------------------------
---------------------------------------------------------------------------------
Finished Renaming Generated Nets : Time (s): cpu = 00:00:10 ; elapsed = 00:00:16 . Memory (MB): peak = 1180.082 ; gain = 76.895
---------------------------------------------------------------------------------
---------------------------------------------------------------------------------
Start Writing Synthesis Report
---------------------------------------------------------------------------------

Report BlackBoxes: 
+-+--------------+----------+
| |BlackBox name |Instances |
+-+--------------+----------+
+-+--------------+----------+

Report Cell Usage: 
+------+-------+------+
|      |Cell   |Count |
+------+-------+------+
|1     |BUFG   |     1|
|2     |CARRY4 |     5|
|3     |LUT1   |     2|
|4     |LUT2   |    13|
|5     |LUT3   |    17|
|6     |LUT4   |    37|
|7     |LUT5   |    14|
|8     |LUT6   |    24|
|9     |FDCE   |    83|
|10    |FDPE   |     2|
|11    |FDRE   |     9|
|12    |IBUF   |    12|
|13    |IOBUF  |     1|
|14    |OBUF   |     9|
+------+-------+------+
---------------------------------------------------------------------------------
Finished Writing Synthesis Report : Time (s): cpu = 00:00:10 ; elapsed = 00:00:16 . Memory (MB): peak = 1180.082 ; gain = 76.895
---------------------------------------------------------------------------------
Synthesis finished with 0 errors, 0 critical warnings and 0 warnings.
Synthesis Optimization Runtime : Time (s): cpu = 00:00:06 ; elapsed = 00:00:15 . Memory (MB): peak = 1180.082 ; gain = 10.820
Synthesis Optimization Complete : Time (s): cpu = 00:00:10 ; elapsed = 00:00:16 . Memory (MB): peak = 1180.082 ; gain = 76.895
INFO: [Project 1-571] Translating synthesized netlist
Netlist sorting complete. Time (s): cpu = 00:00:00 ; elapsed = 00:00:00.001 . Memory (MB): peak = 1192.180 ; gain = 0.000
INFO: [Netlist 29-17] Analyzing 6 Unisim elements for replacement
INFO: [Netlist 29-28] Unisim Transformation completed in 0 CPU seconds
INFO: [Project 1-570] Preparing netlist for logic optimization
INFO: [Opt 31-138] Pushed 0 inverter(s) to 0 load pin(s).
Netlist sorting complete. Time (s): cpu = 00:00:00 ; elapsed = 00:00:00 . Memory (MB): peak = 1192.180 ; gain = 0.000
INFO: [Project 1-111] Unisim Transformation Summary:
  A total of 1 instances were transformed.
  IOBUF => IOBUF (IBUF, OBUFT): 1 instance 

INFO: [Common 17-83] Releasing license: Synthesis
27 Infos, 0 Warnings, 0 Critical Warnings and 0 Errors encountered.
synth_design completed successfully
synth_design: Time (s): cpu = 00:00:11 ; elapsed = 00:00:21 . Memory (MB): peak = 1192.180 ; gain = 88.992
INFO: [Common 17-1381] The checkpoint 'D:/pr0414_spi_i2c/new_I2C_project/i2c_master_A/20260415_I2C/20260415_I2C.runs/synth_1/i2c_demo_top.dcp' has been generated.
INFO: [runtcl-4] Executing : report_utilization -file i2c_demo_top_utilization_synth.rpt -pb i2c_demo_top_utilization_synth.pb
INFO: [Common 17-206] Exiting Vivado at Sat Apr 18 15:26:59 2026...
