#-----------------------------------------------------------
# Vivado v2020.2 (64-bit)
# SW Build 3064766 on Wed Nov 18 09:12:45 MST 2020
# IP Build 3064653 on Wed Nov 18 14:17:31 MST 2020
# Start of session at: Thu May  7 21:39:07 2026
# Process ID: 40728
# Current directory: D:/pr0503_microblaze_axi_spi_i2c/i2c_slave_B/i2c_slave_B/i2c_slave_B
# Command line: vivado.exe -gui_launcher_event rodinguilauncherevent32576 D:\pr0503_microblaze_axi_spi_i2c\i2c_slave_B\i2c_slave_B\i2c_slave_B\i2c_slave_B.xpr
# Log file: D:/pr0503_microblaze_axi_spi_i2c/i2c_slave_B/i2c_slave_B/i2c_slave_B/vivado.log
# Journal file: D:/pr0503_microblaze_axi_spi_i2c/i2c_slave_B/i2c_slave_B/i2c_slave_B\vivado.jou
#-----------------------------------------------------------
start_gui
open_project D:/pr0503_microblaze_axi_spi_i2c/i2c_slave_B/i2c_slave_B/i2c_slave_B/i2c_slave_B.xpr
INFO: [Project 1-313] Project file moved from 'D:/pr0503_microblaze_axi_spi_i2c/i2c_slave_B/i2c_slave_B' since last save.
WARNING: [filemgmt 56-2] Default IP Output Path : Could not find the directory 'D:/pr0503_microblaze_axi_spi_i2c/i2c_slave_B/i2c_slave_B/i2c_slave_B/i2c_slave_B.gen/sources_1', nor could it be found using path 'D:/pr0503_microblaze_axi_spi_i2c/i2c_slave_B/i2c_slave_B/i2c_slave_B.gen/sources_1'.
Scanning sources...
Finished scanning sources
INFO: [IP_Flow 19-234] Refreshing IP repositories
INFO: [IP_Flow 19-1704] No user IP repositories specified
INFO: [IP_Flow 19-2313] Loaded Vivado IP repository 'C:/Xilinx/Vivado/2020.2/data/ip'.
update_compile_order -fileset sources_1
synth_design -rtl -rtl_skip_mlo -name rtl_1
Command: synth_design -rtl -rtl_skip_mlo -name rtl_1
Starting synth_design
Using part: xc7a35tcpg236-1
Top: top_slave
INFO: [Device 21-403] Loading part xc7a35tcpg236-1
---------------------------------------------------------------------------------
Starting RTL Elaboration : Time (s): cpu = 00:00:01 ; elapsed = 00:00:03 . Memory (MB): peak = 1422.234 ; gain = 238.945
---------------------------------------------------------------------------------
INFO: [Synth 8-6157] synthesizing module 'top_slave' [D:/pr0503_microblaze_axi_spi_i2c/i2c_slave_B/i2c_slave_B/i2c_slave_B/i2c_slave_B.srcs/sources_1/new/top_slave.sv:3]
INFO: [Synth 8-6157] synthesizing module 'i2c_slave_top' [D:/pr0503_microblaze_axi_spi_i2c/i2c_slave_B/i2c_slave_B/i2c_slave_B/i2c_slave_B.srcs/sources_1/new/i2c_slave_top.sv:3]
INFO: [Synth 8-6157] synthesizing module 'i2c_slave' [D:/pr0503_microblaze_axi_spi_i2c/i2c_slave_B/i2c_slave_B/i2c_slave_B/i2c_slave_B.srcs/sources_1/new/i2c_slave.sv:3]
INFO: [Synth 8-6155] done synthesizing module 'i2c_slave' (1#1) [D:/pr0503_microblaze_axi_spi_i2c/i2c_slave_B/i2c_slave_B/i2c_slave_B/i2c_slave_B.srcs/sources_1/new/i2c_slave.sv:3]
INFO: [Synth 8-6155] done synthesizing module 'i2c_slave_top' (2#1) [D:/pr0503_microblaze_axi_spi_i2c/i2c_slave_B/i2c_slave_B/i2c_slave_B/i2c_slave_B.srcs/sources_1/new/i2c_slave_top.sv:3]
INFO: [Synth 8-6157] synthesizing module 'fnd_controller' [D:/pr0503_microblaze_axi_spi_i2c/i2c_slave_B/i2c_slave_B/i2c_slave_B/i2c_slave_B.srcs/sources_1/new/top_slave.sv:164]
INFO: [Synth 8-226] default block is never used [D:/pr0503_microblaze_axi_spi_i2c/i2c_slave_B/i2c_slave_B/i2c_slave_B/i2c_slave_B.srcs/sources_1/new/top_slave.sv:191]
INFO: [Synth 8-6155] done synthesizing module 'fnd_controller' (3#1) [D:/pr0503_microblaze_axi_spi_i2c/i2c_slave_B/i2c_slave_B/i2c_slave_B/i2c_slave_B.srcs/sources_1/new/top_slave.sv:164]
INFO: [Synth 8-6155] done synthesizing module 'top_slave' (4#1) [D:/pr0503_microblaze_axi_spi_i2c/i2c_slave_B/i2c_slave_B/i2c_slave_B/i2c_slave_B.srcs/sources_1/new/top_slave.sv:3]
---------------------------------------------------------------------------------
Finished RTL Elaboration : Time (s): cpu = 00:00:01 ; elapsed = 00:00:04 . Memory (MB): peak = 1500.867 ; gain = 317.578
---------------------------------------------------------------------------------
---------------------------------------------------------------------------------
Start Handling Custom Attributes
---------------------------------------------------------------------------------
---------------------------------------------------------------------------------
Finished Handling Custom Attributes : Time (s): cpu = 00:00:02 ; elapsed = 00:00:05 . Memory (MB): peak = 1500.867 ; gain = 317.578
---------------------------------------------------------------------------------
---------------------------------------------------------------------------------
Finished RTL Optimization Phase 1 : Time (s): cpu = 00:00:02 ; elapsed = 00:00:05 . Memory (MB): peak = 1500.867 ; gain = 317.578
---------------------------------------------------------------------------------
Netlist sorting complete. Time (s): cpu = 00:00:00 ; elapsed = 00:00:00.004 . Memory (MB): peak = 1500.867 ; gain = 0.000
INFO: [Project 1-570] Preparing netlist for logic optimization

Processing XDC Constraints
Initializing timing engine
Parsing XDC File [D:/pr0503_microblaze_axi_spi_i2c/i2c_slave_B/i2c_slave_B/i2c_slave_B/i2c_slave_B.srcs/constrs_1/imports/imports/Basys-3-Master.xdc]
Finished Parsing XDC File [D:/pr0503_microblaze_axi_spi_i2c/i2c_slave_B/i2c_slave_B/i2c_slave_B/i2c_slave_B.srcs/constrs_1/imports/imports/Basys-3-Master.xdc]
Completed Processing XDC Constraints

Netlist sorting complete. Time (s): cpu = 00:00:00 ; elapsed = 00:00:00 . Memory (MB): peak = 1590.707 ; gain = 0.000
INFO: [Project 1-111] Unisim Transformation Summary:
No Unisim elements were transformed.

RTL Elaboration Complete:  : Time (s): cpu = 00:00:04 ; elapsed = 00:00:09 . Memory (MB): peak = 1754.781 ; gain = 571.492
12 Infos, 0 Warnings, 0 Critical Warnings and 0 Errors encountered.
synth_design completed successfully
synth_design: Time (s): cpu = 00:00:06 ; elapsed = 00:00:19 . Memory (MB): peak = 1754.781 ; gain = 647.664
show_objects -name find_1 [get_cells -hierarchical -filter { PRIMITIVE_TYPE =~ RTL_REGISTER.flop.* } ]
refresh_design
---------------------------------------------------------------------------------
Starting RTL Elaboration : Time (s): cpu = 00:00:01 ; elapsed = 00:00:03 . Memory (MB): peak = 1832.195 ; gain = 71.324
---------------------------------------------------------------------------------
INFO: [Synth 8-6157] synthesizing module 'top_slave' [D:/pr0503_microblaze_axi_spi_i2c/i2c_slave_B/i2c_slave_B/i2c_slave_B/i2c_slave_B.srcs/sources_1/new/top_slave.sv:3]
INFO: [Synth 8-6157] synthesizing module 'i2c_slave_top' [D:/pr0503_microblaze_axi_spi_i2c/i2c_slave_B/i2c_slave_B/i2c_slave_B/i2c_slave_B.srcs/sources_1/new/i2c_slave_top.sv:3]
INFO: [Synth 8-6157] synthesizing module 'i2c_slave' [D:/pr0503_microblaze_axi_spi_i2c/i2c_slave_B/i2c_slave_B/i2c_slave_B/i2c_slave_B.srcs/sources_1/new/i2c_slave.sv:3]
INFO: [Synth 8-6155] done synthesizing module 'i2c_slave' (1#1) [D:/pr0503_microblaze_axi_spi_i2c/i2c_slave_B/i2c_slave_B/i2c_slave_B/i2c_slave_B.srcs/sources_1/new/i2c_slave.sv:3]
INFO: [Synth 8-6155] done synthesizing module 'i2c_slave_top' (2#1) [D:/pr0503_microblaze_axi_spi_i2c/i2c_slave_B/i2c_slave_B/i2c_slave_B/i2c_slave_B.srcs/sources_1/new/i2c_slave_top.sv:3]
INFO: [Synth 8-6157] synthesizing module 'fnd_controller' [D:/pr0503_microblaze_axi_spi_i2c/i2c_slave_B/i2c_slave_B/i2c_slave_B/i2c_slave_B.srcs/sources_1/new/top_slave.sv:178]
INFO: [Synth 8-226] default block is never used [D:/pr0503_microblaze_axi_spi_i2c/i2c_slave_B/i2c_slave_B/i2c_slave_B/i2c_slave_B.srcs/sources_1/new/top_slave.sv:205]
INFO: [Synth 8-6155] done synthesizing module 'fnd_controller' (3#1) [D:/pr0503_microblaze_axi_spi_i2c/i2c_slave_B/i2c_slave_B/i2c_slave_B/i2c_slave_B.srcs/sources_1/new/top_slave.sv:178]
INFO: [Synth 8-6155] done synthesizing module 'top_slave' (4#1) [D:/pr0503_microblaze_axi_spi_i2c/i2c_slave_B/i2c_slave_B/i2c_slave_B/i2c_slave_B.srcs/sources_1/new/top_slave.sv:3]
---------------------------------------------------------------------------------
Finished RTL Elaboration : Time (s): cpu = 00:00:01 ; elapsed = 00:00:03 . Memory (MB): peak = 1850.125 ; gain = 89.254
---------------------------------------------------------------------------------
---------------------------------------------------------------------------------
Start Handling Custom Attributes
---------------------------------------------------------------------------------
---------------------------------------------------------------------------------
Finished Handling Custom Attributes : Time (s): cpu = 00:00:01 ; elapsed = 00:00:03 . Memory (MB): peak = 1850.125 ; gain = 89.254
---------------------------------------------------------------------------------
---------------------------------------------------------------------------------
Finished RTL Optimization Phase 1 : Time (s): cpu = 00:00:01 ; elapsed = 00:00:03 . Memory (MB): peak = 1850.125 ; gain = 89.254
---------------------------------------------------------------------------------
Netlist sorting complete. Time (s): cpu = 00:00:00 ; elapsed = 00:00:00.004 . Memory (MB): peak = 1850.125 ; gain = 0.000
INFO: [Project 1-570] Preparing netlist for logic optimization

Processing XDC Constraints
Initializing timing engine
Parsing XDC File [D:/pr0503_microblaze_axi_spi_i2c/i2c_slave_B/i2c_slave_B/i2c_slave_B/i2c_slave_B.srcs/constrs_1/imports/imports/Basys-3-Master.xdc]
Finished Parsing XDC File [D:/pr0503_microblaze_axi_spi_i2c/i2c_slave_B/i2c_slave_B/i2c_slave_B/i2c_slave_B.srcs/constrs_1/imports/imports/Basys-3-Master.xdc]
Completed Processing XDC Constraints

refresh_design: Time (s): cpu = 00:00:03 ; elapsed = 00:00:06 . Memory (MB): peak = 1850.125 ; gain = 89.254
show_objects -name find_1 [get_cells -hierarchical -filter { PRIMITIVE_TYPE =~ RTL_REGISTER.latch.* } ]
refresh_design
---------------------------------------------------------------------------------
Starting RTL Elaboration : Time (s): cpu = 00:00:02 ; elapsed = 00:00:03 . Memory (MB): peak = 1852.770 ; gain = 2.645
---------------------------------------------------------------------------------
INFO: [Synth 8-6157] synthesizing module 'top_slave' [D:/pr0503_microblaze_axi_spi_i2c/i2c_slave_B/i2c_slave_B/i2c_slave_B/i2c_slave_B.srcs/sources_1/new/top_slave.sv:3]
INFO: [Synth 8-6157] synthesizing module 'i2c_slave_top' [D:/pr0503_microblaze_axi_spi_i2c/i2c_slave_B/i2c_slave_B/i2c_slave_B/i2c_slave_B.srcs/sources_1/new/i2c_slave_top.sv:3]
INFO: [Synth 8-6157] synthesizing module 'i2c_slave' [D:/pr0503_microblaze_axi_spi_i2c/i2c_slave_B/i2c_slave_B/i2c_slave_B/i2c_slave_B.srcs/sources_1/new/i2c_slave.sv:3]
INFO: [Synth 8-6155] done synthesizing module 'i2c_slave' (1#1) [D:/pr0503_microblaze_axi_spi_i2c/i2c_slave_B/i2c_slave_B/i2c_slave_B/i2c_slave_B.srcs/sources_1/new/i2c_slave.sv:3]
INFO: [Synth 8-6155] done synthesizing module 'i2c_slave_top' (2#1) [D:/pr0503_microblaze_axi_spi_i2c/i2c_slave_B/i2c_slave_B/i2c_slave_B/i2c_slave_B.srcs/sources_1/new/i2c_slave_top.sv:3]
INFO: [Synth 8-6157] synthesizing module 'fnd_controller' [D:/pr0503_microblaze_axi_spi_i2c/i2c_slave_B/i2c_slave_B/i2c_slave_B/i2c_slave_B.srcs/sources_1/new/top_slave.sv:178]
INFO: [Synth 8-226] default block is never used [D:/pr0503_microblaze_axi_spi_i2c/i2c_slave_B/i2c_slave_B/i2c_slave_B/i2c_slave_B.srcs/sources_1/new/top_slave.sv:205]
INFO: [Synth 8-6155] done synthesizing module 'fnd_controller' (3#1) [D:/pr0503_microblaze_axi_spi_i2c/i2c_slave_B/i2c_slave_B/i2c_slave_B/i2c_slave_B.srcs/sources_1/new/top_slave.sv:178]
INFO: [Synth 8-6155] done synthesizing module 'top_slave' (4#1) [D:/pr0503_microblaze_axi_spi_i2c/i2c_slave_B/i2c_slave_B/i2c_slave_B/i2c_slave_B.srcs/sources_1/new/top_slave.sv:3]
---------------------------------------------------------------------------------
Finished RTL Elaboration : Time (s): cpu = 00:00:02 ; elapsed = 00:00:04 . Memory (MB): peak = 1886.754 ; gain = 36.629
---------------------------------------------------------------------------------
---------------------------------------------------------------------------------
Start Handling Custom Attributes
---------------------------------------------------------------------------------
---------------------------------------------------------------------------------
Finished Handling Custom Attributes : Time (s): cpu = 00:00:02 ; elapsed = 00:00:04 . Memory (MB): peak = 1886.754 ; gain = 36.629
---------------------------------------------------------------------------------
---------------------------------------------------------------------------------
Finished RTL Optimization Phase 1 : Time (s): cpu = 00:00:02 ; elapsed = 00:00:04 . Memory (MB): peak = 1886.754 ; gain = 36.629
---------------------------------------------------------------------------------
Netlist sorting complete. Time (s): cpu = 00:00:00 ; elapsed = 00:00:00.005 . Memory (MB): peak = 1886.754 ; gain = 0.000
INFO: [Project 1-570] Preparing netlist for logic optimization

Processing XDC Constraints
Initializing timing engine
Parsing XDC File [D:/pr0503_microblaze_axi_spi_i2c/i2c_slave_B/i2c_slave_B/i2c_slave_B/i2c_slave_B.srcs/constrs_1/imports/imports/Basys-3-Master.xdc]
Finished Parsing XDC File [D:/pr0503_microblaze_axi_spi_i2c/i2c_slave_B/i2c_slave_B/i2c_slave_B/i2c_slave_B.srcs/constrs_1/imports/imports/Basys-3-Master.xdc]
Completed Processing XDC Constraints

refresh_design: Time (s): cpu = 00:00:04 ; elapsed = 00:00:07 . Memory (MB): peak = 1886.754 ; gain = 36.629
exit
INFO: [Common 17-206] Exiting Vivado at Fri May  8 09:12:03 2026...
