#-----------------------------------------------------------
# Vivado v2020.2 (64-bit)
# SW Build 3064766 on Wed Nov 18 09:12:45 MST 2020
# IP Build 3064653 on Wed Nov 18 14:17:31 MST 2020
# Start of session at: Mon May  4 01:23:52 2026
# Process ID: 20264
# Current directory: D:/pr0503_microblaze_axi_spi_i2c/i2c_slave_B/i2c_slave_B
# Command line: vivado.exe -gui_launcher_event rodinguilauncherevent3972 D:\pr0503_microblaze_axi_spi_i2c\i2c_slave_B\i2c_slave_B\i2c_slave_B.xpr
# Log file: D:/pr0503_microblaze_axi_spi_i2c/i2c_slave_B/i2c_slave_B/vivado.log
# Journal file: D:/pr0503_microblaze_axi_spi_i2c/i2c_slave_B/i2c_slave_B\vivado.jou
#-----------------------------------------------------------
start_gui
open_project D:/pr0503_microblaze_axi_spi_i2c/i2c_slave_B/i2c_slave_B/i2c_slave_B.xpr
INFO: [Project 1-313] Project file moved from 'D:/pr0414_spi_i2c/new_I2C_project/i2c_slave_B/i2c_slave_B' since last save.
WARNING: [filemgmt 56-2] Default IP Output Path : Could not find the directory 'D:/pr0503_microblaze_axi_spi_i2c/i2c_slave_B/i2c_slave_B/i2c_slave_B.gen/sources_1', nor could it be found using path 'D:/pr0414_spi_i2c/new_I2C_project/i2c_slave_B/i2c_slave_B/i2c_slave_B.gen/sources_1'.
Scanning sources...
Finished scanning sources
INFO: [IP_Flow 19-234] Refreshing IP repositories
INFO: [IP_Flow 19-1704] No user IP repositories specified
INFO: [IP_Flow 19-2313] Loaded Vivado IP repository 'C:/Xilinx/Vivado/2020.2/data/ip'.
open_project: Time (s): cpu = 00:00:01 ; elapsed = 00:00:06 . Memory (MB): peak = 1085.832 ; gain = 0.000
update_compile_order -fileset sources_1
export_ip_user_files -of_objects  [get_files D:/pr0503_microblaze_axi_spi_i2c/i2c_slave_B/i2c_slave_B/i2c_slave_B.srcs/sources_1/new/i2c_slave_demo_top.sv] -no_script -reset -force -quiet
remove_files  D:/pr0503_microblaze_axi_spi_i2c/i2c_slave_B/i2c_slave_B/i2c_slave_B.srcs/sources_1/new/i2c_slave_demo_top.sv
close [ open D:/pr0503_microblaze_axi_spi_i2c/i2c_slave_B/i2c_slave_B/i2c_slave_B.srcs/sources_1/new/top_slave.sv w ]
add_files D:/pr0503_microblaze_axi_spi_i2c/i2c_slave_B/i2c_slave_B/i2c_slave_B.srcs/sources_1/new/top_slave.sv
update_compile_order -fileset sources_1
update_compile_order -fileset sources_1
import_files -norecurse D:/pr0503_microblaze_axi_spi_i2c/spi_slave_B/spi_slave_B.srcs/sources_1/new/button_debounce.sv
update_compile_order -fileset sources_1
synth_design -rtl -rtl_skip_mlo -name rtl_1
Command: synth_design -rtl -rtl_skip_mlo -name rtl_1
Starting synth_design
Using part: xc7a35tcpg236-1
Top: top_slave
INFO: [Device 21-403] Loading part xc7a35tcpg236-1
INFO: [Common 17-41] Interrupt caught. Command should exit soon.
2 Infos, 0 Warnings, 0 Critical Warnings and 0 Errors encountered.
synth_design completed successfully
synth_design: Time (s): cpu = 00:00:03 ; elapsed = 00:00:11 . Memory (MB): peak = 1215.914 ; gain = 130.082
INFO: [Common 17-344] 'synth_design' was cancelled
exit
INFO: [Common 17-206] Exiting Vivado at Mon May  4 01:56:58 2026...
