#-----------------------------------------------------------
# Vivado v2020.2 (64-bit)
# SW Build 3064766 on Wed Nov 18 09:12:45 MST 2020
# IP Build 3064653 on Wed Nov 18 14:17:31 MST 2020
# Start of session at: Sun Apr 19 14:43:22 2026
# Process ID: 21568
# Current directory: D:/pr0414_spi_i2c/new_SPI_project/spi_master_A
# Command line: vivado.exe -gui_launcher_event rodinguilauncherevent21524 D:\pr0414_spi_i2c\new_SPI_project\spi_master_A\spi_master_A.xpr
# Log file: D:/pr0414_spi_i2c/new_SPI_project/spi_master_A/vivado.log
# Journal file: D:/pr0414_spi_i2c/new_SPI_project/spi_master_A\vivado.jou
#-----------------------------------------------------------
start_gui
open_project D:/pr0414_spi_i2c/new_SPI_project/spi_master_A/spi_master_A.xpr
WARNING: [filemgmt 56-3] Default IP Output Path : Could not find the directory 'D:/pr0414_spi_i2c/new_SPI_project/spi_master_A/spi_master_A.gen/sources_1'.
Scanning sources...
Finished scanning sources
INFO: [IP_Flow 19-234] Refreshing IP repositories
INFO: [IP_Flow 19-1704] No user IP repositories specified
INFO: [IP_Flow 19-2313] Loaded Vivado IP repository 'C:/Xilinx/Vivado/2020.2/data/ip'.
open_project: Time (s): cpu = 00:00:02 ; elapsed = 00:00:06 . Memory (MB): peak = 1084.801 ; gain = 0.000
update_compile_order -fileset sources_1
exit
INFO: [Common 17-206] Exiting Vivado at Sun Apr 19 14:45:24 2026...
