#-----------------------------------------------------------
# Vivado v2020.2 (64-bit)
# SW Build 3064766 on Wed Nov 18 09:12:45 MST 2020
# IP Build 3064653 on Wed Nov 18 14:17:31 MST 2020
# Start of session at: Thu Apr 16 11:20:17 2026
# Process ID: 8536
# Current directory: D:/pr0414_spi/spi_master_A
# Command line: vivado.exe -gui_launcher_event rodinguilauncherevent13560 D:\pr0414_spi\spi_master_A\spi_master_A.xpr
# Log file: D:/pr0414_spi/spi_master_A/vivado.log
# Journal file: D:/pr0414_spi/spi_master_A\vivado.jou
#-----------------------------------------------------------
start_gui
open_project D:/pr0414_spi/spi_master_A/spi_master_A.xpr
WARNING: [filemgmt 56-3] Default IP Output Path : Could not find the directory 'D:/pr0414_spi/spi_master_A/spi_master_A.gen/sources_1'.
Scanning sources...
Finished scanning sources
INFO: [IP_Flow 19-234] Refreshing IP repositories
INFO: [IP_Flow 19-1704] No user IP repositories specified
INFO: [IP_Flow 19-2313] Loaded Vivado IP repository 'C:/Xilinx/Vivado/2020.2/data/ip'.
open_project: Time (s): cpu = 00:00:01 ; elapsed = 00:00:06 . Memory (MB): peak = 1084.707 ; gain = 0.000
update_compile_order -fileset sources_1
synth_design -rtl -rtl_skip_mlo -name rtl_1
Command: synth_design -rtl -rtl_skip_mlo -name rtl_1
Starting synth_design
Using part: xc7a35tcpg236-1
Top: top_master
INFO: [Device 21-403] Loading part xc7a35tcpg236-1
---------------------------------------------------------------------------------
Starting RTL Elaboration : Time (s): cpu = 00:00:02 ; elapsed = 00:00:03 . Memory (MB): peak = 1448.375 ; gain = 236.059
---------------------------------------------------------------------------------
INFO: [Synth 8-6157] synthesizing module 'top_master' [D:/pr0414_spi/spi_master_A/spi_master_A.srcs/sources_1/new/top_master.sv:3]
INFO: [Synth 8-6157] synthesizing module 'button_debounce' [D:/pr0414_spi/spi_master_A/spi_master_A.srcs/sources_1/new/button_debounce.sv:3]
	Parameter DEBOUNCE_CNT bound to: 20'b11110100001001000000 
INFO: [Synth 8-6155] done synthesizing module 'button_debounce' (1#1) [D:/pr0414_spi/spi_master_A/spi_master_A.srcs/sources_1/new/button_debounce.sv:3]
INFO: [Synth 8-6157] synthesizing module 'spi_master' [D:/pr0414_spi/spi_master_A/spi_master_A.srcs/sources_1/imports/new/spi_master.sv:3]
INFO: [Synth 8-226] default block is never used [D:/pr0414_spi/spi_master_A/spi_master_A.srcs/sources_1/imports/new/spi_master.sv:69]
INFO: [Synth 8-6155] done synthesizing module 'spi_master' (2#1) [D:/pr0414_spi/spi_master_A/spi_master_A.srcs/sources_1/imports/new/spi_master.sv:3]
INFO: [Synth 8-6155] done synthesizing module 'top_master' (3#1) [D:/pr0414_spi/spi_master_A/spi_master_A.srcs/sources_1/new/top_master.sv:3]
---------------------------------------------------------------------------------
Finished RTL Elaboration : Time (s): cpu = 00:00:02 ; elapsed = 00:00:03 . Memory (MB): peak = 1504.020 ; gain = 291.703
---------------------------------------------------------------------------------
---------------------------------------------------------------------------------
Start Handling Custom Attributes
---------------------------------------------------------------------------------
---------------------------------------------------------------------------------
Finished Handling Custom Attributes : Time (s): cpu = 00:00:02 ; elapsed = 00:00:04 . Memory (MB): peak = 1504.020 ; gain = 291.703
---------------------------------------------------------------------------------
---------------------------------------------------------------------------------
Finished RTL Optimization Phase 1 : Time (s): cpu = 00:00:02 ; elapsed = 00:00:04 . Memory (MB): peak = 1504.020 ; gain = 291.703
---------------------------------------------------------------------------------
Netlist sorting complete. Time (s): cpu = 00:00:00 ; elapsed = 00:00:00.002 . Memory (MB): peak = 1504.020 ; gain = 0.000
INFO: [Project 1-570] Preparing netlist for logic optimization

Processing XDC Constraints
Initializing timing engine
Parsing XDC File [D:/pr0414_spi/spi_master_A/spi_master_A.srcs/constrs_1/imports/Basys-3-Master.xdc]
Finished Parsing XDC File [D:/pr0414_spi/spi_master_A/spi_master_A.srcs/constrs_1/imports/Basys-3-Master.xdc]
Completed Processing XDC Constraints

Netlist sorting complete. Time (s): cpu = 00:00:00 ; elapsed = 00:00:00 . Memory (MB): peak = 1617.500 ; gain = 0.000
INFO: [Project 1-111] Unisim Transformation Summary:
No Unisim elements were transformed.

RTL Elaboration Complete:  : Time (s): cpu = 00:00:05 ; elapsed = 00:00:07 . Memory (MB): peak = 1758.926 ; gain = 546.609
10 Infos, 0 Warnings, 0 Critical Warnings and 0 Errors encountered.
synth_design completed successfully
synth_design: Time (s): cpu = 00:00:06 ; elapsed = 00:00:11 . Memory (MB): peak = 1758.926 ; gain = 674.219
exit
INFO: [Common 17-206] Exiting Vivado at Thu Apr 16 12:52:17 2026...
