00:53:06 INFO  : Registering command handlers for Vitis TCF services
00:53:06 INFO  : Launching XSCT server: xsct.bat -n  -interactive D:\pr0503_microblaze_axi_spi_i2c\newmicroblaze_spi\workspace\temp_xsdb_launch_script.tcl
00:53:08 INFO  : XSCT server has started successfully.
00:53:08 INFO  : Platform repository initialization has completed.
00:53:08 INFO  : Successfully done setting XSCT server connection channel  
00:53:08 INFO  : plnx-install-location is set to ''
00:53:08 INFO  : Successfully done query RDI_DATADIR 
00:53:08 INFO  : Successfully done setting workspace for the tool. 
00:54:10 INFO  : Result from executing command 'getProjects': axi_spi_wrapper
00:54:10 INFO  : Result from executing command 'getPlatforms': 
00:54:10 WARN  : An unexpected exception occurred in the module 'platform project logging'
00:54:10 INFO  : Platform 'axi_spi_wrapper' is added to custom repositories.
00:54:11 INFO  : Platform 'axi_spi_wrapper' is added to custom repositories.
14:13:45 INFO  : Result from executing command 'getProjects': axi_spi_wrapper
14:13:45 INFO  : Result from executing command 'getPlatforms': axi_spi_wrapper|D:/pr0503_microblaze_axi_spi_i2c/newmicroblaze_spi/workspace/axi_spi_wrapper/export/axi_spi_wrapper/axi_spi_wrapper.xpfm
14:13:45 INFO  : Checking for BSP changes to sync application flags for project 'axi_spi'...
14:14:04 INFO  : Connected to target on host '127.0.0.1' and port '3121'.
14:14:05 INFO  : Jtag cable 'Digilent Basys3 210183B31B5EA' is selected.
14:14:05 INFO  : 'jtag frequency' command is executed.
14:14:05 INFO  : 'targets -set -filter {jtag_cable_name =~ "Digilent Basys3 210183B31B5EA" && level==0 && jtag_device_ctx=="jsn-Basys3-210183B31B5EA-0362d093-0"}' command is executed.
14:14:05 INFO  : Device configured successfully with "D:/pr0503_microblaze_axi_spi_i2c/newmicroblaze_spi/workspace/axi_spi/_ide/bitstream/axi_spi_wrapper.bit"
14:14:05 INFO  : Context for processor 'microblaze_0' is selected.
14:14:05 INFO  : Hardware design and registers information is loaded from 'D:/pr0503_microblaze_axi_spi_i2c/newmicroblaze_spi/workspace/axi_spi_wrapper/export/axi_spi_wrapper/hw/axi_spi_wrapper.xsa'.
14:14:05 INFO  : 'configparams mdm-detect-bscan-mask 2' command is executed.
14:14:05 INFO  : Context for processor 'microblaze_0' is selected.
14:14:05 INFO  : System reset is completed.
14:14:08 INFO  : 'after 3000' command is executed.
14:14:08 INFO  : Context for processor 'microblaze_0' is selected.
14:14:09 INFO  : The application 'D:/pr0503_microblaze_axi_spi_i2c/newmicroblaze_spi/workspace/axi_spi/Debug/axi_spi.elf' is downloaded to processor 'microblaze_0'.
14:14:09 INFO  : ----------------XSDB Script----------------
connect -url tcp:127.0.0.1:3121
targets -set -filter {jtag_cable_name =~ "Digilent Basys3 210183B31B5EA" && level==0 && jtag_device_ctx=="jsn-Basys3-210183B31B5EA-0362d093-0"}
fpga -file D:/pr0503_microblaze_axi_spi_i2c/newmicroblaze_spi/workspace/axi_spi/_ide/bitstream/axi_spi_wrapper.bit
targets -set -nocase -filter {name =~ "*microblaze*#0" && bscan=="USER2" }
loadhw -hw D:/pr0503_microblaze_axi_spi_i2c/newmicroblaze_spi/workspace/axi_spi_wrapper/export/axi_spi_wrapper/hw/axi_spi_wrapper.xsa -regs
configparams mdm-detect-bscan-mask 2
targets -set -nocase -filter {name =~ "*microblaze*#0" && bscan=="USER2" }
rst -system
after 3000
targets -set -nocase -filter {name =~ "*microblaze*#0" && bscan=="USER2" }
dow D:/pr0503_microblaze_axi_spi_i2c/newmicroblaze_spi/workspace/axi_spi/Debug/axi_spi.elf
----------------End of Script----------------

14:14:09 INFO  : Context for processor 'microblaze_0' is selected.
14:14:09 INFO  : 'con' command is executed.
14:14:09 INFO  : ----------------XSDB Script (After Launch)----------------
targets -set -nocase -filter {name =~ "*microblaze*#0" && bscan=="USER2" }
con
----------------End of Script----------------

14:14:09 INFO  : Launch script is exported to file 'D:\pr0503_microblaze_axi_spi_i2c\newmicroblaze_spi\workspace\axi_spi_system\_ide\scripts\debugger_axi_spi-default.tcl'
14:26:51 INFO  : Checking for BSP changes to sync application flags for project 'axi_spi'...
14:26:56 INFO  : Disconnected from the channel tcfchan#2.
14:26:57 INFO  : Connected to target on host '127.0.0.1' and port '3121'.
14:26:57 INFO  : Jtag cable 'Digilent Basys3 210183B31B5EA' is selected.
14:26:57 INFO  : 'jtag frequency' command is executed.
14:26:58 INFO  : 'targets -set -filter {jtag_cable_name =~ "Digilent Basys3 210183B31B5EA" && level==0 && jtag_device_ctx=="jsn-Basys3-210183B31B5EA-0362d093-0"}' command is executed.
14:26:58 INFO  : Device configured successfully with "D:/pr0503_microblaze_axi_spi_i2c/newmicroblaze_spi/workspace/axi_spi/_ide/bitstream/axi_spi_wrapper.bit"
14:26:58 INFO  : Context for processor 'microblaze_0' is selected.
14:26:58 INFO  : Hardware design and registers information is loaded from 'D:/pr0503_microblaze_axi_spi_i2c/newmicroblaze_spi/workspace/axi_spi_wrapper/export/axi_spi_wrapper/hw/axi_spi_wrapper.xsa'.
14:26:58 INFO  : 'configparams mdm-detect-bscan-mask 2' command is executed.
14:26:58 INFO  : Context for processor 'microblaze_0' is selected.
14:26:58 INFO  : System reset is completed.
14:27:01 INFO  : 'after 3000' command is executed.
14:27:01 INFO  : Context for processor 'microblaze_0' is selected.
14:27:01 INFO  : The application 'D:/pr0503_microblaze_axi_spi_i2c/newmicroblaze_spi/workspace/axi_spi/Debug/axi_spi.elf' is downloaded to processor 'microblaze_0'.
14:27:01 INFO  : ----------------XSDB Script----------------
connect -url tcp:127.0.0.1:3121
targets -set -filter {jtag_cable_name =~ "Digilent Basys3 210183B31B5EA" && level==0 && jtag_device_ctx=="jsn-Basys3-210183B31B5EA-0362d093-0"}
fpga -file D:/pr0503_microblaze_axi_spi_i2c/newmicroblaze_spi/workspace/axi_spi/_ide/bitstream/axi_spi_wrapper.bit
targets -set -nocase -filter {name =~ "*microblaze*#0" && bscan=="USER2" }
loadhw -hw D:/pr0503_microblaze_axi_spi_i2c/newmicroblaze_spi/workspace/axi_spi_wrapper/export/axi_spi_wrapper/hw/axi_spi_wrapper.xsa -regs
configparams mdm-detect-bscan-mask 2
targets -set -nocase -filter {name =~ "*microblaze*#0" && bscan=="USER2" }
rst -system
after 3000
targets -set -nocase -filter {name =~ "*microblaze*#0" && bscan=="USER2" }
dow D:/pr0503_microblaze_axi_spi_i2c/newmicroblaze_spi/workspace/axi_spi/Debug/axi_spi.elf
----------------End of Script----------------

14:27:01 INFO  : Context for processor 'microblaze_0' is selected.
14:27:01 INFO  : 'con' command is executed.
14:27:01 INFO  : ----------------XSDB Script (After Launch)----------------
targets -set -nocase -filter {name =~ "*microblaze*#0" && bscan=="USER2" }
con
----------------End of Script----------------

14:27:01 INFO  : Launch script is exported to file 'D:\pr0503_microblaze_axi_spi_i2c\newmicroblaze_spi\workspace\axi_spi_system\_ide\scripts\debugger_axi_spi-default.tcl'
15:56:13 INFO  : Checking for BSP changes to sync application flags for project 'axi_spi'...
15:56:23 INFO  : Disconnected from the channel tcfchan#3.
15:56:24 INFO  : Connected to target on host '127.0.0.1' and port '3121'.
15:56:24 INFO  : Jtag cable 'Digilent Basys3 210183B31B5EA' is selected.
15:56:24 INFO  : 'jtag frequency' command is executed.
15:56:25 INFO  : 'targets -set -filter {jtag_cable_name =~ "Digilent Basys3 210183B31B5EA" && level==0 && jtag_device_ctx=="jsn-Basys3-210183B31B5EA-0362d093-0"}' command is executed.
15:56:25 INFO  : Device configured successfully with "D:/pr0503_microblaze_axi_spi_i2c/newmicroblaze_spi/workspace/axi_spi/_ide/bitstream/axi_spi_wrapper.bit"
15:56:25 INFO  : Context for processor 'microblaze_0' is selected.
15:56:25 INFO  : Hardware design and registers information is loaded from 'D:/pr0503_microblaze_axi_spi_i2c/newmicroblaze_spi/workspace/axi_spi_wrapper/export/axi_spi_wrapper/hw/axi_spi_wrapper.xsa'.
15:56:25 INFO  : 'configparams mdm-detect-bscan-mask 2' command is executed.
15:56:25 INFO  : Context for processor 'microblaze_0' is selected.
15:56:25 INFO  : System reset is completed.
15:56:28 INFO  : 'after 3000' command is executed.
15:56:28 INFO  : Context for processor 'microblaze_0' is selected.
15:56:28 INFO  : The application 'D:/pr0503_microblaze_axi_spi_i2c/newmicroblaze_spi/workspace/axi_spi/Debug/axi_spi.elf' is downloaded to processor 'microblaze_0'.
15:56:28 INFO  : ----------------XSDB Script----------------
connect -url tcp:127.0.0.1:3121
targets -set -filter {jtag_cable_name =~ "Digilent Basys3 210183B31B5EA" && level==0 && jtag_device_ctx=="jsn-Basys3-210183B31B5EA-0362d093-0"}
fpga -file D:/pr0503_microblaze_axi_spi_i2c/newmicroblaze_spi/workspace/axi_spi/_ide/bitstream/axi_spi_wrapper.bit
targets -set -nocase -filter {name =~ "*microblaze*#0" && bscan=="USER2" }
loadhw -hw D:/pr0503_microblaze_axi_spi_i2c/newmicroblaze_spi/workspace/axi_spi_wrapper/export/axi_spi_wrapper/hw/axi_spi_wrapper.xsa -regs
configparams mdm-detect-bscan-mask 2
targets -set -nocase -filter {name =~ "*microblaze*#0" && bscan=="USER2" }
rst -system
after 3000
targets -set -nocase -filter {name =~ "*microblaze*#0" && bscan=="USER2" }
dow D:/pr0503_microblaze_axi_spi_i2c/newmicroblaze_spi/workspace/axi_spi/Debug/axi_spi.elf
----------------End of Script----------------

15:56:28 INFO  : Context for processor 'microblaze_0' is selected.
15:56:28 INFO  : 'con' command is executed.
15:56:28 INFO  : ----------------XSDB Script (After Launch)----------------
targets -set -nocase -filter {name =~ "*microblaze*#0" && bscan=="USER2" }
con
----------------End of Script----------------

15:56:28 INFO  : Launch script is exported to file 'D:\pr0503_microblaze_axi_spi_i2c\newmicroblaze_spi\workspace\axi_spi_system\_ide\scripts\debugger_axi_spi-default.tcl'
15:57:47 INFO  : Disconnected from the channel tcfchan#4.
