Copyright 1986-2020 Xilinx, Inc. All Rights Reserved.
---------------------------------------------------------------------------------------
| Tool Version : Vivado v.2020.2 (win64) Build 3064766 Wed Nov 18 09:12:45 MST 2020
| Date         : Fri Apr 17 14:15:25 2026
| Host         : DESKTOP-7CFQ9ND running 64-bit major release  (build 9200)
| Command      : report_control_sets -verbose -file top_master_control_sets_placed.rpt
| Design       : top_master
| Device       : xc7a35t
---------------------------------------------------------------------------------------

Control Set Information

Table of Contents
-----------------
1. Summary
2. Histogram
3. Flip-Flop Distribution
4. Detailed Control Set Information

1. Summary
----------

+----------------------------------------------------------+-------+
|                          Status                          | Count |
+----------------------------------------------------------+-------+
| Total control sets                                       |     8 |
|    Minimum number of control sets                        |     8 |
|    Addition due to synthesis replication                 |     0 |
|    Addition due to physical synthesis replication        |     0 |
| Unused register locations in slices containing registers |    28 |
+----------------------------------------------------------+-------+
* Control sets can be merged at opt_design using control_set_merge or merge_equivalent_drivers
** Run report_qor_suggestions for automated merging and remapping suggestions


2. Histogram
------------

+--------------------+-------+
|       Fanout       | Count |
+--------------------+-------+
| Total control sets |     8 |
| >= 0 to < 4        |     2 |
| >= 4 to < 6        |     1 |
| >= 6 to < 8        |     0 |
| >= 8 to < 10       |     4 |
| >= 10 to < 12      |     0 |
| >= 12 to < 14      |     0 |
| >= 14 to < 16      |     0 |
| >= 16              |     1 |
+--------------------+-------+
* Control sets can be remapped at either synth_design or opt_design


3. Flip-Flop Distribution
-------------------------

+--------------+-----------------------+------------------------+-----------------+--------------+
| Clock Enable | Synchronous Set/Reset | Asynchronous Set/Reset | Total Registers | Total Slices |
+--------------+-----------------------+------------------------+-----------------+--------------+
| No           | No                    | No                     |               0 |            0 |
| No           | No                    | Yes                    |              29 |            7 |
| No           | Yes                   | No                     |               0 |            0 |
| Yes          | No                    | No                     |               0 |            0 |
| Yes          | No                    | Yes                    |              39 |           12 |
| Yes          | Yes                   | No                     |               0 |            0 |
+--------------+-----------------------+------------------------+-----------------+--------------+


4. Detailed Control Set Information
-----------------------------------

+----------------+--------------------------------------+------------------+------------------+----------------+--------------+
|  Clock Signal  |             Enable Signal            | Set/Reset Signal | Slice Load Count | Bel Load Count | Bels / Slice |
+----------------+--------------------------------------+------------------+------------------+----------------+--------------+
|  clk_IBUF_BUFG | u_master/mosi_i_1_n_0                | reset_IBUF       |                1 |              1 |         1.00 |
|  clk_IBUF_BUFG | u_master/cs_n_i_1_n_0                | reset_IBUF       |                1 |              1 |         1.00 |
|  clk_IBUF_BUFG | u_master/FSM_onehot_state[3]_i_1_n_0 | reset_IBUF       |                1 |              4 |         4.00 |
|  clk_IBUF_BUFG | u_master/tx_shift_reg                | reset_IBUF       |                2 |              8 |         4.00 |
|  clk_IBUF_BUFG | u_master/rx_shift_reg_0              | reset_IBUF       |                2 |              8 |         4.00 |
|  clk_IBUF_BUFG | u_master/rx_data[7]_i_1_n_0          | reset_IBUF       |                2 |              8 |         4.00 |
|  clk_IBUF_BUFG | u_master/div_cnt                     | reset_IBUF       |                3 |              9 |         3.00 |
|  clk_IBUF_BUFG |                                      | reset_IBUF       |                7 |             29 |         4.14 |
+----------------+--------------------------------------+------------------+------------------+----------------+--------------+


