#-----------------------------------------------------------
# Vivado v2020.2 (64-bit)
# SW Build 3064766 on Wed Nov 18 09:12:45 MST 2020
# IP Build 3064653 on Wed Nov 18 14:17:31 MST 2020
# Start of session at: Wed Apr 15 19:09:15 2026
# Process ID: 8304
# Current directory: D:/pr0414_spi/spi_slave_B
# Command line: vivado.exe -gui_launcher_event rodinguilauncherevent6420 D:\pr0414_spi\spi_slave_B\spi_slave_B.xpr
# Log file: D:/pr0414_spi/spi_slave_B/vivado.log
# Journal file: D:/pr0414_spi/spi_slave_B\vivado.jou
#-----------------------------------------------------------
start_gui
open_project D:/pr0414_spi/spi_slave_B/spi_slave_B.xpr
WARNING: [filemgmt 56-3] Default IP Output Path : Could not find the directory 'D:/pr0414_spi/spi_slave_B/spi_slave_B.gen/sources_1'.
Scanning sources...
Finished scanning sources
INFO: [IP_Flow 19-234] Refreshing IP repositories
INFO: [IP_Flow 19-1704] No user IP repositories specified
INFO: [IP_Flow 19-2313] Loaded Vivado IP repository 'C:/Xilinx/Vivado/2020.2/data/ip'.
update_compile_order -fileset sources_1
exit
INFO: [Common 17-206] Exiting Vivado at Wed Apr 15 19:25:41 2026...
