TRACE::2026-05-04.15:21:48::SCWPlatform::Trying to open the hw design at D:/pr0503_microblaze_axi_spi_i2c/microblaze_i2c/workspace/axi_i2c_wrapper/hw/axi_i2c_wrapper.xsa
TRACE::2026-05-04.15:21:48::SCWPlatform::DSA given D:/pr0503_microblaze_axi_spi_i2c/microblaze_i2c/workspace/axi_i2c_wrapper/hw/axi_i2c_wrapper.xsa
TRACE::2026-05-04.15:21:48::SCWPlatform::DSA absoulate path D:/pr0503_microblaze_axi_spi_i2c/microblaze_i2c/workspace/axi_i2c_wrapper/hw/axi_i2c_wrapper.xsa
TRACE::2026-05-04.15:21:50::SCWPlatform::DSA directory D:/pr0503_microblaze_axi_spi_i2c/microblaze_i2c/workspace/axi_i2c_wrapper/hw
TRACE::2026-05-04.15:21:50::SCWPlatform:: Platform Path D:/pr0503_microblaze_axi_spi_i2c/microblaze_i2c/workspace/axi_i2c_wrapper/hw/axi_i2c_wrapper.xsa
TRACE::2026-05-04.15:21:50::SCWPlatform:: Unique name xilinx:basys3::0.0
TRACE::2026-05-04.15:21:50::SCWPlatform::Do not have an existing db opened. 
TRACE::2026-05-04.15:21:50::SCWPlatform::Opened new HwDB with name axi_i2c_wrapper_0
TRACE::2026-05-04.15:21:50::SCWWriter::formatted JSON is {
	"platformName":	"axi_i2c_wrapper",
	"sprVersion":	"2.0",
	"mode":	"gui",
	"dsaType":	"Fixed",
	"platformDesc":	"axi_i2c_wrapper",
	"platHandOff":	"D:/pr0503_microblaze_axi_spi_i2c/microblaze_i2c/XSA/axi_i2c_wrapper.xsa",
	"platIntHandOff":	"<platformDir>/hw/axi_i2c_wrapper.xsa",
	"deviceType":	"FPGA",
	"platIsPrebuiltAutogen":	"false",
	"platIsNoBootBsp":	"false",
	"hasFsblMakeHasChanges":	"false",
	"hasPmufwMakeHasChanges":	"false",
	"platPreBuiltFlag":	false,
	"platformSamplesDir":	""
}
TRACE::2026-05-04.15:21:50::SCWWriter::formatted JSON is {
	"platformName":	"axi_i2c_wrapper",
	"sprVersion":	"2.0",
	"mode":	"gui",
	"dsaType":	"Fixed",
	"platformDesc":	"axi_i2c_wrapper",
	"platHandOff":	"D:/pr0503_microblaze_axi_spi_i2c/microblaze_i2c/XSA/axi_i2c_wrapper.xsa",
	"platIntHandOff":	"<platformDir>/hw/axi_i2c_wrapper.xsa",
	"deviceType":	"FPGA",
	"platIsPrebuiltAutogen":	"false",
	"platIsNoBootBsp":	"false",
	"hasFsblMakeHasChanges":	"false",
	"hasPmufwMakeHasChanges":	"false",
	"platPreBuiltFlag":	false,
	"platformSamplesDir":	"",
	"platActiveSys":	"axi_i2c_wrapper",
	"systems":	[{
			"systemName":	"axi_i2c_wrapper",
			"systemDesc":	"axi_i2c_wrapper",
			"sysIsBootAutoGen":	"true",
			"systemDispName":	"axi_i2c_wrapper"
		}]
}
TRACE::2026-05-04.15:21:50::SCWPlatform::Boot application domains not present, creating them
TRACE::2026-05-04.15:21:50::SCWPlatform::Pure FPGA device, no boot application will be created.
TRACE::2026-05-04.15:21:50::SCWWriter::formatted JSON is {
	"platformName":	"axi_i2c_wrapper",
	"sprVersion":	"2.0",
	"mode":	"gui",
	"dsaType":	"Fixed",
	"platformDesc":	"axi_i2c_wrapper",
	"platHandOff":	"D:/pr0503_microblaze_axi_spi_i2c/microblaze_i2c/XSA/axi_i2c_wrapper.xsa",
	"platIntHandOff":	"<platformDir>/hw/axi_i2c_wrapper.xsa",
	"deviceType":	"FPGA",
	"platIsPrebuiltAutogen":	"false",
	"platIsNoBootBsp":	"false",
	"hasFsblMakeHasChanges":	"false",
	"hasPmufwMakeHasChanges":	"false",
	"platPreBuiltFlag":	false,
	"platformSamplesDir":	"",
	"platActiveSys":	"axi_i2c_wrapper",
	"systems":	[{
			"systemName":	"axi_i2c_wrapper",
			"systemDesc":	"axi_i2c_wrapper",
			"sysIsBootAutoGen":	"true",
			"systemDispName":	"axi_i2c_wrapper"
		}]
}
TRACE::2026-05-04.15:21:50::SCWWriter::formatted JSON is {
	"platformName":	"axi_i2c_wrapper",
	"sprVersion":	"2.0",
	"mode":	"gui",
	"dsaType":	"Fixed",
	"platformDesc":	"axi_i2c_wrapper",
	"platHandOff":	"D:/pr0503_microblaze_axi_spi_i2c/microblaze_i2c/XSA/axi_i2c_wrapper.xsa",
	"platIntHandOff":	"<platformDir>/hw/axi_i2c_wrapper.xsa",
	"deviceType":	"FPGA",
	"platIsPrebuiltAutogen":	"false",
	"platIsNoBootBsp":	"false",
	"hasFsblMakeHasChanges":	"false",
	"hasPmufwMakeHasChanges":	"false",
	"platPreBuiltFlag":	false,
	"platformSamplesDir":	"",
	"platActiveSys":	"axi_i2c_wrapper",
	"systems":	[{
			"systemName":	"axi_i2c_wrapper",
			"systemDesc":	"axi_i2c_wrapper",
			"sysIsBootAutoGen":	"true",
			"systemDispName":	"axi_i2c_wrapper"
		}]
}
TRACE::2026-05-04.15:21:50::SCWPlatform::Trying to open the hw design at D:/pr0503_microblaze_axi_spi_i2c/microblaze_i2c/workspace/axi_i2c_wrapper/hw/axi_i2c_wrapper.xsa
TRACE::2026-05-04.15:21:50::SCWPlatform::DSA given D:/pr0503_microblaze_axi_spi_i2c/microblaze_i2c/workspace/axi_i2c_wrapper/hw/axi_i2c_wrapper.xsa
TRACE::2026-05-04.15:21:50::SCWPlatform::DSA absoulate path D:/pr0503_microblaze_axi_spi_i2c/microblaze_i2c/workspace/axi_i2c_wrapper/hw/axi_i2c_wrapper.xsa
TRACE::2026-05-04.15:21:50::SCWPlatform::DSA directory D:/pr0503_microblaze_axi_spi_i2c/microblaze_i2c/workspace/axi_i2c_wrapper/hw
TRACE::2026-05-04.15:21:50::SCWPlatform:: Platform Path D:/pr0503_microblaze_axi_spi_i2c/microblaze_i2c/workspace/axi_i2c_wrapper/hw/axi_i2c_wrapper.xsa
TRACE::2026-05-04.15:21:50::SCWPlatform:: Unique name xilinx:basys3::0.0
TRACE::2026-05-04.15:21:50::SCWPlatform::Trying to set the existing hwdb with name axi_i2c_wrapper_0
TRACE::2026-05-04.15:21:50::SCWPlatform::Opened existing hwdb axi_i2c_wrapper_0
TRACE::2026-05-04.15:21:50::SCWPlatform::Found the Hw Db part of the input DSA
TRACE::2026-05-04.15:21:50::SCWDomain::checking for install qemu data   : 
TRACE::2026-05-04.15:21:50::SCWPlatform::Trying to open the hw design at D:/pr0503_microblaze_axi_spi_i2c/microblaze_i2c/workspace/axi_i2c_wrapper/hw/axi_i2c_wrapper.xsa
TRACE::2026-05-04.15:21:50::SCWPlatform::DSA given D:/pr0503_microblaze_axi_spi_i2c/microblaze_i2c/workspace/axi_i2c_wrapper/hw/axi_i2c_wrapper.xsa
TRACE::2026-05-04.15:21:50::SCWPlatform::DSA absoulate path D:/pr0503_microblaze_axi_spi_i2c/microblaze_i2c/workspace/axi_i2c_wrapper/hw/axi_i2c_wrapper.xsa
TRACE::2026-05-04.15:21:50::SCWPlatform::DSA directory D:/pr0503_microblaze_axi_spi_i2c/microblaze_i2c/workspace/axi_i2c_wrapper/hw
TRACE::2026-05-04.15:21:50::SCWPlatform:: Platform Path D:/pr0503_microblaze_axi_spi_i2c/microblaze_i2c/workspace/axi_i2c_wrapper/hw/axi_i2c_wrapper.xsa
TRACE::2026-05-04.15:21:50::SCWPlatform:: Unique name xilinx:basys3::0.0
TRACE::2026-05-04.15:21:50::SCWPlatform::Trying to set the existing hwdb with name axi_i2c_wrapper_0
TRACE::2026-05-04.15:21:50::SCWPlatform::Opened existing hwdb axi_i2c_wrapper_0
TRACE::2026-05-04.15:21:50::SCWPlatform::Found the Hw Db part of the input DSA
TRACE::2026-05-04.15:21:50::SCWPlatform::Trying to open the hw design at D:/pr0503_microblaze_axi_spi_i2c/microblaze_i2c/workspace/axi_i2c_wrapper/hw/axi_i2c_wrapper.xsa
TRACE::2026-05-04.15:21:50::SCWPlatform::DSA given D:/pr0503_microblaze_axi_spi_i2c/microblaze_i2c/workspace/axi_i2c_wrapper/hw/axi_i2c_wrapper.xsa
TRACE::2026-05-04.15:21:50::SCWPlatform::DSA absoulate path D:/pr0503_microblaze_axi_spi_i2c/microblaze_i2c/workspace/axi_i2c_wrapper/hw/axi_i2c_wrapper.xsa
TRACE::2026-05-04.15:21:50::SCWPlatform::DSA directory D:/pr0503_microblaze_axi_spi_i2c/microblaze_i2c/workspace/axi_i2c_wrapper/hw
TRACE::2026-05-04.15:21:50::SCWPlatform:: Platform Path D:/pr0503_microblaze_axi_spi_i2c/microblaze_i2c/workspace/axi_i2c_wrapper/hw/axi_i2c_wrapper.xsa
TRACE::2026-05-04.15:21:50::SCWPlatform:: Unique name xilinx:basys3::0.0
TRACE::2026-05-04.15:21:50::SCWPlatform::Trying to set the existing hwdb with name axi_i2c_wrapper_0
TRACE::2026-05-04.15:21:50::SCWPlatform::Opened existing hwdb axi_i2c_wrapper_0
TRACE::2026-05-04.15:21:50::SCWPlatform::Found the Hw Db part of the input DSA
TRACE::2026-05-04.15:21:50::SCWPlatform::Trying to open the hw design at D:/pr0503_microblaze_axi_spi_i2c/microblaze_i2c/workspace/axi_i2c_wrapper/hw/axi_i2c_wrapper.xsa
TRACE::2026-05-04.15:21:50::SCWPlatform::DSA given D:/pr0503_microblaze_axi_spi_i2c/microblaze_i2c/workspace/axi_i2c_wrapper/hw/axi_i2c_wrapper.xsa
TRACE::2026-05-04.15:21:50::SCWPlatform::DSA absoulate path D:/pr0503_microblaze_axi_spi_i2c/microblaze_i2c/workspace/axi_i2c_wrapper/hw/axi_i2c_wrapper.xsa
TRACE::2026-05-04.15:21:50::SCWPlatform::DSA directory D:/pr0503_microblaze_axi_spi_i2c/microblaze_i2c/workspace/axi_i2c_wrapper/hw
TRACE::2026-05-04.15:21:50::SCWPlatform:: Platform Path D:/pr0503_microblaze_axi_spi_i2c/microblaze_i2c/workspace/axi_i2c_wrapper/hw/axi_i2c_wrapper.xsa
TRACE::2026-05-04.15:21:50::SCWPlatform:: Unique name xilinx:basys3::0.0
TRACE::2026-05-04.15:21:50::SCWPlatform::Trying to set the existing hwdb with name axi_i2c_wrapper_0
TRACE::2026-05-04.15:21:50::SCWPlatform::Opened existing hwdb axi_i2c_wrapper_0
TRACE::2026-05-04.15:21:50::SCWPlatform::Found the Hw Db part of the input DSA
TRACE::2026-05-04.15:21:50::SCWMssOS::Checking the sw design at  D:/pr0503_microblaze_axi_spi_i2c/microblaze_i2c/workspace/axi_i2c_wrapper/microblaze_0/standalone_microblaze_0/bsp/system.mss
TRACE::2026-05-04.15:21:50::SCWMssOS::DEBUG:  swdes dump  
TRACE::2026-05-04.15:21:50::SCWMssOS::No sw design opened at  D:/pr0503_microblaze_axi_spi_i2c/microblaze_i2c/workspace/axi_i2c_wrapper/microblaze_0/standalone_microblaze_0/bsp/system.mss
TRACE::2026-05-04.15:21:50::SCWMssOS::mss does not exists at D:/pr0503_microblaze_axi_spi_i2c/microblaze_i2c/workspace/axi_i2c_wrapper/microblaze_0/standalone_microblaze_0/bsp/system.mss
TRACE::2026-05-04.15:21:50::SCWMssOS::Creating sw design at  D:/pr0503_microblaze_axi_spi_i2c/microblaze_i2c/workspace/axi_i2c_wrapper/microblaze_0/standalone_microblaze_0/bsp/system.mss
TRACE::2026-05-04.15:21:50::SCWMssOS::Adding the swdes entry, created swdb D:/pr0503_microblaze_axi_spi_i2c/microblaze_i2c/workspace/axi_i2c_wrapper/microblaze_0/standalone_microblaze_0/bsp/system.mss with des name D:/pr0503_microblaze_axi_spi_i2c/microblaze_i2c/workspace/axi_i2c_wrapper/microblaze_0/standalone_microblaze_0/bsp/system.mss
TRACE::2026-05-04.15:21:50::SCWMssOS::updating the scw layer changes to swdes at   D:/pr0503_microblaze_axi_spi_i2c/microblaze_i2c/workspace/axi_i2c_wrapper/microblaze_0/standalone_microblaze_0/bsp/system.mss
TRACE::2026-05-04.15:21:50::SCWMssOS::Writing mss at D:/pr0503_microblaze_axi_spi_i2c/microblaze_i2c/workspace/axi_i2c_wrapper/microblaze_0/standalone_microblaze_0/bsp/system.mss
TRACE::2026-05-04.15:21:50::SCWMssOS::Completed writing the mss file at D:/pr0503_microblaze_axi_spi_i2c/microblaze_i2c/workspace/axi_i2c_wrapper/microblaze_0/standalone_microblaze_0/bsp
TRACE::2026-05-04.15:21:50::SCWMssOS::Picking up changes from newly written mss file into SCW Layer. 
TRACE::2026-05-04.15:21:50::SCWMssOS::Updated the changes from newly written mss file into SCW Layer. 
TRACE::2026-05-04.15:21:50::SCWMssOS::Completed writing the mss file at D:/pr0503_microblaze_axi_spi_i2c/microblaze_i2c/workspace/axi_i2c_wrapper/microblaze_0/standalone_microblaze_0/bsp
TRACE::2026-05-04.15:21:50::SCWMssOS::Forcing BSP Sources regeneration.
TRACE::2026-05-04.15:21:51::SCWMssOS::Saving the mss changes D:/pr0503_microblaze_axi_spi_i2c/microblaze_i2c/workspace/axi_i2c_wrapper/microblaze_0/standalone_microblaze_0/bsp/system.mss
TRACE::2026-05-04.15:21:51::SCWMssOS::Found a swdesign opened with the mssfile.
TRACE::2026-05-04.15:21:51::SCWMssOS::Running validate of swdbs.
KEYINFO::2026-05-04.15:21:51::SCWMssOS::Could not open the swdb for D:/pr0503_microblaze_axi_spi_i2c/microblaze_i2c/workspace/axi_i2c_wrapper/microblaze_0/standalone_microblaze_0/bsp/system.mss
KEYINFO::2026-05-04.15:21:51::SCWMssOS::Could not open the sw design at  D:/pr0503_microblaze_axi_spi_i2c/microblaze_i2c/workspace/axi_i2c_wrapper/microblaze_0/standalone_microblaze_0/bsp/system.mss
ERROR: [Hsi 55-1558] Software Design D:/pr0503_microblaze_axi_spi_i2c/microblaze_i2c/workspace/axi_i2c_wrapper/microblaze_0/standalone_microblaze_0/bsp/system.mss is not found

TRACE::2026-05-04.15:21:51::SCWMssOS::Cleared the swdb table entry
TRACE::2026-05-04.15:21:51::SCWMssOS::Adding the swdes entry, mss present, able to open swdb D:/pr0503_microblaze_axi_spi_i2c/microblaze_i2c/workspace/axi_i2c_wrapper/microblaze_0/standalone_microblaze_0/bsp/system.mss with des name system
TRACE::2026-05-04.15:21:51::SCWMssOS::Writing the mss file completed D:/pr0503_microblaze_axi_spi_i2c/microblaze_i2c/workspace/axi_i2c_wrapper/microblaze_0/standalone_microblaze_0/bsp/system.mss
TRACE::2026-05-04.15:21:51::SCWMssOS::Commit changes completed.
TRACE::2026-05-04.15:21:51::SCWPlatform::Trying to open the hw design at D:/pr0503_microblaze_axi_spi_i2c/microblaze_i2c/workspace/axi_i2c_wrapper/hw/axi_i2c_wrapper.xsa
TRACE::2026-05-04.15:21:51::SCWPlatform::DSA given D:/pr0503_microblaze_axi_spi_i2c/microblaze_i2c/workspace/axi_i2c_wrapper/hw/axi_i2c_wrapper.xsa
TRACE::2026-05-04.15:21:51::SCWPlatform::DSA absoulate path D:/pr0503_microblaze_axi_spi_i2c/microblaze_i2c/workspace/axi_i2c_wrapper/hw/axi_i2c_wrapper.xsa
TRACE::2026-05-04.15:21:51::SCWPlatform::DSA directory D:/pr0503_microblaze_axi_spi_i2c/microblaze_i2c/workspace/axi_i2c_wrapper/hw
TRACE::2026-05-04.15:21:51::SCWPlatform:: Platform Path D:/pr0503_microblaze_axi_spi_i2c/microblaze_i2c/workspace/axi_i2c_wrapper/hw/axi_i2c_wrapper.xsa
TRACE::2026-05-04.15:21:51::SCWPlatform:: Unique name xilinx:basys3::0.0
TRACE::2026-05-04.15:21:51::SCWPlatform::Trying to set the existing hwdb with name axi_i2c_wrapper_0
TRACE::2026-05-04.15:21:51::SCWPlatform::Opened existing hwdb axi_i2c_wrapper_0
TRACE::2026-05-04.15:21:51::SCWPlatform::Found the Hw Db part of the input DSA
TRACE::2026-05-04.15:21:51::SCWMssOS::Checking the sw design at  D:/pr0503_microblaze_axi_spi_i2c/microblaze_i2c/workspace/axi_i2c_wrapper/microblaze_0/standalone_microblaze_0/bsp/system.mss
TRACE::2026-05-04.15:21:51::SCWMssOS::DEBUG:  swdes dump  D:/pr0503_microblaze_axi_spi_i2c/microblaze_i2c/workspace/axi_i2c_wrapper/microblaze_0/standalone_microblaze_0/bsp/system.mss|system||

TRACE::2026-05-04.15:21:51::SCWMssOS::Sw design exists and opened at  D:/pr0503_microblaze_axi_spi_i2c/microblaze_i2c/workspace/axi_i2c_wrapper/microblaze_0/standalone_microblaze_0/bsp/system.mss
TRACE::2026-05-04.15:21:51::SCWPlatform::Trying to open the hw design at D:/pr0503_microblaze_axi_spi_i2c/microblaze_i2c/workspace/axi_i2c_wrapper/hw/axi_i2c_wrapper.xsa
TRACE::2026-05-04.15:21:51::SCWPlatform::DSA given D:/pr0503_microblaze_axi_spi_i2c/microblaze_i2c/workspace/axi_i2c_wrapper/hw/axi_i2c_wrapper.xsa
TRACE::2026-05-04.15:21:51::SCWPlatform::DSA absoulate path D:/pr0503_microblaze_axi_spi_i2c/microblaze_i2c/workspace/axi_i2c_wrapper/hw/axi_i2c_wrapper.xsa
TRACE::2026-05-04.15:21:51::SCWPlatform::DSA directory D:/pr0503_microblaze_axi_spi_i2c/microblaze_i2c/workspace/axi_i2c_wrapper/hw
TRACE::2026-05-04.15:21:51::SCWPlatform:: Platform Path D:/pr0503_microblaze_axi_spi_i2c/microblaze_i2c/workspace/axi_i2c_wrapper/hw/axi_i2c_wrapper.xsa
TRACE::2026-05-04.15:21:51::SCWPlatform:: Unique name xilinx:basys3::0.0
TRACE::2026-05-04.15:21:51::SCWPlatform::Trying to set the existing hwdb with name axi_i2c_wrapper_0
TRACE::2026-05-04.15:21:51::SCWPlatform::Opened existing hwdb axi_i2c_wrapper_0
TRACE::2026-05-04.15:21:51::SCWPlatform::Found the Hw Db part of the input DSA
TRACE::2026-05-04.15:21:51::SCWMssOS::Checking the sw design at  D:/pr0503_microblaze_axi_spi_i2c/microblaze_i2c/workspace/axi_i2c_wrapper/microblaze_0/standalone_microblaze_0/bsp/system.mss
TRACE::2026-05-04.15:21:51::SCWMssOS::DEBUG:  swdes dump  D:/pr0503_microblaze_axi_spi_i2c/microblaze_i2c/workspace/axi_i2c_wrapper/microblaze_0/standalone_microblaze_0/bsp/system.mss|system||

TRACE::2026-05-04.15:21:51::SCWMssOS::Sw design exists and opened at  D:/pr0503_microblaze_axi_spi_i2c/microblaze_i2c/workspace/axi_i2c_wrapper/microblaze_0/standalone_microblaze_0/bsp/system.mss
TRACE::2026-05-04.15:21:51::SCWPlatform::Trying to open the hw design at D:/pr0503_microblaze_axi_spi_i2c/microblaze_i2c/workspace/axi_i2c_wrapper/hw/axi_i2c_wrapper.xsa
TRACE::2026-05-04.15:21:51::SCWPlatform::DSA given D:/pr0503_microblaze_axi_spi_i2c/microblaze_i2c/workspace/axi_i2c_wrapper/hw/axi_i2c_wrapper.xsa
TRACE::2026-05-04.15:21:51::SCWPlatform::DSA absoulate path D:/pr0503_microblaze_axi_spi_i2c/microblaze_i2c/workspace/axi_i2c_wrapper/hw/axi_i2c_wrapper.xsa
TRACE::2026-05-04.15:21:51::SCWPlatform::DSA directory D:/pr0503_microblaze_axi_spi_i2c/microblaze_i2c/workspace/axi_i2c_wrapper/hw
TRACE::2026-05-04.15:21:51::SCWPlatform:: Platform Path D:/pr0503_microblaze_axi_spi_i2c/microblaze_i2c/workspace/axi_i2c_wrapper/hw/axi_i2c_wrapper.xsa
TRACE::2026-05-04.15:21:51::SCWPlatform:: Unique name xilinx:basys3::0.0
TRACE::2026-05-04.15:21:51::SCWPlatform::Trying to set the existing hwdb with name axi_i2c_wrapper_0
TRACE::2026-05-04.15:21:51::SCWPlatform::Opened existing hwdb axi_i2c_wrapper_0
TRACE::2026-05-04.15:21:51::SCWPlatform::Found the Hw Db part of the input DSA
TRACE::2026-05-04.15:21:51::SCWMssOS::Checking the sw design at  D:/pr0503_microblaze_axi_spi_i2c/microblaze_i2c/workspace/axi_i2c_wrapper/microblaze_0/standalone_microblaze_0/bsp/system.mss
TRACE::2026-05-04.15:21:51::SCWMssOS::DEBUG:  swdes dump  D:/pr0503_microblaze_axi_spi_i2c/microblaze_i2c/workspace/axi_i2c_wrapper/microblaze_0/standalone_microblaze_0/bsp/system.mss|system||

TRACE::2026-05-04.15:21:51::SCWMssOS::Sw design exists and opened at  D:/pr0503_microblaze_axi_spi_i2c/microblaze_i2c/workspace/axi_i2c_wrapper/microblaze_0/standalone_microblaze_0/bsp/system.mss
TRACE::2026-05-04.15:21:51::SCWWriter::formatted JSON is {
	"platformName":	"axi_i2c_wrapper",
	"sprVersion":	"2.0",
	"mode":	"gui",
	"dsaType":	"Fixed",
	"platformDesc":	"axi_i2c_wrapper",
	"platHandOff":	"D:/pr0503_microblaze_axi_spi_i2c/microblaze_i2c/XSA/axi_i2c_wrapper.xsa",
	"platIntHandOff":	"<platformDir>/hw/axi_i2c_wrapper.xsa",
	"deviceType":	"FPGA",
	"platIsPrebuiltAutogen":	"false",
	"platIsNoBootBsp":	"false",
	"hasFsblMakeHasChanges":	"false",
	"hasPmufwMakeHasChanges":	"false",
	"platPreBuiltFlag":	false,
	"platformSamplesDir":	"",
	"platActiveSys":	"axi_i2c_wrapper",
	"systems":	[{
			"systemName":	"axi_i2c_wrapper",
			"systemDesc":	"axi_i2c_wrapper",
			"sysIsBootAutoGen":	"true",
			"systemDispName":	"axi_i2c_wrapper",
			"sysActiveDom":	"standalone_microblaze_0",
			"sysDefaultDom":	"standalone_microblaze_0",
			"domains":	[{
					"domainName":	"standalone_microblaze_0",
					"domainDispName":	"standalone_microblaze_0",
					"domainDesc":	"standalone_microblaze_0",
					"processors":	"microblaze_0",
					"os":	"standalone",
					"sdxOs":	"standalone",
					"debugEnable":	"False",
					"domRuntimes":	["cpp"],
					"swRepo":	"",
					"mssOsVer":	"7.3",
					"mssFile":	"",
					"md5Digest":	"76a53366647551af9ff2efb8b321c055",
					"compatibleApp":	"empty_application",
					"domType":	"mssDomain",
					"arch":	"32-bit",
					"appSettings":	{
						"appCompilerFlags":	"",
						"appLinkerFlags":	""
					},
					"addedLibs":	[],
					"libOptions":	{
						"libsContainingOptions":	[]
					},
					"prebuiltLibs":	{
						"prebuiltIncPath":	[],
						"prebuiltLibPath":	[]
					},
					"isolation":	{
					}
				}]
		}]
}
LOG::2026-05-04.15:21:51::SCWPlatform::Started generating the artifacts platform axi_i2c_wrapper
TRACE::2026-05-04.15:21:51::SCWPlatform::Sanity checking of platform is completed
LOG::2026-05-04.15:21:51::SCWPlatform::Started generating the artifacts for system configuration axi_i2c_wrapper
LOG::2026-05-04.15:21:51::SCWSystem::Checking the domain standalone_microblaze_0
LOG::2026-05-04.15:21:51::SCWSystem::Not a boot domain 
LOG::2026-05-04.15:21:51::SCWSystem::Started Processing the domain standalone_microblaze_0
TRACE::2026-05-04.15:21:51::SCWDomain::Generating domain artifcats
TRACE::2026-05-04.15:21:51::SCWMssOS::Generating standalone artifcats
TRACE::2026-05-04.15:21:51::SCWMssOS:: Copying the user libraries. 
TRACE::2026-05-04.15:21:51::SCWPlatform::Trying to open the hw design at D:/pr0503_microblaze_axi_spi_i2c/microblaze_i2c/workspace/axi_i2c_wrapper/hw/axi_i2c_wrapper.xsa
TRACE::2026-05-04.15:21:51::SCWPlatform::DSA given D:/pr0503_microblaze_axi_spi_i2c/microblaze_i2c/workspace/axi_i2c_wrapper/hw/axi_i2c_wrapper.xsa
TRACE::2026-05-04.15:21:51::SCWPlatform::DSA absoulate path D:/pr0503_microblaze_axi_spi_i2c/microblaze_i2c/workspace/axi_i2c_wrapper/hw/axi_i2c_wrapper.xsa
TRACE::2026-05-04.15:21:51::SCWPlatform::DSA directory D:/pr0503_microblaze_axi_spi_i2c/microblaze_i2c/workspace/axi_i2c_wrapper/hw
TRACE::2026-05-04.15:21:51::SCWPlatform:: Platform Path D:/pr0503_microblaze_axi_spi_i2c/microblaze_i2c/workspace/axi_i2c_wrapper/hw/axi_i2c_wrapper.xsa
TRACE::2026-05-04.15:21:51::SCWPlatform:: Unique name xilinx:basys3::0.0
TRACE::2026-05-04.15:21:51::SCWPlatform::Trying to set the existing hwdb with name axi_i2c_wrapper_0
TRACE::2026-05-04.15:21:51::SCWPlatform::Opened existing hwdb axi_i2c_wrapper_0
TRACE::2026-05-04.15:21:51::SCWPlatform::Found the Hw Db part of the input DSA
TRACE::2026-05-04.15:21:51::SCWMssOS::Checking the sw design at  D:/pr0503_microblaze_axi_spi_i2c/microblaze_i2c/workspace/axi_i2c_wrapper/microblaze_0/standalone_microblaze_0/bsp/system.mss
TRACE::2026-05-04.15:21:51::SCWMssOS::DEBUG:  swdes dump  D:/pr0503_microblaze_axi_spi_i2c/microblaze_i2c/workspace/axi_i2c_wrapper/microblaze_0/standalone_microblaze_0/bsp/system.mss|system||

TRACE::2026-05-04.15:21:51::SCWMssOS::Sw design exists and opened at  D:/pr0503_microblaze_axi_spi_i2c/microblaze_i2c/workspace/axi_i2c_wrapper/microblaze_0/standalone_microblaze_0/bsp/system.mss
TRACE::2026-05-04.15:21:51::SCWMssOS::Completed writing the mss file at D:/pr0503_microblaze_axi_spi_i2c/microblaze_i2c/workspace/axi_i2c_wrapper/microblaze_0/standalone_microblaze_0/bsp
TRACE::2026-05-04.15:21:51::SCWMssOS::Mss edits present, copying mssfile into export location D:/pr0503_microblaze_axi_spi_i2c/microblaze_i2c/workspace/axi_i2c_wrapper/microblaze_0/standalone_microblaze_0/bsp/system.mss
TRACE::2026-05-04.15:21:51::SCWMssOS::bsp generated is upto date with the mss file. Skipping bsp generation.
TRACE::2026-05-04.15:21:51::SCWMssOS::BSP is already built. skipping the bsp build ... 
TRACE::2026-05-04.15:21:51::SCWDomain::Skipping the build for domain :  standalone_microblaze_0
TRACE::2026-05-04.15:21:51::SCWMssOS::skipping the bsp build ... 
TRACE::2026-05-04.15:21:51::SCWMssOS::Copying to export directory.
TRACE::2026-05-04.15:21:51::SCWMssOS:: Checking if to create the Supporting Applications
TRACE::2026-05-04.15:21:51::SCWMssOS:: No Linux domain exists, trying to generate FSBL 
LOG::2026-05-04.15:21:51::SCWSystem::Completed Processing the domain standalone_microblaze_0
LOG::2026-05-04.15:21:51::SCWSystem::Completed Processing the sysconfig axi_i2c_wrapper
LOG::2026-05-04.15:21:51::SCWPlatform::Completed generating the artifacts for system configuration axi_i2c_wrapper
TRACE::2026-05-04.15:21:51::SCWPlatform::Started preparing the platform 
TRACE::2026-05-04.15:21:51::SCWSystem::Writing the bif file for system config axi_i2c_wrapper
TRACE::2026-05-04.15:21:51::SCWSystem::dir created 
TRACE::2026-05-04.15:21:51::SCWSystem::Writing the bif 
TRACE::2026-05-04.15:21:51::SCWPlatform::Started writing the spfm file 
TRACE::2026-05-04.15:21:51::SCWPlatform::Started writing the xpfm file 
TRACE::2026-05-04.15:21:51::SCWPlatform::Completed generating the platform
TRACE::2026-05-04.15:21:51::SCWMssOS::Saving the mss changes D:/pr0503_microblaze_axi_spi_i2c/microblaze_i2c/workspace/axi_i2c_wrapper/microblaze_0/standalone_microblaze_0/bsp/system.mss
TRACE::2026-05-04.15:21:51::SCWMssOS::Found a swdesign opened with the mssfile.
TRACE::2026-05-04.15:21:51::SCWMssOS::Completed writemss as part of save.
TRACE::2026-05-04.15:21:51::SCWMssOS::Commit changes completed.
TRACE::2026-05-04.15:21:51::SCWPlatform::Trying to open the hw design at D:/pr0503_microblaze_axi_spi_i2c/microblaze_i2c/workspace/axi_i2c_wrapper/hw/axi_i2c_wrapper.xsa
TRACE::2026-05-04.15:21:51::SCWPlatform::DSA given D:/pr0503_microblaze_axi_spi_i2c/microblaze_i2c/workspace/axi_i2c_wrapper/hw/axi_i2c_wrapper.xsa
TRACE::2026-05-04.15:21:51::SCWPlatform::DSA absoulate path D:/pr0503_microblaze_axi_spi_i2c/microblaze_i2c/workspace/axi_i2c_wrapper/hw/axi_i2c_wrapper.xsa
TRACE::2026-05-04.15:21:51::SCWPlatform::DSA directory D:/pr0503_microblaze_axi_spi_i2c/microblaze_i2c/workspace/axi_i2c_wrapper/hw
TRACE::2026-05-04.15:21:51::SCWPlatform:: Platform Path D:/pr0503_microblaze_axi_spi_i2c/microblaze_i2c/workspace/axi_i2c_wrapper/hw/axi_i2c_wrapper.xsa
TRACE::2026-05-04.15:21:51::SCWPlatform:: Unique name xilinx:basys3::0.0
TRACE::2026-05-04.15:21:51::SCWPlatform::Trying to set the existing hwdb with name axi_i2c_wrapper_0
TRACE::2026-05-04.15:21:51::SCWPlatform::Opened existing hwdb axi_i2c_wrapper_0
TRACE::2026-05-04.15:21:51::SCWPlatform::Found the Hw Db part of the input DSA
TRACE::2026-05-04.15:21:51::SCWMssOS::Checking the sw design at  D:/pr0503_microblaze_axi_spi_i2c/microblaze_i2c/workspace/axi_i2c_wrapper/microblaze_0/standalone_microblaze_0/bsp/system.mss
TRACE::2026-05-04.15:21:51::SCWMssOS::DEBUG:  swdes dump  D:/pr0503_microblaze_axi_spi_i2c/microblaze_i2c/workspace/axi_i2c_wrapper/microblaze_0/standalone_microblaze_0/bsp/system.mss|system||

TRACE::2026-05-04.15:21:51::SCWMssOS::Sw design exists and opened at  D:/pr0503_microblaze_axi_spi_i2c/microblaze_i2c/workspace/axi_i2c_wrapper/microblaze_0/standalone_microblaze_0/bsp/system.mss
TRACE::2026-05-04.15:21:51::SCWPlatform::Trying to open the hw design at D:/pr0503_microblaze_axi_spi_i2c/microblaze_i2c/workspace/axi_i2c_wrapper/hw/axi_i2c_wrapper.xsa
TRACE::2026-05-04.15:21:51::SCWPlatform::DSA given D:/pr0503_microblaze_axi_spi_i2c/microblaze_i2c/workspace/axi_i2c_wrapper/hw/axi_i2c_wrapper.xsa
TRACE::2026-05-04.15:21:51::SCWPlatform::DSA absoulate path D:/pr0503_microblaze_axi_spi_i2c/microblaze_i2c/workspace/axi_i2c_wrapper/hw/axi_i2c_wrapper.xsa
TRACE::2026-05-04.15:21:51::SCWPlatform::DSA directory D:/pr0503_microblaze_axi_spi_i2c/microblaze_i2c/workspace/axi_i2c_wrapper/hw
TRACE::2026-05-04.15:21:51::SCWPlatform:: Platform Path D:/pr0503_microblaze_axi_spi_i2c/microblaze_i2c/workspace/axi_i2c_wrapper/hw/axi_i2c_wrapper.xsa
TRACE::2026-05-04.15:21:51::SCWPlatform:: Unique name xilinx:basys3::0.0
TRACE::2026-05-04.15:21:51::SCWPlatform::Trying to set the existing hwdb with name axi_i2c_wrapper_0
TRACE::2026-05-04.15:21:51::SCWPlatform::Opened existing hwdb axi_i2c_wrapper_0
TRACE::2026-05-04.15:21:51::SCWPlatform::Found the Hw Db part of the input DSA
TRACE::2026-05-04.15:21:51::SCWMssOS::Checking the sw design at  D:/pr0503_microblaze_axi_spi_i2c/microblaze_i2c/workspace/axi_i2c_wrapper/microblaze_0/standalone_microblaze_0/bsp/system.mss
TRACE::2026-05-04.15:21:51::SCWMssOS::DEBUG:  swdes dump  D:/pr0503_microblaze_axi_spi_i2c/microblaze_i2c/workspace/axi_i2c_wrapper/microblaze_0/standalone_microblaze_0/bsp/system.mss|system||

TRACE::2026-05-04.15:21:51::SCWMssOS::Sw design exists and opened at  D:/pr0503_microblaze_axi_spi_i2c/microblaze_i2c/workspace/axi_i2c_wrapper/microblaze_0/standalone_microblaze_0/bsp/system.mss
TRACE::2026-05-04.15:21:51::SCWPlatform::Trying to open the hw design at D:/pr0503_microblaze_axi_spi_i2c/microblaze_i2c/workspace/axi_i2c_wrapper/hw/axi_i2c_wrapper.xsa
TRACE::2026-05-04.15:21:51::SCWPlatform::DSA given D:/pr0503_microblaze_axi_spi_i2c/microblaze_i2c/workspace/axi_i2c_wrapper/hw/axi_i2c_wrapper.xsa
TRACE::2026-05-04.15:21:51::SCWPlatform::DSA absoulate path D:/pr0503_microblaze_axi_spi_i2c/microblaze_i2c/workspace/axi_i2c_wrapper/hw/axi_i2c_wrapper.xsa
TRACE::2026-05-04.15:21:51::SCWPlatform::DSA directory D:/pr0503_microblaze_axi_spi_i2c/microblaze_i2c/workspace/axi_i2c_wrapper/hw
TRACE::2026-05-04.15:21:51::SCWPlatform:: Platform Path D:/pr0503_microblaze_axi_spi_i2c/microblaze_i2c/workspace/axi_i2c_wrapper/hw/axi_i2c_wrapper.xsa
TRACE::2026-05-04.15:21:51::SCWPlatform:: Unique name xilinx:basys3::0.0
TRACE::2026-05-04.15:21:51::SCWPlatform::Trying to set the existing hwdb with name axi_i2c_wrapper_0
TRACE::2026-05-04.15:21:51::SCWPlatform::Opened existing hwdb axi_i2c_wrapper_0
TRACE::2026-05-04.15:21:51::SCWPlatform::Found the Hw Db part of the input DSA
TRACE::2026-05-04.15:21:51::SCWMssOS::Checking the sw design at  D:/pr0503_microblaze_axi_spi_i2c/microblaze_i2c/workspace/axi_i2c_wrapper/microblaze_0/standalone_microblaze_0/bsp/system.mss
TRACE::2026-05-04.15:21:51::SCWMssOS::DEBUG:  swdes dump  D:/pr0503_microblaze_axi_spi_i2c/microblaze_i2c/workspace/axi_i2c_wrapper/microblaze_0/standalone_microblaze_0/bsp/system.mss|system||

TRACE::2026-05-04.15:21:51::SCWMssOS::Sw design exists and opened at  D:/pr0503_microblaze_axi_spi_i2c/microblaze_i2c/workspace/axi_i2c_wrapper/microblaze_0/standalone_microblaze_0/bsp/system.mss
TRACE::2026-05-04.15:21:51::SCWWriter::formatted JSON is {
	"platformName":	"axi_i2c_wrapper",
	"sprVersion":	"2.0",
	"mode":	"gui",
	"dsaType":	"Fixed",
	"platformDesc":	"axi_i2c_wrapper",
	"platHandOff":	"D:/pr0503_microblaze_axi_spi_i2c/microblaze_i2c/XSA/axi_i2c_wrapper.xsa",
	"platIntHandOff":	"<platformDir>/hw/axi_i2c_wrapper.xsa",
	"deviceType":	"FPGA",
	"platIsPrebuiltAutogen":	"false",
	"platIsNoBootBsp":	"false",
	"hasFsblMakeHasChanges":	"false",
	"hasPmufwMakeHasChanges":	"false",
	"platPreBuiltFlag":	false,
	"platformSamplesDir":	"",
	"platActiveSys":	"axi_i2c_wrapper",
	"systems":	[{
			"systemName":	"axi_i2c_wrapper",
			"systemDesc":	"axi_i2c_wrapper",
			"sysIsBootAutoGen":	"true",
			"systemDispName":	"axi_i2c_wrapper",
			"sysActiveDom":	"standalone_microblaze_0",
			"sysDefaultDom":	"standalone_microblaze_0",
			"domains":	[{
					"domainName":	"standalone_microblaze_0",
					"domainDispName":	"standalone_microblaze_0",
					"domainDesc":	"standalone_microblaze_0",
					"processors":	"microblaze_0",
					"os":	"standalone",
					"sdxOs":	"standalone",
					"debugEnable":	"False",
					"domRuntimes":	["cpp"],
					"swRepo":	"",
					"mssOsVer":	"7.3",
					"mssFile":	"",
					"md5Digest":	"76a53366647551af9ff2efb8b321c055",
					"compatibleApp":	"empty_application",
					"domType":	"mssDomain",
					"arch":	"32-bit",
					"appSettings":	{
						"appCompilerFlags":	"",
						"appLinkerFlags":	""
					},
					"addedLibs":	[],
					"libOptions":	{
						"libsContainingOptions":	[]
					},
					"prebuiltLibs":	{
						"prebuiltIncPath":	[],
						"prebuiltLibPath":	[]
					},
					"isolation":	{
					}
				}]
		}]
}
KEYINFO::2026-05-04.15:21:51::SCWPlatform::updated the xpfm file.
TRACE::2026-05-04.15:21:51::SCWPlatform::Trying to open the hw design at D:/pr0503_microblaze_axi_spi_i2c/microblaze_i2c/workspace/axi_i2c_wrapper/hw/axi_i2c_wrapper.xsa
TRACE::2026-05-04.15:21:51::SCWPlatform::DSA given D:/pr0503_microblaze_axi_spi_i2c/microblaze_i2c/workspace/axi_i2c_wrapper/hw/axi_i2c_wrapper.xsa
TRACE::2026-05-04.15:21:51::SCWPlatform::DSA absoulate path D:/pr0503_microblaze_axi_spi_i2c/microblaze_i2c/workspace/axi_i2c_wrapper/hw/axi_i2c_wrapper.xsa
TRACE::2026-05-04.15:21:51::SCWPlatform::DSA directory D:/pr0503_microblaze_axi_spi_i2c/microblaze_i2c/workspace/axi_i2c_wrapper/hw
TRACE::2026-05-04.15:21:51::SCWPlatform:: Platform Path D:/pr0503_microblaze_axi_spi_i2c/microblaze_i2c/workspace/axi_i2c_wrapper/hw/axi_i2c_wrapper.xsa
TRACE::2026-05-04.15:21:51::SCWPlatform:: Unique name xilinx:basys3::0.0
TRACE::2026-05-04.15:21:51::SCWPlatform::Trying to set the existing hwdb with name axi_i2c_wrapper_0
TRACE::2026-05-04.15:21:51::SCWPlatform::Opened existing hwdb axi_i2c_wrapper_0
TRACE::2026-05-04.15:21:51::SCWPlatform::Found the Hw Db part of the input DSA
TRACE::2026-05-04.15:21:51::SCWMssOS::Checking the sw design at  D:/pr0503_microblaze_axi_spi_i2c/microblaze_i2c/workspace/axi_i2c_wrapper/microblaze_0/standalone_microblaze_0/bsp/system.mss
TRACE::2026-05-04.15:21:51::SCWMssOS::DEBUG:  swdes dump  D:/pr0503_microblaze_axi_spi_i2c/microblaze_i2c/workspace/axi_i2c_wrapper/microblaze_0/standalone_microblaze_0/bsp/system.mss|system||

TRACE::2026-05-04.15:21:51::SCWMssOS::Sw design exists and opened at  D:/pr0503_microblaze_axi_spi_i2c/microblaze_i2c/workspace/axi_i2c_wrapper/microblaze_0/standalone_microblaze_0/bsp/system.mss
TRACE::2026-05-04.15:21:51::SCWMssOS::Saving the mss changes D:/pr0503_microblaze_axi_spi_i2c/microblaze_i2c/workspace/axi_i2c_wrapper/microblaze_0/standalone_microblaze_0/bsp/system.mss
TRACE::2026-05-04.15:21:51::SCWMssOS::Found a swdesign opened with the mssfile.
TRACE::2026-05-04.15:21:51::SCWMssOS::Completed writemss as part of save.
TRACE::2026-05-04.15:21:51::SCWMssOS::Commit changes completed.
TRACE::2026-05-04.15:21:51::SCWPlatform::Trying to open the hw design at D:/pr0503_microblaze_axi_spi_i2c/microblaze_i2c/workspace/axi_i2c_wrapper/hw/axi_i2c_wrapper.xsa
TRACE::2026-05-04.15:21:51::SCWPlatform::DSA given D:/pr0503_microblaze_axi_spi_i2c/microblaze_i2c/workspace/axi_i2c_wrapper/hw/axi_i2c_wrapper.xsa
TRACE::2026-05-04.15:21:51::SCWPlatform::DSA absoulate path D:/pr0503_microblaze_axi_spi_i2c/microblaze_i2c/workspace/axi_i2c_wrapper/hw/axi_i2c_wrapper.xsa
TRACE::2026-05-04.15:21:51::SCWPlatform::DSA directory D:/pr0503_microblaze_axi_spi_i2c/microblaze_i2c/workspace/axi_i2c_wrapper/hw
TRACE::2026-05-04.15:21:51::SCWPlatform:: Platform Path D:/pr0503_microblaze_axi_spi_i2c/microblaze_i2c/workspace/axi_i2c_wrapper/hw/axi_i2c_wrapper.xsa
TRACE::2026-05-04.15:21:51::SCWPlatform:: Unique name xilinx:basys3::0.0
TRACE::2026-05-04.15:21:51::SCWPlatform::Trying to set the existing hwdb with name axi_i2c_wrapper_0
TRACE::2026-05-04.15:21:51::SCWPlatform::Opened existing hwdb axi_i2c_wrapper_0
TRACE::2026-05-04.15:21:51::SCWPlatform::Found the Hw Db part of the input DSA
TRACE::2026-05-04.15:21:51::SCWMssOS::Checking the sw design at  D:/pr0503_microblaze_axi_spi_i2c/microblaze_i2c/workspace/axi_i2c_wrapper/microblaze_0/standalone_microblaze_0/bsp/system.mss
TRACE::2026-05-04.15:21:51::SCWMssOS::DEBUG:  swdes dump  D:/pr0503_microblaze_axi_spi_i2c/microblaze_i2c/workspace/axi_i2c_wrapper/microblaze_0/standalone_microblaze_0/bsp/system.mss|system||

TRACE::2026-05-04.15:21:51::SCWMssOS::Sw design exists and opened at  D:/pr0503_microblaze_axi_spi_i2c/microblaze_i2c/workspace/axi_i2c_wrapper/microblaze_0/standalone_microblaze_0/bsp/system.mss
TRACE::2026-05-04.15:21:51::SCWPlatform::Trying to open the hw design at D:/pr0503_microblaze_axi_spi_i2c/microblaze_i2c/workspace/axi_i2c_wrapper/hw/axi_i2c_wrapper.xsa
TRACE::2026-05-04.15:21:51::SCWPlatform::DSA given D:/pr0503_microblaze_axi_spi_i2c/microblaze_i2c/workspace/axi_i2c_wrapper/hw/axi_i2c_wrapper.xsa
TRACE::2026-05-04.15:21:51::SCWPlatform::DSA absoulate path D:/pr0503_microblaze_axi_spi_i2c/microblaze_i2c/workspace/axi_i2c_wrapper/hw/axi_i2c_wrapper.xsa
TRACE::2026-05-04.15:21:51::SCWPlatform::DSA directory D:/pr0503_microblaze_axi_spi_i2c/microblaze_i2c/workspace/axi_i2c_wrapper/hw
TRACE::2026-05-04.15:21:51::SCWPlatform:: Platform Path D:/pr0503_microblaze_axi_spi_i2c/microblaze_i2c/workspace/axi_i2c_wrapper/hw/axi_i2c_wrapper.xsa
TRACE::2026-05-04.15:21:51::SCWPlatform:: Unique name xilinx:basys3::0.0
TRACE::2026-05-04.15:21:51::SCWPlatform::Trying to set the existing hwdb with name axi_i2c_wrapper_0
TRACE::2026-05-04.15:21:51::SCWPlatform::Opened existing hwdb axi_i2c_wrapper_0
TRACE::2026-05-04.15:21:51::SCWPlatform::Found the Hw Db part of the input DSA
TRACE::2026-05-04.15:21:51::SCWMssOS::Checking the sw design at  D:/pr0503_microblaze_axi_spi_i2c/microblaze_i2c/workspace/axi_i2c_wrapper/microblaze_0/standalone_microblaze_0/bsp/system.mss
TRACE::2026-05-04.15:21:51::SCWMssOS::DEBUG:  swdes dump  D:/pr0503_microblaze_axi_spi_i2c/microblaze_i2c/workspace/axi_i2c_wrapper/microblaze_0/standalone_microblaze_0/bsp/system.mss|system||

TRACE::2026-05-04.15:21:51::SCWMssOS::Sw design exists and opened at  D:/pr0503_microblaze_axi_spi_i2c/microblaze_i2c/workspace/axi_i2c_wrapper/microblaze_0/standalone_microblaze_0/bsp/system.mss
TRACE::2026-05-04.15:21:51::SCWPlatform::Trying to open the hw design at D:/pr0503_microblaze_axi_spi_i2c/microblaze_i2c/workspace/axi_i2c_wrapper/hw/axi_i2c_wrapper.xsa
TRACE::2026-05-04.15:21:51::SCWPlatform::DSA given D:/pr0503_microblaze_axi_spi_i2c/microblaze_i2c/workspace/axi_i2c_wrapper/hw/axi_i2c_wrapper.xsa
TRACE::2026-05-04.15:21:51::SCWPlatform::DSA absoulate path D:/pr0503_microblaze_axi_spi_i2c/microblaze_i2c/workspace/axi_i2c_wrapper/hw/axi_i2c_wrapper.xsa
TRACE::2026-05-04.15:21:51::SCWPlatform::DSA directory D:/pr0503_microblaze_axi_spi_i2c/microblaze_i2c/workspace/axi_i2c_wrapper/hw
TRACE::2026-05-04.15:21:51::SCWPlatform:: Platform Path D:/pr0503_microblaze_axi_spi_i2c/microblaze_i2c/workspace/axi_i2c_wrapper/hw/axi_i2c_wrapper.xsa
TRACE::2026-05-04.15:21:51::SCWPlatform:: Unique name xilinx:basys3::0.0
TRACE::2026-05-04.15:21:51::SCWPlatform::Trying to set the existing hwdb with name axi_i2c_wrapper_0
TRACE::2026-05-04.15:21:51::SCWPlatform::Opened existing hwdb axi_i2c_wrapper_0
TRACE::2026-05-04.15:21:51::SCWPlatform::Found the Hw Db part of the input DSA
TRACE::2026-05-04.15:21:51::SCWMssOS::Checking the sw design at  D:/pr0503_microblaze_axi_spi_i2c/microblaze_i2c/workspace/axi_i2c_wrapper/microblaze_0/standalone_microblaze_0/bsp/system.mss
TRACE::2026-05-04.15:21:51::SCWMssOS::DEBUG:  swdes dump  D:/pr0503_microblaze_axi_spi_i2c/microblaze_i2c/workspace/axi_i2c_wrapper/microblaze_0/standalone_microblaze_0/bsp/system.mss|system||

TRACE::2026-05-04.15:21:51::SCWMssOS::Sw design exists and opened at  D:/pr0503_microblaze_axi_spi_i2c/microblaze_i2c/workspace/axi_i2c_wrapper/microblaze_0/standalone_microblaze_0/bsp/system.mss
TRACE::2026-05-04.15:21:51::SCWWriter::formatted JSON is {
	"platformName":	"axi_i2c_wrapper",
	"sprVersion":	"2.0",
	"mode":	"gui",
	"dsaType":	"Fixed",
	"platformDesc":	"axi_i2c_wrapper",
	"platHandOff":	"D:/pr0503_microblaze_axi_spi_i2c/microblaze_i2c/XSA/axi_i2c_wrapper.xsa",
	"platIntHandOff":	"<platformDir>/hw/axi_i2c_wrapper.xsa",
	"deviceType":	"FPGA",
	"platIsPrebuiltAutogen":	"false",
	"platIsNoBootBsp":	"false",
	"hasFsblMakeHasChanges":	"false",
	"hasPmufwMakeHasChanges":	"false",
	"platPreBuiltFlag":	false,
	"platformSamplesDir":	"",
	"platActiveSys":	"axi_i2c_wrapper",
	"systems":	[{
			"systemName":	"axi_i2c_wrapper",
			"systemDesc":	"axi_i2c_wrapper",
			"sysIsBootAutoGen":	"true",
			"systemDispName":	"axi_i2c_wrapper",
			"sysActiveDom":	"standalone_microblaze_0",
			"sysDefaultDom":	"standalone_microblaze_0",
			"domains":	[{
					"domainName":	"standalone_microblaze_0",
					"domainDispName":	"standalone_microblaze_0",
					"domainDesc":	"standalone_microblaze_0",
					"processors":	"microblaze_0",
					"os":	"standalone",
					"sdxOs":	"standalone",
					"debugEnable":	"False",
					"domRuntimes":	["cpp"],
					"swRepo":	"",
					"mssOsVer":	"7.3",
					"mssFile":	"",
					"md5Digest":	"76a53366647551af9ff2efb8b321c055",
					"compatibleApp":	"empty_application",
					"domType":	"mssDomain",
					"arch":	"32-bit",
					"appSettings":	{
						"appCompilerFlags":	"",
						"appLinkerFlags":	""
					},
					"addedLibs":	[],
					"libOptions":	{
						"libsContainingOptions":	[]
					},
					"prebuiltLibs":	{
						"prebuiltIncPath":	[],
						"prebuiltLibPath":	[]
					},
					"isolation":	{
					}
				}]
		}]
}
TRACE::2026-05-04.15:21:51::SCWPlatform::Trying to open the hw design at D:/pr0503_microblaze_axi_spi_i2c/microblaze_i2c/workspace/axi_i2c_wrapper/hw/axi_i2c_wrapper.xsa
TRACE::2026-05-04.15:21:51::SCWPlatform::DSA given D:/pr0503_microblaze_axi_spi_i2c/microblaze_i2c/workspace/axi_i2c_wrapper/hw/axi_i2c_wrapper.xsa
TRACE::2026-05-04.15:21:51::SCWPlatform::DSA absoulate path D:/pr0503_microblaze_axi_spi_i2c/microblaze_i2c/workspace/axi_i2c_wrapper/hw/axi_i2c_wrapper.xsa
TRACE::2026-05-04.15:21:51::SCWPlatform::DSA directory D:/pr0503_microblaze_axi_spi_i2c/microblaze_i2c/workspace/axi_i2c_wrapper/hw
TRACE::2026-05-04.15:21:51::SCWPlatform:: Platform Path D:/pr0503_microblaze_axi_spi_i2c/microblaze_i2c/workspace/axi_i2c_wrapper/hw/axi_i2c_wrapper.xsa
TRACE::2026-05-04.15:21:51::SCWPlatform:: Unique name xilinx:basys3::0.0
TRACE::2026-05-04.15:21:51::SCWPlatform::Trying to set the existing hwdb with name axi_i2c_wrapper_0
TRACE::2026-05-04.15:21:51::SCWPlatform::Opened existing hwdb axi_i2c_wrapper_0
TRACE::2026-05-04.15:21:51::SCWPlatform::Found the Hw Db part of the input DSA
TRACE::2026-05-04.15:21:51::SCWMssOS::Checking the sw design at  D:/pr0503_microblaze_axi_spi_i2c/microblaze_i2c/workspace/axi_i2c_wrapper/microblaze_0/standalone_microblaze_0/bsp/system.mss
TRACE::2026-05-04.15:21:51::SCWMssOS::DEBUG:  swdes dump  D:/pr0503_microblaze_axi_spi_i2c/microblaze_i2c/workspace/axi_i2c_wrapper/microblaze_0/standalone_microblaze_0/bsp/system.mss|system||

TRACE::2026-05-04.15:21:51::SCWMssOS::Sw design exists and opened at  D:/pr0503_microblaze_axi_spi_i2c/microblaze_i2c/workspace/axi_i2c_wrapper/microblaze_0/standalone_microblaze_0/bsp/system.mss
TRACE::2026-05-04.15:21:51::SCWPlatform::Trying to open the hw design at D:/pr0503_microblaze_axi_spi_i2c/microblaze_i2c/workspace/axi_i2c_wrapper/hw/axi_i2c_wrapper.xsa
TRACE::2026-05-04.15:21:51::SCWPlatform::DSA given D:/pr0503_microblaze_axi_spi_i2c/microblaze_i2c/workspace/axi_i2c_wrapper/hw/axi_i2c_wrapper.xsa
TRACE::2026-05-04.15:21:51::SCWPlatform::DSA absoulate path D:/pr0503_microblaze_axi_spi_i2c/microblaze_i2c/workspace/axi_i2c_wrapper/hw/axi_i2c_wrapper.xsa
TRACE::2026-05-04.15:21:51::SCWPlatform::DSA directory D:/pr0503_microblaze_axi_spi_i2c/microblaze_i2c/workspace/axi_i2c_wrapper/hw
TRACE::2026-05-04.15:21:51::SCWPlatform:: Platform Path D:/pr0503_microblaze_axi_spi_i2c/microblaze_i2c/workspace/axi_i2c_wrapper/hw/axi_i2c_wrapper.xsa
TRACE::2026-05-04.15:21:51::SCWPlatform:: Unique name xilinx:basys3::0.0
TRACE::2026-05-04.15:21:51::SCWPlatform::Trying to set the existing hwdb with name axi_i2c_wrapper_0
TRACE::2026-05-04.15:21:51::SCWPlatform::Opened existing hwdb axi_i2c_wrapper_0
TRACE::2026-05-04.15:21:51::SCWPlatform::Found the Hw Db part of the input DSA
TRACE::2026-05-04.15:21:51::SCWMssOS::Checking the sw design at  D:/pr0503_microblaze_axi_spi_i2c/microblaze_i2c/workspace/axi_i2c_wrapper/microblaze_0/standalone_microblaze_0/bsp/system.mss
TRACE::2026-05-04.15:21:51::SCWMssOS::DEBUG:  swdes dump  D:/pr0503_microblaze_axi_spi_i2c/microblaze_i2c/workspace/axi_i2c_wrapper/microblaze_0/standalone_microblaze_0/bsp/system.mss|system||

TRACE::2026-05-04.15:21:51::SCWMssOS::Sw design exists and opened at  D:/pr0503_microblaze_axi_spi_i2c/microblaze_i2c/workspace/axi_i2c_wrapper/microblaze_0/standalone_microblaze_0/bsp/system.mss
TRACE::2026-05-04.15:21:51::SCWMssOS::Saving the mss changes D:/pr0503_microblaze_axi_spi_i2c/microblaze_i2c/workspace/axi_i2c_wrapper/microblaze_0/standalone_microblaze_0/bsp/system.mss
TRACE::2026-05-04.15:21:51::SCWMssOS::Found a swdesign opened with the mssfile.
TRACE::2026-05-04.15:21:51::SCWMssOS::Completed writemss as part of save.
TRACE::2026-05-04.15:21:51::SCWMssOS::Commit changes completed.
TRACE::2026-05-04.15:21:51::SCWPlatform::Trying to open the hw design at D:/pr0503_microblaze_axi_spi_i2c/microblaze_i2c/workspace/axi_i2c_wrapper/hw/axi_i2c_wrapper.xsa
TRACE::2026-05-04.15:21:51::SCWPlatform::DSA given D:/pr0503_microblaze_axi_spi_i2c/microblaze_i2c/workspace/axi_i2c_wrapper/hw/axi_i2c_wrapper.xsa
TRACE::2026-05-04.15:21:51::SCWPlatform::DSA absoulate path D:/pr0503_microblaze_axi_spi_i2c/microblaze_i2c/workspace/axi_i2c_wrapper/hw/axi_i2c_wrapper.xsa
TRACE::2026-05-04.15:21:51::SCWPlatform::DSA directory D:/pr0503_microblaze_axi_spi_i2c/microblaze_i2c/workspace/axi_i2c_wrapper/hw
TRACE::2026-05-04.15:21:51::SCWPlatform:: Platform Path D:/pr0503_microblaze_axi_spi_i2c/microblaze_i2c/workspace/axi_i2c_wrapper/hw/axi_i2c_wrapper.xsa
TRACE::2026-05-04.15:21:51::SCWPlatform:: Unique name xilinx:basys3::0.0
TRACE::2026-05-04.15:21:51::SCWPlatform::Trying to set the existing hwdb with name axi_i2c_wrapper_0
TRACE::2026-05-04.15:21:51::SCWPlatform::Opened existing hwdb axi_i2c_wrapper_0
TRACE::2026-05-04.15:21:51::SCWPlatform::Found the Hw Db part of the input DSA
TRACE::2026-05-04.15:21:51::SCWMssOS::Checking the sw design at  D:/pr0503_microblaze_axi_spi_i2c/microblaze_i2c/workspace/axi_i2c_wrapper/microblaze_0/standalone_microblaze_0/bsp/system.mss
TRACE::2026-05-04.15:21:51::SCWMssOS::DEBUG:  swdes dump  D:/pr0503_microblaze_axi_spi_i2c/microblaze_i2c/workspace/axi_i2c_wrapper/microblaze_0/standalone_microblaze_0/bsp/system.mss|system||

TRACE::2026-05-04.15:21:51::SCWMssOS::Sw design exists and opened at  D:/pr0503_microblaze_axi_spi_i2c/microblaze_i2c/workspace/axi_i2c_wrapper/microblaze_0/standalone_microblaze_0/bsp/system.mss
TRACE::2026-05-04.15:21:51::SCWPlatform::Trying to open the hw design at D:/pr0503_microblaze_axi_spi_i2c/microblaze_i2c/workspace/axi_i2c_wrapper/hw/axi_i2c_wrapper.xsa
TRACE::2026-05-04.15:21:51::SCWPlatform::DSA given D:/pr0503_microblaze_axi_spi_i2c/microblaze_i2c/workspace/axi_i2c_wrapper/hw/axi_i2c_wrapper.xsa
TRACE::2026-05-04.15:21:51::SCWPlatform::DSA absoulate path D:/pr0503_microblaze_axi_spi_i2c/microblaze_i2c/workspace/axi_i2c_wrapper/hw/axi_i2c_wrapper.xsa
TRACE::2026-05-04.15:21:51::SCWPlatform::DSA directory D:/pr0503_microblaze_axi_spi_i2c/microblaze_i2c/workspace/axi_i2c_wrapper/hw
TRACE::2026-05-04.15:21:51::SCWPlatform:: Platform Path D:/pr0503_microblaze_axi_spi_i2c/microblaze_i2c/workspace/axi_i2c_wrapper/hw/axi_i2c_wrapper.xsa
TRACE::2026-05-04.15:21:51::SCWPlatform:: Unique name xilinx:basys3::0.0
TRACE::2026-05-04.15:21:51::SCWPlatform::Trying to set the existing hwdb with name axi_i2c_wrapper_0
TRACE::2026-05-04.15:21:51::SCWPlatform::Opened existing hwdb axi_i2c_wrapper_0
TRACE::2026-05-04.15:21:51::SCWPlatform::Found the Hw Db part of the input DSA
TRACE::2026-05-04.15:21:51::SCWMssOS::Checking the sw design at  D:/pr0503_microblaze_axi_spi_i2c/microblaze_i2c/workspace/axi_i2c_wrapper/microblaze_0/standalone_microblaze_0/bsp/system.mss
TRACE::2026-05-04.15:21:51::SCWMssOS::DEBUG:  swdes dump  D:/pr0503_microblaze_axi_spi_i2c/microblaze_i2c/workspace/axi_i2c_wrapper/microblaze_0/standalone_microblaze_0/bsp/system.mss|system||

TRACE::2026-05-04.15:21:51::SCWMssOS::Sw design exists and opened at  D:/pr0503_microblaze_axi_spi_i2c/microblaze_i2c/workspace/axi_i2c_wrapper/microblaze_0/standalone_microblaze_0/bsp/system.mss
TRACE::2026-05-04.15:21:51::SCWPlatform::Trying to open the hw design at D:/pr0503_microblaze_axi_spi_i2c/microblaze_i2c/workspace/axi_i2c_wrapper/hw/axi_i2c_wrapper.xsa
TRACE::2026-05-04.15:21:51::SCWPlatform::DSA given D:/pr0503_microblaze_axi_spi_i2c/microblaze_i2c/workspace/axi_i2c_wrapper/hw/axi_i2c_wrapper.xsa
TRACE::2026-05-04.15:21:51::SCWPlatform::DSA absoulate path D:/pr0503_microblaze_axi_spi_i2c/microblaze_i2c/workspace/axi_i2c_wrapper/hw/axi_i2c_wrapper.xsa
TRACE::2026-05-04.15:21:51::SCWPlatform::DSA directory D:/pr0503_microblaze_axi_spi_i2c/microblaze_i2c/workspace/axi_i2c_wrapper/hw
TRACE::2026-05-04.15:21:51::SCWPlatform:: Platform Path D:/pr0503_microblaze_axi_spi_i2c/microblaze_i2c/workspace/axi_i2c_wrapper/hw/axi_i2c_wrapper.xsa
TRACE::2026-05-04.15:21:51::SCWPlatform:: Unique name xilinx:basys3::0.0
TRACE::2026-05-04.15:21:51::SCWPlatform::Trying to set the existing hwdb with name axi_i2c_wrapper_0
TRACE::2026-05-04.15:21:51::SCWPlatform::Opened existing hwdb axi_i2c_wrapper_0
TRACE::2026-05-04.15:21:51::SCWPlatform::Found the Hw Db part of the input DSA
TRACE::2026-05-04.15:21:51::SCWMssOS::Checking the sw design at  D:/pr0503_microblaze_axi_spi_i2c/microblaze_i2c/workspace/axi_i2c_wrapper/microblaze_0/standalone_microblaze_0/bsp/system.mss
TRACE::2026-05-04.15:21:51::SCWMssOS::DEBUG:  swdes dump  D:/pr0503_microblaze_axi_spi_i2c/microblaze_i2c/workspace/axi_i2c_wrapper/microblaze_0/standalone_microblaze_0/bsp/system.mss|system||

TRACE::2026-05-04.15:21:51::SCWMssOS::Sw design exists and opened at  D:/pr0503_microblaze_axi_spi_i2c/microblaze_i2c/workspace/axi_i2c_wrapper/microblaze_0/standalone_microblaze_0/bsp/system.mss
TRACE::2026-05-04.15:21:51::SCWWriter::formatted JSON is {
	"platformName":	"axi_i2c_wrapper",
	"sprVersion":	"2.0",
	"mode":	"gui",
	"dsaType":	"Fixed",
	"platformDesc":	"axi_i2c_wrapper",
	"platHandOff":	"D:/pr0503_microblaze_axi_spi_i2c/microblaze_i2c/XSA/axi_i2c_wrapper.xsa",
	"platIntHandOff":	"<platformDir>/hw/axi_i2c_wrapper.xsa",
	"deviceType":	"FPGA",
	"platIsPrebuiltAutogen":	"false",
	"platIsNoBootBsp":	"false",
	"hasFsblMakeHasChanges":	"false",
	"hasPmufwMakeHasChanges":	"false",
	"platPreBuiltFlag":	false,
	"platformSamplesDir":	"",
	"platActiveSys":	"axi_i2c_wrapper",
	"systems":	[{
			"systemName":	"axi_i2c_wrapper",
			"systemDesc":	"axi_i2c_wrapper",
			"sysIsBootAutoGen":	"true",
			"systemDispName":	"axi_i2c_wrapper",
			"sysActiveDom":	"standalone_microblaze_0",
			"sysDefaultDom":	"standalone_microblaze_0",
			"domains":	[{
					"domainName":	"standalone_microblaze_0",
					"domainDispName":	"standalone_microblaze_0",
					"domainDesc":	"standalone_microblaze_0",
					"processors":	"microblaze_0",
					"os":	"standalone",
					"sdxOs":	"standalone",
					"debugEnable":	"False",
					"domRuntimes":	["cpp"],
					"swRepo":	"",
					"mssOsVer":	"7.3",
					"mssFile":	"",
					"md5Digest":	"76a53366647551af9ff2efb8b321c055",
					"compatibleApp":	"empty_application",
					"domType":	"mssDomain",
					"arch":	"32-bit",
					"appSettings":	{
						"appCompilerFlags":	"",
						"appLinkerFlags":	""
					},
					"addedLibs":	[],
					"libOptions":	{
						"libsContainingOptions":	[]
					},
					"prebuiltLibs":	{
						"prebuiltIncPath":	[],
						"prebuiltLibPath":	[]
					},
					"isolation":	{
					}
				}]
		}]
}
LOG::2026-05-04.15:21:51::SCWPlatform::Started generating the artifacts platform axi_i2c_wrapper
TRACE::2026-05-04.15:21:51::SCWPlatform::Sanity checking of platform is completed
LOG::2026-05-04.15:21:51::SCWPlatform::Started generating the artifacts for system configuration axi_i2c_wrapper
LOG::2026-05-04.15:21:51::SCWSystem::Started Processing the domain standalone_microblaze_0
TRACE::2026-05-04.15:21:51::SCWDomain::Generating domain artifcats
TRACE::2026-05-04.15:21:51::SCWMssOS::Generating standalone artifcats
TRACE::2026-05-04.15:21:51::SCWMssOS:: Copying the user libraries. 
TRACE::2026-05-04.15:21:51::SCWPlatform::Trying to open the hw design at D:/pr0503_microblaze_axi_spi_i2c/microblaze_i2c/workspace/axi_i2c_wrapper/hw/axi_i2c_wrapper.xsa
TRACE::2026-05-04.15:21:51::SCWPlatform::DSA given D:/pr0503_microblaze_axi_spi_i2c/microblaze_i2c/workspace/axi_i2c_wrapper/hw/axi_i2c_wrapper.xsa
TRACE::2026-05-04.15:21:51::SCWPlatform::DSA absoulate path D:/pr0503_microblaze_axi_spi_i2c/microblaze_i2c/workspace/axi_i2c_wrapper/hw/axi_i2c_wrapper.xsa
TRACE::2026-05-04.15:21:51::SCWPlatform::DSA directory D:/pr0503_microblaze_axi_spi_i2c/microblaze_i2c/workspace/axi_i2c_wrapper/hw
TRACE::2026-05-04.15:21:51::SCWPlatform:: Platform Path D:/pr0503_microblaze_axi_spi_i2c/microblaze_i2c/workspace/axi_i2c_wrapper/hw/axi_i2c_wrapper.xsa
TRACE::2026-05-04.15:21:51::SCWPlatform:: Unique name xilinx:basys3::0.0
TRACE::2026-05-04.15:21:51::SCWPlatform::Trying to set the existing hwdb with name axi_i2c_wrapper_0
TRACE::2026-05-04.15:21:51::SCWPlatform::Opened existing hwdb axi_i2c_wrapper_0
TRACE::2026-05-04.15:21:51::SCWPlatform::Found the Hw Db part of the input DSA
TRACE::2026-05-04.15:21:51::SCWMssOS::Checking the sw design at  D:/pr0503_microblaze_axi_spi_i2c/microblaze_i2c/workspace/axi_i2c_wrapper/microblaze_0/standalone_microblaze_0/bsp/system.mss
TRACE::2026-05-04.15:21:51::SCWMssOS::DEBUG:  swdes dump  D:/pr0503_microblaze_axi_spi_i2c/microblaze_i2c/workspace/axi_i2c_wrapper/microblaze_0/standalone_microblaze_0/bsp/system.mss|system||

TRACE::2026-05-04.15:21:51::SCWMssOS::Sw design exists and opened at  D:/pr0503_microblaze_axi_spi_i2c/microblaze_i2c/workspace/axi_i2c_wrapper/microblaze_0/standalone_microblaze_0/bsp/system.mss
TRACE::2026-05-04.15:21:51::SCWMssOS::Completed writing the mss file at D:/pr0503_microblaze_axi_spi_i2c/microblaze_i2c/workspace/axi_i2c_wrapper/microblaze_0/standalone_microblaze_0/bsp
TRACE::2026-05-04.15:21:51::SCWMssOS::Mss edits present, copying mssfile into export location D:/pr0503_microblaze_axi_spi_i2c/microblaze_i2c/workspace/axi_i2c_wrapper/microblaze_0/standalone_microblaze_0/bsp/system.mss
TRACE::2026-05-04.15:21:51::SCWMssOS::bsp generated is upto date with the mss file. Skipping bsp generation.
TRACE::2026-05-04.15:21:51::SCWMssOS::BSP is already built. skipping the bsp build ... 
TRACE::2026-05-04.15:21:51::SCWDomain::Building the domain as part of full build :  standalone_microblaze_0
TRACE::2026-05-04.15:21:51::SCWMssOS::skipping the bsp build ... 
TRACE::2026-05-04.15:21:51::SCWMssOS::Copying to export directory.
TRACE::2026-05-04.15:21:51::SCWMssOS:: Checking if to create the Supporting Applications
TRACE::2026-05-04.15:21:51::SCWMssOS:: No Linux domain exists, trying to generate FSBL 
LOG::2026-05-04.15:21:51::SCWSystem::Completed Processing the domain standalone_microblaze_0
LOG::2026-05-04.15:21:51::SCWSystem::Completed Processing the sysconfig axi_i2c_wrapper
LOG::2026-05-04.15:21:51::SCWPlatform::Completed generating the artifacts for system configuration axi_i2c_wrapper
TRACE::2026-05-04.15:21:51::SCWPlatform::Started preparing the platform 
TRACE::2026-05-04.15:21:51::SCWSystem::Writing the bif file for system config axi_i2c_wrapper
TRACE::2026-05-04.15:21:51::SCWSystem::dir created 
TRACE::2026-05-04.15:21:51::SCWSystem::Writing the bif 
TRACE::2026-05-04.15:21:51::SCWPlatform::Started writing the spfm file 
TRACE::2026-05-04.15:21:51::SCWPlatform::Started writing the xpfm file 
TRACE::2026-05-04.15:21:51::SCWPlatform::Completed generating the platform
TRACE::2026-05-04.15:21:51::SCWMssOS::Saving the mss changes D:/pr0503_microblaze_axi_spi_i2c/microblaze_i2c/workspace/axi_i2c_wrapper/microblaze_0/standalone_microblaze_0/bsp/system.mss
TRACE::2026-05-04.15:21:51::SCWMssOS::Found a swdesign opened with the mssfile.
TRACE::2026-05-04.15:21:51::SCWMssOS::Completed writemss as part of save.
TRACE::2026-05-04.15:21:51::SCWMssOS::Commit changes completed.
TRACE::2026-05-04.15:21:51::SCWPlatform::Trying to open the hw design at D:/pr0503_microblaze_axi_spi_i2c/microblaze_i2c/workspace/axi_i2c_wrapper/hw/axi_i2c_wrapper.xsa
TRACE::2026-05-04.15:21:51::SCWPlatform::DSA given D:/pr0503_microblaze_axi_spi_i2c/microblaze_i2c/workspace/axi_i2c_wrapper/hw/axi_i2c_wrapper.xsa
TRACE::2026-05-04.15:21:51::SCWPlatform::DSA absoulate path D:/pr0503_microblaze_axi_spi_i2c/microblaze_i2c/workspace/axi_i2c_wrapper/hw/axi_i2c_wrapper.xsa
TRACE::2026-05-04.15:21:51::SCWPlatform::DSA directory D:/pr0503_microblaze_axi_spi_i2c/microblaze_i2c/workspace/axi_i2c_wrapper/hw
TRACE::2026-05-04.15:21:51::SCWPlatform:: Platform Path D:/pr0503_microblaze_axi_spi_i2c/microblaze_i2c/workspace/axi_i2c_wrapper/hw/axi_i2c_wrapper.xsa
TRACE::2026-05-04.15:21:51::SCWPlatform:: Unique name xilinx:basys3::0.0
TRACE::2026-05-04.15:21:51::SCWPlatform::Trying to set the existing hwdb with name axi_i2c_wrapper_0
TRACE::2026-05-04.15:21:51::SCWPlatform::Opened existing hwdb axi_i2c_wrapper_0
TRACE::2026-05-04.15:21:51::SCWPlatform::Found the Hw Db part of the input DSA
TRACE::2026-05-04.15:21:51::SCWMssOS::Checking the sw design at  D:/pr0503_microblaze_axi_spi_i2c/microblaze_i2c/workspace/axi_i2c_wrapper/microblaze_0/standalone_microblaze_0/bsp/system.mss
TRACE::2026-05-04.15:21:51::SCWMssOS::DEBUG:  swdes dump  D:/pr0503_microblaze_axi_spi_i2c/microblaze_i2c/workspace/axi_i2c_wrapper/microblaze_0/standalone_microblaze_0/bsp/system.mss|system||

TRACE::2026-05-04.15:21:51::SCWMssOS::Sw design exists and opened at  D:/pr0503_microblaze_axi_spi_i2c/microblaze_i2c/workspace/axi_i2c_wrapper/microblaze_0/standalone_microblaze_0/bsp/system.mss
TRACE::2026-05-04.15:21:51::SCWPlatform::Trying to open the hw design at D:/pr0503_microblaze_axi_spi_i2c/microblaze_i2c/workspace/axi_i2c_wrapper/hw/axi_i2c_wrapper.xsa
TRACE::2026-05-04.15:21:51::SCWPlatform::DSA given D:/pr0503_microblaze_axi_spi_i2c/microblaze_i2c/workspace/axi_i2c_wrapper/hw/axi_i2c_wrapper.xsa
TRACE::2026-05-04.15:21:51::SCWPlatform::DSA absoulate path D:/pr0503_microblaze_axi_spi_i2c/microblaze_i2c/workspace/axi_i2c_wrapper/hw/axi_i2c_wrapper.xsa
TRACE::2026-05-04.15:21:51::SCWPlatform::DSA directory D:/pr0503_microblaze_axi_spi_i2c/microblaze_i2c/workspace/axi_i2c_wrapper/hw
TRACE::2026-05-04.15:21:51::SCWPlatform:: Platform Path D:/pr0503_microblaze_axi_spi_i2c/microblaze_i2c/workspace/axi_i2c_wrapper/hw/axi_i2c_wrapper.xsa
TRACE::2026-05-04.15:21:51::SCWPlatform:: Unique name xilinx:basys3::0.0
TRACE::2026-05-04.15:21:51::SCWPlatform::Trying to set the existing hwdb with name axi_i2c_wrapper_0
TRACE::2026-05-04.15:21:51::SCWPlatform::Opened existing hwdb axi_i2c_wrapper_0
TRACE::2026-05-04.15:21:51::SCWPlatform::Found the Hw Db part of the input DSA
TRACE::2026-05-04.15:21:51::SCWMssOS::Checking the sw design at  D:/pr0503_microblaze_axi_spi_i2c/microblaze_i2c/workspace/axi_i2c_wrapper/microblaze_0/standalone_microblaze_0/bsp/system.mss
TRACE::2026-05-04.15:21:51::SCWMssOS::DEBUG:  swdes dump  D:/pr0503_microblaze_axi_spi_i2c/microblaze_i2c/workspace/axi_i2c_wrapper/microblaze_0/standalone_microblaze_0/bsp/system.mss|system||

TRACE::2026-05-04.15:21:51::SCWMssOS::Sw design exists and opened at  D:/pr0503_microblaze_axi_spi_i2c/microblaze_i2c/workspace/axi_i2c_wrapper/microblaze_0/standalone_microblaze_0/bsp/system.mss
TRACE::2026-05-04.15:21:51::SCWPlatform::Trying to open the hw design at D:/pr0503_microblaze_axi_spi_i2c/microblaze_i2c/workspace/axi_i2c_wrapper/hw/axi_i2c_wrapper.xsa
TRACE::2026-05-04.15:21:51::SCWPlatform::DSA given D:/pr0503_microblaze_axi_spi_i2c/microblaze_i2c/workspace/axi_i2c_wrapper/hw/axi_i2c_wrapper.xsa
TRACE::2026-05-04.15:21:51::SCWPlatform::DSA absoulate path D:/pr0503_microblaze_axi_spi_i2c/microblaze_i2c/workspace/axi_i2c_wrapper/hw/axi_i2c_wrapper.xsa
TRACE::2026-05-04.15:21:51::SCWPlatform::DSA directory D:/pr0503_microblaze_axi_spi_i2c/microblaze_i2c/workspace/axi_i2c_wrapper/hw
TRACE::2026-05-04.15:21:51::SCWPlatform:: Platform Path D:/pr0503_microblaze_axi_spi_i2c/microblaze_i2c/workspace/axi_i2c_wrapper/hw/axi_i2c_wrapper.xsa
TRACE::2026-05-04.15:21:51::SCWPlatform:: Unique name xilinx:basys3::0.0
TRACE::2026-05-04.15:21:51::SCWPlatform::Trying to set the existing hwdb with name axi_i2c_wrapper_0
TRACE::2026-05-04.15:21:51::SCWPlatform::Opened existing hwdb axi_i2c_wrapper_0
TRACE::2026-05-04.15:21:51::SCWPlatform::Found the Hw Db part of the input DSA
TRACE::2026-05-04.15:21:51::SCWMssOS::Checking the sw design at  D:/pr0503_microblaze_axi_spi_i2c/microblaze_i2c/workspace/axi_i2c_wrapper/microblaze_0/standalone_microblaze_0/bsp/system.mss
TRACE::2026-05-04.15:21:51::SCWMssOS::DEBUG:  swdes dump  D:/pr0503_microblaze_axi_spi_i2c/microblaze_i2c/workspace/axi_i2c_wrapper/microblaze_0/standalone_microblaze_0/bsp/system.mss|system||

TRACE::2026-05-04.15:21:51::SCWMssOS::Sw design exists and opened at  D:/pr0503_microblaze_axi_spi_i2c/microblaze_i2c/workspace/axi_i2c_wrapper/microblaze_0/standalone_microblaze_0/bsp/system.mss
TRACE::2026-05-04.15:21:51::SCWWriter::formatted JSON is {
	"platformName":	"axi_i2c_wrapper",
	"sprVersion":	"2.0",
	"mode":	"gui",
	"dsaType":	"Fixed",
	"platformDesc":	"axi_i2c_wrapper",
	"platHandOff":	"D:/pr0503_microblaze_axi_spi_i2c/microblaze_i2c/XSA/axi_i2c_wrapper.xsa",
	"platIntHandOff":	"<platformDir>/hw/axi_i2c_wrapper.xsa",
	"deviceType":	"FPGA",
	"platIsPrebuiltAutogen":	"false",
	"platIsNoBootBsp":	"false",
	"hasFsblMakeHasChanges":	"false",
	"hasPmufwMakeHasChanges":	"false",
	"platPreBuiltFlag":	false,
	"platformSamplesDir":	"",
	"platActiveSys":	"axi_i2c_wrapper",
	"systems":	[{
			"systemName":	"axi_i2c_wrapper",
			"systemDesc":	"axi_i2c_wrapper",
			"sysIsBootAutoGen":	"true",
			"systemDispName":	"axi_i2c_wrapper",
			"sysActiveDom":	"standalone_microblaze_0",
			"sysDefaultDom":	"standalone_microblaze_0",
			"domains":	[{
					"domainName":	"standalone_microblaze_0",
					"domainDispName":	"standalone_microblaze_0",
					"domainDesc":	"standalone_microblaze_0",
					"processors":	"microblaze_0",
					"os":	"standalone",
					"sdxOs":	"standalone",
					"debugEnable":	"False",
					"domRuntimes":	["cpp"],
					"swRepo":	"",
					"mssOsVer":	"7.3",
					"mssFile":	"",
					"md5Digest":	"76a53366647551af9ff2efb8b321c055",
					"compatibleApp":	"empty_application",
					"domType":	"mssDomain",
					"arch":	"32-bit",
					"appSettings":	{
						"appCompilerFlags":	"",
						"appLinkerFlags":	""
					},
					"addedLibs":	[],
					"libOptions":	{
						"libsContainingOptions":	[]
					},
					"prebuiltLibs":	{
						"prebuiltIncPath":	[],
						"prebuiltLibPath":	[]
					},
					"isolation":	{
					}
				}]
		}]
}
KEYINFO::2026-05-04.15:21:51::SCWPlatform::updated the xpfm file.
LOG::2026-05-04.16:06:05::SCWPlatform::Started generating the artifacts platform axi_i2c_wrapper
TRACE::2026-05-04.16:06:05::SCWPlatform::Sanity checking of platform is completed
LOG::2026-05-04.16:06:05::SCWPlatform::Started generating the artifacts for system configuration axi_i2c_wrapper
LOG::2026-05-04.16:06:05::SCWSystem::Checking the domain standalone_microblaze_0
LOG::2026-05-04.16:06:05::SCWSystem::Not a boot domain 
LOG::2026-05-04.16:06:05::SCWSystem::Started Processing the domain standalone_microblaze_0
TRACE::2026-05-04.16:06:05::SCWDomain::Generating domain artifcats
TRACE::2026-05-04.16:06:05::SCWMssOS::Generating standalone artifcats
TRACE::2026-05-04.16:06:05::SCWMssOS:: Copying the user libraries. 
TRACE::2026-05-04.16:06:05::SCWPlatform::Trying to open the hw design at D:/pr0503_microblaze_axi_spi_i2c/microblaze_i2c/workspace/axi_i2c_wrapper/hw/axi_i2c_wrapper.xsa
TRACE::2026-05-04.16:06:05::SCWPlatform::DSA given D:/pr0503_microblaze_axi_spi_i2c/microblaze_i2c/workspace/axi_i2c_wrapper/hw/axi_i2c_wrapper.xsa
TRACE::2026-05-04.16:06:05::SCWPlatform::DSA absoulate path D:/pr0503_microblaze_axi_spi_i2c/microblaze_i2c/workspace/axi_i2c_wrapper/hw/axi_i2c_wrapper.xsa
TRACE::2026-05-04.16:06:05::SCWPlatform::DSA directory D:/pr0503_microblaze_axi_spi_i2c/microblaze_i2c/workspace/axi_i2c_wrapper/hw
TRACE::2026-05-04.16:06:05::SCWPlatform:: Platform Path D:/pr0503_microblaze_axi_spi_i2c/microblaze_i2c/workspace/axi_i2c_wrapper/hw/axi_i2c_wrapper.xsa
TRACE::2026-05-04.16:06:05::SCWPlatform:: Unique name xilinx:basys3::0.0
TRACE::2026-05-04.16:06:05::SCWPlatform::Trying to set the existing hwdb with name axi_i2c_wrapper_0
TRACE::2026-05-04.16:06:05::SCWPlatform::Opened existing hwdb axi_i2c_wrapper_0
TRACE::2026-05-04.16:06:05::SCWPlatform::Found the Hw Db part of the input DSA
TRACE::2026-05-04.16:06:05::SCWMssOS::Checking the sw design at  D:/pr0503_microblaze_axi_spi_i2c/microblaze_i2c/workspace/axi_i2c_wrapper/microblaze_0/standalone_microblaze_0/bsp/system.mss
TRACE::2026-05-04.16:06:05::SCWMssOS::DEBUG:  swdes dump  D:/pr0503_microblaze_axi_spi_i2c/microblaze_i2c/workspace/axi_i2c_wrapper/microblaze_0/standalone_microblaze_0/bsp/system.mss|system||

TRACE::2026-05-04.16:06:05::SCWMssOS::Sw design exists and opened at  D:/pr0503_microblaze_axi_spi_i2c/microblaze_i2c/workspace/axi_i2c_wrapper/microblaze_0/standalone_microblaze_0/bsp/system.mss
TRACE::2026-05-04.16:06:05::SCWMssOS::Completed writing the mss file at D:/pr0503_microblaze_axi_spi_i2c/microblaze_i2c/workspace/axi_i2c_wrapper/microblaze_0/standalone_microblaze_0/bsp
TRACE::2026-05-04.16:06:05::SCWMssOS::Mss edits present, copying mssfile into export location D:/pr0503_microblaze_axi_spi_i2c/microblaze_i2c/workspace/axi_i2c_wrapper/microblaze_0/standalone_microblaze_0/bsp/system.mss
TRACE::2026-05-04.16:06:05::SCWMssOS::bsp generated is upto date with the mss file. Skipping bsp generation.
TRACE::2026-05-04.16:06:05::SCWMssOS::BSP is already built. skipping the bsp build ... 
TRACE::2026-05-04.16:06:05::SCWDomain::Building the domain as part of full build :  standalone_microblaze_0
TRACE::2026-05-04.16:06:05::SCWMssOS::doing bsp build ... 
TRACE::2026-05-04.16:06:05::SCWMssOS::System Command Ran  D: & cd  D:/pr0503_microblaze_axi_spi_i2c/microblaze_i2c/workspace/axi_i2c_wrapper/microblaze_0/standalone_microblaze_0/bsp & make 
TRACE::2026-05-04.16:06:05::SCWMssOS::make --no-print-directory seq_libs

TRACE::2026-05-04.16:06:05::SCWMssOS::"Running Make include in microblaze_0/libsrc/axi_i2c_v1_0/src"

TRACE::2026-05-04.16:06:05::SCWMssOS::make -C microblaze_0/libsrc/axi_i2c_v1_0/src -s include  "SHELL=CMD" "COMPILER=mb-gcc" "ASSEMBLER=mb-as" "ARCHIVER=mb-ar" "COMP
TRACE::2026-05-04.16:06:05::SCWMssOS::ILER_FLAGS=  -O2 -c -mcpu=v11.0 -mlittle-endian -mxl-soft-mul" "EXTRA_COMPILER_FLAGS=-g -ffunction-sections -fdata-sections -Wa
TRACE::2026-05-04.16:06:05::SCWMssOS::ll -Wextra"

TRACE::2026-05-04.16:06:05::SCWMssOS::"Running Make include in microblaze_0/libsrc/bram_v4_5/src"

TRACE::2026-05-04.16:06:05::SCWMssOS::make -C microblaze_0/libsrc/bram_v4_5/src -s include  "SHELL=CMD" "COMPILER=mb-gcc" "ASSEMBLER=mb-as" "ARCHIVER=mb-ar" "COMPILE
TRACE::2026-05-04.16:06:05::SCWMssOS::R_FLAGS=  -O2 -c -mcpu=v11.0 -mlittle-endian -mxl-soft-mul" "EXTRA_COMPILER_FLAGS=-g -ffunction-sections -fdata-sections -Wall 
TRACE::2026-05-04.16:06:05::SCWMssOS::-Wextra"

TRACE::2026-05-04.16:06:05::SCWMssOS::"Running Make include in microblaze_0/libsrc/cpu_v2_12/src"

TRACE::2026-05-04.16:06:05::SCWMssOS::make -C microblaze_0/libsrc/cpu_v2_12/src -s include  "SHELL=CMD" "COMPILER=mb-gcc" "ASSEMBLER=mb-as" "ARCHIVER=mb-ar" "COMPILE
TRACE::2026-05-04.16:06:05::SCWMssOS::R_FLAGS=  -O2 -c -mcpu=v11.0 -mlittle-endian -mxl-soft-mul" "EXTRA_COMPILER_FLAGS=-g -ffunction-sections -fdata-sections -Wall 
TRACE::2026-05-04.16:06:05::SCWMssOS::-Wextra"

TRACE::2026-05-04.16:06:05::SCWMssOS::"Running Make include in microblaze_0/libsrc/GPIO8_v1_0/src"

TRACE::2026-05-04.16:06:05::SCWMssOS::make -C microblaze_0/libsrc/GPIO8_v1_0/src -s include  "SHELL=CMD" "COMPILER=mb-gcc" "ASSEMBLER=mb-as" "ARCHIVER=mb-ar" "COMPIL
TRACE::2026-05-04.16:06:05::SCWMssOS::ER_FLAGS=  -O2 -c -mcpu=v11.0 -mlittle-endian -mxl-soft-mul" "EXTRA_COMPILER_FLAGS=-g -ffunction-sections -fdata-sections -Wall
TRACE::2026-05-04.16:06:05::SCWMssOS:: -Wextra"

TRACE::2026-05-04.16:06:05::SCWMssOS::"Running Make include in microblaze_0/libsrc/intc_v3_12/src"

TRACE::2026-05-04.16:06:05::SCWMssOS::make -C microblaze_0/libsrc/intc_v3_12/src -s include  "SHELL=CMD" "COMPILER=mb-gcc" "ASSEMBLER=mb-as" "ARCHIVER=mb-ar" "COMPIL
TRACE::2026-05-04.16:06:05::SCWMssOS::ER_FLAGS=  -O2 -c -mcpu=v11.0 -mlittle-endian -mxl-soft-mul" "EXTRA_COMPILER_FLAGS=-g -ffunction-sections -fdata-sections -Wall
TRACE::2026-05-04.16:06:05::SCWMssOS:: -Wextra"

TRACE::2026-05-04.16:06:05::SCWMssOS::"Running Make include in microblaze_0/libsrc/standalone_v7_3/src"

TRACE::2026-05-04.16:06:05::SCWMssOS::make -C microblaze_0/libsrc/standalone_v7_3/src -s include  "SHELL=CMD" "COMPILER=mb-gcc" "ASSEMBLER=mb-as" "ARCHIVER=mb-ar" "C
TRACE::2026-05-04.16:06:05::SCWMssOS::OMPILER_FLAGS=  -O2 -c -mcpu=v11.0 -mlittle-endian -mxl-soft-mul" "EXTRA_COMPILER_FLAGS=-g -ffunction-sections -fdata-sections 
TRACE::2026-05-04.16:06:05::SCWMssOS::-Wall -Wextra"

TRACE::2026-05-04.16:06:06::SCWMssOS::"Running Make include in microblaze_0/libsrc/TMR_v1_0/src"

TRACE::2026-05-04.16:06:06::SCWMssOS::make -C microblaze_0/libsrc/TMR_v1_0/src -s include  "SHELL=CMD" "COMPILER=mb-gcc" "ASSEMBLER=mb-as" "ARCHIVER=mb-ar" "COMPILER
TRACE::2026-05-04.16:06:06::SCWMssOS::_FLAGS=  -O2 -c -mcpu=v11.0 -mlittle-endian -mxl-soft-mul" "EXTRA_COMPILER_FLAGS=-g -ffunction-sections -fdata-sections -Wall -
TRACE::2026-05-04.16:06:06::SCWMssOS::Wextra"

TRACE::2026-05-04.16:06:06::SCWMssOS::"Running Make include in microblaze_0/libsrc/uartlite_v3_5/src"

TRACE::2026-05-04.16:06:06::SCWMssOS::make -C microblaze_0/libsrc/uartlite_v3_5/src -s include  "SHELL=CMD" "COMPILER=mb-gcc" "ASSEMBLER=mb-as" "ARCHIVER=mb-ar" "COM
TRACE::2026-05-04.16:06:06::SCWMssOS::PILER_FLAGS=  -O2 -c -mcpu=v11.0 -mlittle-endian -mxl-soft-mul" "EXTRA_COMPILER_FLAGS=-g -ffunction-sections -fdata-sections -W
TRACE::2026-05-04.16:06:06::SCWMssOS::all -Wextra"

TRACE::2026-05-04.16:06:06::SCWMssOS::"Running Make libs in microblaze_0/libsrc/axi_i2c_v1_0/src"

TRACE::2026-05-04.16:06:06::SCWMssOS::make -C microblaze_0/libsrc/axi_i2c_v1_0/src -s libs  "SHELL=CMD" "COMPILER=mb-gcc" "ASSEMBLER=mb-as" "ARCHIVER=mb-ar" "COMPILE
TRACE::2026-05-04.16:06:06::SCWMssOS::R_FLAGS=  -O2 -c -mcpu=v11.0 -mlittle-endian -mxl-soft-mul" "EXTRA_COMPILER_FLAGS=-g -ffunction-sections -fdata-sections -Wall 
TRACE::2026-05-04.16:06:06::SCWMssOS::-Wextra"

TRACE::2026-05-04.16:06:06::SCWMssOS::"Compiling axi_i2c..."

TRACE::2026-05-04.16:06:06::SCWMssOS::"Running Make libs in microblaze_0/libsrc/GPIO8_v1_0/src"

TRACE::2026-05-04.16:06:06::SCWMssOS::make -C microblaze_0/libsrc/GPIO8_v1_0/src -s libs  "SHELL=CMD" "COMPILER=mb-gcc" "ASSEMBLER=mb-as" "ARCHIVER=mb-ar" "COMPILER_
TRACE::2026-05-04.16:06:06::SCWMssOS::FLAGS=  -O2 -c -mcpu=v11.0 -mlittle-endian -mxl-soft-mul" "EXTRA_COMPILER_FLAGS=-g -ffunction-sections -fdata-sections -Wall -W
TRACE::2026-05-04.16:06:06::SCWMssOS::extra"

TRACE::2026-05-04.16:06:06::SCWMssOS::"Compiling GPIO8..."

TRACE::2026-05-04.16:06:06::SCWMssOS::"Running Make libs in microblaze_0/libsrc/TMR_v1_0/src"

TRACE::2026-05-04.16:06:06::SCWMssOS::make -C microblaze_0/libsrc/TMR_v1_0/src -s libs  "SHELL=CMD" "COMPILER=mb-gcc" "ASSEMBLER=mb-as" "ARCHIVER=mb-ar" "COMPILER_FL
TRACE::2026-05-04.16:06:06::SCWMssOS::AGS=  -O2 -c -mcpu=v11.0 -mlittle-endian -mxl-soft-mul" "EXTRA_COMPILER_FLAGS=-g -ffunction-sections -fdata-sections -Wall -Wex
TRACE::2026-05-04.16:06:06::SCWMssOS::tra"

TRACE::2026-05-04.16:06:06::SCWMssOS::"Compiling TMR..."

TRACE::2026-05-04.16:06:06::SCWMssOS::'Finished building libraries sequentially.'

TRACE::2026-05-04.16:06:06::SCWMssOS::make -j --no-print-directory par_libs

TRACE::2026-05-04.16:06:06::SCWMssOS::"Running Make include in microblaze_0/libsrc/axi_i2c_v1_0/src"

TRACE::2026-05-04.16:06:06::SCWMssOS::make -C microblaze_0/libsrc/axi_i2c_v1_0/src -s include  "SHELL=CMD" "COMPILER=mb-gcc" "ASSEMBLER=mb-as" "ARCHIVER=mb-ar" "COMP
TRACE::2026-05-04.16:06:06::SCWMssOS::ILER_FLAGS=  -O2 -c -mcpu=v11.0 -mlittle-endian -mxl-soft-mul" "EXTRA_COMPILER_FLAGS=-g -ffunction-sections -fdata-sections -Wa
TRACE::2026-05-04.16:06:06::SCWMssOS::ll -Wextra"

TRACE::2026-05-04.16:06:06::SCWMssOS::"Running Make include in microblaze_0/libsrc/bram_v4_5/src"

TRACE::2026-05-04.16:06:06::SCWMssOS::make -C microblaze_0/libsrc/bram_v4_5/src -s include  "SHELL=CMD" "COMPILER=mb-gcc" "ASSEMBLER=mb-as" "ARCHIVER=mb-ar" "COMPILE
TRACE::2026-05-04.16:06:06::SCWMssOS::R_FLAGS=  -O2 -c -mcpu=v11.0 -mlittle-endian -mxl-soft-mul" "EXTRA_COMPILER_FLAGS=-g -ffunction-sections -fdata-sections -Wall 
TRACE::2026-05-04.16:06:06::SCWMssOS::-Wextra"

TRACE::2026-05-04.16:06:06::SCWMssOS::"Running Make include in microblaze_0/libsrc/cpu_v2_12/src"

TRACE::2026-05-04.16:06:06::SCWMssOS::make -C microblaze_0/libsrc/cpu_v2_12/src -s include  "SHELL=CMD" "COMPILER=mb-gcc" "ASSEMBLER=mb-as" "ARCHIVER=mb-ar" "COMPILE
TRACE::2026-05-04.16:06:06::SCWMssOS::R_FLAGS=  -O2 -c -mcpu=v11.0 -mlittle-endian -mxl-soft-mul" "EXTRA_COMPILER_FLAGS=-g -ffunction-sections -fdata-sections -Wall 
TRACE::2026-05-04.16:06:06::SCWMssOS::-Wextra"

TRACE::2026-05-04.16:06:06::SCWMssOS::"Running Make include in microblaze_0/libsrc/GPIO8_v1_0/src"

TRACE::2026-05-04.16:06:07::SCWMssOS::make -C microblaze_0/libsrc/GPIO8_v1_0/src -s include  "SHELL=CMD" "COMPILER=mb-gcc" "ASSEMBLER=mb-as" "ARCHIVER=mb-ar" "COMPIL
TRACE::2026-05-04.16:06:07::SCWMssOS::ER_FLAGS=  -O2 -c -mcpu=v11.0 -mlittle-endian -mxl-soft-mul" "EXTRA_COMPILER_FLAGS=-g -ffunction-sections -fdata-sections -Wall
TRACE::2026-05-04.16:06:07::SCWMssOS:: -Wextra"

TRACE::2026-05-04.16:06:07::SCWMssOS::"Running Make include in microblaze_0/libsrc/intc_v3_12/src"

TRACE::2026-05-04.16:06:07::SCWMssOS::make -C microblaze_0/libsrc/intc_v3_12/src -s include  "SHELL=CMD" "COMPILER=mb-gcc" "ASSEMBLER=mb-as" "ARCHIVER=mb-ar" "COMPIL
TRACE::2026-05-04.16:06:07::SCWMssOS::ER_FLAGS=  -O2 -c -mcpu=v11.0 -mlittle-endian -mxl-soft-mul" "EXTRA_COMPILER_FLAGS=-g -ffunction-sections -fdata-sections -Wall
TRACE::2026-05-04.16:06:07::SCWMssOS:: -Wextra"

TRACE::2026-05-04.16:06:07::SCWMssOS::"Running Make include in microblaze_0/libsrc/standalone_v7_3/src"

TRACE::2026-05-04.16:06:07::SCWMssOS::make -C microblaze_0/libsrc/standalone_v7_3/src -s include  "SHELL=CMD" "COMPILER=mb-gcc" "ASSEMBLER=mb-as" "ARCHIVER=mb-ar" "C
TRACE::2026-05-04.16:06:07::SCWMssOS::OMPILER_FLAGS=  -O2 -c -mcpu=v11.0 -mlittle-endian -mxl-soft-mul" "EXTRA_COMPILER_FLAGS=-g -ffunction-sections -fdata-sections 
TRACE::2026-05-04.16:06:07::SCWMssOS::-Wall -Wextra"

TRACE::2026-05-04.16:06:07::SCWMssOS::"Running Make include in microblaze_0/libsrc/TMR_v1_0/src"

TRACE::2026-05-04.16:06:07::SCWMssOS::make -C microblaze_0/libsrc/TMR_v1_0/src -s include  "SHELL=CMD" "COMPILER=mb-gcc" "ASSEMBLER=mb-as" "ARCHIVER=mb-ar" "COMPILER
TRACE::2026-05-04.16:06:07::SCWMssOS::_FLAGS=  -O2 -c -mcpu=v11.0 -mlittle-endian -mxl-soft-mul" "EXTRA_COMPILER_FLAGS=-g -ffunction-sections -fdata-sections -Wall -
TRACE::2026-05-04.16:06:07::SCWMssOS::Wextra"

TRACE::2026-05-04.16:06:07::SCWMssOS::"Running Make include in microblaze_0/libsrc/uartlite_v3_5/src"

TRACE::2026-05-04.16:06:07::SCWMssOS::make -C microblaze_0/libsrc/uartlite_v3_5/src -s include  "SHELL=CMD" "COMPILER=mb-gcc" "ASSEMBLER=mb-as" "ARCHIVER=mb-ar" "COM
TRACE::2026-05-04.16:06:07::SCWMssOS::PILER_FLAGS=  -O2 -c -mcpu=v11.0 -mlittle-endian -mxl-soft-mul" "EXTRA_COMPILER_FLAGS=-g -ffunction-sections -fdata-sections -W
TRACE::2026-05-04.16:06:07::SCWMssOS::all -Wextra"

TRACE::2026-05-04.16:06:07::SCWMssOS::"Running Make libs in microblaze_0/libsrc/bram_v4_5/src"

TRACE::2026-05-04.16:06:07::SCWMssOS::make -C microblaze_0/libsrc/bram_v4_5/src -s libs  "SHELL=CMD" "COMPILER=mb-gcc" "ASSEMBLER=mb-as" "ARCHIVER=mb-ar" "COMPILER_F
TRACE::2026-05-04.16:06:07::SCWMssOS::LAGS=  -O2 -c -mcpu=v11.0 -mlittle-endian -mxl-soft-mul" "EXTRA_COMPILER_FLAGS=-g -ffunction-sections -fdata-sections -Wall -We
TRACE::2026-05-04.16:06:07::SCWMssOS::xtra"

TRACE::2026-05-04.16:06:07::SCWMssOS::"Running Make libs in microblaze_0/libsrc/cpu_v2_12/src"

TRACE::2026-05-04.16:06:07::SCWMssOS::make -C microblaze_0/libsrc/cpu_v2_12/src -s libs  "SHELL=CMD" "COMPILER=mb-gcc" "ASSEMBLER=mb-as" "ARCHIVER=mb-ar" "COMPILER_F
TRACE::2026-05-04.16:06:07::SCWMssOS::LAGS=  -O2 -c -mcpu=v11.0 -mlittle-endian -mxl-soft-mul" "EXTRA_COMPILER_FLAGS=-g -ffunction-sections -fdata-sections -Wall -We
TRACE::2026-05-04.16:06:07::SCWMssOS::xtra"

TRACE::2026-05-04.16:06:07::SCWMssOS::"Running Make libs in microblaze_0/libsrc/intc_v3_12/src"

TRACE::2026-05-04.16:06:07::SCWMssOS::make -C microblaze_0/libsrc/intc_v3_12/src -s libs  "SHELL=CMD" "COMPILER=mb-gcc" "ASSEMBLER=mb-as" "ARCHIVER=mb-ar" "COMPILER_
TRACE::2026-05-04.16:06:07::SCWMssOS::FLAGS=  -O2 -c -mcpu=v11.0 -mlittle-endian -mxl-soft-mul" "EXTRA_COMPILER_FLAGS=-g -ffunction-sections -fdata-sections -Wall -W
TRACE::2026-05-04.16:06:07::SCWMssOS::extra"

TRACE::2026-05-04.16:06:07::SCWMssOS::"Running Make libs in microblaze_0/libsrc/standalone_v7_3/src"

TRACE::2026-05-04.16:06:07::SCWMssOS::make -C microblaze_0/libsrc/standalone_v7_3/src -s libs  "SHELL=CMD" "COMPILER=mb-gcc" "ASSEMBLER=mb-as" "ARCHIVER=mb-ar" "COMP
TRACE::2026-05-04.16:06:07::SCWMssOS::ILER_FLAGS=  -O2 -c -mcpu=v11.0 -mlittle-endian -mxl-soft-mul" "EXTRA_COMPILER_FLAGS=-g -ffunction-sections -fdata-sections -Wa
TRACE::2026-05-04.16:06:07::SCWMssOS::ll -Wextra"

TRACE::2026-05-04.16:06:07::SCWMssOS::"Running Make libs in microblaze_0/libsrc/uartlite_v3_5/src"

TRACE::2026-05-04.16:06:07::SCWMssOS::make -C microblaze_0/libsrc/uartlite_v3_5/src -s libs  "SHELL=CMD" "COMPILER=mb-gcc" "ASSEMBLER=mb-as" "ARCHIVER=mb-ar" "COMPIL
TRACE::2026-05-04.16:06:07::SCWMssOS::ER_FLAGS=  -O2 -c -mcpu=v11.0 -mlittle-endian -mxl-soft-mul" "EXTRA_COMPILER_FLAGS=-g -ffunction-sections -fdata-sections -Wall
TRACE::2026-05-04.16:06:07::SCWMssOS:: -Wextra"

TRACE::2026-05-04.16:06:08::SCWMssOS::"DEBUG NON_LTO_OBJECTS is ../../../lib/microblaze_interrupt_handler.o"

TRACE::2026-05-04.16:06:08::SCWMssOS::'Finished building libraries parallelly.'

TRACE::2026-05-04.16:06:08::SCWMssOS::make --no-print-directory archive

TRACE::2026-05-04.16:06:08::SCWMssOS::mb-ar -r  microblaze_0/lib/libxil.a microblaze_0/lib/xplatform_info.o microblaze_0/lib/xuartlite.o microblaze_0/lib/microblaze_
TRACE::2026-05-04.16:06:08::SCWMssOS::disable_exceptions.o microblaze_0/lib/print.o microblaze_0/lib/_exit.o microblaze_0/lib/xil_testio.o microblaze_0/lib/microblaz
TRACE::2026-05-04.16:06:08::SCWMssOS::e_disable_dcache.o microblaze_0/lib/microblaze_flush_dcache_range.o microblaze_0/lib/microblaze_flush_cache_ext.o microblaze_0/
TRACE::2026-05-04.16:06:08::SCWMssOS::lib/xbram_sinit.o microblaze_0/lib/xil_misc_psreset_api.o microblaze_0/lib/xil_cache.o microblaze_0/lib/xil_util.o microblaze_0
TRACE::2026-05-04.16:06:08::SCWMssOS::/lib/inbyte.o microblaze_0/lib/xbram_g.o microblaze_0/lib/xuartlite_stats.o microblaze_0/lib/microblaze_exception_handler.o mic
TRACE::2026-05-04.16:06:08::SCWMssOS::roblaze_0/lib/microblaze_scrub.o microblaze_0/lib/microblaze_invalidate_dcache.o microblaze_0/lib/microblaze_disable_interrupts
TRACE::2026-05-04.16:06:08::SCWMssOS::.o microblaze_0/lib/xbram_selftest.o microblaze_0/lib/microblaze_interrupt_handler.o microblaze_0/lib/microblaze_disable_icache
TRACE::2026-05-04.16:06:08::SCWMssOS::.o microblaze_0/lib/xil_mem.o microblaze_0/lib/xuartlite_intr.o microblaze_0/lib/microblaze_flush_cache_ext_range.o microblaze_
TRACE::2026-05-04.16:06:08::SCWMssOS::0/lib/xbram_intr.o microblaze_0/lib/xil_sleepcommon.o microblaze_0/lib/xil_printf.o microblaze_0/lib/xintc_g.o microblaze_0/lib
TRACE::2026-05-04.16:06:08::SCWMssOS::/xuartlite_g.o microblaze_0/lib/xintc_selftest.o microblaze_0/lib/xintc_l.o microblaze_0/lib/outbyte.o microblaze_0/lib/microbl
TRACE::2026-05-04.16:06:08::SCWMssOS::aze_invalidate_dcache_range.o microblaze_0/lib/microblaze_invalidate_cache_ext.o microblaze_0/lib/microblaze_sleep.o microblaze
TRACE::2026-05-04.16:06:08::SCWMssOS::_0/lib/hw_exception_handler.o microblaze_0/lib/xuartlite_selftest.o microblaze_0/lib/xintc_intr.o microblaze_0/lib/microblaze_u
TRACE::2026-05-04.16:06:08::SCWMssOS::pdate_dcache.o microblaze_0/lib/xil_testcache.o microblaze_0/lib/microblaze_selftest.o microblaze_0/lib/microblaze_interrupts_g
TRACE::2026-05-04.16:06:08::SCWMssOS::.o microblaze_0/lib/microblaze_enable_exceptions.o microblaze_0/lib/xio.o microblaze_0/lib/microblaze_enable_dcache.o microblaz
TRACE::2026-05-04.16:06:08::SCWMssOS::e_0/lib/xbram.o microblaze_0/lib/microblaze_invalidate_icache_range.o microblaze_0/lib/microblaze_init_dcache_range.o microblaz
TRACE::2026-05-04.16:06:08::SCWMssOS::e_0/lib/microblaze_invalidate_icache.o microblaze_0/lib/errno.o microblaze_0/lib/xuartlite_l.o microblaze_0/lib/xintc_options.o
TRACE::2026-05-04.16:06:08::SCWMssOS:: microblaze_0/lib/microblaze_invalidate_cache_ext_range.o microblaze_0/lib/xil_exception.o microblaze_0/lib/pvr.o microblaze_0/
TRACE::2026-05-04.16:06:08::SCWMssOS::lib/xil_testmem.o microblaze_0/lib/microblaze_update_icache.o microblaze_0/lib/microblaze_flush_dcache.o microblaze_0/lib/xil_c
TRACE::2026-05-04.16:06:08::SCWMssOS::locking.o microblaze_0/lib/xil_assert.o microblaze_0/lib/microblaze_enable_interrupts.o microblaze_0/lib/microblaze_enable_icac
TRACE::2026-05-04.16:06:08::SCWMssOS::he.o microblaze_0/lib/xintc.o microblaze_0/lib/xuartlite_sinit.o microblaze_0/lib/fcntl.o microblaze_0/lib/microblaze_init_icac
TRACE::2026-05-04.16:06:08::SCWMssOS::he_range.o

TRACE::2026-05-04.16:06:08::SCWMssOS::'Finished building libraries'

TRACE::2026-05-04.16:06:08::SCWMssOS::Copying to export directory.
TRACE::2026-05-04.16:06:08::SCWMssOS:: Checking if to create the Supporting Applications
TRACE::2026-05-04.16:06:08::SCWMssOS:: No Linux domain exists, trying to generate FSBL 
LOG::2026-05-04.16:06:08::SCWSystem::Completed Processing the domain standalone_microblaze_0
LOG::2026-05-04.16:06:08::SCWSystem::Completed Processing the sysconfig axi_i2c_wrapper
LOG::2026-05-04.16:06:08::SCWPlatform::Completed generating the artifacts for system configuration axi_i2c_wrapper
TRACE::2026-05-04.16:06:08::SCWPlatform::Started preparing the platform 
TRACE::2026-05-04.16:06:08::SCWSystem::Writing the bif file for system config axi_i2c_wrapper
TRACE::2026-05-04.16:06:08::SCWSystem::dir created 
TRACE::2026-05-04.16:06:08::SCWSystem::Writing the bif 
TRACE::2026-05-04.16:06:08::SCWPlatform::Started writing the spfm file 
TRACE::2026-05-04.16:06:08::SCWPlatform::Started writing the xpfm file 
TRACE::2026-05-04.16:06:08::SCWPlatform::Completed generating the platform
TRACE::2026-05-04.16:06:08::SCWMssOS::Saving the mss changes D:/pr0503_microblaze_axi_spi_i2c/microblaze_i2c/workspace/axi_i2c_wrapper/microblaze_0/standalone_microblaze_0/bsp/system.mss
TRACE::2026-05-04.16:06:08::SCWMssOS::Found a swdesign opened with the mssfile.
TRACE::2026-05-04.16:06:08::SCWMssOS::Completed writemss as part of save.
TRACE::2026-05-04.16:06:08::SCWMssOS::Commit changes completed.
TRACE::2026-05-04.16:06:08::SCWPlatform::Trying to open the hw design at D:/pr0503_microblaze_axi_spi_i2c/microblaze_i2c/workspace/axi_i2c_wrapper/hw/axi_i2c_wrapper.xsa
TRACE::2026-05-04.16:06:08::SCWPlatform::DSA given D:/pr0503_microblaze_axi_spi_i2c/microblaze_i2c/workspace/axi_i2c_wrapper/hw/axi_i2c_wrapper.xsa
TRACE::2026-05-04.16:06:08::SCWPlatform::DSA absoulate path D:/pr0503_microblaze_axi_spi_i2c/microblaze_i2c/workspace/axi_i2c_wrapper/hw/axi_i2c_wrapper.xsa
TRACE::2026-05-04.16:06:08::SCWPlatform::DSA directory D:/pr0503_microblaze_axi_spi_i2c/microblaze_i2c/workspace/axi_i2c_wrapper/hw
TRACE::2026-05-04.16:06:08::SCWPlatform:: Platform Path D:/pr0503_microblaze_axi_spi_i2c/microblaze_i2c/workspace/axi_i2c_wrapper/hw/axi_i2c_wrapper.xsa
TRACE::2026-05-04.16:06:08::SCWPlatform:: Unique name xilinx:basys3::0.0
TRACE::2026-05-04.16:06:08::SCWPlatform::Trying to set the existing hwdb with name axi_i2c_wrapper_0
TRACE::2026-05-04.16:06:08::SCWPlatform::Opened existing hwdb axi_i2c_wrapper_0
TRACE::2026-05-04.16:06:08::SCWPlatform::Found the Hw Db part of the input DSA
TRACE::2026-05-04.16:06:08::SCWMssOS::Checking the sw design at  D:/pr0503_microblaze_axi_spi_i2c/microblaze_i2c/workspace/axi_i2c_wrapper/microblaze_0/standalone_microblaze_0/bsp/system.mss
TRACE::2026-05-04.16:06:08::SCWMssOS::DEBUG:  swdes dump  D:/pr0503_microblaze_axi_spi_i2c/microblaze_i2c/workspace/axi_i2c_wrapper/microblaze_0/standalone_microblaze_0/bsp/system.mss|system||

TRACE::2026-05-04.16:06:08::SCWMssOS::Sw design exists and opened at  D:/pr0503_microblaze_axi_spi_i2c/microblaze_i2c/workspace/axi_i2c_wrapper/microblaze_0/standalone_microblaze_0/bsp/system.mss
TRACE::2026-05-04.16:06:08::SCWPlatform::Trying to open the hw design at D:/pr0503_microblaze_axi_spi_i2c/microblaze_i2c/workspace/axi_i2c_wrapper/hw/axi_i2c_wrapper.xsa
TRACE::2026-05-04.16:06:08::SCWPlatform::DSA given D:/pr0503_microblaze_axi_spi_i2c/microblaze_i2c/workspace/axi_i2c_wrapper/hw/axi_i2c_wrapper.xsa
TRACE::2026-05-04.16:06:08::SCWPlatform::DSA absoulate path D:/pr0503_microblaze_axi_spi_i2c/microblaze_i2c/workspace/axi_i2c_wrapper/hw/axi_i2c_wrapper.xsa
TRACE::2026-05-04.16:06:08::SCWPlatform::DSA directory D:/pr0503_microblaze_axi_spi_i2c/microblaze_i2c/workspace/axi_i2c_wrapper/hw
TRACE::2026-05-04.16:06:08::SCWPlatform:: Platform Path D:/pr0503_microblaze_axi_spi_i2c/microblaze_i2c/workspace/axi_i2c_wrapper/hw/axi_i2c_wrapper.xsa
TRACE::2026-05-04.16:06:08::SCWPlatform:: Unique name xilinx:basys3::0.0
TRACE::2026-05-04.16:06:08::SCWPlatform::Trying to set the existing hwdb with name axi_i2c_wrapper_0
TRACE::2026-05-04.16:06:08::SCWPlatform::Opened existing hwdb axi_i2c_wrapper_0
TRACE::2026-05-04.16:06:08::SCWPlatform::Found the Hw Db part of the input DSA
TRACE::2026-05-04.16:06:08::SCWMssOS::Checking the sw design at  D:/pr0503_microblaze_axi_spi_i2c/microblaze_i2c/workspace/axi_i2c_wrapper/microblaze_0/standalone_microblaze_0/bsp/system.mss
TRACE::2026-05-04.16:06:08::SCWMssOS::DEBUG:  swdes dump  D:/pr0503_microblaze_axi_spi_i2c/microblaze_i2c/workspace/axi_i2c_wrapper/microblaze_0/standalone_microblaze_0/bsp/system.mss|system||

TRACE::2026-05-04.16:06:08::SCWMssOS::Sw design exists and opened at  D:/pr0503_microblaze_axi_spi_i2c/microblaze_i2c/workspace/axi_i2c_wrapper/microblaze_0/standalone_microblaze_0/bsp/system.mss
TRACE::2026-05-04.16:06:08::SCWPlatform::Trying to open the hw design at D:/pr0503_microblaze_axi_spi_i2c/microblaze_i2c/workspace/axi_i2c_wrapper/hw/axi_i2c_wrapper.xsa
TRACE::2026-05-04.16:06:08::SCWPlatform::DSA given D:/pr0503_microblaze_axi_spi_i2c/microblaze_i2c/workspace/axi_i2c_wrapper/hw/axi_i2c_wrapper.xsa
TRACE::2026-05-04.16:06:08::SCWPlatform::DSA absoulate path D:/pr0503_microblaze_axi_spi_i2c/microblaze_i2c/workspace/axi_i2c_wrapper/hw/axi_i2c_wrapper.xsa
TRACE::2026-05-04.16:06:08::SCWPlatform::DSA directory D:/pr0503_microblaze_axi_spi_i2c/microblaze_i2c/workspace/axi_i2c_wrapper/hw
TRACE::2026-05-04.16:06:08::SCWPlatform:: Platform Path D:/pr0503_microblaze_axi_spi_i2c/microblaze_i2c/workspace/axi_i2c_wrapper/hw/axi_i2c_wrapper.xsa
TRACE::2026-05-04.16:06:08::SCWPlatform:: Unique name xilinx:basys3::0.0
TRACE::2026-05-04.16:06:08::SCWPlatform::Trying to set the existing hwdb with name axi_i2c_wrapper_0
TRACE::2026-05-04.16:06:08::SCWPlatform::Opened existing hwdb axi_i2c_wrapper_0
TRACE::2026-05-04.16:06:08::SCWPlatform::Found the Hw Db part of the input DSA
TRACE::2026-05-04.16:06:08::SCWMssOS::Checking the sw design at  D:/pr0503_microblaze_axi_spi_i2c/microblaze_i2c/workspace/axi_i2c_wrapper/microblaze_0/standalone_microblaze_0/bsp/system.mss
TRACE::2026-05-04.16:06:08::SCWMssOS::DEBUG:  swdes dump  D:/pr0503_microblaze_axi_spi_i2c/microblaze_i2c/workspace/axi_i2c_wrapper/microblaze_0/standalone_microblaze_0/bsp/system.mss|system||

TRACE::2026-05-04.16:06:08::SCWMssOS::Sw design exists and opened at  D:/pr0503_microblaze_axi_spi_i2c/microblaze_i2c/workspace/axi_i2c_wrapper/microblaze_0/standalone_microblaze_0/bsp/system.mss
TRACE::2026-05-04.16:06:08::SCWWriter::formatted JSON is {
	"platformName":	"axi_i2c_wrapper",
	"sprVersion":	"2.0",
	"mode":	"gui",
	"dsaType":	"Fixed",
	"platformDesc":	"axi_i2c_wrapper",
	"platHandOff":	"D:/pr0503_microblaze_axi_spi_i2c/microblaze_i2c/XSA/axi_i2c_wrapper.xsa",
	"platIntHandOff":	"<platformDir>/hw/axi_i2c_wrapper.xsa",
	"deviceType":	"FPGA",
	"platIsPrebuiltAutogen":	"false",
	"platIsNoBootBsp":	"false",
	"hasFsblMakeHasChanges":	"false",
	"hasPmufwMakeHasChanges":	"false",
	"platPreBuiltFlag":	false,
	"platformSamplesDir":	"",
	"platActiveSys":	"axi_i2c_wrapper",
	"systems":	[{
			"systemName":	"axi_i2c_wrapper",
			"systemDesc":	"axi_i2c_wrapper",
			"sysIsBootAutoGen":	"true",
			"systemDispName":	"axi_i2c_wrapper",
			"sysActiveDom":	"standalone_microblaze_0",
			"sysDefaultDom":	"standalone_microblaze_0",
			"domains":	[{
					"domainName":	"standalone_microblaze_0",
					"domainDispName":	"standalone_microblaze_0",
					"domainDesc":	"standalone_microblaze_0",
					"processors":	"microblaze_0",
					"os":	"standalone",
					"sdxOs":	"standalone",
					"debugEnable":	"False",
					"domRuntimes":	["cpp"],
					"swRepo":	"",
					"mssOsVer":	"7.3",
					"mssFile":	"",
					"md5Digest":	"76a53366647551af9ff2efb8b321c055",
					"compatibleApp":	"empty_application",
					"domType":	"mssDomain",
					"arch":	"32-bit",
					"appSettings":	{
						"appCompilerFlags":	"",
						"appLinkerFlags":	""
					},
					"addedLibs":	[],
					"libOptions":	{
						"libsContainingOptions":	[]
					},
					"prebuiltLibs":	{
						"prebuiltIncPath":	[],
						"prebuiltLibPath":	[]
					},
					"isolation":	{
					}
				}]
		}]
}
KEYINFO::2026-05-04.16:06:08::SCWPlatform::updated the xpfm file.
TRACE::2026-05-04.16:06:08::SCWPlatform::Trying to open the hw design at D:/pr0503_microblaze_axi_spi_i2c/microblaze_i2c/workspace/axi_i2c_wrapper/hw/axi_i2c_wrapper.xsa
TRACE::2026-05-04.16:06:08::SCWPlatform::DSA given D:/pr0503_microblaze_axi_spi_i2c/microblaze_i2c/workspace/axi_i2c_wrapper/hw/axi_i2c_wrapper.xsa
TRACE::2026-05-04.16:06:08::SCWPlatform::DSA absoulate path D:/pr0503_microblaze_axi_spi_i2c/microblaze_i2c/workspace/axi_i2c_wrapper/hw/axi_i2c_wrapper.xsa
TRACE::2026-05-04.16:06:08::SCWPlatform::DSA directory D:/pr0503_microblaze_axi_spi_i2c/microblaze_i2c/workspace/axi_i2c_wrapper/hw
TRACE::2026-05-04.16:06:08::SCWPlatform:: Platform Path D:/pr0503_microblaze_axi_spi_i2c/microblaze_i2c/workspace/axi_i2c_wrapper/hw/axi_i2c_wrapper.xsa
TRACE::2026-05-04.16:06:08::SCWPlatform:: Unique name xilinx:basys3::0.0
TRACE::2026-05-04.16:06:08::SCWPlatform::Trying to set the existing hwdb with name axi_i2c_wrapper_0
TRACE::2026-05-04.16:06:08::SCWPlatform::Opened existing hwdb axi_i2c_wrapper_0
TRACE::2026-05-04.16:06:08::SCWPlatform::Found the Hw Db part of the input DSA
TRACE::2026-05-04.16:06:08::SCWMssOS::Checking the sw design at  D:/pr0503_microblaze_axi_spi_i2c/microblaze_i2c/workspace/axi_i2c_wrapper/microblaze_0/standalone_microblaze_0/bsp/system.mss
TRACE::2026-05-04.16:06:08::SCWMssOS::DEBUG:  swdes dump  D:/pr0503_microblaze_axi_spi_i2c/microblaze_i2c/workspace/axi_i2c_wrapper/microblaze_0/standalone_microblaze_0/bsp/system.mss|system||

TRACE::2026-05-04.16:06:08::SCWMssOS::Sw design exists and opened at  D:/pr0503_microblaze_axi_spi_i2c/microblaze_i2c/workspace/axi_i2c_wrapper/microblaze_0/standalone_microblaze_0/bsp/system.mss
