#-----------------------------------------------------------
# Vivado v2020.2 (64-bit)
# SW Build 3064766 on Wed Nov 18 09:12:45 MST 2020
# IP Build 3064653 on Wed Nov 18 14:17:31 MST 2020
# Start of session at: Fri Apr 17 09:41:59 2026
# Process ID: 10264
# Current directory: D:/pr0414_spi_i2c/new_I2C_project/i2c_master_A/20260415_I2C
# Command line: vivado.exe -gui_launcher_event rodinguilauncherevent17352 D:\pr0414_spi_i2c\new_I2C_project\i2c_master_A\20260415_I2C\20260415_I2C.xpr
# Log file: D:/pr0414_spi_i2c/new_I2C_project/i2c_master_A/20260415_I2C/vivado.log
# Journal file: D:/pr0414_spi_i2c/new_I2C_project/i2c_master_A/20260415_I2C\vivado.jou
#-----------------------------------------------------------
start_gui
open_project D:/pr0414_spi_i2c/new_I2C_project/i2c_master_A/20260415_I2C/20260415_I2C.xpr
WARNING: [filemgmt 56-3] Default IP Output Path : Could not find the directory 'D:/pr0414_spi_i2c/new_I2C_project/i2c_master_A/20260415_I2C/20260415_I2C.gen/sources_1'.
Scanning sources...
Finished scanning sources
INFO: [IP_Flow 19-234] Refreshing IP repositories
INFO: [IP_Flow 19-1704] No user IP repositories specified
INFO: [IP_Flow 19-2313] Loaded Vivado IP repository 'C:/Xilinx/Vivado/2020.2/data/ip'.
open_project: Time (s): cpu = 00:00:03 ; elapsed = 00:00:05 . Memory (MB): peak = 1085.133 ; gain = 0.000
update_compile_order -fileset sources_1
synth_design -rtl -rtl_skip_mlo -name rtl_1
Command: synth_design -rtl -rtl_skip_mlo -name rtl_1
Starting synth_design
Using part: xc7a35tcpg236-1
Top: i2c_demo_top
INFO: [Device 21-403] Loading part xc7a35tcpg236-1
---------------------------------------------------------------------------------
Starting RTL Elaboration : Time (s): cpu = 00:00:01 ; elapsed = 00:00:03 . Memory (MB): peak = 1437.785 ; gain = 248.074
---------------------------------------------------------------------------------
INFO: [Synth 8-6157] synthesizing module 'i2c_demo_top' [D:/pr0414_spi_i2c/new_I2C_project/i2c_master_A/20260415_I2C/20260415_I2C.srcs/sources_1/new/i2c_demo_top.sv:3]
	Parameter SLA_W bound to: 8'b00100100 
	Parameter SLA_R bound to: 8'b00100101 
INFO: [Synth 8-6157] synthesizing module 'button_debounce' [D:/pr0414_spi_i2c/new_I2C_project/i2c_master_A/20260415_I2C/20260415_I2C.srcs/sources_1/imports/new/button_debounce.sv:3]
	Parameter DEBOUNCE_CNT bound to: 20'b11110100001001000000 
INFO: [Synth 8-6155] done synthesizing module 'button_debounce' (1#1) [D:/pr0414_spi_i2c/new_I2C_project/i2c_master_A/20260415_I2C/20260415_I2C.srcs/sources_1/imports/new/button_debounce.sv:3]
INFO: [Synth 8-6157] synthesizing module 'i2c_top' [D:/pr0414_spi_i2c/new_I2C_project/i2c_master_A/20260415_I2C/20260415_I2C.srcs/sources_1/new/i2c_master.sv:2]
INFO: [Synth 8-6157] synthesizing module 'i2c_master' [D:/pr0414_spi_i2c/new_I2C_project/i2c_master_A/20260415_I2C/20260415_I2C.srcs/sources_1/new/i2c_master.sv:35]
INFO: [Synth 8-6155] done synthesizing module 'i2c_master' (2#1) [D:/pr0414_spi_i2c/new_I2C_project/i2c_master_A/20260415_I2C/20260415_I2C.srcs/sources_1/new/i2c_master.sv:35]
INFO: [Synth 8-6155] done synthesizing module 'i2c_top' (3#1) [D:/pr0414_spi_i2c/new_I2C_project/i2c_master_A/20260415_I2C/20260415_I2C.srcs/sources_1/new/i2c_master.sv:2]
INFO: [Synth 8-6155] done synthesizing module 'i2c_demo_top' (4#1) [D:/pr0414_spi_i2c/new_I2C_project/i2c_master_A/20260415_I2C/20260415_I2C.srcs/sources_1/new/i2c_demo_top.sv:3]
---------------------------------------------------------------------------------
Finished RTL Elaboration : Time (s): cpu = 00:00:01 ; elapsed = 00:00:05 . Memory (MB): peak = 1494.188 ; gain = 304.477
---------------------------------------------------------------------------------
---------------------------------------------------------------------------------
Start Handling Custom Attributes
---------------------------------------------------------------------------------
---------------------------------------------------------------------------------
Finished Handling Custom Attributes : Time (s): cpu = 00:00:02 ; elapsed = 00:00:05 . Memory (MB): peak = 1494.188 ; gain = 304.477
---------------------------------------------------------------------------------
---------------------------------------------------------------------------------
Finished RTL Optimization Phase 1 : Time (s): cpu = 00:00:02 ; elapsed = 00:00:05 . Memory (MB): peak = 1494.188 ; gain = 304.477
---------------------------------------------------------------------------------
Netlist sorting complete. Time (s): cpu = 00:00:00 ; elapsed = 00:00:00.003 . Memory (MB): peak = 1494.188 ; gain = 0.000
INFO: [Project 1-570] Preparing netlist for logic optimization

Processing XDC Constraints
Initializing timing engine
Parsing XDC File [D:/pr0414_spi_i2c/new_I2C_project/i2c_master_A/20260415_I2C/20260415_I2C.srcs/constrs_1/imports/Basys-3-Master.xdc]
Finished Parsing XDC File [D:/pr0414_spi_i2c/new_I2C_project/i2c_master_A/20260415_I2C/20260415_I2C.srcs/constrs_1/imports/Basys-3-Master.xdc]
Completed Processing XDC Constraints

Netlist sorting complete. Time (s): cpu = 00:00:00 ; elapsed = 00:00:00 . Memory (MB): peak = 1602.230 ; gain = 0.000
INFO: [Project 1-111] Unisim Transformation Summary:
No Unisim elements were transformed.

RTL Elaboration Complete:  : Time (s): cpu = 00:00:04 ; elapsed = 00:00:10 . Memory (MB): peak = 1738.871 ; gain = 549.160
11 Infos, 0 Warnings, 0 Critical Warnings and 0 Errors encountered.
synth_design completed successfully
synth_design: Time (s): cpu = 00:00:05 ; elapsed = 00:00:22 . Memory (MB): peak = 1738.871 ; gain = 653.738
exit
INFO: [Common 17-206] Exiting Vivado at Fri Apr 17 11:26:00 2026...
