#-----------------------------------------------------------
# Vivado v2020.2 (64-bit)
# SW Build 3064766 on Wed Nov 18 09:12:45 MST 2020
# IP Build 3064653 on Wed Nov 18 14:17:31 MST 2020
# Start of session at: Fri Apr 17 11:26:35 2026
# Process ID: 14356
# Current directory: D:/pr0414_spi_i2c/new_I2C_project/i2c_master_A/20260415_I2C
# Command line: vivado.exe -gui_launcher_event rodinguilauncherevent13268 D:\pr0414_spi_i2c\new_I2C_project\i2c_master_A\20260415_I2C\20260415_I2C.xpr
# Log file: D:/pr0414_spi_i2c/new_I2C_project/i2c_master_A/20260415_I2C/vivado.log
# Journal file: D:/pr0414_spi_i2c/new_I2C_project/i2c_master_A/20260415_I2C\vivado.jou
#-----------------------------------------------------------
start_gui
open_project D:/pr0414_spi_i2c/new_I2C_project/i2c_master_A/20260415_I2C/20260415_I2C.xpr
WARNING: [filemgmt 56-3] Default IP Output Path : Could not find the directory 'D:/pr0414_spi_i2c/new_I2C_project/i2c_master_A/20260415_I2C/20260415_I2C.gen/sources_1'.
Scanning sources...
Finished scanning sources
INFO: [IP_Flow 19-234] Refreshing IP repositories
INFO: [IP_Flow 19-1704] No user IP repositories specified
INFO: [IP_Flow 19-2313] Loaded Vivado IP repository 'C:/Xilinx/Vivado/2020.2/data/ip'.
update_compile_order -fileset sources_1
reset_run synth_1
WARNING: [Vivado 12-1017] Problems encountered:
1. Failed to delete one or more files in run directory D:/pr0414_spi_i2c/new_I2C_project/i2c_master_A/20260415_I2C/20260415_I2C.runs/synth_1

launch_runs impl_1 -to_step write_bitstream -jobs 8
[Fri Apr 17 11:35:40 2026] Launched synth_1...
Run output will be captured here: D:/pr0414_spi_i2c/new_I2C_project/i2c_master_A/20260415_I2C/20260415_I2C.runs/synth_1/runme.log
[Fri Apr 17 11:35:40 2026] Launched impl_1...
Run output will be captured here: D:/pr0414_spi_i2c/new_I2C_project/i2c_master_A/20260415_I2C/20260415_I2C.runs/impl_1/runme.log
open_hw_manager
connect_hw_server -allow_non_jtag
INFO: [Labtools 27-2285] Connecting to hw_server url TCP:localhost:3121
INFO: [Labtools 27-2222] Launching hw_server...
INFO: [Labtools 27-2221] Launch Output:

****** Xilinx hw_server v2020.2
  **** Build date : Nov 18 2020 at 10:01:48
    ** Copyright 1986-2020 Xilinx, Inc. All Rights Reserved.


INFO: [Labtools 27-3415] Connecting to cs_server url TCP:localhost:3042
INFO: [Labtools 27-3417] Launching cs_server...
INFO: [Labtools 27-2221] Launch Output:


******** Xilinx cs_server v2020.2
  ****** Build date   : Nov 04 2020-06:02:56
    **** Build number : 2020.2.1604437376
      ** Copyright 2017-2020 Xilinx, Inc. All Rights Reserved.



connect_hw_server: Time (s): cpu = 00:00:00 ; elapsed = 00:00:07 . Memory (MB): peak = 1104.742 ; gain = 0.000
open_hw_target
INFO: [Labtoolstcl 44-466] Opening hw_target localhost:3121/xilinx_tcf/Digilent/210183B31B5EA
set_property PROGRAM.FILE {D:/pr0414_spi_i2c/new_I2C_project/i2c_master_A/20260415_I2C/20260415_I2C.runs/impl_1/i2c_demo_top.bit} [get_hw_devices xc7a35t_0]
current_hw_device [get_hw_devices xc7a35t_0]
refresh_hw_device -update_hw_probes false [lindex [get_hw_devices xc7a35t_0] 0]
INFO: [Labtools 27-1434] Device xc7a35t (JTAG device index = 0) is programmed with a design that has no supported debug core(s) in it.
set_property PROBES.FILE {} [get_hw_devices xc7a35t_0]
set_property FULL_PROBES.FILE {} [get_hw_devices xc7a35t_0]
set_property PROGRAM.FILE {D:/pr0414_spi_i2c/new_I2C_project/i2c_master_A/20260415_I2C/20260415_I2C.runs/impl_1/i2c_demo_top.bit} [get_hw_devices xc7a35t_0]
program_hw_devices [get_hw_devices xc7a35t_0]
INFO: [Labtools 27-3164] End of startup status: HIGH
refresh_hw_device [lindex [get_hw_devices xc7a35t_0] 0]
INFO: [Labtools 27-1434] Device xc7a35t (JTAG device index = 0) is programmed with a design that has no supported debug core(s) in it.
exit
INFO: [Common 17-206] Exiting Vivado at Fri Apr 17 11:43:33 2026...
